Unity Player [version: Unity 5.6.7f1_e80cc3114ac1]

Dragonboy_vn_v222.exe caused an Access Violation (0xc0000005)
  in module Dragonboy_vn_v222.exe at 0023:009831b1.

Error occurred at 2025-03-13_070938.
C:\Users\Cuong Le\Desktop\C# winform\QLTK Nro Pro\QLTK Nro Pro\bin\Debug\Data\Version222\Dragonboy_vn_v222.exe, run by Cuong Le.
96% memory in use.
0 MB physical memory [626 MB free].
0 MB paging file [329 MB free].
0 MB user address space [37 MB free].
Read from location 00000010 caused an access violation.

Context:
EDI:    0x00000010  ESI: 0x00000000  EAX:   0x00000010
EBX:    0x00fc7724  ECX: 0x7ffffffe  EDX:   0x041fd073
EIP:    0x009831b1  EBP: 0x016fe968  SegCs: 0x00000023
EFlags: 0x00210202  ESP: 0x016fe6dc  SegSs: 0x0000002b

Bytes at CS:EIP:
80 38 00 74 05 40 85 c9 75 f5 2b 85 e0 fd ff ff 

Stack:
0x016fe6dc: 016fe9a8 041fd040 00000013 02080068 ..o.@.......h...
0x016fe6ec: 016fe708 00000000 00000007 016fe988 ..o...........o.
0x016fe6fc: 01f005c0 00000002 00000000 fffffffa ................
0x016fe70c: 01f019f8 01f01b68 01f005b8 00430001 ....h.........C.
0x016fe71c: 00000000 00000000 00000000 00fc7724 ............$w..
0x016fe72c: 00000000 00000000 00000000 016fe988 ..............o.
0x016fe73c: 006f004c 00000006 0000006d 00000010 L.o.....m.......
0x016fe74c: 016fe9f8 ffffffff 735c006d 00000000 ..o.....m.\s....
0x016fe75c: 00670061 006e006f 006f0062 00320079 a.g.o.n.b.o.y.2.
0x016fe76c: 00320032 00000000 00000000 00000000 2.2.............
0x016fe77c: 00000000 01443000 7778974c 7778974c .....0D.L.xwL.xw
0x016fe78c: 75802ec5 00000408 016fe7b0 016fe7bc ...u......o...o.
0x016fe79c: 00000008 0000000e ffffffff 00000005 ................
0x016fe7ac: 75802eea 00000000 00000000 00000408 ...u............
0x016fe7bc: 0000eac2 00000000 00010000 00000000 ................
0x016fe7cc: 0000eac2 00000000 00000001 fffffffe ................
0x016fe7dc: 00000000 5c271b93 016fe808 777a5831 ......'\..o.1Xzw
0x016fe7ec: 01f00924 77762b89 011f39c0 00000140 $....+vw.9..@...
0x016fe7fc: ffffffff 00000140 0000eac2 016fe814 ....@.........o.
0x016fe80c: 0098dfbb 01f00924 016fe858 00986475 ....$...X.o.ud..
0x016fe81c: 00000005 0098646c 174b2eca 00000000 ....ld....K.....
0x016fe82c: 01106c00 00000000 0000eac2 00000000 .l..............
0x016fe83c: 016fe820 016fe824 016feb54 016feb58  .o.$.o.T.o.X.o.
0x016fe84c: 009806f0 172a955a fffffffe 0098646c ....Z.*.....ld..
0x016fe85c: 009859d1 00000005 00000000 016fe884 .Y............o.
0x016fe86c: 00990039 016fe8c4 01f019f8 01f01b68 9.....o.....h...
0x016fe87c: 016feb0e 00000000 016feb20 00982ba6 ..o..... .o..+..
0x016fe88c: 0000000a 00982be5 01106c00 00000000 .....+...l......
0x016fe89c: 009833f3 0000005f 00000000 00000000 .3.._...........
0x016fe8ac: 00000000 01f005c0 01f005c0 7774f031 ............1.tw
0x016fe8bc: fffffffa fffffffa 01f019f8 01f01b68 ............h...
0x016fe8cc: 01f005b8 00000001 00000000 00000000 ................
0x016fe8dc: 00000000 00f3af4d 00000000 00000000 ....M...........
0x016fe8ec: 00000000 01106c00 00000006 00000006 .....l..........
0x016fe8fc: 00000057 016feb0e 016febc8 fffffffa W.....o...o.....
0x016fe90c: 00001000 00001000 000d1000 016feaf0 ..............o.
0x016fe91c: 0634c708 00000061 1f00001f 0000007f ..4.a...........
0x016fe92c: 00000000 7778963c 777a3717 ffffffff ....<.xw.7zw....
0x016fe93c: 016fe968 fffffffe 00000000 016fe96c h.o.........l.o.
0x016fe94c: 777a5831 01f00258 35382b89 32373133 1XzwX....+853172
0x016fe95c: 000d1000 778461cc 174b2ffa 016fe9a8 .....a.w./K...o.
0x016fe96c: 0097ea6b 016fe988 00fc76b8 00000000 k.....o..v......
0x016fe97c: 016fe9f0 041fd040 00008000 041fd0ad ..o.@...........
0x016fe98c: 00007f93 041fd040 00000042 00000000 ....@...B.......
0x016fe99c: 00000000 00000000 00000000 016fe9c4 ..............o.
0x016fe9ac: 0097eaac 041fd040 00008000 00fc76b8 ....@........v..
0x016fe9bc: 00000000 016fe9f0 016fe9dc 007e8b38 ......o...o.8.~.
0x016fe9cc: 041fd040 00008000 00fc76b8 016fe9f0 @........v....o.
0x016fe9dc: 016fec10 007db309 041fd040 00008000 ..o...}.@.......
0x016fe9ec: 00fc76b8 000d04b4 00000010 00f6a990 .v..............
0x016fe9fc: 000001cf 00f347a8 000d04b4 00000010 .....G..........
0x016fea0c: 00000000 0ebd2570 01f00000 016fea24 ....p%......$.o.
0x016fea1c: 00001000 0634c710 0095b932 0634c710 ......4.2.....4.
0x016fea2c: 00000000 00000300 016fea9c 0634c710 ..........o...4.
0x016fea3c: 00000000 0ec3a928 00000000 00956b60 ....(.......`k..
0x016fea4c: 0634c710 016fea9c 000002fd 000002fd ..4...o.........
0x016fea5c: 0ec3a928 0ebd2570 00000001 00000002 (...p%..........
0x016fea6c: 01c3a928 00000001 016fea9c 000000ff (.........o.....
0x016fea7c: 0ec3a928 00000000 0001a09d 777a5861 (...........aXzw
0x016fea8c: 777a5861 01f00924 77763aeb 00000140 aXzw$....:vw@...
0x016fea9c: 01f00918 fffffffe 00000000 016feacc ..............o.
0x016feaac: 777a5831 01f00924 77762b89 011f39c0 1Xzw$....+vw.9..
0x016feabc: 00000140 00000005 016feab0 016fead4 @.........o...o.
0x016feacc: 016fead8 0098dfbb 01f00924 016feb18 ..o.....$.....o.
0x016feadc: 00986f1f 00000005 00986f15 174b2d8a .o.......o...-K.
0x016feaec: 00000057 01106c00 00000000 011a2920 W....l...... )..
0x016feafc: 00000057 fffffffe 00000000 016feb2c W...........,.o.
0x016feb0c: 777a5831 011a2920 77762b89 00f3aef8 1Xzw )...+vw....
0x016feb1c: 00000000 00000000 01f08480 00000057 ............W...
0x016feb2c: 016feb38 00987594 011a2920 016feb44 8.o..u.. )..D.o.
0x016feb3c: 009788cb 00000011 016feb80 0097b130 ..........o.0...
0x016feb4c: 01106c00 0097b127 174b2d12 00f3aef8 .l..'....-K.....
0x016feb5c: 016febc0 00000000 00000000 016feb54 ..o.........T.o.
0x016feb6c: 0097b5e9 016ffd00 009806f0 172a89ea ......o.......*.
0x016feb7c: fffffffe 0097b127 004f871d 01106c00 ....'.....O..l..
0x016feb8c: 01106c00 00f3aef8 016febc0 00000000 .l........o.....
0x016feb9c: 0118c950 016febb4 004f8762 00000005 P.....o.b.O.....
0x016febac: 00f3aef8 016febc0 016fec00 001c9aaf ......o...o.....
0x016febbc: 00f3aef8 000d04b4 00000000 0118c950 ............P...
0x016febcc: 0118ca10 000d04b4 7774f299 00000000 ..........tw....
0x016febdc: 9bed36fc 000000ba 0ec3a928 00000100 .6......(.......
0x016febec: 016febdc 00000000 00000005 00100000 ..o.............
0x016febfc: 000d04c7 016fec1c 001c9bc8 000d04b4 ......o.........
0x016fec0c: 00000010 016fec54 007db7fd 000d04b4 ....T.o...}.....
0x016fec1c: 00000010 00000013 000001cf 00f347a8 .............G..
0x016fec2c: 000d04b4 00000001 00000000 0ec3a928 ............(...
0x016fec3c: 016fec94 0cfac358 0ec3a928 000000ba ..o.X...(.......
0x016fec4c: 016fec68 00956e9f 016feca0 007db8b4 h.o..n....o...}.
0x016fec5c: 000d04b4 00000001 00000013 00000000 ................
0x016fec6c: 00f347a8 000001cf 000d04b4 040ded78 .G..........x...
0x016fec7c: 000d04b4 00000030 040ded70 000d8e60 ....0...p...`...
0x016fec8c: 03b46ab0 016feca8 001c95bd 00000030 .j....o.....0...
0x016fec9c: 0118b3c0 016fecc4 007dbcb6 00000000 ......o...}.....
0x016fecac: 000d04b4 00000001 00000013 00000000 ................
0x016fecbc: 00f347a8 000001cf 016fecf0 004e1780 .G........o...N.
0x016feccc: 00000000 000d04b4 00000001 00000013 ................
0x016fecdc: 00000000 00f347a8 000001cf 00000005 .....G..........
0x016fecec: 040ded70 016fed08 004516af 000d04b4 p.....o...E.....
0x016fecfc: 00000005 0470c300 00000013 016fed40 ......p.....@.o.
0x016fed0c: 0045243d 00000013 000001f4 00000140 =$E.........@...
0x016fed1c: 00000005 000d04b0 00000001 00000009 ................
0x016fed2c: 00000000 00000001 000d04b0 00000005 ................
0x016fed3c: 00000000 016fed90 004526dd 000001f4 ......o..&E.....
0x016fed4c: 00000140 00000005 000d04b0 00000000 @...............
0x016fed5c: 00000001 00000009 0470c300 00000140 ..........p.@...
0x016fed6c: 000001f4 000001f4 00000140 00000008 ........@.......
0x016fed7c: 00000003 00000000 00000000 00000000 ................
0x016fed8c: 0470c300 016fedf4 0042f058 000001f4 ..p...o.X.B.....
0x016fed9c: 00000140 00000005 00000005 00000001 @...............
0x016fedac: 00000009 00000000 00f684b4 016fee90 ..............o.
0x016fedbc: 00000000 00000000 00000000 0ec3a928 ............(...
0x016fedcc: 0ebd2570 0ec3a928 016fee30 00425770 p%..(...0.o.pWB.
0x016feddc: 00f684b4 17f26010 00000000 00000005 .....`..........
0x016fedec: 00000140 010001f4 016fee64 0042fe68 @.......d.o.h.B.
0x016fedfc: 00000005 000001f4 00000140 14d2fc00 ........@.......
0x016fee0c: 016fee50 016fee90 14d2fc00 17f26010 P.o...o......`..
0x016fee1c: 0470c300 00f684b4 004e1700 000001f4 ..p.......N.....
0x016fee2c: 00000140 016fee38 00425570 17f26408 @...8.o.pUB..d..
0x016fee3c: 0000057c 0ec3a928 0ebd2570 004534cf |...(...p%...4E.
0x016fee4c: 03ea0c40 00000000 00000000 00000000 @...............
0x016fee5c: 00000000 00000000 016feec8 00431955 ..........o.U.C.
0x016fee6c: 0470c300 17f26010 00000974 14d2fc00 ..p..`..t.......
0x016fee7c: 00000005 016fee90 00000974 0470c300 ......o.t.....p.
0x016fee8c: 00000000 00000000 00000001 00000000 ................
0x016fee9c: 00000000 00000000 0470c300 016feeb8 ..........p...o.
0x016feeac: 007c4dce 00000004 00000974 016fef08 .M|.....t.....o.
0x016feebc: 0576a755 14d2fc00 00000001 016feee4 U.v...........o.
0x016feecc: 00431c5c 0470c300 00000974 00000000 \.C...p.t.......
0x016feedc: 00000000 00000974 016fef08 007c7f23 ....t.....o.#.|.
0x016feeec: 0470c300 17f26010 00000974 00000000 ..p..`..t.......
0x016feefc: 00000000 17f26000 14d2fc70 016fef48 .....`..p...H.o.
0x016fef0c: 05789aac 14d2fc70 17f26000 00000000 ..x.p....`......
0x016fef1c: 00000000 016fef48 05171208 051711b0 ....H.o.........
0x016fef2c: 00000974 05789a89 17f1c000 17f26000 t.....x......`..
0x016fef3c: 00000974 016fef48 05789a7c 016fef68 t...H.o.|.x.h.o.
0x016fef4c: 05789a66 14d2fc70 17f26000 00000000 f.x.p....`......
0x016fef5c: 00000000 00000000 3f800000 016fefa8 ...........?..o.
0x016fef6c: 0578998d 14d2fc70 17f26000 0000098c ..x.p....`......
0x016fef7c: 00000000 102506dc 14cb1e88 016fefc8 ......%.......o.
0x016fef8c: 05740533 00000000 14cb1e88 00000000 3.t.............
0x016fef9c: 00000974 016fefc8 05171208 016fefc8 t.....o.......o.
0x016fefac: 057c02b9 17f26000 17f1c000 00000000 ..|..`..........
0x016fefbc: 00000000 016fefc8 0574050c 016feff8 ......o...t...o.
0x016fefcc: 057c0249 17f26000 00000974 016feff8 I.|..`..t.....o.
0x016fefdc: 057505bf 14539348 03d769c0 14539348 ..u.H.S..i..H.S.
0x016fefec: 00000000 00000000 17f1c000 016ff038 ............8.o.
0x016feffc: 057ec29d 17f1c000 00000000 00000974 ..~.........t...
0x016ff00c: 14d31930 14d31948 14cf8948 1007df6d 0...H...H...m...
0x016ff01c: 0000001b 14d31900 00000046 016ff068 ........F...h.o.
0x016ff02c: 00002666 00000000 0ff98e00 016ff078 f&..........x.o.
0x016ff03c: 057e7f10 00002666 14cf8948 016ff068 ..~.f&..H...h.o.
0x016ff04c: 05755d87 14d31948 03d6deb0 0ff98e00 .]u.H...........
0x016ff05c: 00000025 0000000e 14cf8948 016ff0b8 %.......H.....o.
0x016ff06c: 0ff9e550 00000012 00000008 016ff0c8 P.............o.
0x016ff07c: 0580be9e 0ff98e00 00002666 0000007f ........f&......
0x016ff08c: 0000016e 00000002 00000003 00000025 n...........%...
0x016ff09c: 154cfe10 03d86540 14cf8948 146e7460 ..L.@e..H...`tn.
0x016ff0ac: 0000007f 00000002 00002666 036ff0d8 ........f&....o.
0x016ff0bc: 00000001 0ff98e00 154da000 016ff158 ..........M.X.o.
0x016ff0cc: 057ea172 0ff9e550 0ff98e00 14c665b0 r.~.P........e..
0x016ff0dc: 00000077 00000180 ffffffff 00000001 w...............
0x016ff0ec: 05765436 5f40d309 003de1cd 00002710 6Tv...@_..=..'..
0x016ff0fc: 00000000 8cd5cac5 00000195 f7b58000 ................
0x016ff10c: 08dd61c3 f7b58000 089f7ff5 14a30770 .a..........p...
0x016ff11c: 089f7ff5 8cd5cac5 00000195 146246a0 .............Fb.
0x016ff12c: 14624690 146246b0 00000000 56f65309 .Fb..Fb......S.V
0x016ff13c: 08dd61c3 146e7460 00000000 016ff1a8 .a..`tn.......o.
0x016ff14c: 057e9297 146e7460 0ff9e550 016ff1a8 ..~.`tn.P.....o.
0x016ff15c: 057e9eb4 0ff9e550 0ff98e00 00000077 ..~.P.......w...
0x016ff16c: 00000180 ffffffff 00000001 00000001 ................
0x016ff17c: 057e96c7 00000077 00000000 14ced000 ..~.w...........
0x016ff18c: 00000023 0ff9e550 00000024 00000000 #...P...$.......
0x016ff19c: 0ff9e550 0ff9e550 0ff98e00 016ff1d8 P...P.........o.
0x016ff1ac: 057e884d 0ff9e550 0ff98e00 016ff1d8 M.~.P.........o.
0x016ff1bc: 057e84f0 0ff96d80 00000002 00000018 ..~..m..........
0x016ff1cc: 154da000 154da000 00000003 016ff3d8 ..M...M.......o.
0x016ff1dc: 057e2ff7 0ff9e550 0ff98e00 016ff3d8 ./~.P.........o.
0x016ff1ec: 057e2fe7 040d9e10 003b2aae 03b46a50 ./~......*;.Pj..
0x016ff1fc: 016ff214 001c96ff 040d9d90 040d9d90 ..o.............
0x016ff20c: 0118b3c0 00000003 016ff228 007dadca ........(.o...}.
0x016ff21c: 040d9d90 03d7da00 12043fa0 016ff238 .........?..8.o.
0x016ff22c: 007db202 040d9d90 00000042 016ff288 ..}.....B.....o.
0x016ff23c: 016ff258 004ce317 00000001 007af83b X.o...L.....;.z.
0x016ff24c: c3440000 43320000 00000000 016ff298 ..D...2C......o.
0x016ff25c: 057522af 016ff2bc 00000042 040d9d90 ."u...o.B.......
0x016ff26c: 00000011 016ff298 05171208 051711b0 ......o.........
0x016ff27c: 12043fa0 05752299 05749460 03d7da00 .?..."u.`.t.....
0x016ff28c: 12043fa0 016ff298 0575228c 016ff2d8 .?....o.."u...o.
0x016ff29c: 0575223f 016ff2bc f7b58000 00000000 ?"u...o.........
0x016ff2ac: 00000000 016ff2d8 05171208 007aee55 ......o.....U.z.
0x016ff2bc: 05752959 016ff2e8 05171208 051711b0 Y)u...o.........
0x016ff2cc: 12043fa0 05752949 05749460 03d7da00 .?..I)u.`.t.....
0x016ff2dc: 12043fa0 016ff2e8 0575293c 016ff428 .?....o.<)u.(.o.
0x016ff2ec: 0577ec58 154da000 ffffff3c 17e56690 X.w...M.<....f..
0x016ff2fc: ffffff9e 43320000 154da000 00000000 ......2C..M.....
0x016ff30c: 00000000 00000000 00000000 00000000 ................
0x016ff31c: 00000000 00000000 00000000 00000000 ................
0x016ff32c: 00000000 00000000 00000000 00000000 ................
0x016ff33c: 00000000 00000000 00000000 00000000 ................
0x016ff34c: 00000000 00000000 00000000 154da000 ..............M.
0x016ff35c: 00000003 00000000 00000007 00000000 ................
0x016ff36c: 154da000 00000003 00000000 00000000 ..M.............
0x016ff37c: 00000000 00000000 00000000 00000000 ................
0x016ff38c: 00000000 12043fa0 05749460 016ff3b8 .....?..`.t...o.
0x016ff39c: 0577cbc4 03d70ea0 00000000 00000000 ..w.............
0x016ff3ac: 1021f600 016ff3d8 03d72ed0 016ff3d8 ..!...o.......o.
0x016ff3bc: 0577cba3 0ff88660 05749460 03d7da00 ..w.`...`.t.....
0x016ff3cc: 12043fa0 03d72ed0 05749460 016ff428 .?......`.t.(.o.
0x016ff3dc: 0577f5a8 0ff93aa0 0ff98e00 016ff3f8 ..w..:........o.
0x016ff3ec: 05740fd8 103ed60c 01443000 00000000 ..t...>..0D.....
0x016ff3fc: 12043fa0 03d7da00 05749460 016ff428 .?......`.t.(.o.
0x016ff40c: 0577f094 14d2fca0 14d2fcc0 03d7da00 ..w.............
0x016ff41c: 12043fa0 03d7da00 05749460 016ff4a8 .?......`.t...o.
0x016ff42c: 05762308 03d72ed0 0ff98f00 016ff4a8 .#v...........o.
0x016ff43c: 05762280 0079ca01 05753b48 016ff488 ."v...y.H;u...o.
0x016ff44c: 057620b1 00000000 05753b48 00000007 . v.....H;u.....
0x016ff45c: 14d2fcc0 00000000 000003e8 00000000 ................
0x016ff46c: 00000239 8cd5cac5 00000195 016ff894 9.............o.
0x016ff47c: 00000007 016ff488 0576208c 016ff4a8 ......o.. v...o.
0x016ff48c: 05753b1d 00000000 004c71ec 44834000 .;u......qL..@.D
0x016ff49c: 4413c000 12043fa0 016ff890 016ff4f4 ...D.?....o...o.
0x016ff4ac: 057494a1 03d7da00 00001de8 00000000 ..t.............
0x016ff4bc: c61c4000 471c4000 016ff4dc 10001e35 .@...@.G..o.5...
0x016ff4cc: 1035ccb0 fffffffe 00000000 00000000 ..5.............
0x016ff4dc: 00000000 777a5831 03d64e70 77762b89 ....1XzwpN...+vw
0x016ff4ec: 1035ccb0 12043fa0 016ff524 100f1d2d ..5..?..$.o.-...
0x016ff4fc: 03d7da00 016ff614 016ff890 057621b0 ......o...o..!v.
0x016ff50c: 00010000 00000000 1035ccb0 00000000 ..........5.....
0x016ff51c: 03d64e70 3f800000 016ff548 1005d8f4 pN.....?H.o.....
0x016ff52c: 1035ccb0 03d7da00 016ff614 016ff890 ..5.......o...o.
0x016ff53c: 1035ccb0 03d7da00 00000000 016ff568 ..5.........h.o.
0x016ff54c: 00647820 1035ccb0 03d7da00 016ff614  xd...5.......o.
0x016ff55c: 016ff890 016ff890 016ff5b4 016ff594 ..o...o...o...o.
0x016ff56c: 006442c2 016ff5a0 1035ccb0 00000001 .Bd...o...5.....
0x016ff57c: 03d7da00 016ff5b4 016ff890 00000000 ......o...o.....
0x016ff58c: 04313450 0eed4400 016ff89c 004c7b43 P41..D....o.C{L.
0x016ff59c: 016ff888 016ff890 00000000 03dfaec0 ..o...o.........
0x016ff5ac: 0eed4400 1035ccb0 00000000 00000002 .D....5.........
0x016ff5bc: 00000000 00000000 00000000 00000002 ................
0x016ff5cc: 00000000 00000000 00000000 00000002 ................
0x016ff5dc: 00000000 00000000 00000000 00000002 ................
0x016ff5ec: 00000000 00000000 00000000 00000002 ................
0x016ff5fc: 00000000 00000000 00000000 00000002 ................
0x016ff60c: 00000000 00000000 00000000 00000000 ................
0x016ff61c: 00000000 00000000 00000000 00000000 ................
0x016ff62c: 00000000 00000000 00000000 00000000 ................
0x016ff63c: 00000000 00000000 00000000 00000002 ................
0x016ff64c: 00000000 00000000 00000000 00000002 ................
0x016ff65c: 00000001 00000001 00000001 00000001 ................
0x016ff66c: 00000000 00000000 00000000 00000000 ................
0x016ff67c: 1035ccb0 00000001 03d7da00 00000000 ..5.............
0x016ff68c: 00000000 00000000 00000000 0eed4400 .............D..
0x016ff69c: 00000001 00000000 00000000 00000000 ................
0x016ff6ac: 00001de8 c1200000 00000000 40a00000 ...... ........@
0x016ff6bc: 0000024f 3f32b438 00000000 3f374e33 O...8.2?....3N7?
0x016ff6cc: 40e521c0 bf32b438 00000000 3f374e33 .!.@8.2.....3N7?
0x016ff6dc: 40e521c0 00000000 3f5db3d7 3f000000 .!.@......]?...?
0x016ff6ec: 40844985 00000000 bf5db3d7 3f000000 .I.@......]....?
0x016ff6fc: 40bbb67b 80000000 016ff6a4 016ff6ac {..@......o...o.
0x016ff70c: 016ff6b4 00000000 00000000 00000000 ..o.............
0x016ff71c: 00000000 00000000 00000000 00000000 ................
0x016ff72c: 00000000 00000000 00000001 00000001 ................
0x016ff73c: 00000001 00000002 00000000 00000000 ................
0x016ff74c: 00000000 00000000 00000000 00000000 ................
0x016ff75c: 04310934 00000006 00000003 44778000 4.1...........wD
0x016ff76c: 10271f68 10271700 00000000 00000000 h.'...'.........
0x016ff77c: 00000000 00000000 00000000 00000000 ................
0x016ff78c: 44770101 44778000 44778000 44778000 ..wD..wD..wD..wD
0x016ff79c: 44778000 44778000 016ffa3c 103cf4c0 ..wD..wD<.o...<.
0x016ff7ac: 016ff7b8 0079bf8a 03e94bd0 016ff7f8 ..o...y..K....o.
0x016ff7bc: 05753a27 03e94bd0 00000000 44778000 ':u..K........wD
0x016ff7cc: 44778000 016ff7f8 05171208 051711b0 ..wD..o.........
0x016ff7dc: 103cf4c0 05753a11 05750f20 016ffa3c ..<..:u. .u.<.o.
0x016ff7ec: 103cf4c0 016ff7f8 05753a04 016ff818 ..<...o..:u...o.
0x016ff7fc: 057538da 03e94bd0 00000000 00000000 .8u..K..........
0x016ff80c: 00000000 00000000 3f8013ab 016ff85c ...........?\.o.
0x016ff81c: 05750f66 00000010 03b46270 00000010 f.u.....pb......
0x016ff82c: 03ea0b70 00178240 03b46270 016ff850 p...@...pb..P.o.
0x016ff83c: 001c95bd 00000010 0118c8b0 00000010 ................
0x016ff84c: 0118c780 016ff868 001c9b85 03ea0b70 ....h.o.....p...
0x016ff85c: 00000010 00000010 0118b3c0 016ff8a0 ..............o.
0x016ff86c: 007db7de 00000010 00000010 00000000 ..}.............
0x016ff87c: 00000010 00000001 00001de8 00000000 ................
0x016ff88c: 03d7da00 00000000 00000000 00000000 ................
0x016ff89c: 016ff8c0 004ce174 00000000 03e770d0 ..o.t.L......p..
0x016ff8ac: 00000000 00000000 1035ccb0 00000001 ..........5.....
0x016ff8bc: 00001de8 016ff8fc 007f14fa 00000000 ......o.........
0x016ff8cc: 03e770d0 00000000 00000000 1035ccb0 .p............5.
0x016ff8dc: 00000001 00001de8 0eed4400 04313450 .........D..P41.
0x016ff8ec: 03ea0b70 043131a0 00000001 00f738a0 p....11......8..
0x016ff8fc: 016ffa68 004cc4f6 00000000 00000000 h.o...L.........
0x016ff90c: 00000000 00000000 043131a0 00000004 .........11.....
0x016ff91c: 00000000 016ff9f8 03df7850 00000000 ......o.Px......
0x016ff92c: 000148f8 ffffffb2 0000041a 0118c8b0 .H..............
0x016ff93c: 0118c8b0 03b46bd0 03e06650 03e06890 .....k..Pf...h..
0x016ff94c: 0002baf3 03b46bd0 016ff96c 001c96ff .....k..l.o.....
0x016ff95c: 03e06650 03e06650 0118b3c0 00000000 Pf..Pf..........
0x016ff96c: 016ff980 007dadca 03e066b0 03e06650 ..o...}..f..Pf..
0x016ff97c: 016ff91c 00000000 00000000 00000000 ..o.............
0x016ff98c: 00000000 00000000 00000000 00000000 ................
0x016ff99c: 00000000 00000000 00000000 00000000 ................
0x016ff9ac: 00000001 00000000 00000000 00000000 ................
0x016ff9bc: 00000000 00000000 00000000 00000000 ................
0x016ff9cc: 00000000 00000000 00000000 00000000 ................
0x016ff9dc: 00000001 00000000 102670f0 03dee000 .........p&.....
0x016ff9ec: 00000000 00000000 00000000 00000000 ................
0x016ff9fc: 00000000 048b5200 00000101 0e98a060 .....R......`...
0x016ffa0c: 0e98a060 016ffa10 016ffa10 043131a0 `.....o...o..11.
0x016ffa1c: 0eed4478 00000000 04313388 03ea0b70 xD.......31.p...
0x016ffa2c: 03ea0b70 03ea0b80 00000000 00000000 p...............
0x016ffa3c: 00000007 03e94bd0 00000000 00000000 .....K..........
0x016ffa4c: 00000000 00000000 00000001 00000000 ................
0x016ffa5c: 043131a0 00000000 00000000 016ffab4 .11...........o.
0x016ffa6c: 004cd4fd 016ffa80 00000000 04978420 ..L...o..... ...
0x016ffa7c: 00000000 00000007 4433c000 41f00000 ..........3D...A
0x016ffa8c: 41100000 c0a00000 00000000 00000000 ...A............
0x016ffa9c: 3f800000 000005f6 00000000 00000000 ...?............
0x016ffaac: 00000000 00281f00 016ffacc 007e520b ......(...o..R~.
0x016ffabc: 00000000 75d7d300 75d8c270 04979c00 .......up..u....
0x016ffacc: 016ffb0c 007e5289 00000000 0051cc9d ..o..R~.......Q.
0x016ffadc: 00158b31 00158d09 00000000 00000001 1...............
0x016ffaec: 000207fe 000000ff 00000001 029c0721 ............!...
0x016ffafc: 03d80b58 00000263 00000292 00000c0c X...c...........
0x016ffb0c: 016ffc68 001673b3 0097e847 00000000 h.o..s..G.......
0x016ffb1c: 01440000 03e03710 00000078 016ffb30 ..D..7..x...0.o.
0x016ffb2c: fffffffe 0000001b 00000078 00000042 ........x...B...
0x016ffb3c: 777a156d 00000200 01f00000 777a1653 m.zw........S.zw
0x016ffb4c: 01f02fc0 00000400 00000001 03e03a90 ./...........:..
0x016ffb5c: 0000007e 02100800 bfebfbff 000806d1 ~...............
0x016ffb6c: 0000007e 00000042 03e03810 0000007d ~...B....8..}...
0x016ffb7c: 1c004121 02c0003f 0000003f 0000007d !A..?...?...}...
0x016ffb8c: 00000042 03e0bd50 0000006f 00000000 B...P...o.......
0x016ffb9c: 1c004143 04c0003f 0000006f 00000042 CA..?...o...B...
0x016ffbac: 1c03c163 01c0003f 00005fff 00000004 c...?...._......
0x016ffbbc: 01f01b68 01f005b8 016ffb00 03e03890 h.........o..8..
0x016ffbcc: 00000074 01f02920 0107bf28 0000000f t... )..(.......
0x016ffbdc: 00000074 00000042 0000024f 00000000 t...B...O.......
0x016ffbec: 00637465 00646567 00000000 016ffc1c etc.ged.......o.
0x016ffbfc: 00000003 00000042 03defa90 03defac8 ....B...........
0x016ffc0c: 03defac8 016ffc28 00000000 65646968 ....(.o.....hide
0x016ffc1c: 646e6957 0100776f 01f005b8 0000000a Window..........
0x016ffc2c: 00000042 03b453a0 0000024f 00000000 B....S..O.......
0x016ffc3c: 00000000 00000000 65726170 5748746e ........parentHW
0x016ffc4c: 0100444e 0099c625 0000000a 00000042 ND..%.......B...
0x016ffc5c: 0112d860 00000000 00440001 016ffc80 `.........D...o.
0x016ffc6c: 00940b68 000f0000 00000000 018c93e9 h...............
0x016ffc7c: 00000001 016ffd10 0097e7f4 000f0000 ......o.........
0x016ffc8c: 00000000 018c93e9 00000001 174b3b82 .............;K.
0x016ffc9c: 0097e847 0097e847 01440000 00000044 G...G.....D.D...
0x016ffcac: 018c747a 018c745a 018c737c 00000000 zt..Zt..|s......
0x016ffcbc: 00000000 00000000 00000000 00000000 ................
0x016ffccc: 00000000 00000000 00000001 00000001 ................
0x016ffcdc: 00000000 016ffd0c 016ffd0c 0099054d ......o...o.M...
0x016ffcec: c0000005 0097e847 00000000 016ffc98 ....G.........o.
0x016ffcfc: 016fdac4 016ffd68 009806f0 172a97ca ..o.h.o.......*.
0x016ffd0c: 00000000 016ffd20 75b65d49 01440000 .... .o.I].u..D.
0x016ffd1c: 75b65d30 016ffd78 7777ce3b 01440000 0].ux.o.;.ww..D.
0x016ffd2c: 9bed2780 00000000 00000000 01440000 .'............D.
0x016ffd3c: c0000005 758f3cb0 d7677d9f fb3faece .....<.u.}g...?.
0x016ffd4c: 00000000 00000000 016fdaa4 a2e8412f ..........o./A..
0x016ffd5c: 00000000 016ffd2c 016fdaa4 016ffd80 ....,.o...o...o.
0x016ffd6c: 77792110 ed0066d8 00000000 016ffd88 .!yw.f........o.
0x016ffd7c: 7777cdc1 ffffffff 777c1626 00000000 ..ww....&.|w....
0x016ffd8c: 00000000 0097e847 01440000 00000000 ....G.....D.....
0x016ffd9c: 00000000 00000000 00000000 00000000 ................
0x016ffdac: 00000000 00000000 00000000 00000000 ................
0x016ffdbc: 00000000 00000000 00000000 00000000 ................
0x016ffdcc: 00000000 00000000 00000000 00000000 ................
0x016ffddc: 00000000 00000000 00000000 00000000 ................
0x016ffdec: 00000000 00000000 00000000 00000000 ................
0x016ffdfc: 00000000 00000000 00000000 00000000 ................
0x016ffe0c: 00000000 00000000 00000000 00000000 ................
0x016ffe1c: 00000000 00000000 00000000 00000000 ................
0x016ffe2c: 00000000 00000000 00000000 00000000 ................
0x016ffe3c: 00000000 00000000 00000000 00000000 ................
0x016ffe4c: 00000000 00000000 00000000 00000000 ................
0x016ffe5c: 00000000 00000000 00000000 00000000 ................
0x016ffe6c: 00000000 00000000 00000000 00000000 ................
0x016ffe7c: 00000000 00000000 00000000 00000000 ................
0x016ffe8c: 00000000 00000000 00000000 00000000 ................
0x016ffe9c: 00000000 00000000 00000000 00000000 ................
0x016ffeac: 00000000 00000000 00000000 00000000 ................
0x016ffebc: 00000000 00000000 00000000 00000000 ................
0x016ffecc: 00000000 00000000 00000000 00000000 ................
0x016ffedc: 00000000 00000000 00000000 00000000 ................
0x016ffeec: 00000000 00000000 00000000 00000000 ................
0x016ffefc: 00000000 00000000 00000000 00000000 ................
0x016fff0c: 00000000 00000000 00000000 00000000 ................
0x016fff1c: 00000000 00000000 00000000 00000000 ................
0x016fff2c: 00000000 00000000 00000000 00000000 ................
0x016fff3c: 00000000 00000000 00000000 00000000 ................
0x016fff4c: 00000000 00000000 00000000 00000000 ................
0x016fff5c: 00000000 00000000 00000000 00000000 ................
0x016fff6c: 00000000 00000000 00000000 00000000 ................
0x016fff7c: 00000000 00000000 00000000 00000000 ................
0x016fff8c: 00000000 00000000 00000000 00000000 ................
0x016fff9c: 00000000 00000000 00000000 00000000 ................
0x016fffac: 00000000 00000000 00000000 00000000 ................
0x016fffbc: 00000000 00000000 00000000 00000000 ................
0x016fffcc: 00000000 00000000 00000000 00000000 ................
0x016fffdc: 00000000 00000000 00000000 00000000 ................
0x016fffec: 00000000 00000000 00000000 00000000 ................
0x016ffffc: 00000000                            ....

Module 1
C:\Users\Cuong Le\Desktop\C# winform\QLTK Nro Pro\QLTK Nro Pro\bin\Debug\Data\Version222\Dragonboy_vn_v222.exe
Image Base: 0x000f0000  Image Size: 0x01228000
File Size:  18198528    File Time:  2025-03-12_130656
Version:
   Company:    
   Product:    
   FileDesc:   
   FileVer:    5.6.7.3267
   ProdVer:    5.6.7.3267

Module 2
C:\WINDOWS\SYSTEM32\ntmarta.dll
Image Base: 0x01c60000  Image Size: 0x00029000
File Size:  156080      File Time:  2024-04-01_142216
Version:
   Company:    Microsoft Corporation
   Product:    Microsoft® Windows® Operating System
   FileDesc:   Windows NT MARTA provider
   FileVer:    10.0.26100.1
   ProdVer:    10.0.26100.1

Module 3
C:\WINDOWS\SYSTEM32\SspiCli.dll
Image Base: 0x0b970000  Image Size: 0x0002b000
File Size:  166944      File Time:  2025-02-12_081132
Version:
   Company:    Microsoft Corporation
   Product:    Microsoft® Windows® Operating System
   FileDesc:   Security Support Provider Interface
   FileVer:    10.0.26100.3037
   ProdVer:    10.0.26100.3037

Module 4
C:\Users\Cuong Le\Desktop\C# winform\QLTK Nro Pro\QLTK Nro Pro\bin\Debug\Data\Version222\Dragonboy_vn_v222_Data\Mono\mono.dll
Image Base: 0x10000000  Image Size: 0x00231000
File Size:  2117064     File Time:  2025-03-12_130656
Version:
   Company:    Unity Technologies
   Product:    libmono
   FileDesc:   Unity Technologies fork of mono runtime
   FileVer:    1.0.0.1
   ProdVer:    1.0.0.1

Module 5
C:\WINDOWS\SYSTEM32\xinput1_3.dll
Image Base: 0x00400000  Image Size: 0x00016000
File Size:  81768       File Time:  2007-04-04_185342
Version:
   Company:    Microsoft Corporation
   Product:    Microsoft® DirectX for Windows®
   FileDesc:   Microsoft Common Controller API
   FileVer:    9.18.944.0
   ProdVer:    9.18.944.0

Module 6
C:\WINDOWS\System32\DriverStore\FileRepository\nvam.inf_amd64_4ae7e10b45473e65\nvwgf2um.dll
Image Base: 0x512a0000  Image Size: 0x0360f000
File Size:  56911144    File Time:  2024-12-02_085034
Version:
   Company:    NVIDIA Corporation
   Product:    NVIDIA D3D10 drivers
   FileDesc:   NVIDIA D3D10 Driver, Version 566.07 
   FileVer:    32.0.15.6607
   ProdVer:    32.0.15.6607

Module 7
C:\WINDOWS\System32\DriverStore\FileRepository\nvam.inf_amd64_4ae7e10b45473e65\nvgpucomp32.dll
Image Base: 0x548b0000  Image Size: 0x024a7000
File Size:  38663464    File Time:  2024-12-02_085000
Version:
   Company:    NVIDIA Corporation
   Product:    NVIDIA GPU Compiler Driver
   FileDesc:   NVIDIA GPU Compiler Driver, Version 566.07 
   FileVer:    32.0.15.6607
   ProdVer:    32.0.15.6607

Module 8
C:\WINDOWS\SYSTEM32\resourcepolicyclient.dll
Image Base: 0x56ea0000  Image Size: 0x00010000
File Size:  57920       File Time:  2024-04-01_142216
Version:
   Company:    Microsoft Corporation
   Product:    Microsoft® Windows® Operating System
   FileDesc:   Resource Policy Client
   FileVer:    10.0.26100.1
   ProdVer:    10.0.26100.1

Module 9
C:\WINDOWS\SYSTEM32\AUDIOSES.DLL
Image Base: 0x56ec0000  Image Size: 0x00174000
File Size:  1519688     File Time:  2025-03-12_094514
Version:
   Company:    Microsoft Corporation
   Product:    Microsoft® Windows® Operating System
   FileDesc:   Audio Session
   FileVer:    10.0.26100.3323
   ProdVer:    10.0.26100.3323

Module 10
C:\WINDOWS\SYSTEM32\wdmaud.drv
Image Base: 0x57040000  Image Size: 0x0003d000
File Size:  223232      File Time:  2024-12-13_150154
Version:
   Company:    Microsoft Corporation
   Product:    Microsoft® Windows® Operating System
   FileDesc:   Winmm  audio system driver
   FileVer:    10.0.26100.1882
   ProdVer:    10.0.26100.1882

Module 11
C:\WINDOWS\SYSTEM32\GLU32.dll
Image Base: 0x58680000  Image Size: 0x00042000
File Size:  254976      File Time:  2024-04-01_142236
Version:
   Company:    Microsoft Corporation
   Product:    Microsoft® Windows® Operating System
   FileDesc:   OpenGL Utility Library DLL
   FileVer:    10.0.26100.1
   ProdVer:    10.0.26100.1

Module 12
C:\WINDOWS\SYSTEM32\OPENGL32.dll
Image Base: 0x586d0000  Image Size: 0x000e3000
File Size:  797696      File Time:  2025-03-12_094522
Version:
   Company:    Microsoft Corporation
   Product:    Microsoft® Windows® Operating System
   FileDesc:   OpenGL Client DLL
   FileVer:    10.0.26100.3323
   ProdVer:    10.0.26100.3323

Module 13
C:\WINDOWS\System32\fwpuclnt.dll
Image Base: 0x592b0000  Image Size: 0x00061000
File Size:  378368      File Time:  2025-03-12_094522
Version:
   Company:    Microsoft Corporation
   Product:    Microsoft® Windows® Operating System
   FileDesc:   FWP/IPsec User-Mode API
   FileVer:    10.0.26100.3323
   ProdVer:    10.0.26100.3323

Module 14
C:\Windows\System32\DriverStore\FileRepository\iigd_dch.inf_amd64_f63934308f6cc308\igc32.dll
Image Base: 0x5e840000  Image Size: 0x038f3000
File Size:  61009192    File Time:  2024-03-05_090414
Version:
   Company:    Intel Corporation
   Product:    Intel HD Graphics Drivers for Windows(R)
   FileDesc:   Intel Graphics Shader Compiler for Intel(R) Graphics Accelerator
   FileVer:    31.0.101.5333
   ProdVer:    31.0.101.5333

Module 15
C:\Windows\System32\DriverStore\FileRepository\iigd_dch.inf_amd64_f63934308f6cc308\IntelControlLib32.dll
Image Base: 0x62140000  Image Size: 0x0007e000
File Size:  562384      File Time:  2024-03-05_090734
Version:
   Company:    
   Product:    Intel Graphics Control Lib Runtime for Windows(R)
   FileDesc:   Intel Graphics Control Lib Runtime
   FileVer:    1.0.184.0
   ProdVer:    1.0.0.0

Module 16
C:\Windows\System32\DriverStore\FileRepository\iigd_dch.inf_amd64_f63934308f6cc308\igd10um32xe.DLL
Image Base: 0x621c0000  Image Size: 0x016f7000
File Size:  24732360    File Time:  2024-03-05_090436
Version:
   Company:    Intel Corporation
   Product:    Intel HD Graphics Drivers for Windows(R)
   FileDesc:   User Mode Driver for Intel(R) Graphics Technology
   FileVer:    31.0.101.5333
   ProdVer:    31.0.101.5333

Module 17
C:\Windows\System32\DriverStore\FileRepository\iigd_dch.inf_amd64_f63934308f6cc308\igd10iumd32.dll
Image Base: 0x638c0000  Image Size: 0x003df000
File Size:  4190848     File Time:  2024-03-05_090422
Version:
   Company:    Intel Corporation
   Product:    Intel HD Graphics Drivers for Windows(R)
   FileDesc:   User Mode Driver for Intel(R) Graphics Technology
   FileVer:    31.0.101.5333
   ProdVer:    31.0.101.5333

Module 18
C:\WINDOWS\SYSTEM32\d3d11.dll
Image Base: 0x63e60000  Image Size: 0x001f6000
File Size:  2057320     File Time:  2025-03-12_094518
Version:
   Company:    Microsoft Corporation
   Product:    Microsoft® Windows® Operating System
   FileDesc:   Direct3D 11 Runtime
   FileVer:    10.0.26100.3323
   ProdVer:    10.0.26100.3323

Module 19
C:\WINDOWS\SYSTEM32\dxgi.dll
Image Base: 0x64da0000  Image Size: 0x000fa000
File Size:  1012968     File Time:  2025-03-12_094518
Version:
   Company:    Microsoft Corporation
   Product:    Microsoft® Windows® Operating System
   FileDesc:   DirectX Graphics Infrastructure
   FileVer:    10.0.26100.3323
   ProdVer:    10.0.26100.3323

Module 20
C:\WINDOWS\System32\MMDevApi.dll
Image Base: 0x64ea0000  Image Size: 0x0007e000
File Size:  504200      File Time:  2025-03-12_094522
Version:
   Company:    Microsoft Corporation
   Product:    Microsoft® Windows® Operating System
   FileDesc:   MMDevice API
   FileVer:    10.0.26100.3323
   ProdVer:    10.0.26100.3323

Module 21
C:\WINDOWS\SYSTEM32\textinputframework.dll
Image Base: 0x650f0000  Image Size: 0x00101000
File Size:  1049624     File Time:  2025-03-12_094528
Version:
   Company:    Microsoft Corporation
   Product:    Microsoft® Windows® Operating System
   FileDesc:   "TextInputFramework.DYNLINK"
   FileVer:    10.0.26100.3323
   ProdVer:    10.0.26100.3323

Module 22
C:\Windows\System32\DriverStore\FileRepository\iigd_dch.inf_amd64_f63934308f6cc308\igdgmm32.dll
Image Base: 0x6c770000  Image Size: 0x00336000
File Size:  3485600     File Time:  2024-03-05_090606
Version:
   Company:    Intel Corporation
   Product:    Intel HD Graphics Drivers for Windows(R)
   FileDesc:   User Mode Driver for Intel(R) Graphics Technology
   FileVer:    31.0.101.5333
   ProdVer:    31.0.101.5333

Module 23
C:\WINDOWS\SYSTEM32\midimap.dll
Image Base: 0x6dd60000  Image Size: 0x00008000
File Size:  21504       File Time:  2024-12-13_150154
Version:
   Company:    Microsoft Corporation
   Product:    Microsoft® Windows® Operating System
   FileDesc:   Microsoft MIDI Mapper
   FileVer:    10.0.26100.1882
   ProdVer:    10.0.26100.1882

Module 24
C:\WINDOWS\SYSTEM32\MSACM32.dll
Image Base: 0x6dd70000  Image Size: 0x0001a000
File Size:  97704       File Time:  2024-12-13_150154
Version:
   Company:    Microsoft Corporation
   Product:    Microsoft® Windows® Operating System
   FileDesc:   Microsoft ACM Audio Filter
   FileVer:    10.0.26100.1882
   ProdVer:    10.0.26100.1882

Module 25
C:\WINDOWS\SYSTEM32\drvstore.dll
Image Base: 0x6dd90000  Image Size: 0x00128000
File Size:  1212288     File Time:  2025-03-12_094518
Version:
   Company:    Microsoft Corporation
   Product:    Microsoft® Windows® Operating System
   FileDesc:   Driver Store API
   FileVer:    10.0.26100.3323
   ProdVer:    10.0.26100.3323

Module 26
C:\WINDOWS\SYSTEM32\msacm32.drv
Image Base: 0x6dee0000  Image Size: 0x0000b000
File Size:  28160       File Time:  2024-12-13_150208
Version:
   Company:    Microsoft Corporation
   Product:    Microsoft® Windows® Operating System
   FileDesc:   Microsoft Sound Mapper
   FileVer:    10.0.26100.1882
   ProdVer:    10.0.26100.1882

Module 27
C:\WINDOWS\System32\DriverStore\FileRepository\nvam.inf_amd64_4ae7e10b45473e65\nvppe.dll
Image Base: 0x6def0000  Image Size: 0x000df000
File Size:  932136      File Time:  2024-12-02_085028
Version:
   Company:    NVIDIA Corporation
   Product:    NVIDIA driver loader
   FileDesc:   NVIDIA Driver, Version 566.07 
   FileVer:    32.0.15.6607
   ProdVer:    32.0.15.6607

Module 28
C:\WINDOWS\System32\DriverStore\FileRepository\nvam.inf_amd64_4ae7e10b45473e65\nvldumd.dll
Image Base: 0x6dfd0000  Image Size: 0x0009d000
File Size:  653760      File Time:  2024-12-02_085024
Version:
   Company:    NVIDIA Corporation
   Product:    NVIDIA driver loader
   FileDesc:   NVIDIA Driver Loader, Version 566.07 
   FileVer:    32.0.15.6607
   ProdVer:    32.0.15.6607

Module 29
C:\WINDOWS\SYSTEM32\directxdatabasehelper.dll
Image Base: 0x6e8d0000  Image Size: 0x0004c000
File Size:  301224      File Time:  2025-03-12_094514
Version:
   Company:    Microsoft Corporation
   Product:    Microsoft® Windows® Operating System
   FileDesc:   DirectXDatabaseHelper
   FileVer:    10.0.26100.3323
   ProdVer:    10.0.26100.3323

Module 30
C:\WINDOWS\SYSTEM32\dxcore.dll
Image Base: 0x6f260000  Image Size: 0x00039000
File Size:  219112      File Time:  2025-03-12_094514
Version:
   Company:    Microsoft Corporation
   Product:    Microsoft® Windows® Operating System
   FileDesc:   DXCore
   FileVer:    10.0.26100.3323
   ProdVer:    10.0.26100.3323

Module 31
C:\WINDOWS\SYSTEM32\dwmapi.dll
Image Base: 0x6f320000  Image Size: 0x0002a000
File Size:  152984      File Time:  2025-03-12_094516
Version:
   Company:    Microsoft Corporation
   Product:    Microsoft® Windows® Operating System
   FileDesc:   Microsoft Desktop Window Manager API
   FileVer:    10.0.26100.3323
   ProdVer:    10.0.26100.3323

Module 32
C:\WINDOWS\SYSTEM32\apphelp.dll
Image Base: 0x727b0000  Image Size: 0x000ac000
File Size:  698936      File Time:  2025-03-12_094514
Version:
   Company:    Microsoft Corporation
   Product:    Microsoft® Windows® Operating System
   FileDesc:   Application Compatibility Client Library
   FileVer:    10.0.26100.3323
   ProdVer:    10.0.26100.3323

Module 33
C:\WINDOWS\SYSTEM32\DNSAPI.dll
Image Base: 0x72860000  Image Size: 0x000db000
File Size:  894656      File Time:  2025-03-12_094518
Version:
   Company:    Microsoft Corporation
   Product:    Microsoft® Windows® Operating System
   FileDesc:   DNS Client API DLL
   FileVer:    10.0.26100.3323
   ProdVer:    10.0.26100.3323

Module 34
C:\WINDOWS\SYSTEM32\wldp.dll
Image Base: 0x72ca0000  Image Size: 0x00050000
File Size:  326000      File Time:  2025-01-15_114046
Version:
   Company:    Microsoft Corporation
   Product:    Microsoft® Windows® Operating System
   FileDesc:   Windows Lockdown Policy
   FileVer:    10.0.26100.2894
   ProdVer:    10.0.26100.2894

Module 35
C:\WINDOWS\SYSTEM32\cfgmgr32.dll
Image Base: 0x73450000  Image Size: 0x0004a000
File Size:  290928      File Time:  2025-03-12_094514
Version:
   Company:    Microsoft Corporation
   Product:    Microsoft® Windows® Operating System
   FileDesc:   Configuration Manager DLL
   FileVer:    10.0.26100.3323
   ProdVer:    10.0.26100.3323

Module 36
C:\WINDOWS\SYSTEM32\HID.DLL
Image Base: 0x734e0000  Image Size: 0x0000b000
File Size:  27648       File Time:  2024-04-01_142216
Version:
   Company:    Microsoft Corporation
   Product:    Microsoft® Windows® Operating System
   FileDesc:   Hid User Library
   FileVer:    10.0.26100.1
   ProdVer:    10.0.26100.1

Module 37
C:\ProgramData\Microsoft\Windows Defender\Platform\4.18.25010.11-0\X86\MpOav.dll
Image Base: 0x735d0000  Image Size: 0x00071000
File Size:  460704      File Time:  2025-03-07_202438
Version:
   Company:    Microsoft Corporation
   Product:    Microsoft® Windows® Operating System
   FileDesc:   IOfficeAntiVirus Module
   FileVer:    4.18.25010.11
   ProdVer:    4.18.25010.11

Module 38
C:\WINDOWS\SYSTEM32\amsi.dll
Image Base: 0x736f0000  Image Size: 0x00015000
File Size:  72192       File Time:  2024-04-01_142214
Version:
   Company:    Microsoft Corporation
   Product:    Microsoft® Windows® Operating System
   FileDesc:   Anti-Malware Scan Interface
   FileVer:    10.0.26100.1
   ProdVer:    10.0.26100.1

Module 39
C:\WINDOWS\system32\wbem\fastprox.dll
Image Base: 0x73710000  Image Size: 0x000cc000
File Size:  814080      File Time:  2025-03-12_094528
Version:
   Company:    Microsoft Corporation
   Product:    Microsoft® Windows® Operating System
   FileDesc:   WMI Custom Marshaller
   FileVer:    10.0.26100.3323
   ProdVer:    10.0.26100.3323

Module 40
C:\WINDOWS\system32\wbem\wbemsvc.dll
Image Base: 0x738b0000  Image Size: 0x00011000
File Size:  49664       File Time:  2024-12-13_150214
Version:
   Company:    Microsoft Corporation
   Product:    Microsoft® Windows® Operating System
   FileDesc:   WMI
   FileVer:    10.0.26100.1000
   ProdVer:    10.0.26100.1000

Module 41
C:\WINDOWS\SYSTEM32\wbemcomn.dll
Image Base: 0x738d0000  Image Size: 0x00068000
File Size:  399360      File Time:  2024-04-01_142216
Version:
   Company:    Microsoft Corporation
   Product:    Microsoft® Windows® Operating System
   FileDesc:   WMI
   FileVer:    10.0.26100.1
   ProdVer:    10.0.26100.1

Module 42
C:\WINDOWS\system32\wbem\wbemprox.dll
Image Base: 0x73940000  Image Size: 0x0000e000
File Size:  38400       File Time:  2024-12-13_150212
Version:
   Company:    Microsoft Corporation
   Product:    Microsoft® Windows® Operating System
   FileDesc:   WMI
   FileVer:    10.0.26100.1000
   ProdVer:    10.0.26100.1000

Module 43
C:\WINDOWS\SYSTEM32\MSWSOCK.dll
Image Base: 0x73b10000  Image Size: 0x00053000
File Size:  326584      File Time:  2025-02-12_081140
Version:
   Company:    Microsoft Corporation
   Product:    Microsoft® Windows® Operating System
   FileDesc:   Microsoft Windows Sockets 2.0 Service Provider
   FileVer:    10.0.26100.3194
   ProdVer:    10.0.26100.3194

Module 44
C:\WINDOWS\SYSTEM32\cryptnet.dll
Image Base: 0x73ed0000  Image Size: 0x0002b000
File Size:  170008      File Time:  2025-02-12_081126
Version:
   Company:    Microsoft Corporation
   Product:    Microsoft® Windows® Operating System
   FileDesc:   Crypto Network Related API
   FileVer:    10.0.26100.3037
   ProdVer:    10.0.26100.3037

Module 45
C:\WINDOWS\SYSTEM32\profapi.dll
Image Base: 0x73f00000  Image Size: 0x00021000
File Size:  129728      File Time:  2025-03-12_094524
Version:
   Company:    Microsoft Corporation
   Product:    Microsoft® Windows® Operating System
   FileDesc:   User Profile Basic API
   FileVer:    10.0.26100.3323
   ProdVer:    10.0.26100.3323

Module 46
C:\WINDOWS\SYSTEM32\cryptbase.dll
Image Base: 0x73f90000  Image Size: 0x0000b000
File Size:  33184       File Time:  2025-01-15_114046
Version:
   Company:    Microsoft Corporation
   Product:    Microsoft® Windows® Operating System
   FileDesc:   Base cryptographic API DLL
   FileVer:    10.0.26100.2894
   ProdVer:    10.0.26100.2894

Module 47
C:\WINDOWS\system32\rsaenh.dll
Image Base: 0x73fa0000  Image Size: 0x00033000
File Size:  202056      File Time:  2025-03-12_094524
Version:
   Company:    Microsoft Corporation
   Product:    Microsoft® Windows® Operating System
   FileDesc:   Microsoft Enhanced Cryptographic Provider
   FileVer:    10.0.26100.3323
   ProdVer:    10.0.26100.3323

Module 48
C:\WINDOWS\SYSTEM32\windows.storage.dll
Image Base: 0x73fe0000  Image Size: 0x006c4000
File Size:  7127824     File Time:  2025-03-12_094522
Version:
   Company:    Microsoft Corporation
   Product:    Microsoft® Windows® Operating System
   FileDesc:   Microsoft WinRT Storage API
   FileVer:    10.0.26100.3470
   ProdVer:    10.0.26100.3470

Module 49
C:\WINDOWS\SYSTEM32\CRYPTSP.dll
Image Base: 0x746b0000  Image Size: 0x00015000
File Size:  79640       File Time:  2024-12-13_150158
Version:
   Company:    Microsoft Corporation
   Product:    Microsoft® Windows® Operating System
   FileDesc:   Cryptographic Service Provider API
   FileVer:    10.0.26100.2454
   ProdVer:    10.0.26100.2454

Module 50
C:\Windows\System32\rasadhlp.dll
Image Base: 0x74750000  Image Size: 0x00008000
File Size:  13312       File Time:  2024-04-01_142236
Version:
   Company:    Microsoft Corporation
   Product:    Microsoft® Windows® Operating System
   FileDesc:   Remote Access AutoDial Helper
   FileVer:    10.0.26100.1
   ProdVer:    10.0.26100.1

Module 51
C:\WINDOWS\SYSTEM32\dhcpcsvc.DLL
Image Base: 0x74760000  Image Size: 0x0001d000
File Size:  102840      File Time:  2025-03-12_094516
Version:
   Company:    Microsoft Corporation
   Product:    Microsoft® Windows® Operating System
   FileDesc:   DHCP Client Service
   FileVer:    10.0.26100.3323
   ProdVer:    10.0.26100.3323

Module 52
C:\WINDOWS\SYSTEM32\dhcpcsvc6.DLL
Image Base: 0x74780000  Image Size: 0x00018000
File Size:  88008       File Time:  2025-03-12_094516
Version:
   Company:    Microsoft Corporation
   Product:    Microsoft® Windows® Operating System
   FileDesc:   DHCPv6 Client
   FileVer:    10.0.26100.3323
   ProdVer:    10.0.26100.3323

Module 53
C:\WINDOWS\SYSTEM32\VERSION.dll
Image Base: 0x749a0000  Image Size: 0x00008000
File Size:  28976       File Time:  2024-04-01_142216
Version:
   Company:    Microsoft Corporation
   Product:    Microsoft® Windows® Operating System
   FileDesc:   Version Checking and File Installation Libraries
   FileVer:    10.0.26100.1
   ProdVer:    10.0.26100.1

Module 54
C:\WINDOWS\SYSTEM32\IPHLPAPI.DLL
Image Base: 0x749b0000  Image Size: 0x00027000
File Size:  147864      File Time:  2025-03-12_094526
Version:
   Company:    Microsoft Corporation
   Product:    Microsoft® Windows® Operating System
   FileDesc:   IP Helper API
   FileVer:    10.0.26100.3323
   ProdVer:    10.0.26100.3323

Module 55
C:\WINDOWS\SYSTEM32\winmmbase.dll
Image Base: 0x749e0000  Image Size: 0x0001f000
File Size:  118768      File Time:  2024-04-01_142214
Version:
   Company:    Microsoft Corporation
   Product:    Microsoft® Windows® Operating System
   FileDesc:   Base Multimedia Extension API DLL
   FileVer:    10.0.26100.1
   ProdVer:    10.0.26100.1

Module 56
C:\WINDOWS\system32\uxtheme.dll
Image Base: 0x74a70000  Image Size: 0x00082000
File Size:  512512      File Time:  2025-03-12_094528
Version:
   Company:    Microsoft Corporation
   Product:    Microsoft® Windows® Operating System
   FileDesc:   Microsoft UxTheme Library
   FileVer:    10.0.26100.3323
   ProdVer:    10.0.26100.3323

Module 57
C:\WINDOWS\SYSTEM32\devobj.dll
Image Base: 0x74b10000  Image Size: 0x00024000
File Size:  143032      File Time:  2024-04-01_142236
Version:
   Company:    Microsoft Corporation
   Product:    Microsoft® Windows® Operating System
   FileDesc:   Device Information Set DLL
   FileVer:    10.0.26100.1
   ProdVer:    10.0.26100.1

Module 58
C:\WINDOWS\SYSTEM32\kernel.appcore.dll
Image Base: 0x74bb0000  Image Size: 0x00014000
File Size:  71888       File Time:  2024-12-13_150150
Version:
   Company:    Microsoft Corporation
   Product:    Microsoft® Windows® Operating System
   FileDesc:   AppModel API Host
   FileVer:    10.0.26100.1591
   ProdVer:    10.0.26100.1591

Module 59
C:\WINDOWS\SYSTEM32\msasn1.dll
Image Base: 0x74c10000  Image Size: 0x0000e000
File Size:  52240       File Time:  2025-01-15_114048
Version:
   Company:    Microsoft Corporation
   Product:    Microsoft® Windows® Operating System
   FileDesc:   ASN.1 Runtime APIs
   FileVer:    10.0.26100.2894
   ProdVer:    10.0.26100.2894

Module 60
C:\WINDOWS\SYSTEM32\WINHTTP.dll
Image Base: 0x74c30000  Image Size: 0x000db000
File Size:  893648      File Time:  2025-03-12_094530
Version:
   Company:    Microsoft Corporation
   Product:    Microsoft® Windows® Operating System
   FileDesc:   Windows HTTP Services
   FileVer:    10.0.26100.3323
   ProdVer:    10.0.26100.3323

Module 61
C:\WINDOWS\SYSTEM32\bcrypt.dll
Image Base: 0x74d50000  Image Size: 0x0001a000
File Size:  102312      File Time:  2025-02-12_081124
Version:
   Company:    Microsoft Corporation
   Product:    Microsoft® Windows® Operating System
   FileDesc:   Windows Cryptographic Primitives Library
   FileVer:    10.0.26100.3037
   ProdVer:    10.0.26100.3037

Module 62
C:\WINDOWS\SYSTEM32\UMPDC.dll
Image Base: 0x750b0000  Image Size: 0x0000e000
File Size:  51608       File Time:  2024-12-13_150156
Version:
   Company:    Microsoft Corporation
   Product:    Microsoft® Windows® Operating System
   FileDesc:   User Mode Power Dependency Coordinator
   FileVer:    10.0.26100.1301
   ProdVer:    10.0.26100.1301

Module 63
C:\WINDOWS\SYSTEM32\WINMM.dll
Image Base: 0x75120000  Image Size: 0x00033000
File Size:  196400      File Time:  2025-03-12_094514
Version:
   Company:    Microsoft Corporation
   Product:    Microsoft® Windows® Operating System
   FileDesc:   MCI API DLL
   FileVer:    10.0.26100.3323
   ProdVer:    10.0.26100.3323

Module 64
C:\WINDOWS\SYSTEM32\USERENV.dll
Image Base: 0x75160000  Image Size: 0x0001f000
File Size:  121440      File Time:  2024-12-13_150158
Version:
   Company:    Microsoft Corporation
   Product:    Microsoft® Windows® Operating System
   FileDesc:   Userenv
   FileVer:    10.0.26100.2454
   ProdVer:    10.0.26100.2454

Module 65
C:\WINDOWS\SYSTEM32\powrprof.dll
Image Base: 0x751c0000  Image Size: 0x00045000
File Size:  275896      File Time:  2024-04-01_142216
Version:
   Company:    Microsoft Corporation
   Product:    Microsoft® Windows® Operating System
   FileDesc:   Power Profile Helper DLL
   FileVer:    10.0.26100.1
   ProdVer:    10.0.26100.1

Module 66
C:\WINDOWS\System32\ole32.dll
Image Base: 0x75210000  Image Size: 0x00151000
File Size:  1387360     File Time:  2025-03-12_094514
Version:
   Company:    Microsoft Corporation
   Product:    Microsoft® Windows® Operating System
   FileDesc:   Microsoft OLE for Windows
   FileVer:    10.0.26100.3323
   ProdVer:    10.0.26100.3323

Module 67
C:\WINDOWS\System32\msvcp_win.dll
Image Base: 0x75370000  Image Size: 0x00085000
File Size:  505776      File Time:  2024-12-13_150208
Version:
   Company:    Microsoft Corporation
   Product:    Microsoft® Windows® Operating System
   FileDesc:   Microsoft® C Runtime Library
   FileVer:    10.0.26100.1882
   ProdVer:    10.0.26100.1882

Module 68
C:\WINDOWS\System32\imagehlp.dll
Image Base: 0x75400000  Image Size: 0x0001b000
File Size:  102728      File Time:  2024-04-01_142212
Version:
   Company:    Microsoft Corporation
   Product:    Microsoft® Windows® Operating System
   FileDesc:   Windows NT Image Helper
   FileVer:    10.0.26100.1
   ProdVer:    10.0.26100.1

Module 69
C:\WINDOWS\System32\combase.dll
Image Base: 0x75420000  Image Size: 0x00281000
File Size:  2635768     File Time:  2025-03-12_094516
Version:
   Company:    Microsoft Corporation
   Product:    Microsoft® Windows® Operating System
   FileDesc:   Microsoft COM for Windows
   FileVer:    10.0.26100.3323
   ProdVer:    10.0.26100.3323

Module 70
C:\WINDOWS\System32\KERNELBASE.dll
Image Base: 0x756b0000  Image Size: 0x002ab000
File Size:  2804152     File Time:  2025-03-12_094520
Version:
   Company:    Microsoft Corporation
   Product:    Microsoft® Windows® Operating System
   FileDesc:   Windows NT BASE API Client DLL
   FileVer:    10.0.26100.3470
   ProdVer:    10.0.26100.3470

Module 71
C:\WINDOWS\System32\MSCTF.dll
Image Base: 0x75960000  Image Size: 0x00117000
File Size:  1139984     File Time:  2025-03-12_094528
Version:
   Company:    Microsoft Corporation
   Product:    Microsoft® Windows® Operating System
   FileDesc:   MSCTF Server DLL
   FileVer:    10.0.26100.3323
   ProdVer:    10.0.26100.3323

Module 72
C:\WINDOWS\System32\wintrust.dll
Image Base: 0x75a80000  Image Size: 0x00066000
File Size:  411728      File Time:  2025-03-12_094528
Version:
   Company:    Microsoft Corporation
   Product:    Microsoft® Windows® Operating System
   FileDesc:   Microsoft Trust Verification APIs
   FileVer:    10.0.26100.3323
   ProdVer:    10.0.26100.3323

Module 73
C:\WINDOWS\System32\KERNEL32.DLL
Image Base: 0x75b50000  Image Size: 0x000f0000
File Size:  679152      File Time:  2025-03-12_094520
Version:
   Company:    Microsoft Corporation
   Product:    Microsoft® Windows® Operating System
   FileDesc:   Windows NT BASE API Client DLL
   FileVer:    10.0.26100.3323
   ProdVer:    10.0.26100.3323

Module 74
C:\WINDOWS\System32\sechost.dll
Image Base: 0x75c50000  Image Size: 0x00083000
File Size:  529544      File Time:  2025-03-12_094524
Version:
   Company:    Microsoft Corporation
   Product:    Microsoft® Windows® Operating System
   FileDesc:   Host for SCM/SDDL/LSA Lookup APIs
   FileVer:    10.0.26100.3323
   ProdVer:    10.0.26100.3323

Module 75
C:\WINDOWS\System32\USER32.dll
Image Base: 0x75ce0000  Image Size: 0x001c6000
File Size:  1852272     File Time:  2025-03-12_094528
Version:
   Company:    Microsoft Corporation
   Product:    Microsoft® Windows® Operating System
   FileDesc:   Multi-User Windows USER API Client DLL
   FileVer:    10.0.26100.3470
   ProdVer:    10.0.26100.3470

Module 76
C:\WINDOWS\System32\ucrtbase.dll
Image Base: 0x75eb0000  Image Size: 0x00110000
File Size:  1114168     File Time:  2025-02-12_081138
Version:
   Company:    Microsoft Corporation
   Product:    Microsoft® Windows® Operating System
   FileDesc:   Microsoft® C Runtime Library
   FileVer:    10.0.26100.3037
   ProdVer:    10.0.26100.3037

Module 77
C:\WINDOWS\System32\WS2_32.dll
Image Base: 0x75fd0000  Image Size: 0x00060000
File Size:  391984      File Time:  2024-12-13_150154
Version:
   Company:    Microsoft Corporation
   Product:    Microsoft® Windows® Operating System
   FileDesc:   Windows Socket 2.0 32-Bit DLL
   FileVer:    10.0.26100.1882
   ProdVer:    10.0.26100.1882

Module 78
C:\WINDOWS\System32\SHELL32.dll
Image Base: 0x760b0000  Image Size: 0x005f9000
File Size:  6296720     File Time:  2025-03-12_094526
Version:
   Company:    Microsoft Corporation
   Product:    Microsoft® Windows® Operating System
   FileDesc:   Windows Shell Common Dll
   FileVer:    10.0.26100.3323
   ProdVer:    10.0.26100.3323

Module 79
C:\WINDOWS\System32\CRYPT32.dll
Image Base: 0x76830000  Image Size: 0x00107000
File Size:  1065608     File Time:  2025-03-12_094516
Version:
   Company:    Microsoft Corporation
   Product:    Microsoft® Windows® Operating System
   FileDesc:   Crypto API32
   FileVer:    10.0.26100.3323
   ProdVer:    10.0.26100.3323

Module 80
C:\WINDOWS\System32\ADVAPI32.dll
Image Base: 0x76a00000  Image Size: 0x0007e000
File Size:  511408      File Time:  2025-03-12_094514
Version:
   Company:    Microsoft Corporation
   Product:    Microsoft® Windows® Operating System
   FileDesc:   Advanced Windows 32 Base API
   FileVer:    10.0.26100.3323
   ProdVer:    10.0.26100.3323

Module 81
C:\WINDOWS\System32\bcryptPrimitives.dll
Image Base: 0x76a90000  Image Size: 0x00069000
File Size:  427248      File Time:  2025-02-12_081124
Version:
   Company:    Microsoft Corporation
   Product:    Microsoft® Windows® Operating System
   FileDesc:   Windows Cryptographic Primitives Library
   FileVer:    10.0.26100.3037
   ProdVer:    10.0.26100.3037

Module 82
C:\WINDOWS\System32\clbcatq.dll
Image Base: 0x76b00000  Image Size: 0x00081000
File Size:  519504      File Time:  2024-04-01_142214
Version:
   Company:    Microsoft Corporation
   Product:    Microsoft® Windows® Operating System
   FileDesc:   COM+ Configuration Catalog
   FileVer:    2001.12.10941.16384
   ProdVer:    10.0.26100.1

Module 83
C:\WINDOWS\System32\SETUPAPI.dll
Image Base: 0x76b90000  Image Size: 0x0044f000
File Size:  4551496     File Time:  2025-03-12_094526
Version:
   Company:    Microsoft Corporation
   Product:    Microsoft® Windows® Operating System
   FileDesc:   Windows Setup API
   FileVer:    10.0.26100.3323
   ProdVer:    10.0.26100.3323

Module 84
C:\WINDOWS\System32\NSI.dll
Image Base: 0x76ff0000  Image Size: 0x00007000
File Size:  21808       File Time:  2025-01-15_114050
Version:
   Company:    Microsoft Corporation
   Product:    Microsoft® Windows® Operating System
   FileDesc:   NSI User-mode interface DLL
   FileVer:    10.0.26100.2894
   ProdVer:    10.0.26100.2894

Module 85
C:\WINDOWS\System32\msvcrt.dll
Image Base: 0x77000000  Image Size: 0x000c7000
File Size:  809440      File Time:  2024-12-13_150154
Version:
   Company:    Microsoft Corporation
   Product:    Microsoft® Windows® Operating System
   FileDesc:   Windows NT CRT DLL
   FileVer:    7.0.26100.1882
   ProdVer:    10.0.26100.1882

Module 86
C:\WINDOWS\System32\RPCRT4.dll
Image Base: 0x77170000  Image Size: 0x000b9000
File Size:  758280      File Time:  2025-02-12_081134
Version:
   Company:    Microsoft Corporation
   Product:    Microsoft® Windows® Operating System
   FileDesc:   Remote Procedure Call Runtime
   FileVer:    10.0.26100.3037
   ProdVer:    10.0.26100.3037

Module 87
C:\WINDOWS\System32\shcore.dll
Image Base: 0x77230000  Image Size: 0x000c9000
File Size:  810472      File Time:  2025-03-12_094524
Version:
   Company:    Microsoft Corporation
   Product:    Microsoft® Windows® Operating System
   FileDesc:   SHCORE
   FileVer:    10.0.26100.3470
   ProdVer:    10.0.26100.3470

Module 88
C:\WINDOWS\System32\win32u.dll
Image Base: 0x77370000  Image Size: 0x0001a000
File Size:  105944      File Time:  2025-03-12_094528
Version:
   Company:    Microsoft Corporation
   Product:    Microsoft® Windows® Operating System
   FileDesc:   Win32u
   FileVer:    10.0.26100.3470
   ProdVer:    10.0.26100.3470

Module 89
C:\WINDOWS\System32\SHLWAPI.dll
Image Base: 0x77390000  Image Size: 0x0004b000
File Size:  302776      File Time:  2025-02-12_081136
Version:
   Company:    Microsoft Corporation
   Product:    Microsoft® Windows® Operating System
   FileDesc:   Shell Light-weight Utility Library
   FileVer:    10.0.26100.3037
   ProdVer:    10.0.26100.3037

Module 90
C:\WINDOWS\System32\gdi32full.dll
Image Base: 0x773f0000  Image Size: 0x000ed000
File Size:  964368      File Time:  2025-03-12_094518
Version:
   Company:    Microsoft Corporation
   Product:    Microsoft® Windows® Operating System
   FileDesc:   GDI Client DLL
   FileVer:    10.0.26100.3470
   ProdVer:    10.0.26100.3470

Module 91
C:\WINDOWS\System32\OLEAUT32.dll
Image Base: 0x774e0000  Image Size: 0x0009e000
File Size:  640048      File Time:  2025-03-12_094522
Version:
   Company:    Microsoft Corporation
   Product:    Microsoft® Windows® Operating System
   FileDesc:   OLEAUT32.DLL
   FileVer:    10.0.26100.3323
   ProdVer:    10.0.26100.3323

Module 92
C:\WINDOWS\System32\IMM32.dll
Image Base: 0x77590000  Image Size: 0x00025000
File Size:  145224      File Time:  2024-04-01_142214
Version:
   Company:    Microsoft Corporation
   Product:    Microsoft® Windows® Operating System
   FileDesc:   Multi-User Windows IMM32 API Client DLL
   FileVer:    10.0.26100.1
   ProdVer:    10.0.26100.1

Module 93
C:\WINDOWS\System32\wintypes.dll
Image Base: 0x775c0000  Image Size: 0x000f9000
File Size:  1023752     File Time:  2025-01-15_114046
Version:
   Company:    Microsoft Corporation
   Product:    Microsoft® Windows® Operating System
   FileDesc:   Windows Base Types DLL
   FileVer:    10.0.26100.2894
   ProdVer:    10.0.26100.2894

Module 94
C:\WINDOWS\System32\PSAPI.DLL
Image Base: 0x776c0000  Image Size: 0x00006000
File Size:  18040       File Time:  2024-04-01_142214
Version:
   Company:    Microsoft Corporation
   Product:    Microsoft® Windows® Operating System
   FileDesc:   Process Status Helper
   FileVer:    10.0.26100.1
   ProdVer:    10.0.26100.1

Module 95
C:\WINDOWS\System32\GDI32.dll
Image Base: 0x776d0000  Image Size: 0x00022000
File Size:  132296      File Time:  2024-12-13_150156
Version:
   Company:    Microsoft Corporation
   Product:    Microsoft® Windows® Operating System
   FileDesc:   GDI Client DLL
   FileVer:    10.0.26100.2033
   ProdVer:    10.0.26100.2033

Module 96
C:\WINDOWS\SYSTEM32\ntdll.dll
Image Base: 0x77710000  Image Size: 0x001ba000
File Size:  1801216     File Time:  2025-03-12_094522
Version:
   Company:    Microsoft Corporation
   Product:    Microsoft® Windows® Operating System
   FileDesc:   NT Layer DLL
   FileVer:    10.0.26100.3323
   ProdVer:    10.0.26100.3323


== [end of error.log] ==
