Unity Player [version: Unity 5.6.7f1_e80cc3114ac1]

Dragonboy_vn_v222.exe caused an Access Violation (0xc0000005)
  in module Dragonboy_vn_v222.exe at 0023:009831b1.

Error occurred at 2025-03-13_083208.
C:\Users\Cuong Le\Desktop\C# winform\QLTK Nro Pro\QLTK Nro Pro\bin\Debug\Data\Version222\Dragonboy_vn_v222.exe, run by Unknown.
70% memory in use.
0 MB physical memory [0 MB free].
0 MB paging file [387 MB free].
0 MB user address space [39 MB free].
Read from location 00000010 caused an access violation.

Context:
EDI:    0x00000010  ESI: 0x00000000  EAX:   0x00000010
EBX:    0x00fc7724  ECX: 0x7ffffffe  EDX:   0x040e9073
EIP:    0x009831b1  EBP: 0x016fec58  SegCs: 0x00000023
EFlags: 0x00210202  ESP: 0x016fe9cc  SegSs: 0x0000002b

Bytes at CS:EIP:
80 38 00 74 05 40 85 c9 75 f5 2b 85 e0 fd ff ff 

Stack:
0x016fe9cc: 016fec98 040e9040 00000013 03d66a60 ..o.@.......`j..
0x016fe9dc: 00000007 00000000 00000007 0486aab8 ................
0x016fe9ec: 039305c0 042c0000 00000003 fffffffa ......,.........
0x016fe9fc: 039319f8 03931b68 039305b8 00000001 ....h...........
0x016fea0c: 00000000 00000000 00000000 00fc7724 ............$w..
0x016fea1c: 00000000 00000000 00000000 016fec78 ............x.o.
0x016fea2c: 0000000c 00000006 0000006d 00000010 ........m.......
0x016fea3c: 016fece8 ffffffff 73392128 00000000 ..o.....(!9s....
0x016fea4c: 100539a9 0519b5b0 016feaac 00000001 .9........o.....
0x016fea5c: 00000001 016feda4 10392030 00000014 ......o.0 9.....
0x016fea6c: 016fea80 100ea1f8 7778974c 7778974c ..o.....L.xwL.xw
0x016fea7c: 75802ec5 00000408 016feaa0 016feaac ...u......o...o.
0x016fea8c: 00000008 0000000e ffffffff 00000005 ................
0x016fea9c: 75802eea 00000000 00000000 00000408 ...u............
0x016feaac: 00015563 00000000 00020000 00000000 cU..............
0x016feabc: 00015563 00000000 00000001 fffffffe cU..............
0x016feacc: 00000000 f26cc52e 016feaf8 777a5831 ......l...o.1Xzw
0x016feadc: 03930924 77762b89 011f39c0 00000140 $....+vw.9..@...
0x016feaec: ffffffff 00000140 00015563 016feb04 ....@...cU....o.
0x016feafc: 0098dfbb 03930924 016feb48 00986475 ....$...H.o.ud..
0x016feb0c: 00000005 0098646c 30934505 00000000 ....ld...E.0....
0x016feb1c: 01106c00 00000000 00015563 00000000 .l......cU......
0x016feb2c: 016feb10 016feb14 016fee44 016fee48 ..o...o.D.o.H.o.
0x016feb3c: 009806f0 30f2fd85 fffffffe 0098646c .......0....ld..
0x016feb4c: 009859d1 00000005 00000000 016feb74 .Y..........t.o.
0x016feb5c: 00990039 016febb4 039319f8 03931b68 9.....o.....h...
0x016feb6c: 016fedfe 00000000 016fee10 00982ba6 ..o.......o..+..
0x016feb7c: 0000000a 00982be5 01106c00 00000000 .....+...l......
0x016feb8c: 009833f3 016feba8 00000000 00000000 .3....o.........
0x016feb9c: 00000000 039305c0 039305c0 016feddc ..............o.
0x016febac: fffffffa fffffffa 039319f8 03931b68 ............h...
0x016febbc: 039305b8 03930001 00000000 00000000 ................
0x016febcc: 00000000 00f3af4d 00000000 00000000 ....M...........
0x016febdc: 00000000 01106c00 016fec30 00000006 .....l..0.o.....
0x016febec: 00000057 016fedfe 016feeb8 fffffffa W.....o...o.....
0x016febfc: 00930000 00001000 77763e89 0001e5b8 .........>vw....
0x016fec0c: 03930000 00000000 00000004 7778963c ............<.xw
0x016fec1c: 77763d12 ffffffff 016fec44 00000000 .=vw....D.o.....
0x016fec2c: 016fec48 fffffffe 00000000 016fec5c H.o.........\.o.
0x016fec3c: 777a5831 03930258 32312b89 36393234 1XzwX....+124296
0x016fec4c: 03935308 00000000 30934215 016fec98 .S.......B.0..o.
0x016fec5c: 0097ea6b 016fec78 00fc76b8 00000000 k...x.o..v......
0x016fec6c: 016fece0 040e9040 00008000 040e90ad ..o.@...........
0x016fec7c: 00007f93 040e9040 00000042 00000000 ....@...B.......
0x016fec8c: 00000000 00000000 00000000 016fecb4 ..............o.
0x016fec9c: 0097eaac 040e9040 00008000 00fc76b8 ....@........v..
0x016fecac: 00000000 016fece0 016feccc 007e8b38 ......o...o.8.~.
0x016fecbc: 040e9040 00008000 00fc76b8 016fece0 @........v....o.
0x016feccc: 016fef00 007db309 040e9040 00008000 ..o...}.@.......
0x016fecdc: 00fc76b8 0001e588 00000010 00f6a990 .v..............
0x016fecec: 000001cf 00f347a8 0001e588 00000010 .....G..........
0x016fecfc: 00000000 00000298 03930000 016fecf8 ..............o.
0x016fed0c: 7775232e 016ffe54 77792110 5df46a0f .#uwT.o..!yw.j.]
0x016fed1c: fffffffe 039300c0 00976c98 03930000 .........l......
0x016fed2c: 00000000 00000298 00000000 00000298 ................
0x016fed3c: 00000000 016fed4c 0095b78c 00000298 ....L.o.........
0x016fed4c: 016fed5c 0095b8ae c0000017 00000002 \.o.............
0x016fed5c: 016ff068 00000001 016fed8c 00000298 h.o.......o.....
0x016fed6c: 00f684b4 00000000 00003cb7 777a5861 .........<..aXzw
0x016fed7c: 777a5861 03930924 77763aeb 00000140 aXzw$....:vw@...
0x016fed8c: 03930918 fffffffe 00000000 016fedbc ..............o.
0x016fed9c: 777a5831 03930924 77762b89 011f39c0 1Xzw$....+vw.9..
0x016fedac: 00000140 00000005 016feda0 0ed5bcd8 @.........o.....
0x016fedbc: 016fedc8 0098dfbb 03930924 016fee08 ..o.....$.....o.
0x016fedcc: 00986f1f 00000005 00986f15 30934045 .o.......o..E@.0
0x016feddc: 00000057 01106c00 00000000 011a2920 W....l...... )..
0x016fedec: 00000057 fffffffe 00000000 016fee1c W.............o.
0x016fedfc: 777a5831 011a2920 77762b89 00f3aef8 1Xzw )...+vw....
0x016fee0c: 00000000 00000000 03938488 00000057 ............W...
0x016fee1c: 016fee28 00987594 011a2920 016fee34 (.o..u.. )..4.o.
0x016fee2c: 009788cb 00000011 016fee70 0097b130 ........p.o.0...
0x016fee3c: 01106c00 0097b127 3093403d 00f3aef8 .l..'...=@.0....
0x016fee4c: 016feeb0 00000000 00000000 016fee44 ..o.........D.o.
0x016fee5c: 0097b5e9 016ffe54 009806f0 30f2e135 ....T.o.....5..0
0x016fee6c: fffffffe 0097b127 004f871d 01106c00 ....'.....O..l..
0x016fee7c: 01106c00 00f3aef8 016feeb0 00000000 .l........o.....
0x016fee8c: 0118c950 016feea4 004f8762 00000005 P.....o.b.O.....
0x016fee9c: 00f3aef8 016feeb0 016feef0 001c9aaf ......o...o.....
0x016feeac: 00f3aef8 0001e588 00000000 0118c950 ............P...
0x016feebc: 0118ca10 0001e588 00000000 00000000 ................
0x016feecc: 00000000 00000000 00000000 00000000 ................
0x016feedc: 00000000 00000000 00000005 00020000 ................
0x016feeec: 0001e59b 016fef0c 001c9bc8 0001e588 ......o.........
0x016feefc: 00000010 016fef44 007db7fd 0001e588 ....D.o...}.....
0x016fef0c: 00000010 00000013 000001cf 00f347a8 .............G..
0x016fef1c: 0001e588 00000001 00000000 00000000 ................
0x016fef2c: 00000000 00000000 00000000 00000000 ................
0x016fef3c: 00000000 00000000 016fef90 007db8b4 ..........o...}.
0x016fef4c: 0001e588 00000001 00000013 00000000 ................
0x016fef5c: 00f347a8 000001cf 0001e588 03fcb948 .G..........H...
0x016fef6c: 0001e588 00000030 03fcb940 001ad5c0 ....0...@.......
0x016fef7c: 01eb4ab0 016fef98 001c95bd 00000030 .J....o.....0...
0x016fef8c: 0118b3c0 016fefb4 007dbcb6 00000000 ......o...}.....
0x016fef9c: 0001e588 00000001 00000013 00000000 ................
0x016fefac: 00f347a8 000001cf 016fefe0 004e1780 .G........o...N.
0x016fefbc: 00000000 0001e588 00000001 00000013 ................
0x016fefcc: 00000000 00f347a8 000001cf 00000005 .....G..........
0x016fefdc: 03fcb940 016feff8 004516af 0001e588 @.....o...E.....
0x016fefec: 00000005 0458d5e0 00000013 016ff030 ......X.....0.o.
0x016feffc: 0045243d 00000013 0000015e 00000043 =$E.....^...C...
0x016ff00c: 00000005 0001e584 00000001 00000009 ................
0x016ff01c: 00000000 00000001 0001e584 00000005 ................
0x016ff02c: 00000000 016ff080 004526dd 0000015e ......o..&E.^...
0x016ff03c: 00000043 00000005 0001e584 00000000 C...............
0x016ff04c: 00000001 00000009 0458d5e0 00000043 ..........X.C...
0x016ff05c: 0000015e 0000015e 00000043 00000008 ^...^...C.......
0x016ff06c: 00000006 00000000 00000000 00000000 ................
0x016ff07c: 0458d5e0 016ff0e4 0042f058 0000015e ..X...o.X.B.^...
0x016ff08c: 00000043 00000005 00000005 00000001 C...............
0x016ff09c: 00000009 00000000 00f684b4 016ff180 ..............o.
0x016ff0ac: 00000000 00000000 00000000 0eb19e88 ................
0x016ff0bc: 0eaab250 0eb19e88 016ff120 00425770 P....... .o.pWB.
0x016ff0cc: 00f684b4 0ba16010 00000000 00000005 .....`..........
0x016ff0dc: 00000043 0100015e 016ff154 0042fe68 C...^...T.o.h.B.
0x016ff0ec: 00000005 0000015e 00000043 173a3100 ....^...C....1:.
0x016ff0fc: 016ff140 016ff180 173a3100 0ba16010 @.o...o..1:..`..
0x016ff10c: 0458d5e0 00f684b4 004e1700 0000015e ..X.......N.^...
0x016ff11c: 00000043 016ff128 00425570 0ba16046 C...(.o.pUB.F`..
0x016ff12c: 00004a25 0eb19e88 0eaab250 004534cf %J......P....4E.
0x016ff13c: 03d97550 00000000 00000000 00000000 Pu..............
0x016ff14c: 00000000 00000000 016ff1b8 00431955 ..........o.U.C.
0x016ff15c: 0458d5e0 0ba16010 00004a5b 173a3100 ..X..`..[J...1:.
0x016ff16c: 00000005 016ff180 00004a5b 0458d5e0 ......o.[J....X.
0x016ff17c: 00000000 00000000 00000001 00000000 ................
0x016ff18c: 00000000 00000000 0458d5e0 016ff1a8 ..........X...o.
0x016ff19c: 007c4dce 00000004 172bfaa0 016ff1f8 .M|.......+...o.
0x016ff1ac: 0566a17d 173a3100 00000001 016ff1d4 }.f..1:.......o.
0x016ff1bc: 00431c5c 0458d5e0 00004a5b 00000000 \.C...X.[J......
0x016ff1cc: 00000000 172bfaa0 016ff1f8 007c7f23 ......+...o.#.|.
0x016ff1dc: 0458d5e0 0ba16010 00004a5b 00000000 ..X..`..[J......
0x016ff1ec: 00000000 00000004 173a3160 016ff238 ........`1:.8.o.
0x016ff1fc: 056898fc 173a3160 0ba16000 00000000 ..h.`1:..`......
0x016ff20c: 00000000 016ff238 05021208 050211b0 ....8.o.........
0x016ff21c: 172bfaa0 056898d9 172bfaa0 00000004 ..+...h...+.....
0x016ff22c: 172bfaa0 016ff238 056898cc 016ff258 ..+.8.o...h.X.o.
0x016ff23c: 056898b6 173a3160 0ba16000 00000000 ..h.`1:..`......
0x016ff24c: 00000000 00000000 3f800000 016ff298 ...........?..o.
0x016ff25c: 056897dd 173a3160 0ba16000 00000004 ..h.`1:..`......
0x016ff26c: 172bfaa0 016ff278 14a1a2d0 016ff298 ..+.x.o.......o.
0x016ff27c: 05689499 00000000 14a1a2d0 172c13f0 ..h...........,.
0x016ff28c: 0000002a 172bfaa0 172bfaa0 016ff338 *.....+...+.8.o.
0x016ff29c: 056ef4b8 0ba16000 00000000 016ff2e8 ..n..`........o.
0x016ff2ac: 056ef48f 000003e8 00000000 00000019 ..n.............
0x016ff2bc: 00000000 00007841 00000000 017d7841 ....Ax......Ax}.
0x016ff2cc: 0ff737f8 0ff78e00 172bfaa0 016ff338 .7........+.8.o.
0x016ff2dc: 056ee3de 0503cae0 172bfaa0 016ff338 ..n.......+.8.o.
0x016ff2ec: 056ee47a 0ff737f8 00000000 0ff78e00 z.n..7..........
0x016ff2fc: 00000000 000003e0 0ff78e00 016ff338 ............8.o.
0x016ff30c: 056ee6e0 0ff78e00 00000000 fffffe70 ..n.........p...
0x016ff31c: 0000041a 00000000 152cb3f0 00000000 ..........,.....
0x016ff32c: 172bfaa0 00000000 00000004 016ff538 ..+.........8.o.
0x016ff33c: 056e3b11 0ff78e00 0ff78e00 016ff538 .;n.........8.o.
0x016ff34c: 056e39fa 03fc0e30 00ea2281 01eb4a50 .9n.0...."..PJ..
0x016ff35c: 016ff374 00000180 0000003c 0ff78e00 t.o.....<.......
0x016ff36c: 0000015e 0ff7fe00 016ff388 007dadca ^.........o...}.
0x016ff37c: 03fc0dd0 0504da00 1043a818 016ff398 ..........C...o.
0x016ff38c: 007db202 03fc0dd0 00000042 016ff3e8 ..}.....B.....o.
0x016ff39c: 016ff3b8 004ce317 00000001 007af83b ..o...L.....;.z.
0x016ff3ac: 436b0000 44088000 00000000 016ff3f8 ..kC...D......o.
0x016ff3bc: 056522af 016ff41c 00000042 03fc0dd0 ."e...o.B.......
0x016ff3cc: 00000011 016ff3f8 05021208 050211b0 ......o.........
0x016ff3dc: 1043a818 05652299 05649460 0504da00 ..C.."e.`.d.....
0x016ff3ec: 00000001 172b0f20 00000001 172b0f40 .... .+.....@.+.
0x016ff3fc: 00000001 172b0f60 00000001 172b0f80 ....`.+.......+.
0x016ff40c: 00000000 172bfaa0 05021208 007aee55 ......+.....U.z.
0x016ff41c: 00000001 172b0fa0 00000001 172b0fc0 ......+.......+.
0x016ff42c: 00000001 172b0fe0 00000001 152af9c0 ......+.......*.
0x016ff43c: 1043a818 016ff448 05663f6c 172bfaa0 ..C.H.o.l?f...+.
0x016ff44c: 0567e750 172bfaa0 000000eb 172cf7e0 P.g...+.......,.
0x016ff45c: 00000075 44088000 172bfaa0 00000000 u......D..+.....
0x016ff46c: 00000000 00000000 00000000 00000000 ................
0x016ff47c: 00000000 00000000 00000000 00000000 ................
0x016ff48c: 00000000 00000000 172bfaa0 00000004 ..........+.....
0x016ff49c: 00000000 00000000 00000000 00000000 ................
0x016ff4ac: 00000000 172bfaa0 00000004 172bfaa0 ......+.......+.
0x016ff4bc: 00000004 00000000 00000006 00000000 ................
0x016ff4cc: 172bfaa0 00000004 00000000 00000000 ..+.............
0x016ff4dc: 00000000 00000000 00000000 00000000 ................
0x016ff4ec: 00000000 1043a818 05649460 016ff518 ......C.`.d...o.
0x016ff4fc: 0567c6bc 05041ea0 00000000 00000000 ..g.............
0x016ff50c: 1021f600 016ff538 05043ed0 016ff538 ..!.8.o..>..8.o.
0x016ff51c: 0567c69b 0ff68660 05649460 0504da00 ..g.`...`.d.....
0x016ff52c: 1043a818 05043ed0 05649460 016ff588 ..C..>..`.d...o.
0x016ff53c: 0567f0a0 0ff737f8 0ff78e00 016ff558 ..g..7......X.o.
0x016ff54c: 05640fd8 103ebc44 015a2000 00000000 ..d.D.>.. Z.....
0x016ff55c: 1043a818 0504da00 05649460 016ff588 ..C.....`.d...o.
0x016ff56c: 0567eb8c 173a3170 173a3180 0504da00 ..g.p1:..1:.....
0x016ff57c: 1043a818 0504da00 05649460 016ff608 ..C.....`.d...o.
0x016ff58c: 05661c28 05043ed0 0ff78f00 016ff608 (.f..>........o.
0x016ff59c: 05661ba0 0079ca01 05653448 016ff5e8 ..f...y.H4e...o.
0x016ff5ac: 056619d1 00000000 05653448 00000007 ..f.....H4e.....
0x016ff5bc: 173a3180 00000000 000003e8 00000000 .1:.............
0x016ff5cc: 00000249 8d21531b 00000195 016ff9e8 I....S!.......o.
0x016ff5dc: 00000007 016ff5e8 056619ac 016ff608 ......o...f...o.
0x016ff5ec: 0565341d 00000000 041fa450 0ee87400 .4e.....P....t..
0x016ff5fc: c61c4000 1043a818 016ff9e4 016ff648 .@....C...o.H.o.
0x016ff60c: 056494a1 0504da00 00001de8 016ff630 ..d.........0.o.
0x016ff61c: 10001e35 1035dac8 1035dac8 fffffffe 5.....5...5.....
0x016ff62c: 00000000 00000000 777a5831 05034e70 ........1XzwpN..
0x016ff63c: 77762b89 1035dac8 1043a818 016ff678 .+vw..5...C.x.o.
0x016ff64c: 100f1d2d 0504da00 016ff768 016ff9e4 -.......h.o...o.
0x016ff65c: 05661ad0 00010000 00000000 1035dac8 ..f...........5.
0x016ff66c: 00000000 05034e70 3f800000 016ff69c ....pN.....?..o.
0x016ff67c: 1005d8f4 1035dac8 0504da00 016ff768 ......5.....h.o.
0x016ff68c: 016ff9e4 1035dac8 0504da00 00000000 ..o...5.........
0x016ff69c: 016ff6bc 00647820 1035dac8 0504da00 ..o. xd...5.....
0x016ff6ac: 016ff768 016ff9e4 016ff9e4 016ff708 h.o...o...o...o.
0x016ff6bc: 016ff6e8 006442c2 016ff6f4 1035dac8 ..o..Bd...o...5.
0x016ff6cc: 00000001 0504da00 016ff708 016ff9e4 ..........o...o.
0x016ff6dc: 00000000 041fa450 0ee87400 016ff9f0 ....P....t....o.
0x016ff6ec: 004c7b43 016ff9dc 016ff9e4 00000000 C{L...o...o.....
0x016ff6fc: 03ceeec0 0ee87400 1035dac8 00000000 .....t....5.....
0x016ff70c: 00000002 00000000 00000000 00000000 ................
0x016ff71c: 00000002 00000000 00000000 00000000 ................
0x016ff72c: 00000002 00000000 00000000 00000000 ................
0x016ff73c: 00000002 00000000 00000000 00000000 ................
0x016ff74c: 00000002 00000000 00000000 00000000 ................
0x016ff75c: 00000002 00000000 00000000 00000000 ................
0x016ff76c: 00000000 00000000 00000000 00000000 ................
0x016ff77c: 00000000 00000000 00000000 00000000 ................
0x016ff78c: 00000000 00000000 00000000 00000000 ................
0x016ff79c: 00000002 00000000 00000000 00000000 ................
0x016ff7ac: 00000002 00000001 00000001 00000001 ................
0x016ff7bc: 00000001 00000000 00000000 00000000 ................
0x016ff7cc: 00000000 1035dac8 00000001 0504da00 ......5.........
0x016ff7dc: 00000000 00000000 00000000 00000000 ................
0x016ff7ec: 0ee87400 00000001 00000000 00000000 .t..............
0x016ff7fc: 00000000 00001de8 c1200000 00000000 .......... .....
0x016ff80c: 40a00000 0000024f 3f32b438 00000000 ...@O...8.2?....
0x016ff81c: 3f374e33 40e521c0 bf32b438 00000000 3N7?.!.@8.2.....
0x016ff82c: 3f374e33 40e521c0 00000000 3f5db3d7 3N7?.!.@......]?
0x016ff83c: 3f000000 40844985 00000000 bf5db3d7 ...?.I.@......].
0x016ff84c: 3f000000 40bbb67b 80000000 016ff7f8 ...?{..@......o.
0x016ff85c: 016ff800 016ff808 00000000 00000000 ..o...o.........
0x016ff86c: 00000000 00000000 00000000 00000000 ................
0x016ff87c: 00000000 00000000 00000000 00000001 ................
0x016ff88c: 00000001 00000001 00000000 00000000 ................
0x016ff89c: 00000000 00000000 00000000 e0000000 ................
0x016ff8ac: 4093836d 041f7934 00000006 00000003 m..@4y..........
0x016ff8bc: 44778000 1026bf50 10273700 00000000 ..wDP.&..7'.....
0x016ff8cc: 00000000 00000000 00000000 00000000 ................
0x016ff8dc: 00000000 44770101 44778000 44778000 ......wD..wD..wD
0x016ff8ec: 44778000 44778000 016ffb90 104162b8 ..wD..wD..o..bA.
0x016ff8fc: 016ff908 0079bf8a 03d88c90 016ff948 ..o...y.....H.o.
0x016ff90c: 05653327 03d88c90 00000000 44778000 '3e...........wD
0x016ff91c: 44778000 016ff948 05021208 050211b0 ..wDH.o.........
0x016ff92c: 104162b8 05653311 05650f20 016ffb90 .bA..3e. .e...o.
0x016ff93c: 104162b8 016ff948 05653304 016ff968 .bA.H.o..3e.h.o.
0x016ff94c: 056531da 03d88c90 00000000 00000000 .1e.............
0x016ff95c: 00000000 00000000 00000000 016ff9b0 ..............o.
0x016ff96c: 05650f66 00000000 00000010 01eb42b0 f.e..........B..
0x016ff97c: 00000010 03d97e10 002ed521 01eb42b0 .....~..!....B..
0x016ff98c: 016ff9a4 001c95bd 00000010 0118c8b0 ..o.............
0x016ff99c: 00000010 0118c780 016ff9bc 001c9b85 ..........o.....
0x016ff9ac: 03d97e10 00000010 00000010 0118b3c0 .~..............
0x016ff9bc: 016ff9f4 007db7de 00000010 00000010 ..o...}.........
0x016ff9cc: 00000000 00000010 00000001 00001de8 ................
0x016ff9dc: 00000000 0504da00 00000000 00000000 ................
0x016ff9ec: 00000000 016ffa14 004ce174 00000000 ......o.t.L.....
0x016ff9fc: 03d6b0d0 00000000 00000000 1035dac8 ..............5.
0x016ffa0c: 00000001 00001de8 016ffa50 007f14fa ........P.o.....
0x016ffa1c: 00000000 03d6b0d0 00000000 00000000 ................
0x016ffa2c: 1035dac8 00000001 00001de8 0ee87400 ..5..........t..
0x016ffa3c: 041fa450 03d97e10 041fa1a0 00000001 P....~..........
0x016ffa4c: 00f738a0 016ffbbc 004cc4f6 00000000 .8....o...L.....
0x016ffa5c: 00000000 00000000 00000000 041fa1a0 ................
0x016ffa6c: 00000004 00000000 016ffb4c 03ceb850 ........L.o.P...
0x016ffa7c: 00000000 00029eba ffffffb2 0000041a ................
0x016ffa8c: 0118c8b0 0118c8b0 01eb4bd0 03cfacb0 .........K......
0x016ffa9c: 03cfae90 00058923 01eb4bd0 016ffac0 ....#....K....o.
0x016ffaac: 001c96ff 03cfacb0 03cfacb0 0118b3c0 ................
0x016ffabc: 00000000 016ffad4 007dadca 03cfad10 ......o...}.....
0x016ffacc: 03cfacb0 016ffa70 00000000 00000000 ....p.o.........
0x016ffadc: 00000000 00000000 00000000 00000000 ................
0x016ffaec: 00000000 00000000 00000000 00000000 ................
0x016ffafc: 00000000 00000001 00000000 00000000 ................
0x016ffb0c: 00000000 00000000 00000000 00000000 ................
0x016ffb1c: 00000000 00000000 00000000 00000000 ................
0x016ffb2c: 00000000 00000001 00000000 10271118 ..............'.
0x016ffb3c: 03ce2000 00000000 00000000 00000000 . ..............
0x016ffb4c: 00000000 00000000 047a6200 00000101 .........bz.....
0x016ffb5c: 0ed76060 0ed76060 016ffb64 016ffb64 ``..``..d.o.d.o.
0x016ffb6c: 041fa1a0 0ee87478 00000000 041fa388 ....xt..........
0x016ffb7c: 03d97e10 03d97e10 03d97e20 00000000 .~...~.. ~......
0x016ffb8c: 00000000 00000007 03d88c90 00000000 ................
0x016ffb9c: 00000000 00000000 00000000 00000001 ................
0x016ffbac: 00000000 041fa1a0 00000000 00000000 ................
0x016ffbbc: 016ffc08 004cd4fd 016ffbd4 00000000 ..o...L...o.....
0x016ffbcc: 04869420 00000000 00000007 436b0000  .............kC
0x016ffbdc: 42340000 00000000 bf800000 00000000 ..4B............
0x016ffbec: 00000000 3f800000 000002df 00000000 .......?........
0x016ffbfc: 00000000 00000000 0048c900 016ffc20 ..........H. .o.
0x016ffc0c: 007e520b 00000000 75d7d300 75d8c270 .R~........up..u
0x016ffc1c: 0486ac00 016ffc60 007e5289 00000000 ....`.o..R~.....
0x016ffc2c: 0051cc9d 00158b31 00158d09 00000000 ..Q.1...........
0x016ffc3c: 00000001 002708f0 00000200 00000000 ......'.........
0x016ffc4c: 002c00eb 04226ba0 000002df 0000012f ..,..k"...../...
0x016ffc5c: 00000c10 016ffdbc 001673b3 0097e847 ......o..s..G...
0x016ffc6c: 00000000 0159f000 03cf7710 00000078 ......Y..w..x...
0x016ffc7c: 016ffc84 016ffd10 0000001b 00000078 ..o...o.....x...
0x016ffc8c: 00000042 00000200 03930000 777a1653 B...........S.zw
0x016ffc9c: 03932fc8 00000400 00000000 00000001 ./..............
0x016ffcac: 03cf7a90 0000007e 05100800 bfebfbff .z..~...........
0x016ffcbc: 000806d1 0000007e 00000042 03cf7810 ....~...B....x..
0x016ffccc: 0000007d 1c004121 02c0003f 0000003f }...!A..?...?...
0x016ffcdc: 0000007d 00000042 03cffd50 0000006f }...B...P...o...
0x016ffcec: 00000000 1c004143 04c0003f 0000006f ....CA..?...o...
0x016ffcfc: 00000042 1c03c163 01c0003f 00005fff B...c...?...._..
0x016ffd0c: 00000004 03931b68 039305b8 016ffd00 ....h.........o.
0x016ffd1c: 03cf7890 00000074 03932928 0107bf28 .x..t...()..(...
0x016ffd2c: 0000000f 00000074 00000042 0000024f ....t...B...O...
0x016ffd3c: 00000000 00637465 00646567 03932f01 ....etc.ged../..
0x016ffd4c: 016ffd70 00000003 00000042 03ce3a90 p.o.....B....:..
0x016ffd5c: 03ce3ac8 03ce3ac8 016ffd7c 00000000 .:...:..|.o.....
0x016ffd6c: 65646968 646e6957 0100776f 039305b8 hideWindow......
0x016ffd7c: 0000000a 00000042 01eb33a0 0000024f ....B....3..O...
0x016ffd8c: 00000000 00000000 00000000 65726170 ............pare
0x016ffd9c: 5748746e 0100444e 0099c625 0000000a ntHWND..%.......
0x016ffdac: 00000042 0112d860 00000000 0059f001 B...`.........Y.
0x016ffdbc: 016ffdd4 00940b68 000f0000 00000000 ..o.h...........
0x016ffdcc: 019f93e9 00000001 016ffe64 0097e7f4 ........d.o.....
0x016ffddc: 000f0000 00000000 019f93e9 00000001 ................
0x016ffdec: 30935029 0097e847 0097e847 0159f000 )P.0G...G.....Y.
0x016ffdfc: 00000044 019f747c 019f745c 019f737e D...|t..\t..~s..
0x016ffe0c: 00000000 00000000 00000000 00000000 ................
0x016ffe1c: 00000000 00000000 00000000 00000001 ................
0x016ffe2c: 00000001 00000000 016ffe60 016ffe60 ........`.o.`.o.
0x016ffe3c: 0099054d c0000005 0097e847 00000000 M.......G.......
0x016ffe4c: 016ffdec 016fddb4 016ffebc 009806f0 ..o...o...o.....
0x016ffe5c: 30f2ff15 00000000 016ffe74 75b65d49 ...0....t.o.I].u
0x016ffe6c: 0159f000 75b65d30 016ffecc 7777ce3b ..Y.0].u..o.;.ww
0x016ffe7c: 0159f000 2b19260b 00000000 00000000 ..Y..&.+........
0x016ffe8c: 0159f000 c0000005 758f3cb0 283e025d ..Y......<.u].>(
0x016ffe9c: 12e941f0 00000000 00000000 016fdd94 .A............o.
0x016ffeac: 5db13eed 00000000 016ffe80 016fdd94 .>.]......o...o.
0x016ffebc: 016ffed4 77792110 5df464e7 00000000 ..o..!yw.d.]....
0x016ffecc: 016ffedc 7777cdc1 ffffffff 777c15fe ..o...ww......|w
0x016ffedc: 00000000 00000000 0097e847 0159f000 ........G.....Y.
0x016ffeec: 00000000 00000000 00000000 00000000 ................
0x016ffefc: 00000000 00000000 00000000 00000000 ................
0x016fff0c: 00000000 00000000 00000000 00000000 ................
0x016fff1c: 00000000 00000000 00000000 00000000 ................
0x016fff2c: 00000000 00000000 00000000 00000000 ................
0x016fff3c: 00000000 00000000 00000000 00000000 ................
0x016fff4c: 00000000 00000000 00000000 00000000 ................
0x016fff5c: 00000000 00000000 00000000 00000000 ................
0x016fff6c: 00000000 00000000 00000000 00000000 ................
0x016fff7c: 00000000 00000000 00000000 00000000 ................
0x016fff8c: 00000000 00000000 00000000 00000000 ................
0x016fff9c: 00000000 00000000 00000000 00000000 ................
0x016fffac: 00000000 00000000 00000000 00000000 ................
0x016fffbc: 00000000 00000000 00000000 00000000 ................
0x016fffcc: 00000000 00000000 00000000 00000000 ................
0x016fffdc: 00000000 00000000 00000000 00000000 ................
0x016fffec: 00000000 00000000 00000000 00000000 ................
0x016ffffc: 00000000                            ....

Module 1
C:\Users\Cuong Le\Desktop\C# winform\QLTK Nro Pro\QLTK Nro Pro\bin\Debug\Data\Version222\Dragonboy_vn_v222.exe
Image Base: 0x000f0000  Image Size: 0x01228000
File Size:  18198528    File Time:  2025-03-12_130656
Version:
   Company:    
   Product:    
   FileDesc:   
   FileVer:    5.6.7.3267
   ProdVer:    5.6.7.3267

Module 2
C:\WINDOWS\SYSTEM32\xinput1_3.dll
Image Base: 0x00400000  Image Size: 0x00016000
File Size:  81768       File Time:  2007-04-04_185342
Version:
   Company:    Microsoft Corporation
   Product:    Microsoft® DirectX for Windows®
   FileDesc:   Microsoft Common Controller API
   FileVer:    9.18.944.0
   ProdVer:    9.18.944.0

Module 3
C:\Users\Cuong Le\Desktop\C# winform\QLTK Nro Pro\QLTK Nro Pro\bin\Debug\Data\Version222\Dragonboy_vn_v222_Data\Mono\mono.dll
Image Base: 0x10000000  Image Size: 0x00231000
File Size:  2117064     File Time:  2025-03-12_130656
Version:
   Company:    Unity Technologies
   Product:    libmono
   FileDesc:   Unity Technologies fork of mono runtime
   FileVer:    1.0.0.1
   ProdVer:    1.0.0.1

Module 4
C:\WINDOWS\System32\DriverStore\FileRepository\nvam.inf_amd64_4ae7e10b45473e65\nvwgf2um.dll
Image Base: 0x512a0000  Image Size: 0x0360f000
File Size:  56911144    File Time:  2024-12-02_085034
Version:
   Company:    NVIDIA Corporation
   Product:    NVIDIA D3D10 drivers
   FileDesc:   NVIDIA D3D10 Driver, Version 566.07 
   FileVer:    32.0.15.6607
   ProdVer:    32.0.15.6607

Module 5
C:\WINDOWS\System32\DriverStore\FileRepository\nvam.inf_amd64_4ae7e10b45473e65\nvgpucomp32.dll
Image Base: 0x548b0000  Image Size: 0x024a7000
File Size:  38663464    File Time:  2024-12-02_085000
Version:
   Company:    NVIDIA Corporation
   Product:    NVIDIA GPU Compiler Driver
   FileDesc:   NVIDIA GPU Compiler Driver, Version 566.07 
   FileVer:    32.0.15.6607
   ProdVer:    32.0.15.6607

Module 6
C:\WINDOWS\SYSTEM32\midimap.dll
Image Base: 0x56e70000  Image Size: 0x00008000
File Size:  21504       File Time:  2024-12-13_150154
Version:
   Company:    Microsoft Corporation
   Product:    Microsoft® Windows® Operating System
   FileDesc:   Microsoft MIDI Mapper
   FileVer:    10.0.26100.1882
   ProdVer:    10.0.26100.1882

Module 7
C:\WINDOWS\SYSTEM32\MSACM32.dll
Image Base: 0x56e80000  Image Size: 0x0001a000
File Size:  97704       File Time:  2024-12-13_150154
Version:
   Company:    Microsoft Corporation
   Product:    Microsoft® Windows® Operating System
   FileDesc:   Microsoft ACM Audio Filter
   FileVer:    10.0.26100.1882
   ProdVer:    10.0.26100.1882

Module 8
C:\WINDOWS\SYSTEM32\resourcepolicyclient.dll
Image Base: 0x56ea0000  Image Size: 0x00010000
File Size:  57920       File Time:  2024-04-01_142216
Version:
   Company:    Microsoft Corporation
   Product:    Microsoft® Windows® Operating System
   FileDesc:   Resource Policy Client
   FileVer:    10.0.26100.1
   ProdVer:    10.0.26100.1

Module 9
C:\WINDOWS\SYSTEM32\AUDIOSES.DLL
Image Base: 0x56ec0000  Image Size: 0x00174000
File Size:  1519688     File Time:  2025-03-12_094514
Version:
   Company:    Microsoft Corporation
   Product:    Microsoft® Windows® Operating System
   FileDesc:   Audio Session
   FileVer:    10.0.26100.3323
   ProdVer:    10.0.26100.3323

Module 10
C:\WINDOWS\SYSTEM32\wdmaud.drv
Image Base: 0x57040000  Image Size: 0x0003d000
File Size:  223232      File Time:  2024-12-13_150154
Version:
   Company:    Microsoft Corporation
   Product:    Microsoft® Windows® Operating System
   FileDesc:   Winmm  audio system driver
   FileVer:    10.0.26100.1882
   ProdVer:    10.0.26100.1882

Module 11
C:\WINDOWS\SYSTEM32\GLU32.dll
Image Base: 0x58680000  Image Size: 0x00042000
File Size:  254976      File Time:  2024-04-01_142236
Version:
   Company:    Microsoft Corporation
   Product:    Microsoft® Windows® Operating System
   FileDesc:   OpenGL Utility Library DLL
   FileVer:    10.0.26100.1
   ProdVer:    10.0.26100.1

Module 12
C:\WINDOWS\SYSTEM32\OPENGL32.dll
Image Base: 0x586d0000  Image Size: 0x000e3000
File Size:  797696      File Time:  2025-03-12_094522
Version:
   Company:    Microsoft Corporation
   Product:    Microsoft® Windows® Operating System
   FileDesc:   OpenGL Client DLL
   FileVer:    10.0.26100.3323
   ProdVer:    10.0.26100.3323

Module 13
C:\WINDOWS\System32\fwpuclnt.dll
Image Base: 0x592b0000  Image Size: 0x00061000
File Size:  378368      File Time:  2025-03-12_094522
Version:
   Company:    Microsoft Corporation
   Product:    Microsoft® Windows® Operating System
   FileDesc:   FWP/IPsec User-Mode API
   FileVer:    10.0.26100.3323
   ProdVer:    10.0.26100.3323

Module 14
C:\Windows\System32\DriverStore\FileRepository\iigd_dch.inf_amd64_f63934308f6cc308\igc32.dll
Image Base: 0x5e840000  Image Size: 0x038f3000
File Size:  61009192    File Time:  2024-03-05_090414
Version:
   Company:    Intel Corporation
   Product:    Intel HD Graphics Drivers for Windows(R)
   FileDesc:   Intel Graphics Shader Compiler for Intel(R) Graphics Accelerator
   FileVer:    31.0.101.5333
   ProdVer:    31.0.101.5333

Module 15
C:\Windows\System32\DriverStore\FileRepository\iigd_dch.inf_amd64_f63934308f6cc308\IntelControlLib32.dll
Image Base: 0x62140000  Image Size: 0x0007e000
File Size:  562384      File Time:  2024-03-05_090734
Version:
   Company:    
   Product:    Intel Graphics Control Lib Runtime for Windows(R)
   FileDesc:   Intel Graphics Control Lib Runtime
   FileVer:    1.0.184.0
   ProdVer:    1.0.0.0

Module 16
C:\Windows\System32\DriverStore\FileRepository\iigd_dch.inf_amd64_f63934308f6cc308\igd10um32xe.DLL
Image Base: 0x621c0000  Image Size: 0x016f7000
File Size:  24732360    File Time:  2024-03-05_090436
Version:
   Company:    Intel Corporation
   Product:    Intel HD Graphics Drivers for Windows(R)
   FileDesc:   User Mode Driver for Intel(R) Graphics Technology
   FileVer:    31.0.101.5333
   ProdVer:    31.0.101.5333

Module 17
C:\Windows\System32\DriverStore\FileRepository\iigd_dch.inf_amd64_f63934308f6cc308\igd10iumd32.dll
Image Base: 0x638c0000  Image Size: 0x003df000
File Size:  4190848     File Time:  2024-03-05_090422
Version:
   Company:    Intel Corporation
   Product:    Intel HD Graphics Drivers for Windows(R)
   FileDesc:   User Mode Driver for Intel(R) Graphics Technology
   FileVer:    31.0.101.5333
   ProdVer:    31.0.101.5333

Module 18
C:\WINDOWS\SYSTEM32\d3d11.dll
Image Base: 0x63e60000  Image Size: 0x001f6000
File Size:  2057320     File Time:  2025-03-12_094518
Version:
   Company:    Microsoft Corporation
   Product:    Microsoft® Windows® Operating System
   FileDesc:   Direct3D 11 Runtime
   FileVer:    10.0.26100.3323
   ProdVer:    10.0.26100.3323

Module 19
C:\WINDOWS\SYSTEM32\dxgi.dll
Image Base: 0x64da0000  Image Size: 0x000fa000
File Size:  1012968     File Time:  2025-03-12_094518
Version:
   Company:    Microsoft Corporation
   Product:    Microsoft® Windows® Operating System
   FileDesc:   DirectX Graphics Infrastructure
   FileVer:    10.0.26100.3323
   ProdVer:    10.0.26100.3323

Module 20
C:\WINDOWS\System32\MMDevApi.dll
Image Base: 0x64ea0000  Image Size: 0x0007e000
File Size:  504200      File Time:  2025-03-12_094522
Version:
   Company:    Microsoft Corporation
   Product:    Microsoft® Windows® Operating System
   FileDesc:   MMDevice API
   FileVer:    10.0.26100.3323
   ProdVer:    10.0.26100.3323

Module 21
C:\WINDOWS\SYSTEM32\textinputframework.dll
Image Base: 0x650f0000  Image Size: 0x00101000
File Size:  1049624     File Time:  2025-03-12_094528
Version:
   Company:    Microsoft Corporation
   Product:    Microsoft® Windows® Operating System
   FileDesc:   "TextInputFramework.DYNLINK"
   FileVer:    10.0.26100.3323
   ProdVer:    10.0.26100.3323

Module 22
C:\Windows\System32\DriverStore\FileRepository\iigd_dch.inf_amd64_f63934308f6cc308\igdgmm32.dll
Image Base: 0x6c770000  Image Size: 0x00336000
File Size:  3485600     File Time:  2024-03-05_090606
Version:
   Company:    Intel Corporation
   Product:    Intel HD Graphics Drivers for Windows(R)
   FileDesc:   User Mode Driver for Intel(R) Graphics Technology
   FileVer:    31.0.101.5333
   ProdVer:    31.0.101.5333

Module 23
C:\WINDOWS\SYSTEM32\winmmbase.dll
Image Base: 0x6dd60000  Image Size: 0x0001f000
File Size:  118768      File Time:  2024-04-01_142214
Version:
   Company:    Microsoft Corporation
   Product:    Microsoft® Windows® Operating System
   FileDesc:   Base Multimedia Extension API DLL
   FileVer:    10.0.26100.1
   ProdVer:    10.0.26100.1

Module 24
C:\WINDOWS\SYSTEM32\drvstore.dll
Image Base: 0x6dd90000  Image Size: 0x00128000
File Size:  1212288     File Time:  2025-03-12_094518
Version:
   Company:    Microsoft Corporation
   Product:    Microsoft® Windows® Operating System
   FileDesc:   Driver Store API
   FileVer:    10.0.26100.3323
   ProdVer:    10.0.26100.3323

Module 25
C:\WINDOWS\SYSTEM32\msacm32.drv
Image Base: 0x6dee0000  Image Size: 0x0000b000
File Size:  28160       File Time:  2024-12-13_150208
Version:
   Company:    Microsoft Corporation
   Product:    Microsoft® Windows® Operating System
   FileDesc:   Microsoft Sound Mapper
   FileVer:    10.0.26100.1882
   ProdVer:    10.0.26100.1882

Module 26
C:\WINDOWS\System32\DriverStore\FileRepository\nvam.inf_amd64_4ae7e10b45473e65\nvppe.dll
Image Base: 0x6def0000  Image Size: 0x000df000
File Size:  932136      File Time:  2024-12-02_085028
Version:
   Company:    NVIDIA Corporation
   Product:    NVIDIA driver loader
   FileDesc:   NVIDIA Driver, Version 566.07 
   FileVer:    32.0.15.6607
   ProdVer:    32.0.15.6607

Module 27
C:\WINDOWS\System32\DriverStore\FileRepository\nvam.inf_amd64_4ae7e10b45473e65\nvldumd.dll
Image Base: 0x6dfd0000  Image Size: 0x0009d000
File Size:  653760      File Time:  2024-12-02_085024
Version:
   Company:    NVIDIA Corporation
   Product:    NVIDIA driver loader
   FileDesc:   NVIDIA Driver Loader, Version 566.07 
   FileVer:    32.0.15.6607
   ProdVer:    32.0.15.6607

Module 28
C:\WINDOWS\SYSTEM32\directxdatabasehelper.dll
Image Base: 0x6e8d0000  Image Size: 0x0004c000
File Size:  301224      File Time:  2025-03-12_094514
Version:
   Company:    Microsoft Corporation
   Product:    Microsoft® Windows® Operating System
   FileDesc:   DirectXDatabaseHelper
   FileVer:    10.0.26100.3323
   ProdVer:    10.0.26100.3323

Module 29
C:\WINDOWS\SYSTEM32\dxcore.dll
Image Base: 0x6f260000  Image Size: 0x00039000
File Size:  219112      File Time:  2025-03-12_094514
Version:
   Company:    Microsoft Corporation
   Product:    Microsoft® Windows® Operating System
   FileDesc:   DXCore
   FileVer:    10.0.26100.3323
   ProdVer:    10.0.26100.3323

Module 30
C:\WINDOWS\SYSTEM32\dwmapi.dll
Image Base: 0x6f320000  Image Size: 0x0002a000
File Size:  152984      File Time:  2025-03-12_094516
Version:
   Company:    Microsoft Corporation
   Product:    Microsoft® Windows® Operating System
   FileDesc:   Microsoft Desktop Window Manager API
   FileVer:    10.0.26100.3323
   ProdVer:    10.0.26100.3323

Module 31
C:\WINDOWS\SYSTEM32\apphelp.dll
Image Base: 0x727b0000  Image Size: 0x000ac000
File Size:  698936      File Time:  2025-03-12_094514
Version:
   Company:    Microsoft Corporation
   Product:    Microsoft® Windows® Operating System
   FileDesc:   Application Compatibility Client Library
   FileVer:    10.0.26100.3323
   ProdVer:    10.0.26100.3323

Module 32
C:\WINDOWS\SYSTEM32\DNSAPI.dll
Image Base: 0x72860000  Image Size: 0x000db000
File Size:  894656      File Time:  2025-03-12_094518
Version:
   Company:    Microsoft Corporation
   Product:    Microsoft® Windows® Operating System
   FileDesc:   DNS Client API DLL
   FileVer:    10.0.26100.3323
   ProdVer:    10.0.26100.3323

Module 33
C:\WINDOWS\SYSTEM32\wldp.dll
Image Base: 0x72ca0000  Image Size: 0x00050000
File Size:  326000      File Time:  2025-01-15_114046
Version:
   Company:    Microsoft Corporation
   Product:    Microsoft® Windows® Operating System
   FileDesc:   Windows Lockdown Policy
   FileVer:    10.0.26100.2894
   ProdVer:    10.0.26100.2894

Module 34
C:\WINDOWS\SYSTEM32\cfgmgr32.dll
Image Base: 0x73450000  Image Size: 0x0004a000
File Size:  290928      File Time:  2025-03-12_094514
Version:
   Company:    Microsoft Corporation
   Product:    Microsoft® Windows® Operating System
   FileDesc:   Configuration Manager DLL
   FileVer:    10.0.26100.3323
   ProdVer:    10.0.26100.3323

Module 35
C:\WINDOWS\SYSTEM32\HID.DLL
Image Base: 0x734e0000  Image Size: 0x0000b000
File Size:  27648       File Time:  2024-04-01_142216
Version:
   Company:    Microsoft Corporation
   Product:    Microsoft® Windows® Operating System
   FileDesc:   Hid User Library
   FileVer:    10.0.26100.1
   ProdVer:    10.0.26100.1

Module 36
C:\ProgramData\Microsoft\Windows Defender\Platform\4.18.25010.11-0\X86\MpOav.dll
Image Base: 0x735d0000  Image Size: 0x00071000
File Size:  460704      File Time:  2025-03-07_202438
Version:
   Company:    Microsoft Corporation
   Product:    Microsoft® Windows® Operating System
   FileDesc:   IOfficeAntiVirus Module
   FileVer:    4.18.25010.11
   ProdVer:    4.18.25010.11

Module 37
C:\WINDOWS\SYSTEM32\amsi.dll
Image Base: 0x736f0000  Image Size: 0x00015000
File Size:  72192       File Time:  2024-04-01_142214
Version:
   Company:    Microsoft Corporation
   Product:    Microsoft® Windows® Operating System
   FileDesc:   Anti-Malware Scan Interface
   FileVer:    10.0.26100.1
   ProdVer:    10.0.26100.1

Module 38
C:\WINDOWS\system32\wbem\fastprox.dll
Image Base: 0x73710000  Image Size: 0x000cc000
File Size:  814080      File Time:  2025-03-12_094528
Version:
   Company:    Microsoft Corporation
   Product:    Microsoft® Windows® Operating System
   FileDesc:   WMI Custom Marshaller
   FileVer:    10.0.26100.3323
   ProdVer:    10.0.26100.3323

Module 39
C:\WINDOWS\system32\wbem\wbemsvc.dll
Image Base: 0x738b0000  Image Size: 0x00011000
File Size:  49664       File Time:  2024-12-13_150214
Version:
   Company:    Microsoft Corporation
   Product:    Microsoft® Windows® Operating System
   FileDesc:   WMI
   FileVer:    10.0.26100.1000
   ProdVer:    10.0.26100.1000

Module 40
C:\WINDOWS\SYSTEM32\wbemcomn.dll
Image Base: 0x738d0000  Image Size: 0x00068000
File Size:  399360      File Time:  2024-04-01_142216
Version:
   Company:    Microsoft Corporation
   Product:    Microsoft® Windows® Operating System
   FileDesc:   WMI
   FileVer:    10.0.26100.1
   ProdVer:    10.0.26100.1

Module 41
C:\WINDOWS\system32\wbem\wbemprox.dll
Image Base: 0x73940000  Image Size: 0x0000e000
File Size:  38400       File Time:  2024-12-13_150212
Version:
   Company:    Microsoft Corporation
   Product:    Microsoft® Windows® Operating System
   FileDesc:   WMI
   FileVer:    10.0.26100.1000
   ProdVer:    10.0.26100.1000

Module 42
C:\WINDOWS\SYSTEM32\MSWSOCK.dll
Image Base: 0x73b10000  Image Size: 0x00053000
File Size:  326584      File Time:  2025-02-12_081140
Version:
   Company:    Microsoft Corporation
   Product:    Microsoft® Windows® Operating System
   FileDesc:   Microsoft Windows Sockets 2.0 Service Provider
   FileVer:    10.0.26100.3194
   ProdVer:    10.0.26100.3194

Module 43
C:\WINDOWS\SYSTEM32\cryptnet.dll
Image Base: 0x73ed0000  Image Size: 0x0002b000
File Size:  170008      File Time:  2025-02-12_081126
Version:
   Company:    Microsoft Corporation
   Product:    Microsoft® Windows® Operating System
   FileDesc:   Crypto Network Related API
   FileVer:    10.0.26100.3037
   ProdVer:    10.0.26100.3037

Module 44
C:\WINDOWS\SYSTEM32\profapi.dll
Image Base: 0x73f00000  Image Size: 0x00021000
File Size:  129728      File Time:  2025-03-12_094524
Version:
   Company:    Microsoft Corporation
   Product:    Microsoft® Windows® Operating System
   FileDesc:   User Profile Basic API
   FileVer:    10.0.26100.3323
   ProdVer:    10.0.26100.3323

Module 45
C:\WINDOWS\SYSTEM32\cryptbase.dll
Image Base: 0x73f90000  Image Size: 0x0000b000
File Size:  33184       File Time:  2025-01-15_114046
Version:
   Company:    Microsoft Corporation
   Product:    Microsoft® Windows® Operating System
   FileDesc:   Base cryptographic API DLL
   FileVer:    10.0.26100.2894
   ProdVer:    10.0.26100.2894

Module 46
C:\WINDOWS\system32\rsaenh.dll
Image Base: 0x73fa0000  Image Size: 0x00033000
File Size:  202056      File Time:  2025-03-12_094524
Version:
   Company:    Microsoft Corporation
   Product:    Microsoft® Windows® Operating System
   FileDesc:   Microsoft Enhanced Cryptographic Provider
   FileVer:    10.0.26100.3323
   ProdVer:    10.0.26100.3323

Module 47
C:\WINDOWS\SYSTEM32\windows.storage.dll
Image Base: 0x73fe0000  Image Size: 0x006c4000
File Size:  7127824     File Time:  2025-03-12_094522
Version:
   Company:    Microsoft Corporation
   Product:    Microsoft® Windows® Operating System
   FileDesc:   Microsoft WinRT Storage API
   FileVer:    10.0.26100.3470
   ProdVer:    10.0.26100.3470

Module 48
C:\WINDOWS\SYSTEM32\CRYPTSP.dll
Image Base: 0x746b0000  Image Size: 0x00015000
File Size:  79640       File Time:  2024-12-13_150158
Version:
   Company:    Microsoft Corporation
   Product:    Microsoft® Windows® Operating System
   FileDesc:   Cryptographic Service Provider API
   FileVer:    10.0.26100.2454
   ProdVer:    10.0.26100.2454

Module 49
C:\Windows\System32\rasadhlp.dll
Image Base: 0x74750000  Image Size: 0x00008000
File Size:  13312       File Time:  2024-04-01_142236
Version:
   Company:    Microsoft Corporation
   Product:    Microsoft® Windows® Operating System
   FileDesc:   Remote Access AutoDial Helper
   FileVer:    10.0.26100.1
   ProdVer:    10.0.26100.1

Module 50
C:\WINDOWS\SYSTEM32\dhcpcsvc.DLL
Image Base: 0x74760000  Image Size: 0x0001d000
File Size:  102840      File Time:  2025-03-12_094516
Version:
   Company:    Microsoft Corporation
   Product:    Microsoft® Windows® Operating System
   FileDesc:   DHCP Client Service
   FileVer:    10.0.26100.3323
   ProdVer:    10.0.26100.3323

Module 51
C:\WINDOWS\SYSTEM32\dhcpcsvc6.DLL
Image Base: 0x74780000  Image Size: 0x00018000
File Size:  88008       File Time:  2025-03-12_094516
Version:
   Company:    Microsoft Corporation
   Product:    Microsoft® Windows® Operating System
   FileDesc:   DHCPv6 Client
   FileVer:    10.0.26100.3323
   ProdVer:    10.0.26100.3323

Module 52
C:\WINDOWS\SYSTEM32\VERSION.dll
Image Base: 0x749a0000  Image Size: 0x00008000
File Size:  28976       File Time:  2024-04-01_142216
Version:
   Company:    Microsoft Corporation
   Product:    Microsoft® Windows® Operating System
   FileDesc:   Version Checking and File Installation Libraries
   FileVer:    10.0.26100.1
   ProdVer:    10.0.26100.1

Module 53
C:\WINDOWS\SYSTEM32\IPHLPAPI.DLL
Image Base: 0x749b0000  Image Size: 0x00027000
File Size:  147864      File Time:  2025-03-12_094526
Version:
   Company:    Microsoft Corporation
   Product:    Microsoft® Windows® Operating System
   FileDesc:   IP Helper API
   FileVer:    10.0.26100.3323
   ProdVer:    10.0.26100.3323

Module 54
C:\WINDOWS\system32\uxtheme.dll
Image Base: 0x74a70000  Image Size: 0x00082000
File Size:  512512      File Time:  2025-03-12_094528
Version:
   Company:    Microsoft Corporation
   Product:    Microsoft® Windows® Operating System
   FileDesc:   Microsoft UxTheme Library
   FileVer:    10.0.26100.3323
   ProdVer:    10.0.26100.3323

Module 55
C:\WINDOWS\SYSTEM32\devobj.dll
Image Base: 0x74b10000  Image Size: 0x00024000
File Size:  143032      File Time:  2024-04-01_142236
Version:
   Company:    Microsoft Corporation
   Product:    Microsoft® Windows® Operating System
   FileDesc:   Device Information Set DLL
   FileVer:    10.0.26100.1
   ProdVer:    10.0.26100.1

Module 56
C:\WINDOWS\SYSTEM32\kernel.appcore.dll
Image Base: 0x74bb0000  Image Size: 0x00014000
File Size:  71888       File Time:  2024-12-13_150150
Version:
   Company:    Microsoft Corporation
   Product:    Microsoft® Windows® Operating System
   FileDesc:   AppModel API Host
   FileVer:    10.0.26100.1591
   ProdVer:    10.0.26100.1591

Module 57
C:\WINDOWS\SYSTEM32\msasn1.dll
Image Base: 0x74c10000  Image Size: 0x0000e000
File Size:  52240       File Time:  2025-01-15_114048
Version:
   Company:    Microsoft Corporation
   Product:    Microsoft® Windows® Operating System
   FileDesc:   ASN.1 Runtime APIs
   FileVer:    10.0.26100.2894
   ProdVer:    10.0.26100.2894

Module 58
C:\WINDOWS\SYSTEM32\WINHTTP.dll
Image Base: 0x74c30000  Image Size: 0x000db000
File Size:  893648      File Time:  2025-03-12_094530
Version:
   Company:    Microsoft Corporation
   Product:    Microsoft® Windows® Operating System
   FileDesc:   Windows HTTP Services
   FileVer:    10.0.26100.3323
   ProdVer:    10.0.26100.3323

Module 59
C:\WINDOWS\SYSTEM32\bcrypt.dll
Image Base: 0x74d50000  Image Size: 0x0001a000
File Size:  102312      File Time:  2025-02-12_081124
Version:
   Company:    Microsoft Corporation
   Product:    Microsoft® Windows® Operating System
   FileDesc:   Windows Cryptographic Primitives Library
   FileVer:    10.0.26100.3037
   ProdVer:    10.0.26100.3037

Module 60
C:\WINDOWS\SYSTEM32\UMPDC.dll
Image Base: 0x750b0000  Image Size: 0x0000e000
File Size:  51608       File Time:  2024-12-13_150156
Version:
   Company:    Microsoft Corporation
   Product:    Microsoft® Windows® Operating System
   FileDesc:   User Mode Power Dependency Coordinator
   FileVer:    10.0.26100.1301
   ProdVer:    10.0.26100.1301

Module 61
C:\WINDOWS\SYSTEM32\WINMM.dll
Image Base: 0x75120000  Image Size: 0x00033000
File Size:  196400      File Time:  2025-03-12_094514
Version:
   Company:    Microsoft Corporation
   Product:    Microsoft® Windows® Operating System
   FileDesc:   MCI API DLL
   FileVer:    10.0.26100.3323
   ProdVer:    10.0.26100.3323

Module 62
C:\WINDOWS\SYSTEM32\USERENV.dll
Image Base: 0x75160000  Image Size: 0x0001f000
File Size:  121440      File Time:  2024-12-13_150158
Version:
   Company:    Microsoft Corporation
   Product:    Microsoft® Windows® Operating System
   FileDesc:   Userenv
   FileVer:    10.0.26100.2454
   ProdVer:    10.0.26100.2454

Module 63
C:\WINDOWS\SYSTEM32\powrprof.dll
Image Base: 0x751c0000  Image Size: 0x00045000
File Size:  275896      File Time:  2024-04-01_142216
Version:
   Company:    Microsoft Corporation
   Product:    Microsoft® Windows® Operating System
   FileDesc:   Power Profile Helper DLL
   FileVer:    10.0.26100.1
   ProdVer:    10.0.26100.1

Module 64
C:\WINDOWS\System32\ole32.dll
Image Base: 0x75210000  Image Size: 0x00151000
File Size:  1387360     File Time:  2025-03-12_094514
Version:
   Company:    Microsoft Corporation
   Product:    Microsoft® Windows® Operating System
   FileDesc:   Microsoft OLE for Windows
   FileVer:    10.0.26100.3323
   ProdVer:    10.0.26100.3323

Module 65
C:\WINDOWS\System32\msvcp_win.dll
Image Base: 0x75370000  Image Size: 0x00085000
File Size:  505776      File Time:  2024-12-13_150208
Version:
   Company:    Microsoft Corporation
   Product:    Microsoft® Windows® Operating System
   FileDesc:   Microsoft® C Runtime Library
   FileVer:    10.0.26100.1882
   ProdVer:    10.0.26100.1882

Module 66
C:\WINDOWS\System32\imagehlp.dll
Image Base: 0x75400000  Image Size: 0x0001b000
File Size:  102728      File Time:  2024-04-01_142212
Version:
   Company:    Microsoft Corporation
   Product:    Microsoft® Windows® Operating System
   FileDesc:   Windows NT Image Helper
   FileVer:    10.0.26100.1
   ProdVer:    10.0.26100.1

Module 67
C:\WINDOWS\System32\combase.dll
Image Base: 0x75420000  Image Size: 0x00281000
File Size:  2635768     File Time:  2025-03-12_094516
Version:
   Company:    Microsoft Corporation
   Product:    Microsoft® Windows® Operating System
   FileDesc:   Microsoft COM for Windows
   FileVer:    10.0.26100.3323
   ProdVer:    10.0.26100.3323

Module 68
C:\WINDOWS\System32\KERNELBASE.dll
Image Base: 0x756b0000  Image Size: 0x002ab000
File Size:  2804152     File Time:  2025-03-12_094520
Version:
   Company:    Microsoft Corporation
   Product:    Microsoft® Windows® Operating System
   FileDesc:   Windows NT BASE API Client DLL
   FileVer:    10.0.26100.3470
   ProdVer:    10.0.26100.3470

Module 69
C:\WINDOWS\System32\MSCTF.dll
Image Base: 0x75960000  Image Size: 0x00117000
File Size:  1139984     File Time:  2025-03-12_094528
Version:
   Company:    Microsoft Corporation
   Product:    Microsoft® Windows® Operating System
   FileDesc:   MSCTF Server DLL
   FileVer:    10.0.26100.3323
   ProdVer:    10.0.26100.3323

Module 70
C:\WINDOWS\System32\wintrust.dll
Image Base: 0x75a80000  Image Size: 0x00066000
File Size:  411728      File Time:  2025-03-12_094528
Version:
   Company:    Microsoft Corporation
   Product:    Microsoft® Windows® Operating System
   FileDesc:   Microsoft Trust Verification APIs
   FileVer:    10.0.26100.3323
   ProdVer:    10.0.26100.3323

Module 71
C:\WINDOWS\System32\KERNEL32.DLL
Image Base: 0x75b50000  Image Size: 0x000f0000
File Size:  679152      File Time:  2025-03-12_094520
Version:
   Company:    Microsoft Corporation
   Product:    Microsoft® Windows® Operating System
   FileDesc:   Windows NT BASE API Client DLL
   FileVer:    10.0.26100.3323
   ProdVer:    10.0.26100.3323

Module 72
C:\WINDOWS\System32\sechost.dll
Image Base: 0x75c50000  Image Size: 0x00083000
File Size:  529544      File Time:  2025-03-12_094524
Version:
   Company:    Microsoft Corporation
   Product:    Microsoft® Windows® Operating System
   FileDesc:   Host for SCM/SDDL/LSA Lookup APIs
   FileVer:    10.0.26100.3323
   ProdVer:    10.0.26100.3323

Module 73
C:\WINDOWS\System32\USER32.dll
Image Base: 0x75ce0000  Image Size: 0x001c6000
File Size:  1852272     File Time:  2025-03-12_094528
Version:
   Company:    Microsoft Corporation
   Product:    Microsoft® Windows® Operating System
   FileDesc:   Multi-User Windows USER API Client DLL
   FileVer:    10.0.26100.3470
   ProdVer:    10.0.26100.3470

Module 74
C:\WINDOWS\System32\ucrtbase.dll
Image Base: 0x75eb0000  Image Size: 0x00110000
File Size:  1114168     File Time:  2025-02-12_081138
Version:
   Company:    Microsoft Corporation
   Product:    Microsoft® Windows® Operating System
   FileDesc:   Microsoft® C Runtime Library
   FileVer:    10.0.26100.3037
   ProdVer:    10.0.26100.3037

Module 75
C:\WINDOWS\System32\WS2_32.dll
Image Base: 0x75fd0000  Image Size: 0x00060000
File Size:  391984      File Time:  2024-12-13_150154
Version:
   Company:    Microsoft Corporation
   Product:    Microsoft® Windows® Operating System
   FileDesc:   Windows Socket 2.0 32-Bit DLL
   FileVer:    10.0.26100.1882
   ProdVer:    10.0.26100.1882

Module 76
C:\WINDOWS\System32\SHELL32.dll
Image Base: 0x760b0000  Image Size: 0x005f9000
File Size:  6296720     File Time:  2025-03-12_094526
Version:
   Company:    Microsoft Corporation
   Product:    Microsoft® Windows® Operating System
   FileDesc:   Windows Shell Common Dll
   FileVer:    10.0.26100.3323
   ProdVer:    10.0.26100.3323

Module 77
C:\WINDOWS\System32\CRYPT32.dll
Image Base: 0x76830000  Image Size: 0x00107000
File Size:  1065608     File Time:  2025-03-12_094516
Version:
   Company:    Microsoft Corporation
   Product:    Microsoft® Windows® Operating System
   FileDesc:   Crypto API32
   FileVer:    10.0.26100.3323
   ProdVer:    10.0.26100.3323

Module 78
C:\WINDOWS\System32\ADVAPI32.dll
Image Base: 0x76a00000  Image Size: 0x0007e000
File Size:  511408      File Time:  2025-03-12_094514
Version:
   Company:    Microsoft Corporation
   Product:    Microsoft® Windows® Operating System
   FileDesc:   Advanced Windows 32 Base API
   FileVer:    10.0.26100.3323
   ProdVer:    10.0.26100.3323

Module 79
C:\WINDOWS\System32\bcryptPrimitives.dll
Image Base: 0x76a90000  Image Size: 0x00069000
File Size:  427248      File Time:  2025-02-12_081124
Version:
   Company:    Microsoft Corporation
   Product:    Microsoft® Windows® Operating System
   FileDesc:   Windows Cryptographic Primitives Library
   FileVer:    10.0.26100.3037
   ProdVer:    10.0.26100.3037

Module 80
C:\WINDOWS\System32\clbcatq.dll
Image Base: 0x76b00000  Image Size: 0x00081000
File Size:  519504      File Time:  2024-04-01_142214
Version:
   Company:    Microsoft Corporation
   Product:    Microsoft® Windows® Operating System
   FileDesc:   COM+ Configuration Catalog
   FileVer:    2001.12.10941.16384
   ProdVer:    10.0.26100.1

Module 81
C:\WINDOWS\System32\SETUPAPI.dll
Image Base: 0x76b90000  Image Size: 0x0044f000
File Size:  4551496     File Time:  2025-03-12_094526
Version:
   Company:    Microsoft Corporation
   Product:    Microsoft® Windows® Operating System
   FileDesc:   Windows Setup API
   FileVer:    10.0.26100.3323
   ProdVer:    10.0.26100.3323

Module 82
C:\WINDOWS\System32\NSI.dll
Image Base: 0x76ff0000  Image Size: 0x00007000
File Size:  21808       File Time:  2025-01-15_114050
Version:
   Company:    Microsoft Corporation
   Product:    Microsoft® Windows® Operating System
   FileDesc:   NSI User-mode interface DLL
   FileVer:    10.0.26100.2894
   ProdVer:    10.0.26100.2894

Module 83
C:\WINDOWS\System32\msvcrt.dll
Image Base: 0x77000000  Image Size: 0x000c7000
File Size:  809440      File Time:  2024-12-13_150154
Version:
   Company:    Microsoft Corporation
   Product:    Microsoft® Windows® Operating System
   FileDesc:   Windows NT CRT DLL
   FileVer:    7.0.26100.1882
   ProdVer:    10.0.26100.1882

Module 84
C:\WINDOWS\System32\RPCRT4.dll
Image Base: 0x77170000  Image Size: 0x000b9000
File Size:  758280      File Time:  2025-02-12_081134
Version:
   Company:    Microsoft Corporation
   Product:    Microsoft® Windows® Operating System
   FileDesc:   Remote Procedure Call Runtime
   FileVer:    10.0.26100.3037
   ProdVer:    10.0.26100.3037

Module 85
C:\WINDOWS\System32\shcore.dll
Image Base: 0x77230000  Image Size: 0x000c9000
File Size:  810472      File Time:  2025-03-12_094524
Version:
   Company:    Microsoft Corporation
   Product:    Microsoft® Windows® Operating System
   FileDesc:   SHCORE
   FileVer:    10.0.26100.3470
   ProdVer:    10.0.26100.3470

Module 86
C:\WINDOWS\System32\win32u.dll
Image Base: 0x77370000  Image Size: 0x0001a000
File Size:  105944      File Time:  2025-03-12_094528
Version:
   Company:    Microsoft Corporation
   Product:    Microsoft® Windows® Operating System
   FileDesc:   Win32u
   FileVer:    10.0.26100.3470
   ProdVer:    10.0.26100.3470

Module 87
C:\WINDOWS\System32\SHLWAPI.dll
Image Base: 0x77390000  Image Size: 0x0004b000
File Size:  302776      File Time:  2025-02-12_081136
Version:
   Company:    Microsoft Corporation
   Product:    Microsoft® Windows® Operating System
   FileDesc:   Shell Light-weight Utility Library
   FileVer:    10.0.26100.3037
   ProdVer:    10.0.26100.3037

Module 88
C:\WINDOWS\System32\gdi32full.dll
Image Base: 0x773f0000  Image Size: 0x000ed000
File Size:  964368      File Time:  2025-03-12_094518
Version:
   Company:    Microsoft Corporation
   Product:    Microsoft® Windows® Operating System
   FileDesc:   GDI Client DLL
   FileVer:    10.0.26100.3470
   ProdVer:    10.0.26100.3470

Module 89
C:\WINDOWS\System32\OLEAUT32.dll
Image Base: 0x774e0000  Image Size: 0x0009e000
File Size:  640048      File Time:  2025-03-12_094522
Version:
   Company:    Microsoft Corporation
   Product:    Microsoft® Windows® Operating System
   FileDesc:   OLEAUT32.DLL
   FileVer:    10.0.26100.3323
   ProdVer:    10.0.26100.3323

Module 90
C:\WINDOWS\System32\IMM32.dll
Image Base: 0x77590000  Image Size: 0x00025000
File Size:  145224      File Time:  2024-04-01_142214
Version:
   Company:    Microsoft Corporation
   Product:    Microsoft® Windows® Operating System
   FileDesc:   Multi-User Windows IMM32 API Client DLL
   FileVer:    10.0.26100.1
   ProdVer:    10.0.26100.1

Module 91
C:\WINDOWS\System32\wintypes.dll
Image Base: 0x775c0000  Image Size: 0x000f9000
File Size:  1023752     File Time:  2025-01-15_114046
Version:
   Company:    Microsoft Corporation
   Product:    Microsoft® Windows® Operating System
   FileDesc:   Windows Base Types DLL
   FileVer:    10.0.26100.2894
   ProdVer:    10.0.26100.2894

Module 92
C:\WINDOWS\System32\PSAPI.DLL
Image Base: 0x776c0000  Image Size: 0x00006000
File Size:  18040       File Time:  2024-04-01_142214
Version:
   Company:    Microsoft Corporation
   Product:    Microsoft® Windows® Operating System
   FileDesc:   Process Status Helper
   FileVer:    10.0.26100.1
   ProdVer:    10.0.26100.1

Module 93
C:\WINDOWS\System32\GDI32.dll
Image Base: 0x776d0000  Image Size: 0x00022000
File Size:  132296      File Time:  2024-12-13_150156
Version:
   Company:    Microsoft Corporation
   Product:    Microsoft® Windows® Operating System
   FileDesc:   GDI Client DLL
   FileVer:    10.0.26100.2033
   ProdVer:    10.0.26100.2033

Module 94
C:\WINDOWS\SYSTEM32\ntdll.dll
Image Base: 0x77710000  Image Size: 0x001ba000
File Size:  1801216     File Time:  2025-03-12_094522
Version:
   Company:    Microsoft Corporation
   Product:    Microsoft® Windows® Operating System
   FileDesc:   NT Layer DLL
   FileVer:    10.0.26100.3323
   ProdVer:    10.0.26100.3323


== [end of error.log] ==
