Unity Player [version: Unity 5.6.7f1_e80cc3114ac1]

Dragonboy_vn_v222.exe caused an Access Violation (0xc0000005)
  in module Dragonboy_vn_v222.exe at 0023:00c731b1.

Error occurred at 2025-03-13_151050.
C:\Users\Cuong Le\Desktop\C# winform\QLTK Nro Pro\QLTK Nro Pro\bin\Debug\Data\Version222\Dragonboy_vn_v222.exe, run by Cuong Le.
83% memory in use.
0 MB physical memory [2652 MB free].
0 MB paging file [734 MB free].
0 MB user address space [37 MB free].
Read from location 00000010 caused an access violation.

Context:
EDI:    0x00000010  ESI: 0x00000000  EAX:   0x00000010
EBX:    0x012b7724  ECX: 0x7ffffffe  EDX:   0x044db073
EIP:    0x00c731b1  EBP: 0x0179e738  SegCs: 0x00000023
EFlags: 0x00210202  ESP: 0x0179e4ac  SegSs: 0x0000002b

Bytes at CS:EIP:
80 38 00 74 05 40 85 c9 75 f5 2b 85 e0 fd ff ff 

Stack:
0x0179e4ac: 0179e778 044db040 00000013 0404aa60 x.y.@.M.....`...
0x0179e4bc: 00000007 00000000 00000007 04c64ab8 .............J..
0x0179e4cc: 03fa05c0 046b0000 00000003 fffffffa ......k.........
0x0179e4dc: 03fa1ca0 03fa1e20 03fa05b8 00000001 .... ...........
0x0179e4ec: 00000000 00000000 00000000 012b7724 ............$w+.
0x0179e4fc: 00000000 00000000 00000000 0179e758 ............X.y.
0x0179e50c: 0000000c 00000006 0000006d 00000010 ........m.......
0x0179e51c: 0179e7c8 ffffffff 73603ee8 00000000 ..y......>`s....
0x0179e52c: 100539a9 0549bc58 0179e58c 00000001 .9..X.I...y.....
0x0179e53c: 00000001 0179e884 10603df0 00000014 ......y..=`.....
0x0179e54c: 0179e560 100ea1f8 7778974c 7778974c `.y.....L.xwL.xw
0x0179e55c: 75802ec5 00000408 0179e580 0179e58c ...u......y...y.
0x0179e56c: 00000008 0000000e ffffffff 00000005 ................
0x0179e57c: 75802eea 00000000 00000000 00000408 ...u............
0x0179e58c: 00005952 00000000 00008000 00000000 RY..............
0x0179e59c: 00005952 00000000 00000001 fffffffe RY..............
0x0179e5ac: 00000000 7f9a2bce 0179e5d8 777a5831 .....+....y.1Xzw
0x0179e5bc: 03fa0924 77762b89 014e39c0 00000140 $....+vw.9N.@...
0x0179e5cc: ffffffff 00000140 00005952 0179e5e4 ....@...RY....y.
0x0179e5dc: 00c7dfbb 03fa0924 0179e628 00c76475 ....$...(.y.ud..
0x0179e5ec: 00000005 00c7646c 08beb040 00000000 ....ld..@.......
0x0179e5fc: 013f6c00 00000000 00005952 00000000 .l?.....RY......
0x0179e60c: 0179e5f0 0179e5f4 0179e924 0179e928 ..y...y.$.y.(.y.
0x0179e61c: 00c706f0 08fa05a0 fffffffe 00c7646c ............ld..
0x0179e62c: 00c759d1 00000005 00000000 0179e654 .Y..........T.y.
0x0179e63c: 00c80039 0179e694 03fa1ca0 03fa1e20 9.....y..... ...
0x0179e64c: 0179e8de 00000000 0179e8f0 00c72ba6 ..y.......y..+..
0x0179e65c: 0000000a 00c72be5 013f6c00 00000000 .....+...l?.....
0x0179e66c: 00c733f3 0179e688 00000000 00000000 .3....y.........
0x0179e67c: 00000000 03fa05c0 03fa05c0 0179e8bc ..............y.
0x0179e68c: fffffffa fffffffa 03fa1ca0 03fa1e20 ............ ...
0x0179e69c: 03fa05b8 03fa0001 00000000 00000000 ................
0x0179e6ac: 00000000 0122af4d 00000000 00000000 ....M.".........
0x0179e6bc: 00000000 013f6c00 0179e710 00000006 .....l?...y.....
0x0179e6cc: 00000057 0179e8de 0179e998 fffffffa W.....y...y.....
0x0179e6dc: 00fa0000 00001000 77763e89 0001e5b8 .........>vw....
0x0179e6ec: 03fa0000 00000000 00000004 7778963c ............<.xw
0x0179e6fc: 77763d12 ffffffff 0179e724 00000000 .=vw....$.y.....
0x0179e70c: 0179e728 fffffffe 00000000 0179e73c (.y.........<.y.
0x0179e71c: 777a5831 03fa0258 32312b89 36393234 1XzwX....+124296
0x0179e72c: 03fa4378 00000000 08beb150 0179e778 xC......P...x.y.
0x0179e73c: 00c6ea6b 0179e758 012b76b8 00000000 k...X.y..v+.....
0x0179e74c: 0179e7c0 044db040 00008000 044db0ad ..y.@.M.......M.
0x0179e75c: 00007f93 044db040 00000042 00000000 ....@.M.B.......
0x0179e76c: 00000000 00000000 00000000 0179e794 ..............y.
0x0179e77c: 00c6eaac 044db040 00008000 012b76b8 ....@.M......v+.
0x0179e78c: 00000000 0179e7c0 0179e7ac 00ad8b38 ......y...y.8...
0x0179e79c: 044db040 00008000 012b76b8 0179e7c0 @.M......v+...y.
0x0179e7ac: 0179e9e0 00acb309 044db040 00008000 ..y.....@.M.....
0x0179e7bc: 012b76b8 0001e588 00000010 0125a990 .v+...........%.
0x0179e7cc: 000001cf 012247a8 0001e588 00000010 .....G".........
0x0179e7dc: 00000000 00000298 03fa0000 0179e7d8 ..............y.
0x0179e7ec: 7775232e 0179f93c 77792110 63de2b7d .#uw<.y..!yw}+.c
0x0179e7fc: fffffffe 03fa00c0 00c66c98 03fa0000 .........l......
0x0179e80c: 00000000 00000298 00000000 00000298 ................
0x0179e81c: 00000000 0179e82c 00c4b78c 00000298 ....,.y.........
0x0179e82c: 0179e83c 00c4b8ae c0000017 00000002 <.y.............
0x0179e83c: 0179eb48 00000001 0179e86c 00000298 H.y.....l.y.....
0x0179e84c: 012584b4 00000000 00003cb7 777a5861 ..%......<..aXzw
0x0179e85c: 777a5861 03fa0924 77763aeb 00000140 aXzw$....:vw@...
0x0179e86c: 03fa0918 fffffffe 00000000 0179e89c ..............y.
0x0179e87c: 777a5831 03fa0924 77762b89 014e39c0 1Xzw$....+vw.9N.
0x0179e88c: 00000140 00000005 0179e880 0f0768d0 @.........y..h..
0x0179e89c: 0179e8a8 00c7dfbb 03fa0924 0179e8e8 ..y.....$.....y.
0x0179e8ac: 00c76f1f 00000005 00c76f15 08bebe80 .o.......o......
0x0179e8bc: 00000057 013f6c00 00000000 01492920 W....l?..... )I.
0x0179e8cc: 00000057 fffffffe 00000000 0179e8fc W.............y.
0x0179e8dc: 777a5831 01492920 77762b89 0122aef8 1Xzw )I..+vw..".
0x0179e8ec: 00000000 00000000 03fa88c8 00000057 ............W...
0x0179e8fc: 0179e908 00c77594 01492920 0179e914 ..y..u.. )I...y.
0x0179e90c: 00c688cb 00000011 0179e950 00c6b130 ........P.y.0...
0x0179e91c: 013f6c00 00c6b127 08bebf38 0122aef8 .l?.'...8.....".
0x0179e92c: 0179e990 00000000 00000000 0179e924 ..y.........$.y.
0x0179e93c: 00c6b5e9 0179f93c 00c706f0 08fa1910 ....<.y.........
0x0179e94c: fffffffe 00c6b127 007e871d 013f6c00 ....'.....~..l?.
0x0179e95c: 013f6c00 0122aef8 0179e990 00000000 .l?..."...y.....
0x0179e96c: 0147c950 0179e984 007e8762 00000005 P.G...y.b.~.....
0x0179e97c: 0122aef8 0179e990 0179e9d0 004b9aaf .."...y...y...K.
0x0179e98c: 0122aef8 0001e588 00000000 0147c950 ..".........P.G.
0x0179e99c: 0147ca10 0001e588 00000000 00000000 ..G.............
0x0179e9ac: 00000000 00000000 00000000 00000000 ................
0x0179e9bc: 00000000 00000000 00000005 00020000 ................
0x0179e9cc: 0001e59b 0179e9ec 004b9bc8 0001e588 ......y...K.....
0x0179e9dc: 00000010 0179ea24 00acb7fd 0001e588 ....$.y.........
0x0179e9ec: 00000010 00000013 000001cf 012247a8 .............G".
0x0179e9fc: 0001e588 00000001 00000000 00000000 ................
0x0179ea0c: 00000000 00000000 00000000 00000000 ................
0x0179ea1c: 00000000 00000000 0179ea70 00acb8b4 ........p.y.....
0x0179ea2c: 0001e588 00000001 00000013 00000000 ................
0x0179ea3c: 012247a8 000001cf 0001e588 042b5c38 .G".........8\+.
0x0179ea4c: 0001e588 00000030 042b5c30 00085782 ....0...0\+..W..
0x0179ea5c: 03dbcab0 0179ea78 004b95bd 00000030 ....x.y...K.0...
0x0179ea6c: 0147b3c0 0179ea94 00acbcb6 00000000 ..G...y.........
0x0179ea7c: 0001e588 00000001 00000013 00000000 ................
0x0179ea8c: 012247a8 000001cf 0179eac0 007d1780 .G".......y...}.
0x0179ea9c: 00000000 0001e588 00000001 00000013 ................
0x0179eaac: 00000000 012247a8 000001cf 00000005 .....G".........
0x0179eabc: 042b5c30 0179ead8 007416af 0001e588 0\+...y...t.....
0x0179eacc: 00000005 8689ee60 00000013 0179eb10 ....`.........y.
0x0179eadc: 0074243d 00000013 0000015e 00000043 =$t.....^...C...
0x0179eaec: 00000005 0001e584 00000001 00000009 ................
0x0179eafc: 00000000 00000001 0001e584 00000005 ................
0x0179eb0c: 00000000 0179eb60 007426dd 0000015e ....`.y..&t.^...
0x0179eb1c: 00000043 00000005 0001e584 00000000 C...............
0x0179eb2c: 00000001 00000009 8689ee60 00000043 ........`...C...
0x0179eb3c: 0000015e 0000015e 00000043 00000008 ^...^...C.......
0x0179eb4c: 00000006 00000000 00000000 00000000 ................
0x0179eb5c: 8689ee60 0179ebc4 0071f058 0000015e `.....y.X.q.^...
0x0179eb6c: 00000043 00000005 00000005 00000001 C...............
0x0179eb7c: 00000009 00000000 012584b4 0179ec60 ..........%.`.y.
0x0179eb8c: 00000000 00000000 00000000 0ee4acf0 ................
0x0179eb9c: 0ee60f78 0ee4acf0 0179ec00 00715770 x.........y.pWq.
0x0179ebac: 012584b4 18bfc010 00000000 00000005 ..%.............
0x0179ebbc: 00000043 0100015e 0179ec34 0071fe68 C...^...4.y.h.q.
0x0179ebcc: 00000005 0000015e 00000043 17b92600 ....^...C....&..
0x0179ebdc: 0179ec20 0179ec60 17b92600 18bfc010  .y.`.y..&......
0x0179ebec: 8689ee60 012584b4 007d1700 0000015e `.....%...}.^...
0x0179ebfc: 00000043 0179ec08 00715570 18bfc046 C.....y.pUq.F...
0x0179ec0c: 00004a25 0ee4acf0 0ee60f78 007434cf %J......x....4t.
0x0179ec1c: 04079770 00000000 00000000 00000000 p...............
0x0179ec2c: 00000000 00000000 0179ec98 00721955 ..........y.U.r.
0x0179ec3c: 8689ee60 18bfc010 00004a5b 17b92600 `.......[J...&..
0x0179ec4c: 00000005 0179ec60 00004a5b 8689ee60 ....`.y.[J..`...
0x0179ec5c: 00000000 00000000 00000001 00000000 ................
0x0179ec6c: 00000000 00000000 8689ee60 0179ec88 ........`.....y.
0x0179ec7c: 00ab4dce 00000004 14f8aaa0 0179ecd8 .M............y.
0x0179ec8c: 05969f6d 17b92600 00000001 0179ecb4 m....&........y.
0x0179ec9c: 00721c5c 8689ee60 00004a5b 00000000 \.r.`...[J......
0x0179ecac: 00000000 14f8aaa0 0179ecd8 00ab7f23 ..........y.#...
0x0179ecbc: 8689ee60 18bfc010 00004a5b 00000000 `.......[J......
0x0179eccc: 00000000 0000000b 17b926f0 0179ed18 .........&....y.
0x0179ecdc: 05989704 17b926f0 18bfc000 00000000 .....&..........
0x0179ecec: 00000000 0179ed18 022b6758 022b6700 ......y.Xg+..g+.
0x0179ecfc: 14f8aaa0 059896e1 14f8aaa0 0000000b ................
0x0179ed0c: 14f8aaa0 0179ed18 059896d4 0179ed38 ......y.....8.y.
0x0179ed1c: 059896be 17b926f0 18bfc000 00000000 .....&..........
0x0179ed2c: 00000000 00000000 3f800000 0179ed78 ...........?x.y.
0x0179ed3c: 059895e5 17b926f0 18bfc000 0000000b .....&..........
0x0179ed4c: 14f8aaa0 0179ed58 17ae08c0 0179ed78 ....X.y.....x.y.
0x0179ed5c: 059892a1 00000000 17ae08c0 17b63180 .............1..
0x0179ed6c: 0000002a 14f8aaa0 14f8aaa0 0179ee18 *.............y.
0x0179ed7c: 05a089c0 18bfc000 00000000 0179edc8 ..............y.
0x0179ed8c: 05a08997 000003e8 00000000 00000004 ................
0x0179ed9c: 00000000 00000005 00000000 00000005 ................
0x0179edac: 107f37f8 107f7e00 14f8aaa0 0179ee18 .7...~........y.
0x0179edbc: 05a07836 0533cae0 14f8aaa0 0179ee18 6x....3.......y.
0x0179edcc: 05a0799a 107f37f8 00000000 107f7e00 .y...7.......~..
0x0179eddc: 00000000 000003e0 107f7e00 0179ee18 .........~....y.
0x0179edec: 05a07be8 107f7e00 00000000 fffffe70 .{...~......p...
0x0179edfc: 0000041a 00000000 14deac08 00000000 ................
0x0179ee0c: 14f8aaa0 00000000 0000000b 0179f018 ..............y.
0x0179ee1c: 059fa951 107f7e00 107f7e00 0179f018 Q....~...~....y.
0x0179ee2c: 059fa83a 042b1330 0048244d 03dbca50 :...0.+.M$H.P...
0x0179ee3c: 0179ee54 00000168 00000191 107f7e00 T.y.h........~..
0x0179ee4c: 00000146 107ffe00 0179ee68 00acadca F.......h.y.....
0x0179ee5c: 042b1dd0 0534da00 10699290 0179ee78 ..+...4...i.x.y.
0x0179ee6c: 00acb202 042b1dd0 00000042 0179eec8 ......+.B.....y.
0x0179ee7c: 0179ee98 007be317 00000001 00a9f83b ..y...{.....;...
0x0179ee8c: 43908000 437e0000 00000000 0179eed8 ...C..~C......y.
0x0179ee9c: 059522af 0179eefc 00000042 042b1dd0 ."....y.B.....+.
0x0179eeac: 00000011 0179eed8 022b6758 022b6700 ......y.Xg+..g+.
0x0179eebc: 10699290 05952299 05949460 0534da00 ..i.."..`.....4.
0x0179eecc: 00000001 13d2f4e0 00000001 13d2f500 ................
0x0179eedc: 00000001 13d2f520 00000001 13d2f540 .... .......@...
0x0179eeec: 00000000 14f8aaa0 022b6758 00a9ee55 ........Xg+.U...
0x0179eefc: 00000001 13d2f560 00000001 13d2f580 ....`...........
0x0179ef0c: 00000001 13d2f5a0 00000001 14f9c2b8 ................
0x0179ef1c: 10699290 0179ef28 0595293c 14f8aaa0 ..i.(.y.<)......
0x0179ef2c: 0597e540 14f8aaa0 00000121 17a9c7e0 @.......!.......
0x0179ef3c: 00000090 437e0000 14f8aaa0 00000000 ......~C........
0x0179ef4c: 00000000 00000000 00000000 00000000 ................
0x0179ef5c: 00000000 00000000 00000000 00000000 ................
0x0179ef6c: 00000000 00000000 14f8aaa0 0000000b ................
0x0179ef7c: 00000000 00000000 00000000 00000000 ................
0x0179ef8c: 00000000 14f8aaa0 0000000b 14f8aaa0 ................
0x0179ef9c: 0000000b 00000000 00000006 00000000 ................
0x0179efac: 14f8aaa0 0000000b 00000000 00000000 ................
0x0179efbc: 00000000 00000000 00000000 00000000 ................
0x0179efcc: 00000000 10699290 05949460 0179eff8 ......i.`.....y.
0x0179efdc: 0597c4ac 05340ea0 00000000 00000000 ......4.........
0x0179efec: 1021f600 0179f018 05342ed0 0179f018 ..!...y...4...y.
0x0179effc: 0597c48b 107e8660 05949460 0534da00 ....`.~.`.....4.
0x0179f00c: 10699290 05342ed0 05949460 0179f068 ..i...4.`...h.y.
0x0179f01c: 0597ee90 107f37f8 107f7e00 0179f038 .....7...~..8.y.
0x0179f02c: 05940fd8 1063fe4c 0180b000 00000000 ....L.c.........
0x0179f03c: 10699290 0534da00 05949460 0179f068 ..i...4.`...h.y.
0x0179f04c: 0597e97c 17b92730 17b92740 0534da00 |...0'..@'....4.
0x0179f05c: 10699290 0534da00 05949460 0179f0e8 ..i...4.`.....y.
0x0179f06c: 05961aa8 05342ed0 107f7f00 0179f0e8 ......4.......y.
0x0179f07c: 05961a20 00a8ca01 059532c8 0179f0c8  ........2....y.
0x0179f08c: 05961851 00000000 059532c8 00000007 Q........2......
0x0179f09c: 17b92740 00000000 000003e8 00000000 @'..............
0x0179f0ac: 00000387 8e8e565d 00000195 0179f4d0 ....]V........y.
0x0179f0bc: 00000007 0179f0c8 0596182c 0179f0e8 ......y.,.....y.
0x0179f0cc: 0595329d 00000000 44834000 4413c000 .2.......@.D...D
0x0179f0dc: 045e6450 10699290 0179f4cc 0179f130 Pd^...i...y.0.y.
0x0179f0ec: 059494a1 0534da00 00001de8 00000000 ......4.........
0x0179f0fc: 471c4000 0179f118 10001e35 105d1890 .@.G..y.5.....].
0x0179f10c: 105d1890 fffffffe 00000000 00000000 ..].............
0x0179f11c: 777a5831 05334e70 77762b89 105d1890 1XzwpN3..+vw..].
0x0179f12c: 10699290 0179f160 100f1d2d 0534da00 ..i.`.y.-.....4.
0x0179f13c: 0179f250 0179f4cc 05961950 00010000 P.y...y.P.......
0x0179f14c: 00000000 105d1890 00000000 05334e70 ......].....pN3.
0x0179f15c: 3f800000 0179f184 1005d8f4 105d1890 ...?..y.......].
0x0179f16c: 0534da00 0179f250 0179f4cc 105d1890 ..4.P.y...y...].
0x0179f17c: 0534da00 00000000 0179f1a4 00937820 ..4.......y. x..
0x0179f18c: 105d1890 0534da00 0179f250 0179f4cc ..]...4.P.y...y.
0x0179f19c: 0179f4cc 0179f1f0 0179f1d0 009342c2 ..y...y...y..B..
0x0179f1ac: 0179f1dc 105d1890 00000001 0534da00 ..y...].......4.
0x0179f1bc: 0179f1f0 0179f4cc 00000000 045e6450 ..y...y.....Pd^.
0x0179f1cc: 0f1c3400 0179f4d8 007b7b43 0179f4c4 .4....y.C{{...y.
0x0179f1dc: 0179f4cc 00000000 03fd2ec0 0f1c3400 ..y..........4..
0x0179f1ec: 105d1890 00000000 00000002 00000000 ..].............
0x0179f1fc: 00000000 00000000 00000002 00000000 ................
0x0179f20c: 00000000 00000000 00000002 00000000 ................
0x0179f21c: 00000000 00000000 00000002 00000000 ................
0x0179f22c: 00000000 00000000 00000002 00000000 ................
0x0179f23c: 00000000 00000000 00000002 00000000 ................
0x0179f24c: 00000000 00000000 00000000 00000000 ................
0x0179f25c: 00000000 00000000 00000000 00000000 ................
0x0179f26c: 00000000 00000000 00000000 00000000 ................
0x0179f27c: 00000000 00000000 00000002 00000000 ................
0x0179f28c: 00000000 00000000 00000002 00000001 ................
0x0179f29c: 00000001 0179f201 00000001 00000000 ......y.........
0x0179f2ac: 00000000 00000000 00000000 105d1890 ..............].
0x0179f2bc: 00000001 0534da00 00000000 00000000 ......4.........
0x0179f2cc: 00000000 00000000 0f1c3400 00000001 .........4......
0x0179f2dc: 00000000 00000000 00000000 00001de8 ................
0x0179f2ec: c1200000 00000000 40a00000 0000024f .. ........@O...
0x0179f2fc: 3f32b438 00000000 3f374e33 40e521c0 8.2?....3N7?.!.@
0x0179f30c: bf32b438 00000000 3f374e33 40e521c0 8.2.....3N7?.!.@
0x0179f31c: 00000000 3f5db3d7 3f000000 40844985 ......]?...?.I.@
0x0179f32c: 00000000 bf5db3d7 3f000000 40bbb67b ......]....?{..@
0x0179f33c: 80000000 0179f2e0 0179f2e8 0179f2f0 ......y...y...y.
0x0179f34c: 00000000 00000000 00000000 00000000 ................
0x0179f35c: 00000000 00000000 00000000 00000000 ................
0x0179f36c: 00000000 00000001 00000001 00000001 ................
0x0179f37c: 00000000 00000000 00000000 a0000000 ................
0x0179f38c: 40913f58 00000000 408f4000 045e3934 X?.@.....@.@49^.
0x0179f39c: 00000006 00000003 44778000 104d1f68 ..........wDh.M.
0x0179f3ac: 104cb600 00000000 00000000 00000000 ..L.............
0x0179f3bc: 00000000 00000000 00000000 44770101 ..............wD
0x0179f3cc: 44778000 44778000 44778000 44778000 ..wD..wD..wD..wD
0x0179f3dc: 44778000 44778000 0179f678 10617f80 ..wD..wDx.y...a.
0x0179f3ec: 0179f3f8 00a8bf8a 0406cc50 0179f438 ..y.....P...8.y.
0x0179f3fc: 059531a7 0406cc50 00000000 44778000 .1..P.........wD
0x0179f40c: 44778000 0179f438 022b6758 022b6700 ..wD8.y.Xg+..g+.
0x0179f41c: 10617f80 05953191 05950f20 0179f678 ..a..1.. ...x.y.
0x0179f42c: 10617f80 0179f438 05953184 0179f458 ..a.8.y..1..X.y.
0x0179f43c: 0595305a 0406cc50 00000000 00000000 Z0..P...........
0x0179f44c: 00000000 3f8013ab 3f800000 0179f498 .......?...?..y.
0x0179f45c: 00000010 03dbc270 00000010 04079be0 ....p...........
0x0179f46c: 000e261e 03dbc270 0179f48c 004b95bd .&..p.....y...K.
0x0179f47c: 00000010 0147c8b0 00000010 0147c780 ......G.......G.
0x0179f48c: 0179f4a4 004b9b85 04079be0 00000010 ..y...K.........
0x0179f49c: 00000010 0147b3c0 0179f4dc 00acb7de ......G...y.....
0x0179f4ac: 00000010 00000010 00000000 00000010 ................
0x0179f4bc: 00000001 00001de8 00000000 0534da00 ..............4.
0x0179f4cc: 00000000 00000000 00000000 0179f4fc ..............y.
0x0179f4dc: 007be174 00000000 0404f0d0 00000000 t.{.............
0x0179f4ec: 00000000 105d1890 00000001 00001de8 ......].........
0x0179f4fc: 0179f538 00ae14fa 00000000 0404f0d0 8.y.............
0x0179f50c: 00000000 00000000 105d1890 00000001 ..........].....
0x0179f51c: 00001de8 0f1c3400 045e6450 04079be0 .....4..Pd^.....
0x0179f52c: 045e61a0 00000001 012638a0 0179f6a4 .a^......8&...y.
0x0179f53c: 007bc4f6 00000000 00000000 00000000 ..{.............
0x0179f54c: 00000000 045e61a0 00000004 00000000 .....a^.........
0x0179f55c: 0179f634 03fcf850 00000000 0000c009 4.y.P...........
0x0179f56c: ffffffb2 0000041a 0147c8b0 0147c8b0 ..........G...G.
0x0179f57c: 03dbcbd0 04052530 03fdf070 0001a4ce ....0%..p.......
0x0179f58c: 03dbcbd0 0179f5a8 004b96ff 04052530 ......y...K.0%..
0x0179f59c: 04052530 0147b3c0 00000000 0179f5bc 0%....G.......y.
0x0179f5ac: 00acadca 04052590 04052530 0179f558 .....%..0%..X.y.
0x0179f5bc: 00000000 00000000 00000000 00000000 ................
0x0179f5cc: 00000000 00000000 00000000 00000000 ................
0x0179f5dc: 00000000 00000000 00000000 00000001 ................
0x0179f5ec: 00000000 00000000 00000000 00000000 ................
0x0179f5fc: 00000000 00000000 00000000 00000000 ................
0x0179f60c: 00000000 00000000 00000000 00000001 ................
0x0179f61c: 00000000 104cf110 03fc6000 00000000 ......L..`......
0x0179f62c: 00000000 00000000 00000000 00000000 ................
0x0179f63c: 04ba0200 00000101 0f0a6060 0f0a6060 ........``..``..
0x0179f64c: 0179f64c 0179f64c 045e61a0 0f1c3478 L.y.L.y..a^.x4..
0x0179f65c: 00000000 045e6388 04079be0 04079be0 .....c^.........
0x0179f66c: 04079bf0 00000000 00000000 00000007 ................
0x0179f67c: 0406cc50 00000000 00000000 00000000 P...............
0x0179f68c: 00000000 00000001 00000000 045e61a0 .............a^.
0x0179f69c: 00000000 00000000 0179f6f0 007bd4fd ..........y...{.
0x0179f6ac: 0179f6bc 00000000 04c63420 00000000 ..y..... 4......
0x0179f6bc: 00000007 43f30000 44140000 40c00000 .......C...D...@
0x0179f6cc: 40800000 00000000 00000000 3f800000 ...@...........?
0x0179f6dc: 00000399 00000000 00000000 00000000 ................
0x0179f6ec: 00268900 0179f708 00ad520b 00000000 ..&...y..R......
0x0179f6fc: 75d7d300 75d8c270 04c64c00 0179f748 ...up..u.L..H.y.
0x0179f70c: 00ad5289 00000000 0080cc9d 00448b31 .R..........1.D.
0x0179f71c: 00448d09 00000000 00000001 001b06bc ..D.............
0x0179f72c: 000000ff 00000001 001f09c3 05905797 .............W..
0x0179f73c: 000002d4 00000253 00000c0c 0179f8a4 ....S.........y.
0x0179f74c: 004573b3 00c6e847 00000000 01808000 .sE.G...........
0x0179f75c: 03fdb710 00000078 0179f76c 0179f7f8 ....x...l.y...y.
0x0179f76c: 0000001b 00000078 00000042 00000200 ....x...B.......
0x0179f77c: 03fa0000 777a1653 03fa17f0 00000400 ....S.zw........
0x0179f78c: 00000000 00000001 03fdba90 0000007e ............~...
0x0179f79c: 02100800 bfebfbff 000806d1 0000007e ............~...
0x0179f7ac: 00000042 03fdb810 0000007d 1c004121 B.......}...!A..
0x0179f7bc: 02c0003f 0000003f 0000007d 00000042 ?...?...}...B...
0x0179f7cc: 03fe3d50 0000006f 00000000 1c004143 P=..o.......CA..
0x0179f7dc: 04c0003f 0000006f 00000042 1c03c163 ?...o...B...c...
0x0179f7ec: 01c0003f 00005fff 00000004 03fa1e20 ?...._...... ...
0x0179f7fc: 03fa05b8 0179f800 03fdb890 00000074 ......y.....t...
0x0179f80c: 03fa3160 0136bf28 0000000f 00000074 `1..(.6.....t...
0x0179f81c: 00000042 0000024f 00000000 00637465 B...O.......etc.
0x0179f82c: 00646567 03fa1701 0179f858 00000003 ged.....X.y.....
0x0179f83c: 00000042 03fc7a90 03fc7ac8 03fc7ac8 B....z...z...z..
0x0179f84c: 0179f864 00000000 65646968 646e6957 d.y.....hideWind
0x0179f85c: 0100776f 03fa05b8 0000000a 00000042 ow..........B...
0x0179f86c: 03dbb3a0 0000024f 00000000 00000000 ....O...........
0x0179f87c: 00000000 65726170 5748746e 0100444e ....parentHWND..
0x0179f88c: 00c8c625 0000000a 00000042 0141d860 %.......B...`.A.
0x0179f89c: 00000000 00808001 0179f8bc 00c30b68 ..........y.h...
0x0179f8ac: 003e0000 00000000 01c4a6d1 00000001 ..>.............
0x0179f8bc: 0179f94c 00c6e7f4 003e0000 00000000 L.y.......>.....
0x0179f8cc: 01c4a6d1 00000001 08beaf24 00c6e847 ........$...G...
0x0179f8dc: 00c6e847 01808000 00000044 01c481f4 G.......D.......
0x0179f8ec: 01c481d4 01c480f6 00000000 00000000 ................
0x0179f8fc: 00000000 00000000 00000000 00000000 ................
0x0179f90c: 00000000 00000001 00000001 00000000 ................
0x0179f91c: 0179f948 0179f948 00c8054d c0000005 H.y.H.y.M.......
0x0179f92c: 00c6e847 00000000 0179f8d4 0179d894 G.........y...y.
0x0179f93c: 0179f9a4 00c706f0 08fa0730 00000000 ..y.....0.......
0x0179f94c: 0179f95c 75b65d49 01808000 75b65d30 \.y.I].u....0].u
0x0179f95c: 0179f9b4 7777ce3b 01808000 15256001 ..y.;.ww.....`%.
0x0179f96c: 00000000 00000000 01808000 c0000005 ................
0x0179f97c: 758f3cb0 e4c27f49 613fa4f2 00000000 .<.uI.....?a....
0x0179f98c: 00000000 0179d874 914d43f9 00000000 ....t.y..CM.....
0x0179f99c: 0179f968 0179d874 0179f9bc 77792110 h.y.t.y...y..!yw
0x0179f9ac: 63de2595 00000000 0179f9c4 7777cdc1 .%.c......y...ww
0x0179f9bc: ffffffff 777c162c 00000000 00000000 ....,.|w........
0x0179f9cc: 00c6e847 01808000 00000000 00000000 G...............
0x0179f9dc: 00000000 00000000 00000000 00000000 ................
0x0179f9ec: 00000000 00000000 00000000 00000000 ................
0x0179f9fc: 00000000 00000000 00000000 00000000 ................
0x0179fa0c: 00000000 00000000 00000000 00000000 ................
0x0179fa1c: 00000000 00000000 00000000 00000000 ................
0x0179fa2c: 00000000 00000000 00000000 00000000 ................
0x0179fa3c: 00000000 00000000 00000000 00000000 ................
0x0179fa4c: 00000000 00000000 00000000 00000000 ................
0x0179fa5c: 00000000 00000000 00000000 00000000 ................
0x0179fa6c: 00000000 00000000 00000000 00000000 ................
0x0179fa7c: 00000000 00000000 00000000 00000000 ................
0x0179fa8c: 00000000 00000000 00000000 00000000 ................
0x0179fa9c: 00000000 00000000 00000000 00000000 ................
0x0179faac: 00000000 00000000 00000000 00000000 ................
0x0179fabc: 00000000 00000000 00000000 00000000 ................
0x0179facc: 00000000 00000000 00000000 00000000 ................
0x0179fadc: 00000000 00000000 00000000 00000000 ................
0x0179faec: 00000000 00000000 00000000 00000000 ................
0x0179fafc: 00000000 00000000 00000000 00000000 ................
0x0179fb0c: 00000000 00000000 00000000 00000000 ................
0x0179fb1c: 00000000 00000000 00000000 00000000 ................
0x0179fb2c: 00000000 00000000 00000000 00000000 ................
0x0179fb3c: 00000000 00000000 00000000 00000000 ................
0x0179fb4c: 00000000 00000000 00000000 00000000 ................
0x0179fb5c: 00000000 00000000 00000000 00000000 ................
0x0179fb6c: 00000000 00000000 00000000 00000000 ................
0x0179fb7c: 00000000 00000000 00000000 00000000 ................
0x0179fb8c: 00000000 00000000 00000000 00000000 ................
0x0179fb9c: 00000000 00000000 00000000 00000000 ................
0x0179fbac: 00000000 00000000 00000000 00000000 ................
0x0179fbbc: 00000000 00000000 00000000 00000000 ................
0x0179fbcc: 00000000 00000000 00000000 00000000 ................
0x0179fbdc: 00000000 00000000 00000000 00000000 ................
0x0179fbec: 00000000 00000000 00000000 00000000 ................
0x0179fbfc: 00000000 00000000 00000000 00000000 ................
0x0179fc0c: 00000000 00000000 00000000 00000000 ................
0x0179fc1c: 00000000 00000000 00000000 00000000 ................
0x0179fc2c: 00000000 00000000 00000000 00000000 ................
0x0179fc3c: 00000000 00000000 00000000 00000000 ................
0x0179fc4c: 00000000 00000000 00000000 00000000 ................
0x0179fc5c: 00000000 00000000 00000000 00000000 ................
0x0179fc6c: 00000000 00000000 00000000 00000000 ................
0x0179fc7c: 00000000 00000000 00000000 00000000 ................
0x0179fc8c: 00000000 00000000 00000000 00000000 ................
0x0179fc9c: 00000000 00000000 00000000 00000000 ................
0x0179fcac: 00000000 00000000 00000000 00000000 ................
0x0179fcbc: 00000000 00000000 00000000 00000000 ................
0x0179fccc: 00000000 00000000 00000000 00000000 ................
0x0179fcdc: 00000000 00000000 00000000 00000000 ................
0x0179fcec: 00000000 00000000 00000000 00000000 ................
0x0179fcfc: 00000000 00000000 00000000 00000000 ................
0x0179fd0c: 00000000 00000000 00000000 00000000 ................
0x0179fd1c: 00000000 00000000 00000000 00000000 ................
0x0179fd2c: 00000000 00000000 00000000 00000000 ................
0x0179fd3c: 00000000 00000000 00000000 00000000 ................
0x0179fd4c: 00000000 00000000 00000000 00000000 ................
0x0179fd5c: 00000000 00000000 00000000 00000000 ................
0x0179fd6c: 00000000 00000000 00000000 00000000 ................
0x0179fd7c: 00000000 00000000 00000000 00000000 ................
0x0179fd8c: 00000000 00000000 00000000 00000000 ................
0x0179fd9c: 00000000 00000000 00000000 00000000 ................
0x0179fdac: 00000000 00000000 00000000 00000000 ................
0x0179fdbc: 00000000 00000000 00000000 00000000 ................
0x0179fdcc: 00000000 00000000 00000000 00000000 ................
0x0179fddc: 00000000 00000000 00000000 00000000 ................
0x0179fdec: 00000000 00000000 00000000 00000000 ................
0x0179fdfc: 00000000 00000000 00000000 00000000 ................
0x0179fe0c: 00000000 00000000 00000000 00000000 ................
0x0179fe1c: 00000000 00000000 00000000 00000000 ................
0x0179fe2c: 00000000 00000000 00000000 00000000 ................
0x0179fe3c: 00000000 00000000 00000000 00000000 ................
0x0179fe4c: 00000000 00000000 00000000 00000000 ................
0x0179fe5c: 00000000 00000000 00000000 00000000 ................
0x0179fe6c: 00000000 00000000 00000000 00000000 ................
0x0179fe7c: 00000000 00000000 00000000 00000000 ................
0x0179fe8c: 00000000 00000000 00000000 00000000 ................
0x0179fe9c: 00000000 00000000 00000000 00000000 ................
0x0179feac: 00000000 00000000 00000000 00000000 ................
0x0179febc: 00000000 00000000 00000000 00000000 ................
0x0179fecc: 00000000 00000000 00000000 00000000 ................
0x0179fedc: 00000000 00000000 00000000 00000000 ................
0x0179feec: 00000000 00000000 00000000 00000000 ................
0x0179fefc: 00000000 00000000 00000000 00000000 ................
0x0179ff0c: 00000000 00000000 00000000 00000000 ................
0x0179ff1c: 00000000 00000000 00000000 00000000 ................
0x0179ff2c: 00000000 00000000 00000000 00000000 ................
0x0179ff3c: 00000000 00000000 00000000 00000000 ................
0x0179ff4c: 00000000 00000000 00000000 00000000 ................
0x0179ff5c: 00000000 00000000 00000000 00000000 ................
0x0179ff6c: 00000000 00000000 00000000 00000000 ................
0x0179ff7c: 00000000 00000000 00000000 00000000 ................
0x0179ff8c: 00000000 00000000 00000000 00000000 ................
0x0179ff9c: 00000000 00000000 00000000 00000000 ................
0x0179ffac: 00000000 00000000 00000000 00000000 ................
0x0179ffbc: 00000000 00000000 00000000 00000000 ................
0x0179ffcc: 00000000 00000000 00000000 00000000 ................
0x0179ffdc: 00000000 00000000 00000000 00000000 ................
0x0179ffec: 00000000 00000000 00000000 00000000 ................
0x0179fffc: 00000000                            ....

Module 1
C:\Users\Cuong Le\Desktop\C# winform\QLTK Nro Pro\QLTK Nro Pro\bin\Debug\Data\Version222\Dragonboy_vn_v222.exe
Image Base: 0x003e0000  Image Size: 0x01228000
File Size:  18198528    File Time:  2025-03-12_130656
Version:
   Company:    
   Product:    
   FileDesc:   
   FileVer:    5.6.7.3267
   ProdVer:    5.6.7.3267

Module 2
C:\WINDOWS\SYSTEM32\xinput1_3.dll
Image Base: 0x00400000  Image Size: 0x00016000
File Size:  81768       File Time:  2007-04-04_185342
Version:
   Company:    Microsoft Corporation
   Product:    Microsoft® DirectX for Windows®
   FileDesc:   Microsoft Common Controller API
   FileVer:    9.18.944.0
   ProdVer:    9.18.944.0

Module 3
C:\Users\Cuong Le\Desktop\C# winform\QLTK Nro Pro\QLTK Nro Pro\bin\Debug\Data\Version222\Dragonboy_vn_v222_Data\Mono\mono.dll
Image Base: 0x10000000  Image Size: 0x00231000
File Size:  2117064     File Time:  2025-03-12_130656
Version:
   Company:    Unity Technologies
   Product:    libmono
   FileDesc:   Unity Technologies fork of mono runtime
   FileVer:    1.0.0.1
   ProdVer:    1.0.0.1

Module 4
C:\WINDOWS\System32\DriverStore\FileRepository\nvam.inf_amd64_4ae7e10b45473e65\nvwgf2um.dll
Image Base: 0x512a0000  Image Size: 0x0360f000
File Size:  56911144    File Time:  2024-12-02_085034
Version:
   Company:    NVIDIA Corporation
   Product:    NVIDIA D3D10 drivers
   FileDesc:   NVIDIA D3D10 Driver, Version 566.07 
   FileVer:    32.0.15.6607
   ProdVer:    32.0.15.6607

Module 5
C:\WINDOWS\System32\DriverStore\FileRepository\nvam.inf_amd64_4ae7e10b45473e65\nvgpucomp32.dll
Image Base: 0x548b0000  Image Size: 0x024a7000
File Size:  38663464    File Time:  2024-12-02_085000
Version:
   Company:    NVIDIA Corporation
   Product:    NVIDIA GPU Compiler Driver
   FileDesc:   NVIDIA GPU Compiler Driver, Version 566.07 
   FileVer:    32.0.15.6607
   ProdVer:    32.0.15.6607

Module 6
C:\WINDOWS\SYSTEM32\midimap.dll
Image Base: 0x57410000  Image Size: 0x00008000
File Size:  21504       File Time:  2024-12-13_150154
Version:
   Company:    Microsoft Corporation
   Product:    Microsoft® Windows® Operating System
   FileDesc:   Microsoft MIDI Mapper
   FileVer:    10.0.26100.1882
   ProdVer:    10.0.26100.1882

Module 7
C:\WINDOWS\SYSTEM32\wdmaud.drv
Image Base: 0x57420000  Image Size: 0x0003d000
File Size:  223232      File Time:  2024-12-13_150154
Version:
   Company:    Microsoft Corporation
   Product:    Microsoft® Windows® Operating System
   FileDesc:   Winmm  audio system driver
   FileVer:    10.0.26100.1882
   ProdVer:    10.0.26100.1882

Module 8
C:\WINDOWS\System32\DriverStore\FileRepository\nvam.inf_amd64_4ae7e10b45473e65\nvppe.dll
Image Base: 0x57460000  Image Size: 0x000df000
File Size:  932136      File Time:  2024-12-02_085028
Version:
   Company:    NVIDIA Corporation
   Product:    NVIDIA driver loader
   FileDesc:   NVIDIA Driver, Version 566.07 
   FileVer:    32.0.15.6607
   ProdVer:    32.0.15.6607

Module 9
C:\WINDOWS\SYSTEM32\drvstore.dll
Image Base: 0x57540000  Image Size: 0x00128000
File Size:  1212288     File Time:  2025-03-12_094518
Version:
   Company:    Microsoft Corporation
   Product:    Microsoft® Windows® Operating System
   FileDesc:   Driver Store API
   FileVer:    10.0.26100.3323
   ProdVer:    10.0.26100.3323

Module 10
C:\WINDOWS\System32\DriverStore\FileRepository\nvam.inf_amd64_4ae7e10b45473e65\nvldumd.dll
Image Base: 0x57670000  Image Size: 0x0009d000
File Size:  653760      File Time:  2024-12-02_085024
Version:
   Company:    NVIDIA Corporation
   Product:    NVIDIA driver loader
   FileDesc:   NVIDIA Driver Loader, Version 566.07 
   FileVer:    32.0.15.6607
   ProdVer:    32.0.15.6607

Module 11
C:\Windows\System32\Windows.StateRepositoryPS.dll
Image Base: 0x57710000  Image Size: 0x0004e000
File Size:  316168      File Time:  2024-12-13_150208
Version:
   Company:    Microsoft Corporation
   Product:    Microsoft® Windows® Operating System
   FileDesc:   Windows StateRepository Proxy/Stub Server
   FileVer:    10.0.26100.1882
   ProdVer:    10.0.26100.1882

Module 12
C:\WINDOWS\SYSTEM32\MSACM32.dll
Image Base: 0x58c80000  Image Size: 0x0001a000
File Size:  97704       File Time:  2024-12-13_150154
Version:
   Company:    Microsoft Corporation
   Product:    Microsoft® Windows® Operating System
   FileDesc:   Microsoft ACM Audio Filter
   FileVer:    10.0.26100.1882
   ProdVer:    10.0.26100.1882

Module 13
C:\WINDOWS\SYSTEM32\msacm32.drv
Image Base: 0x58ca0000  Image Size: 0x0000b000
File Size:  28160       File Time:  2024-12-13_150208
Version:
   Company:    Microsoft Corporation
   Product:    Microsoft® Windows® Operating System
   FileDesc:   Microsoft Sound Mapper
   FileVer:    10.0.26100.1882
   ProdVer:    10.0.26100.1882

Module 14
C:\WINDOWS\SYSTEM32\winmmbase.dll
Image Base: 0x59150000  Image Size: 0x0001f000
File Size:  118768      File Time:  2024-04-01_142214
Version:
   Company:    Microsoft Corporation
   Product:    Microsoft® Windows® Operating System
   FileDesc:   Base Multimedia Extension API DLL
   FileVer:    10.0.26100.1
   ProdVer:    10.0.26100.1

Module 15
C:\WINDOWS\SYSTEM32\resourcepolicyclient.dll
Image Base: 0x591a0000  Image Size: 0x00010000
File Size:  57920       File Time:  2024-04-01_142216
Version:
   Company:    Microsoft Corporation
   Product:    Microsoft® Windows® Operating System
   FileDesc:   Resource Policy Client
   FileVer:    10.0.26100.1
   ProdVer:    10.0.26100.1

Module 16
C:\WINDOWS\SYSTEM32\AUDIOSES.DLL
Image Base: 0x591c0000  Image Size: 0x00174000
File Size:  1519688     File Time:  2025-03-12_094514
Version:
   Company:    Microsoft Corporation
   Product:    Microsoft® Windows® Operating System
   FileDesc:   Audio Session
   FileVer:    10.0.26100.3323
   ProdVer:    10.0.26100.3323

Module 17
C:\WINDOWS\SYSTEM32\GLU32.dll
Image Base: 0x595b0000  Image Size: 0x00042000
File Size:  254976      File Time:  2024-04-01_142236
Version:
   Company:    Microsoft Corporation
   Product:    Microsoft® Windows® Operating System
   FileDesc:   OpenGL Utility Library DLL
   FileVer:    10.0.26100.1
   ProdVer:    10.0.26100.1

Module 18
C:\WINDOWS\SYSTEM32\OPENGL32.dll
Image Base: 0x59600000  Image Size: 0x000e3000
File Size:  797696      File Time:  2025-03-12_094522
Version:
   Company:    Microsoft Corporation
   Product:    Microsoft® Windows® Operating System
   FileDesc:   OpenGL Client DLL
   FileVer:    10.0.26100.3323
   ProdVer:    10.0.26100.3323

Module 19
C:\WINDOWS\System32\fwpuclnt.dll
Image Base: 0x5a1c0000  Image Size: 0x00061000
File Size:  378368      File Time:  2025-03-12_094522
Version:
   Company:    Microsoft Corporation
   Product:    Microsoft® Windows® Operating System
   FileDesc:   FWP/IPsec User-Mode API
   FileVer:    10.0.26100.3323
   ProdVer:    10.0.26100.3323

Module 20
C:\Windows\System32\DriverStore\FileRepository\iigd_dch.inf_amd64_f63934308f6cc308\igc32.dll
Image Base: 0x5bca0000  Image Size: 0x038f3000
File Size:  61009192    File Time:  2024-03-05_090414
Version:
   Company:    Intel Corporation
   Product:    Intel HD Graphics Drivers for Windows(R)
   FileDesc:   Intel Graphics Shader Compiler for Intel(R) Graphics Accelerator
   FileVer:    31.0.101.5333
   ProdVer:    31.0.101.5333

Module 21
C:\Windows\System32\DriverStore\FileRepository\iigd_dch.inf_amd64_f63934308f6cc308\IntelControlLib32.dll
Image Base: 0x5f5d0000  Image Size: 0x0007e000
File Size:  562384      File Time:  2024-03-05_090734
Version:
   Company:    
   Product:    Intel Graphics Control Lib Runtime for Windows(R)
   FileDesc:   Intel Graphics Control Lib Runtime
   FileVer:    1.0.184.0
   ProdVer:    1.0.0.0

Module 22
C:\Windows\System32\DriverStore\FileRepository\iigd_dch.inf_amd64_f63934308f6cc308\igd10um32xe.DLL
Image Base: 0x5f650000  Image Size: 0x016f7000
File Size:  24732360    File Time:  2024-03-05_090436
Version:
   Company:    Intel Corporation
   Product:    Intel HD Graphics Drivers for Windows(R)
   FileDesc:   User Mode Driver for Intel(R) Graphics Technology
   FileVer:    31.0.101.5333
   ProdVer:    31.0.101.5333

Module 23
C:\WINDOWS\SYSTEM32\apphelp.dll
Image Base: 0x60d50000  Image Size: 0x000ac000
File Size:  698936      File Time:  2025-03-12_094514
Version:
   Company:    Microsoft Corporation
   Product:    Microsoft® Windows® Operating System
   FileDesc:   Application Compatibility Client Library
   FileVer:    10.0.26100.3323
   ProdVer:    10.0.26100.3323

Module 24
C:\Windows\System32\DriverStore\FileRepository\iigd_dch.inf_amd64_f63934308f6cc308\igd10iumd32.dll
Image Base: 0x60e00000  Image Size: 0x003df000
File Size:  4190848     File Time:  2024-03-05_090422
Version:
   Company:    Intel Corporation
   Product:    Intel HD Graphics Drivers for Windows(R)
   FileDesc:   User Mode Driver for Intel(R) Graphics Technology
   FileVer:    31.0.101.5333
   ProdVer:    31.0.101.5333

Module 25
C:\WINDOWS\SYSTEM32\d3d11.dll
Image Base: 0x613a0000  Image Size: 0x001f6000
File Size:  2057320     File Time:  2025-03-12_094518
Version:
   Company:    Microsoft Corporation
   Product:    Microsoft® Windows® Operating System
   FileDesc:   Direct3D 11 Runtime
   FileVer:    10.0.26100.3323
   ProdVer:    10.0.26100.3323

Module 26
C:\WINDOWS\SYSTEM32\dxgi.dll
Image Base: 0x63de0000  Image Size: 0x000fa000
File Size:  1012968     File Time:  2025-03-12_094518
Version:
   Company:    Microsoft Corporation
   Product:    Microsoft® Windows® Operating System
   FileDesc:   DirectX Graphics Infrastructure
   FileVer:    10.0.26100.3323
   ProdVer:    10.0.26100.3323

Module 27
C:\WINDOWS\System32\MMDevApi.dll
Image Base: 0x65590000  Image Size: 0x0007e000
File Size:  504200      File Time:  2025-03-12_094522
Version:
   Company:    Microsoft Corporation
   Product:    Microsoft® Windows® Operating System
   FileDesc:   MMDevice API
   FileVer:    10.0.26100.3323
   ProdVer:    10.0.26100.3323

Module 28
C:\WINDOWS\SYSTEM32\textinputframework.dll
Image Base: 0x657e0000  Image Size: 0x00101000
File Size:  1049624     File Time:  2025-03-12_094528
Version:
   Company:    Microsoft Corporation
   Product:    Microsoft® Windows® Operating System
   FileDesc:   "TextInputFramework.DYNLINK"
   FileVer:    10.0.26100.3323
   ProdVer:    10.0.26100.3323

Module 29
C:\WINDOWS\SYSTEM32\dhcpcsvc6.DLL
Image Base: 0x658f0000  Image Size: 0x00018000
File Size:  88008       File Time:  2025-03-12_094516
Version:
   Company:    Microsoft Corporation
   Product:    Microsoft® Windows® Operating System
   FileDesc:   DHCPv6 Client
   FileVer:    10.0.26100.3323
   ProdVer:    10.0.26100.3323

Module 30
C:\WINDOWS\SYSTEM32\DNSAPI.dll
Image Base: 0x65910000  Image Size: 0x000db000
File Size:  894656      File Time:  2025-03-12_094518
Version:
   Company:    Microsoft Corporation
   Product:    Microsoft® Windows® Operating System
   FileDesc:   DNS Client API DLL
   FileVer:    10.0.26100.3323
   ProdVer:    10.0.26100.3323

Module 31
C:\WINDOWS\SYSTEM32\directxdatabasehelper.dll
Image Base: 0x67600000  Image Size: 0x0004c000
File Size:  301224      File Time:  2025-03-12_094514
Version:
   Company:    Microsoft Corporation
   Product:    Microsoft® Windows® Operating System
   FileDesc:   DirectXDatabaseHelper
   FileVer:    10.0.26100.3323
   ProdVer:    10.0.26100.3323

Module 32
C:\Windows\System32\DriverStore\FileRepository\iigd_dch.inf_amd64_f63934308f6cc308\igdgmm32.dll
Image Base: 0x67650000  Image Size: 0x00336000
File Size:  3485600     File Time:  2024-03-05_090606
Version:
   Company:    Intel Corporation
   Product:    Intel HD Graphics Drivers for Windows(R)
   FileDesc:   User Mode Driver for Intel(R) Graphics Technology
   FileVer:    31.0.101.5333
   ProdVer:    31.0.101.5333

Module 33
C:\WINDOWS\SYSTEM32\dxcore.dll
Image Base: 0x6a820000  Image Size: 0x00039000
File Size:  219112      File Time:  2025-03-12_094514
Version:
   Company:    Microsoft Corporation
   Product:    Microsoft® Windows® Operating System
   FileDesc:   DXCore
   FileVer:    10.0.26100.3323
   ProdVer:    10.0.26100.3323

Module 34
C:\WINDOWS\SYSTEM32\dwmapi.dll
Image Base: 0x6a9e0000  Image Size: 0x0002a000
File Size:  152984      File Time:  2025-03-12_094516
Version:
   Company:    Microsoft Corporation
   Product:    Microsoft® Windows® Operating System
   FileDesc:   Microsoft Desktop Window Manager API
   FileVer:    10.0.26100.3323
   ProdVer:    10.0.26100.3323

Module 35
C:\WINDOWS\SYSTEM32\wldp.dll
Image Base: 0x72ca0000  Image Size: 0x00050000
File Size:  326000      File Time:  2025-01-15_114046
Version:
   Company:    Microsoft Corporation
   Product:    Microsoft® Windows® Operating System
   FileDesc:   Windows Lockdown Policy
   FileVer:    10.0.26100.2894
   ProdVer:    10.0.26100.2894

Module 36
C:\WINDOWS\SYSTEM32\virtdisk.dll
Image Base: 0x72d00000  Image Size: 0x00011000
File Size:  63792       File Time:  2024-12-13_150154
Version:
   Company:    Microsoft Corporation
   Product:    Microsoft® Windows® Operating System
   FileDesc:   Virtual Disk API DLL
   FileVer:    10.0.26100.1591
   ProdVer:    10.0.26100.1591

Module 37
C:\Windows\System32\cldapi.dll
Image Base: 0x72d20000  Image Size: 0x00028000
File Size:  143360      File Time:  2024-12-13_150156
Version:
   Company:    Microsoft Corporation
   Product:    Microsoft® Windows® Operating System
   FileDesc:   Cloud API user mode API
   FileVer:    10.0.26100.1882
   ProdVer:    10.0.26100.1882

Module 38
C:\WINDOWS\SYSTEM32\srvcli.dll
Image Base: 0x72d50000  Image Size: 0x0001e000
File Size:  82112       File Time:  2024-04-01_142216
Version:
   Company:    Microsoft Corporation
   Product:    Microsoft® Windows® Operating System
   FileDesc:   Server Service Client DLL
   FileVer:    10.0.26100.1
   ProdVer:    10.0.26100.1

Module 39
C:\WINDOWS\SYSTEM32\iertutil.dll
Image Base: 0x72d80000  Image Size: 0x00245000
File Size:  2374992     File Time:  2025-03-12_094520
Version:
   Company:    Microsoft Corporation
   Product:    Internet Explorer
   FileDesc:   Run time utility for Internet Explorer
   FileVer:    11.0.26100.3470
   ProdVer:    11.0.26100.3470

Module 40
C:\WINDOWS\SYSTEM32\urlmon.dll
Image Base: 0x72fd0000  Image Size: 0x001a8000
File Size:  1675264     File Time:  2025-03-12_094520
Version:
   Company:    Microsoft Corporation
   Product:    Internet Explorer
   FileDesc:   OLE32 Extensions for Win32
   FileVer:    11.0.26100.3470
   ProdVer:    11.0.26100.3470

Module 41
C:\WINDOWS\SYSTEM32\edputil.dll
Image Base: 0x73180000  Image Size: 0x0001d000
File Size:  103424      File Time:  2025-02-12_081128
Version:
   Company:    Microsoft Corporation
   Product:    Microsoft® Windows® Operating System
   FileDesc:   EDP util
   FileVer:    10.0.26100.3037
   ProdVer:    10.0.26100.3037

Module 42
C:\WINDOWS\SYSTEM32\cfgmgr32.dll
Image Base: 0x73450000  Image Size: 0x0004a000
File Size:  290928      File Time:  2025-03-12_094514
Version:
   Company:    Microsoft Corporation
   Product:    Microsoft® Windows® Operating System
   FileDesc:   Configuration Manager DLL
   FileVer:    10.0.26100.3323
   ProdVer:    10.0.26100.3323

Module 43
C:\WINDOWS\SYSTEM32\windows.staterepositoryclient.dll
Image Base: 0x734a0000  Image Size: 0x00037000
File Size:  218072      File Time:  2025-03-12_094532
Version:
   Company:    Microsoft Corporation
   Product:    Microsoft® Windows® Operating System
   FileDesc:   Windows StateRepository Client API
   FileVer:    10.0.26100.3323
   ProdVer:    10.0.26100.3323

Module 44
C:\WINDOWS\SYSTEM32\HID.DLL
Image Base: 0x734e0000  Image Size: 0x0000b000
File Size:  27648       File Time:  2024-04-01_142216
Version:
   Company:    Microsoft Corporation
   Product:    Microsoft® Windows® Operating System
   FileDesc:   Hid User Library
   FileVer:    10.0.26100.1
   ProdVer:    10.0.26100.1

Module 45
C:\WINDOWS\SYSTEM32\netutils.dll
Image Base: 0x734f0000  Image Size: 0x0000b000
File Size:  39328       File Time:  2024-12-13_150158
Version:
   Company:    Microsoft Corporation
   Product:    Microsoft® Windows® Operating System
   FileDesc:   Net Win32 API Helpers DLL
   FileVer:    10.0.26100.1882
   ProdVer:    10.0.26100.1882

Module 46
C:\ProgramData\Microsoft\Windows Defender\Platform\4.18.25010.11-0\X86\MpOav.dll
Image Base: 0x735d0000  Image Size: 0x00071000
File Size:  460704      File Time:  2025-03-07_202438
Version:
   Company:    Microsoft Corporation
   Product:    Microsoft® Windows® Operating System
   FileDesc:   IOfficeAntiVirus Module
   FileVer:    4.18.25010.11
   ProdVer:    4.18.25010.11

Module 47
C:\Windows\System32\Windows.FileExplorer.Common.dll
Image Base: 0x73650000  Image Size: 0x0008f000
File Size:  564736      File Time:  2025-03-12_094518
Version:
   Company:    Microsoft Corporation
   Product:    Microsoft® Windows® Operating System
   FileDesc:   Windows.FileExplorer.Common
   FileVer:    10.0.26100.3323
   ProdVer:    10.0.26100.3323

Module 48
C:\WINDOWS\SYSTEM32\amsi.dll
Image Base: 0x736f0000  Image Size: 0x00015000
File Size:  72192       File Time:  2024-04-01_142214
Version:
   Company:    Microsoft Corporation
   Product:    Microsoft® Windows® Operating System
   FileDesc:   Anti-Malware Scan Interface
   FileVer:    10.0.26100.1
   ProdVer:    10.0.26100.1

Module 49
C:\WINDOWS\system32\wbem\fastprox.dll
Image Base: 0x73710000  Image Size: 0x000cc000
File Size:  814080      File Time:  2025-03-12_094528
Version:
   Company:    Microsoft Corporation
   Product:    Microsoft® Windows® Operating System
   FileDesc:   WMI Custom Marshaller
   FileVer:    10.0.26100.3323
   ProdVer:    10.0.26100.3323

Module 50
C:\WINDOWS\SYSTEM32\PROPSYS.dll
Image Base: 0x737e0000  Image Size: 0x000cd000
File Size:  836832      File Time:  2025-03-12_094524
Version:
   Company:    Microsoft Corporation
   Product:    Windows® Search
   FileDesc:   Microsoft Property System
   FileVer:    7.0.26100.3323
   ProdVer:    7.0.26100.3323

Module 51
C:\WINDOWS\system32\wbem\wbemsvc.dll
Image Base: 0x738b0000  Image Size: 0x00011000
File Size:  49664       File Time:  2024-12-13_150214
Version:
   Company:    Microsoft Corporation
   Product:    Microsoft® Windows® Operating System
   FileDesc:   WMI
   FileVer:    10.0.26100.1000
   ProdVer:    10.0.26100.1000

Module 52
C:\WINDOWS\SYSTEM32\wbemcomn.dll
Image Base: 0x738d0000  Image Size: 0x00068000
File Size:  399360      File Time:  2024-04-01_142216
Version:
   Company:    Microsoft Corporation
   Product:    Microsoft® Windows® Operating System
   FileDesc:   WMI
   FileVer:    10.0.26100.1
   ProdVer:    10.0.26100.1

Module 53
C:\WINDOWS\system32\wbem\wbemprox.dll
Image Base: 0x73940000  Image Size: 0x0000e000
File Size:  38400       File Time:  2024-12-13_150212
Version:
   Company:    Microsoft Corporation
   Product:    Microsoft® Windows® Operating System
   FileDesc:   WMI
   FileVer:    10.0.26100.1000
   ProdVer:    10.0.26100.1000

Module 54
C:\WINDOWS\SYSTEM32\MSWSOCK.dll
Image Base: 0x73b10000  Image Size: 0x00053000
File Size:  326584      File Time:  2025-02-12_081140
Version:
   Company:    Microsoft Corporation
   Product:    Microsoft® Windows® Operating System
   FileDesc:   Microsoft Windows Sockets 2.0 Service Provider
   FileVer:    10.0.26100.3194
   ProdVer:    10.0.26100.3194

Module 55
C:\WINDOWS\SYSTEM32\cryptnet.dll
Image Base: 0x73ed0000  Image Size: 0x0002b000
File Size:  170008      File Time:  2025-02-12_081126
Version:
   Company:    Microsoft Corporation
   Product:    Microsoft® Windows® Operating System
   FileDesc:   Crypto Network Related API
   FileVer:    10.0.26100.3037
   ProdVer:    10.0.26100.3037

Module 56
C:\WINDOWS\SYSTEM32\profapi.dll
Image Base: 0x73f00000  Image Size: 0x00021000
File Size:  129728      File Time:  2025-03-12_094524
Version:
   Company:    Microsoft Corporation
   Product:    Microsoft® Windows® Operating System
   FileDesc:   User Profile Basic API
   FileVer:    10.0.26100.3323
   ProdVer:    10.0.26100.3323

Module 57
C:\WINDOWS\SYSTEM32\SspiCli.dll
Image Base: 0x73f60000  Image Size: 0x0002b000
File Size:  166944      File Time:  2025-02-12_081132
Version:
   Company:    Microsoft Corporation
   Product:    Microsoft® Windows® Operating System
   FileDesc:   Security Support Provider Interface
   FileVer:    10.0.26100.3037
   ProdVer:    10.0.26100.3037

Module 58
C:\WINDOWS\SYSTEM32\cryptbase.dll
Image Base: 0x73f90000  Image Size: 0x0000b000
File Size:  33184       File Time:  2025-01-15_114046
Version:
   Company:    Microsoft Corporation
   Product:    Microsoft® Windows® Operating System
   FileDesc:   Base cryptographic API DLL
   FileVer:    10.0.26100.2894
   ProdVer:    10.0.26100.2894

Module 59
C:\WINDOWS\system32\rsaenh.dll
Image Base: 0x73fa0000  Image Size: 0x00033000
File Size:  202056      File Time:  2025-03-12_094524
Version:
   Company:    Microsoft Corporation
   Product:    Microsoft® Windows® Operating System
   FileDesc:   Microsoft Enhanced Cryptographic Provider
   FileVer:    10.0.26100.3323
   ProdVer:    10.0.26100.3323

Module 60
C:\WINDOWS\SYSTEM32\windows.storage.dll
Image Base: 0x73fe0000  Image Size: 0x006c4000
File Size:  7127824     File Time:  2025-03-12_094522
Version:
   Company:    Microsoft Corporation
   Product:    Microsoft® Windows® Operating System
   FileDesc:   Microsoft WinRT Storage API
   FileVer:    10.0.26100.3470
   ProdVer:    10.0.26100.3470

Module 61
C:\WINDOWS\SYSTEM32\CRYPTSP.dll
Image Base: 0x746b0000  Image Size: 0x00015000
File Size:  79640       File Time:  2024-12-13_150158
Version:
   Company:    Microsoft Corporation
   Product:    Microsoft® Windows® Operating System
   FileDesc:   Cryptographic Service Provider API
   FileVer:    10.0.26100.2454
   ProdVer:    10.0.26100.2454

Module 62
C:\Windows\System32\rasadhlp.dll
Image Base: 0x746d0000  Image Size: 0x00008000
File Size:  13312       File Time:  2024-04-01_142236
Version:
   Company:    Microsoft Corporation
   Product:    Microsoft® Windows® Operating System
   FileDesc:   Remote Access AutoDial Helper
   FileVer:    10.0.26100.1
   ProdVer:    10.0.26100.1

Module 63
C:\WINDOWS\SYSTEM32\VERSION.dll
Image Base: 0x749a0000  Image Size: 0x00008000
File Size:  28976       File Time:  2024-04-01_142216
Version:
   Company:    Microsoft Corporation
   Product:    Microsoft® Windows® Operating System
   FileDesc:   Version Checking and File Installation Libraries
   FileVer:    10.0.26100.1
   ProdVer:    10.0.26100.1

Module 64
C:\WINDOWS\SYSTEM32\IPHLPAPI.DLL
Image Base: 0x749e0000  Image Size: 0x00027000
File Size:  147864      File Time:  2025-03-12_094526
Version:
   Company:    Microsoft Corporation
   Product:    Microsoft® Windows® Operating System
   FileDesc:   IP Helper API
   FileVer:    10.0.26100.3323
   ProdVer:    10.0.26100.3323

Module 65
C:\WINDOWS\system32\uxtheme.dll
Image Base: 0x74a30000  Image Size: 0x00082000
File Size:  512512      File Time:  2025-03-12_094528
Version:
   Company:    Microsoft Corporation
   Product:    Microsoft® Windows® Operating System
   FileDesc:   Microsoft UxTheme Library
   FileVer:    10.0.26100.3323
   ProdVer:    10.0.26100.3323

Module 66
C:\WINDOWS\SYSTEM32\dhcpcsvc.DLL
Image Base: 0x74ad0000  Image Size: 0x0001d000
File Size:  102840      File Time:  2025-03-12_094516
Version:
   Company:    Microsoft Corporation
   Product:    Microsoft® Windows® Operating System
   FileDesc:   DHCP Client Service
   FileVer:    10.0.26100.3323
   ProdVer:    10.0.26100.3323

Module 67
C:\WINDOWS\SYSTEM32\devobj.dll
Image Base: 0x74b10000  Image Size: 0x00024000
File Size:  143032      File Time:  2024-04-01_142236
Version:
   Company:    Microsoft Corporation
   Product:    Microsoft® Windows® Operating System
   FileDesc:   Device Information Set DLL
   FileVer:    10.0.26100.1
   ProdVer:    10.0.26100.1

Module 68
C:\WINDOWS\SYSTEM32\kernel.appcore.dll
Image Base: 0x74bb0000  Image Size: 0x00014000
File Size:  71888       File Time:  2024-12-13_150150
Version:
   Company:    Microsoft Corporation
   Product:    Microsoft® Windows® Operating System
   FileDesc:   AppModel API Host
   FileVer:    10.0.26100.1591
   ProdVer:    10.0.26100.1591

Module 69
C:\WINDOWS\SYSTEM32\msasn1.dll
Image Base: 0x74c10000  Image Size: 0x0000e000
File Size:  52240       File Time:  2025-01-15_114048
Version:
   Company:    Microsoft Corporation
   Product:    Microsoft® Windows® Operating System
   FileDesc:   ASN.1 Runtime APIs
   FileVer:    10.0.26100.2894
   ProdVer:    10.0.26100.2894

Module 70
C:\WINDOWS\SYSTEM32\WINHTTP.dll
Image Base: 0x74c30000  Image Size: 0x000db000
File Size:  893648      File Time:  2025-03-12_094530
Version:
   Company:    Microsoft Corporation
   Product:    Microsoft® Windows® Operating System
   FileDesc:   Windows HTTP Services
   FileVer:    10.0.26100.3323
   ProdVer:    10.0.26100.3323

Module 71
C:\WINDOWS\SYSTEM32\bcrypt.dll
Image Base: 0x74d50000  Image Size: 0x0001a000
File Size:  102312      File Time:  2025-02-12_081124
Version:
   Company:    Microsoft Corporation
   Product:    Microsoft® Windows® Operating System
   FileDesc:   Windows Cryptographic Primitives Library
   FileVer:    10.0.26100.3037
   ProdVer:    10.0.26100.3037

Module 72
C:\WINDOWS\SYSTEM32\UMPDC.dll
Image Base: 0x750b0000  Image Size: 0x0000e000
File Size:  51608       File Time:  2024-12-13_150156
Version:
   Company:    Microsoft Corporation
   Product:    Microsoft® Windows® Operating System
   FileDesc:   User Mode Power Dependency Coordinator
   FileVer:    10.0.26100.1301
   ProdVer:    10.0.26100.1301

Module 73
C:\WINDOWS\SYSTEM32\WINMM.dll
Image Base: 0x75120000  Image Size: 0x00033000
File Size:  196400      File Time:  2025-03-12_094514
Version:
   Company:    Microsoft Corporation
   Product:    Microsoft® Windows® Operating System
   FileDesc:   MCI API DLL
   FileVer:    10.0.26100.3323
   ProdVer:    10.0.26100.3323

Module 74
C:\WINDOWS\SYSTEM32\USERENV.dll
Image Base: 0x75160000  Image Size: 0x0001f000
File Size:  121440      File Time:  2024-12-13_150158
Version:
   Company:    Microsoft Corporation
   Product:    Microsoft® Windows® Operating System
   FileDesc:   Userenv
   FileVer:    10.0.26100.2454
   ProdVer:    10.0.26100.2454

Module 75
C:\WINDOWS\SYSTEM32\powrprof.dll
Image Base: 0x751c0000  Image Size: 0x00045000
File Size:  275896      File Time:  2024-04-01_142216
Version:
   Company:    Microsoft Corporation
   Product:    Microsoft® Windows® Operating System
   FileDesc:   Power Profile Helper DLL
   FileVer:    10.0.26100.1
   ProdVer:    10.0.26100.1

Module 76
C:\WINDOWS\System32\ole32.dll
Image Base: 0x75210000  Image Size: 0x00151000
File Size:  1387360     File Time:  2025-03-12_094514
Version:
   Company:    Microsoft Corporation
   Product:    Microsoft® Windows® Operating System
   FileDesc:   Microsoft OLE for Windows
   FileVer:    10.0.26100.3323
   ProdVer:    10.0.26100.3323

Module 77
C:\WINDOWS\System32\msvcp_win.dll
Image Base: 0x75370000  Image Size: 0x00085000
File Size:  505776      File Time:  2024-12-13_150208
Version:
   Company:    Microsoft Corporation
   Product:    Microsoft® Windows® Operating System
   FileDesc:   Microsoft® C Runtime Library
   FileVer:    10.0.26100.1882
   ProdVer:    10.0.26100.1882

Module 78
C:\WINDOWS\System32\imagehlp.dll
Image Base: 0x75400000  Image Size: 0x0001b000
File Size:  102728      File Time:  2024-04-01_142212
Version:
   Company:    Microsoft Corporation
   Product:    Microsoft® Windows® Operating System
   FileDesc:   Windows NT Image Helper
   FileVer:    10.0.26100.1
   ProdVer:    10.0.26100.1

Module 79
C:\WINDOWS\System32\combase.dll
Image Base: 0x75420000  Image Size: 0x00281000
File Size:  2635768     File Time:  2025-03-12_094516
Version:
   Company:    Microsoft Corporation
   Product:    Microsoft® Windows® Operating System
   FileDesc:   Microsoft COM for Windows
   FileVer:    10.0.26100.3323
   ProdVer:    10.0.26100.3323

Module 80
C:\WINDOWS\System32\KERNELBASE.dll
Image Base: 0x756b0000  Image Size: 0x002ab000
File Size:  2804152     File Time:  2025-03-12_094520
Version:
   Company:    Microsoft Corporation
   Product:    Microsoft® Windows® Operating System
   FileDesc:   Windows NT BASE API Client DLL
   FileVer:    10.0.26100.3470
   ProdVer:    10.0.26100.3470

Module 81
C:\WINDOWS\System32\MSCTF.dll
Image Base: 0x75960000  Image Size: 0x00117000
File Size:  1139984     File Time:  2025-03-12_094528
Version:
   Company:    Microsoft Corporation
   Product:    Microsoft® Windows® Operating System
   FileDesc:   MSCTF Server DLL
   FileVer:    10.0.26100.3323
   ProdVer:    10.0.26100.3323

Module 82
C:\WINDOWS\System32\wintrust.dll
Image Base: 0x75a80000  Image Size: 0x00066000
File Size:  411728      File Time:  2025-03-12_094528
Version:
   Company:    Microsoft Corporation
   Product:    Microsoft® Windows® Operating System
   FileDesc:   Microsoft Trust Verification APIs
   FileVer:    10.0.26100.3323
   ProdVer:    10.0.26100.3323

Module 83
C:\WINDOWS\System32\KERNEL32.DLL
Image Base: 0x75b50000  Image Size: 0x000f0000
File Size:  679152      File Time:  2025-03-12_094520
Version:
   Company:    Microsoft Corporation
   Product:    Microsoft® Windows® Operating System
   FileDesc:   Windows NT BASE API Client DLL
   FileVer:    10.0.26100.3323
   ProdVer:    10.0.26100.3323

Module 84
C:\WINDOWS\System32\sechost.dll
Image Base: 0x75c50000  Image Size: 0x00083000
File Size:  529544      File Time:  2025-03-12_094524
Version:
   Company:    Microsoft Corporation
   Product:    Microsoft® Windows® Operating System
   FileDesc:   Host for SCM/SDDL/LSA Lookup APIs
   FileVer:    10.0.26100.3323
   ProdVer:    10.0.26100.3323

Module 85
C:\WINDOWS\System32\USER32.dll
Image Base: 0x75ce0000  Image Size: 0x001c6000
File Size:  1852272     File Time:  2025-03-12_094528
Version:
   Company:    Microsoft Corporation
   Product:    Microsoft® Windows® Operating System
   FileDesc:   Multi-User Windows USER API Client DLL
   FileVer:    10.0.26100.3470
   ProdVer:    10.0.26100.3470

Module 86
C:\WINDOWS\System32\ucrtbase.dll
Image Base: 0x75eb0000  Image Size: 0x00110000
File Size:  1114168     File Time:  2025-02-12_081138
Version:
   Company:    Microsoft Corporation
   Product:    Microsoft® Windows® Operating System
   FileDesc:   Microsoft® C Runtime Library
   FileVer:    10.0.26100.3037
   ProdVer:    10.0.26100.3037

Module 87
C:\WINDOWS\System32\WS2_32.dll
Image Base: 0x75fd0000  Image Size: 0x00060000
File Size:  391984      File Time:  2024-12-13_150154
Version:
   Company:    Microsoft Corporation
   Product:    Microsoft® Windows® Operating System
   FileDesc:   Windows Socket 2.0 32-Bit DLL
   FileVer:    10.0.26100.1882
   ProdVer:    10.0.26100.1882

Module 88
C:\WINDOWS\System32\SHELL32.dll
Image Base: 0x760b0000  Image Size: 0x005f9000
File Size:  6296720     File Time:  2025-03-12_094526
Version:
   Company:    Microsoft Corporation
   Product:    Microsoft® Windows® Operating System
   FileDesc:   Windows Shell Common Dll
   FileVer:    10.0.26100.3323
   ProdVer:    10.0.26100.3323

Module 89
C:\WINDOWS\System32\CRYPT32.dll
Image Base: 0x76830000  Image Size: 0x00107000
File Size:  1065608     File Time:  2025-03-12_094516
Version:
   Company:    Microsoft Corporation
   Product:    Microsoft® Windows® Operating System
   FileDesc:   Crypto API32
   FileVer:    10.0.26100.3323
   ProdVer:    10.0.26100.3323

Module 90
C:\WINDOWS\System32\ADVAPI32.dll
Image Base: 0x76a00000  Image Size: 0x0007e000
File Size:  511408      File Time:  2025-03-12_094514
Version:
   Company:    Microsoft Corporation
   Product:    Microsoft® Windows® Operating System
   FileDesc:   Advanced Windows 32 Base API
   FileVer:    10.0.26100.3323
   ProdVer:    10.0.26100.3323

Module 91
C:\WINDOWS\System32\bcryptPrimitives.dll
Image Base: 0x76a90000  Image Size: 0x00069000
File Size:  427248      File Time:  2025-02-12_081124
Version:
   Company:    Microsoft Corporation
   Product:    Microsoft® Windows® Operating System
   FileDesc:   Windows Cryptographic Primitives Library
   FileVer:    10.0.26100.3037
   ProdVer:    10.0.26100.3037

Module 92
C:\WINDOWS\System32\clbcatq.dll
Image Base: 0x76b00000  Image Size: 0x00081000
File Size:  519504      File Time:  2024-04-01_142214
Version:
   Company:    Microsoft Corporation
   Product:    Microsoft® Windows® Operating System
   FileDesc:   COM+ Configuration Catalog
   FileVer:    2001.12.10941.16384
   ProdVer:    10.0.26100.1

Module 93
C:\WINDOWS\System32\SETUPAPI.dll
Image Base: 0x76b90000  Image Size: 0x0044f000
File Size:  4551496     File Time:  2025-03-12_094526
Version:
   Company:    Microsoft Corporation
   Product:    Microsoft® Windows® Operating System
   FileDesc:   Windows Setup API
   FileVer:    10.0.26100.3323
   ProdVer:    10.0.26100.3323

Module 94
C:\WINDOWS\System32\NSI.dll
Image Base: 0x76ff0000  Image Size: 0x00007000
File Size:  21808       File Time:  2025-01-15_114050
Version:
   Company:    Microsoft Corporation
   Product:    Microsoft® Windows® Operating System
   FileDesc:   NSI User-mode interface DLL
   FileVer:    10.0.26100.2894
   ProdVer:    10.0.26100.2894

Module 95
C:\WINDOWS\System32\msvcrt.dll
Image Base: 0x77000000  Image Size: 0x000c7000
File Size:  809440      File Time:  2024-12-13_150154
Version:
   Company:    Microsoft Corporation
   Product:    Microsoft® Windows® Operating System
   FileDesc:   Windows NT CRT DLL
   FileVer:    7.0.26100.1882
   ProdVer:    10.0.26100.1882

Module 96
C:\WINDOWS\System32\RPCRT4.dll
Image Base: 0x77170000  Image Size: 0x000b9000
File Size:  758280      File Time:  2025-02-12_081134
Version:
   Company:    Microsoft Corporation
   Product:    Microsoft® Windows® Operating System
   FileDesc:   Remote Procedure Call Runtime
   FileVer:    10.0.26100.3037
   ProdVer:    10.0.26100.3037

Module 97
C:\WINDOWS\System32\shcore.dll
Image Base: 0x77230000  Image Size: 0x000c9000
File Size:  810472      File Time:  2025-03-12_094524
Version:
   Company:    Microsoft Corporation
   Product:    Microsoft® Windows® Operating System
   FileDesc:   SHCORE
   FileVer:    10.0.26100.3470
   ProdVer:    10.0.26100.3470

Module 98
C:\WINDOWS\System32\win32u.dll
Image Base: 0x77370000  Image Size: 0x0001a000
File Size:  105944      File Time:  2025-03-12_094528
Version:
   Company:    Microsoft Corporation
   Product:    Microsoft® Windows® Operating System
   FileDesc:   Win32u
   FileVer:    10.0.26100.3470
   ProdVer:    10.0.26100.3470

Module 99
C:\WINDOWS\System32\SHLWAPI.dll
Image Base: 0x77390000  Image Size: 0x0004b000
File Size:  302776      File Time:  2025-02-12_081136
Version:
   Company:    Microsoft Corporation
   Product:    Microsoft® Windows® Operating System
   FileDesc:   Shell Light-weight Utility Library
   FileVer:    10.0.26100.3037
   ProdVer:    10.0.26100.3037

Module 100
C:\WINDOWS\System32\gdi32full.dll
Image Base: 0x773f0000  Image Size: 0x000ed000
File Size:  964368      File Time:  2025-03-12_094518
Version:
   Company:    Microsoft Corporation
   Product:    Microsoft® Windows® Operating System
   FileDesc:   GDI Client DLL
   FileVer:    10.0.26100.3470
   ProdVer:    10.0.26100.3470

Module 101
C:\WINDOWS\System32\OLEAUT32.dll
Image Base: 0x774e0000  Image Size: 0x0009e000
File Size:  640048      File Time:  2025-03-12_094522
Version:
   Company:    Microsoft Corporation
   Product:    Microsoft® Windows® Operating System
   FileDesc:   OLEAUT32.DLL
   FileVer:    10.0.26100.3323
   ProdVer:    10.0.26100.3323

Module 102
C:\WINDOWS\System32\IMM32.dll
Image Base: 0x77590000  Image Size: 0x00025000
File Size:  145224      File Time:  2024-04-01_142214
Version:
   Company:    Microsoft Corporation
   Product:    Microsoft® Windows® Operating System
   FileDesc:   Multi-User Windows IMM32 API Client DLL
   FileVer:    10.0.26100.1
   ProdVer:    10.0.26100.1

Module 103
C:\WINDOWS\System32\wintypes.dll
Image Base: 0x775c0000  Image Size: 0x000f9000
File Size:  1023752     File Time:  2025-01-15_114046
Version:
   Company:    Microsoft Corporation
   Product:    Microsoft® Windows® Operating System
   FileDesc:   Windows Base Types DLL
   FileVer:    10.0.26100.2894
   ProdVer:    10.0.26100.2894

Module 104
C:\WINDOWS\System32\PSAPI.DLL
Image Base: 0x776c0000  Image Size: 0x00006000
File Size:  18040       File Time:  2024-04-01_142214
Version:
   Company:    Microsoft Corporation
   Product:    Microsoft® Windows® Operating System
   FileDesc:   Process Status Helper
   FileVer:    10.0.26100.1
   ProdVer:    10.0.26100.1

Module 105
C:\WINDOWS\System32\GDI32.dll
Image Base: 0x776d0000  Image Size: 0x00022000
File Size:  132296      File Time:  2024-12-13_150156
Version:
   Company:    Microsoft Corporation
   Product:    Microsoft® Windows® Operating System
   FileDesc:   GDI Client DLL
   FileVer:    10.0.26100.2033
   ProdVer:    10.0.26100.2033

Module 106
C:\WINDOWS\SYSTEM32\ntdll.dll
Image Base: 0x77710000  Image Size: 0x001ba000
File Size:  1801216     File Time:  2025-03-12_094522
Version:
   Company:    Microsoft Corporation
   Product:    Microsoft® Windows® Operating System
   FileDesc:   NT Layer DLL
   FileVer:    10.0.26100.3323
   ProdVer:    10.0.26100.3323


== [end of error.log] ==
