Unity Player [version: Unity 5.6.7f1_e80cc3114ac1]

Dragonboy_vn_v222.exe caused an Access Violation (0xc0000005)
  in module Dragonboy_vn_v222.exe at 0023:009831b1.

Error occurred at 2025-03-13_072410.
C:\Users\Cuong Le\Desktop\C# winform\QLTK Nro Pro\QLTK Nro Pro\bin\Debug\Data\Version222\Dragonboy_vn_v222.exe, run by Unknown.
81% memory in use.
0 MB physical memory [3063 MB free].
0 MB paging file [432 MB free].
0 MB user address space [36 MB free].
Read from location 00000010 caused an access violation.

Context:
EDI:    0x00000010  ESI: 0x00000000  EAX:   0x00000010
EBX:    0x00fc7724  ECX: 0x7ffffffe  EDX:   0x04169073
EIP:    0x009831b1  EBP: 0x016feb58  SegCs: 0x00000023
EFlags: 0x00210202  ESP: 0x016fe8cc  SegSs: 0x0000002b

Bytes at CS:EIP:
80 38 00 74 05 40 85 c9 75 f5 2b 85 e0 fd ff ff 

Stack:
0x016fe8cc: 016feb98 04169040 00000013 03ddea60 ..o.@.......`...
0x016fe8dc: 00000007 00000000 00000007 04902ab8 .............*..
0x016fe8ec: 037905c0 04340000 00000003 fffffffa ..y...4.........
0x016fe8fc: 037919f8 03791b68 037905b8 00000001 ..y.h.y...y.....
0x016fe90c: 00000000 00000000 00000000 00fc7724 ............$w..
0x016fe91c: 00000000 00000000 00000000 016feb78 ............x.o.
0x016fe92c: 0000000c 00000006 0000006d 00000010 ........m.......
0x016fe93c: 016febe8 ffffffff 733a34d8 00000000 ..o......4:s....
0x016fe94c: 100539a9 0517b5b0 016fe9ac 00000001 .9........o.....
0x016fe95c: 00000001 016feca4 103a33e0 00000014 ......o..3:.....
0x016fe96c: 016fe980 100ea1f8 7778974c 7778974c ..o.....L.xwL.xw
0x016fe97c: 75802ec5 00000408 016fe9a0 016fe9ac ...u......o...o.
0x016fe98c: 00000008 0000000e ffffffff 00000005 ................
0x016fe99c: 75802eea 00000000 00000000 00000408 ...u............
0x016fe9ac: 0000d02e 00000000 0000e000 00000000 ................
0x016fe9bc: 0000d02e 00000000 00000001 fffffffe ................
0x016fe9cc: 00000000 da5b289a 016fe9f8 777a5831 .....([...o.1Xzw
0x016fe9dc: 03790924 77762b89 011f39c0 00000140 $.y..+vw.9..@...
0x016fe9ec: ffffffff 00000140 0000d02e 016fea04 ....@.........o.
0x016fe9fc: 0098dfbb 03790924 016fea48 00986475 ....$.y.H.o.ud..
0x016fea0c: 00000005 0098646c 17678007 00000000 ....ld....g.....
0x016fea1c: 01106c00 00000000 0000d02e 00000000 .l..............
0x016fea2c: 016fea10 016fea14 016fed44 016fed48 ..o...o.D.o.H.o.
0x016fea3c: 009806f0 17063987 fffffffe 0098646c .....9......ld..
0x016fea4c: 009859d1 00000005 00000000 016fea74 .Y..........t.o.
0x016fea5c: 00990039 016feab4 037919f8 03791b68 9.....o...y.h.y.
0x016fea6c: 016fecfe 00000000 016fed10 00982ba6 ..o.......o..+..
0x016fea7c: 0000000a 00982be5 01106c00 00000000 .....+...l......
0x016fea8c: 009833f3 016feaa8 00000000 00000000 .3....o.........
0x016fea9c: 00000000 037905c0 037905c0 016fecdc ......y...y...o.
0x016feaac: fffffffa fffffffa 037919f8 03791b68 ..........y.h.y.
0x016feabc: 037905b8 03790001 00000000 00000000 ..y...y.........
0x016feacc: 00000000 00f3af4d 00000000 00000000 ....M...........
0x016feadc: 00000000 01106c00 016feb30 00000006 .....l..0.o.....
0x016feaec: 00000057 016fecfe 016fedb8 fffffffa W.....o...o.....
0x016feafc: 00790000 00001000 77763e89 0001e5b8 ..y......>vw....
0x016feb0c: 03790000 00000000 00000004 7778963c ..y.........<.xw
0x016feb1c: 77763d12 ffffffff 016feb44 00000000 .=vw....D.o.....
0x016feb2c: 016feb48 fffffffe 00000000 016feb5c H.o.........\.o.
0x016feb3c: 777a5831 03790258 32312b89 36393234 1XzwX.y..+124296
0x016feb4c: 03795300 00000000 17678117 016feb98 .Sy.......g...o.
0x016feb5c: 0097ea6b 016feb78 00fc76b8 00000000 k...x.o..v......
0x016feb6c: 016febe0 04169040 00008000 041690ad ..o.@...........
0x016feb7c: 00007f93 04169040 00000042 00000000 ....@...B.......
0x016feb8c: 00000000 00000000 00000000 016febb4 ..............o.
0x016feb9c: 0097eaac 04169040 00008000 00fc76b8 ....@........v..
0x016febac: 00000000 016febe0 016febcc 007e8b38 ......o...o.8.~.
0x016febbc: 04169040 00008000 00fc76b8 016febe0 @........v....o.
0x016febcc: 016fee00 007db309 04169040 00008000 ..o...}.@.......
0x016febdc: 00fc76b8 0001e588 00000010 00f6a990 .v..............
0x016febec: 000001cf 00f347a8 0001e588 00000010 .....G..........
0x016febfc: 00000000 00000298 03790000 016febf8 ..........y...o.
0x016fec0c: 7775232e 016ffd5c 77792110 769d4b95 .#uw\.o..!yw.K.v
0x016fec1c: fffffffe 037900c0 00976c98 03790000 ......y..l....y.
0x016fec2c: 00000000 00000298 00000000 00000298 ................
0x016fec3c: 00000000 016fec4c 0095b78c 00000298 ....L.o.........
0x016fec4c: 016fec5c 0095b8ae c0000017 00000002 \.o.............
0x016fec5c: 016fef68 00000001 016fec8c 00000298 h.o.......o.....
0x016fec6c: 00f684b4 00000000 00003cb7 777a5861 .........<..aXzw
0x016fec7c: 777a5861 03790924 77763aeb 00000140 aXzw$.y..:vw@...
0x016fec8c: 03790918 fffffffe 00000000 016fecbc ..y...........o.
0x016fec9c: 777a5831 03790924 77762b89 011f39c0 1Xzw$.y..+vw.9..
0x016fecac: 00000140 00000005 016feca0 0eab5978 @.........o.xY..
0x016fecbc: 016fecc8 0098dfbb 03790924 016fed08 ..o.....$.y...o.
0x016feccc: 00986f1f 00000005 00986f15 17678747 .o.......o..G.g.
0x016fecdc: 00000057 01106c00 00000000 011a2920 W....l...... )..
0x016fecec: 00000057 fffffffe 00000000 016fed1c W.............o.
0x016fecfc: 777a5831 011a2920 77762b89 00f3aef8 1Xzw )...+vw....
0x016fed0c: 00000000 00000000 03798480 00000057 ..........y.W...
0x016fed1c: 016fed28 00987594 011a2920 016fed34 (.o..u.. )..4.o.
0x016fed2c: 009788cb 00000011 016fed70 0097b130 ........p.o.0...
0x016fed3c: 01106c00 0097b127 1767873f 00f3aef8 .l..'...?.g.....
0x016fed4c: 016fedb0 00000000 00000000 016fed44 ..o.........D.o.
0x016fed5c: 0097b5e9 016ffd5c 009806f0 17062537 ....\.o.....7%..
0x016fed6c: fffffffe 0097b127 004f871d 01106c00 ....'.....O..l..
0x016fed7c: 01106c00 00f3aef8 016fedb0 00000000 .l........o.....
0x016fed8c: 0118c950 016feda4 004f8762 00000005 P.....o.b.O.....
0x016fed9c: 00f3aef8 016fedb0 016fedf0 001c9aaf ......o...o.....
0x016fedac: 00f3aef8 0001e588 00000000 0118c950 ............P...
0x016fedbc: 0118ca10 0001e588 00000000 00000000 ................
0x016fedcc: 00000000 00000000 00000000 00000000 ................
0x016feddc: 00000000 00000000 00000005 00020000 ................
0x016fedec: 0001e59b 016fee0c 001c9bc8 0001e588 ......o.........
0x016fedfc: 00000010 016fee44 007db7fd 0001e588 ....D.o...}.....
0x016fee0c: 00000010 00000013 000001cf 00f347a8 .............G..
0x016fee1c: 0001e588 00000001 00000000 00000000 ................
0x016fee2c: 00000000 00000000 00000000 00000000 ................
0x016fee3c: 00000000 00000000 016fee90 007db8b4 ..........o...}.
0x016fee4c: 0001e588 00000001 00000013 00000000 ................
0x016fee5c: 00f347a8 000001cf 0001e588 040408b8 .G..............
0x016fee6c: 0001e588 00000030 040408b0 0007a047 ....0.......G...
0x016fee7c: 037a9ab0 016fee98 001c95bd 00000030 ..z...o.....0...
0x016fee8c: 0118b3c0 016feeb4 007dbcb6 00000000 ......o...}.....
0x016fee9c: 0001e588 00000001 00000013 00000000 ................
0x016feeac: 00f347a8 000001cf 016feee0 004e1780 .G........o...N.
0x016feebc: 00000000 0001e588 00000001 00000013 ................
0x016feecc: 00000000 00f347a8 000001cf 00000005 .....G..........
0x016feedc: 040408b0 016feef8 004516af 0001e588 ......o...E.....
0x016feeec: 00000005 6b2e32c0 00000013 016fef30 .....2.k....0.o.
0x016feefc: 0045243d 00000013 0000015e 00000043 =$E.....^...C...
0x016fef0c: 00000005 0001e584 00000001 00000009 ................
0x016fef1c: 00000000 00000001 0001e584 00000005 ................
0x016fef2c: 00000000 016fef80 004526dd 0000015e ......o..&E.^...
0x016fef3c: 00000043 00000005 0001e584 00000000 C...............
0x016fef4c: 00000001 00000009 6b2e32c0 00000043 .........2.kC...
0x016fef5c: 0000015e 0000015e 00000043 00000008 ^...^...C.......
0x016fef6c: 00000006 00000000 00000000 00000000 ................
0x016fef7c: 6b2e32c0 016fefe4 0042f058 0000015e .2.k..o.X.B.^...
0x016fef8c: 00000043 00000005 00000005 00000001 C...............
0x016fef9c: 00000009 00000000 00f684b4 016ff080 ..............o.
0x016fefac: 00000000 00000000 00000000 0eb4cb30 ............0...
0x016fefbc: 0eac7b10 0eb4cb30 016ff020 00425770 .{..0... .o.pWB.
0x016fefcc: 00f684b4 15491010 00000000 00000005 ......I.........
0x016fefdc: 00000043 0100015e 016ff054 0042fe68 C...^...T.o.h.B.
0x016fefec: 00000005 0000015e 00000043 13c48f00 ....^...C.......
0x016feffc: 016ff040 016ff080 13c48f00 15491010 @.o...o.......I.
0x016ff00c: 6b2e32c0 00f684b4 004e1700 0000015e .2.k......N.^...
0x016ff01c: 00000043 016ff028 00425570 15491046 C...(.o.pUB.F.I.
0x016ff02c: 00004a25 0eb4cb30 0eac7b10 004534cf %J..0....{...4E.
0x016ff03c: 03e0de40 00000000 00000000 00000000 @...............
0x016ff04c: 00000000 00000000 016ff0b8 00431955 ..........o.U.C.
0x016ff05c: 6b2e32c0 15491010 00004a5b 13c48f00 .2.k..I.[J......
0x016ff06c: 00000005 016ff080 00004a5b 6b2e32c0 ......o.[J...2.k
0x016ff07c: 00000000 00000000 00000001 00000000 ................
0x016ff08c: 00000000 00000000 6b2e32c0 016ff0a8 .........2.k..o.
0x016ff09c: 007c4dce 00000004 14d59550 016ff0f8 .M|.....P.....o.
0x016ff0ac: 0564a755 13c48f00 00000001 016ff0d4 U.d...........o.
0x016ff0bc: 00431c5c 6b2e32c0 00004a5b 00000000 \.C..2.k[J......
0x016ff0cc: 00000000 14d59550 016ff0f8 007c7f23 ....P.....o.#.|.
0x016ff0dc: 6b2e32c0 15491010 00004a5b 00000000 .2.k..I.[J......
0x016ff0ec: 00000000 00000003 13c48f90 016ff138 ............8.o.
0x016ff0fc: 05669e1c 13c48f90 15491000 00000000 ..f.......I.....
0x016ff10c: 00000000 016ff138 03781208 037811b0 ....8.o...x...x.
0x016ff11c: 14d59550 05669df9 14d59550 00000003 P.....f.P.......
0x016ff12c: 14d59550 016ff138 05669dec 016ff158 P...8.o...f.X.o.
0x016ff13c: 05669dd6 13c48f90 15491000 00000000 ..f.......I.....
0x016ff14c: 00000000 00000000 3f800000 016ff198 ...........?..o.
0x016ff15c: 05669cfd 13c48f90 15491000 00000003 ..f.......I.....
0x016ff16c: 14d59550 016ff178 14d947d0 016ff198 P...x.o..G....o.
0x016ff17c: 056699b9 00000000 14d947d0 1466f938 ..f......G..8.f.
0x016ff18c: 0000002a 14d59550 14d59550 016ff238 *...P...P...8.o.
0x016ff19c: 056e6aa8 15491000 00000000 016ff1e8 .jn...I.......o.
0x016ff1ac: 056e6a7f 000003e8 00000000 00000032 .jn.........2...
0x016ff1bc: 00000000 0000c351 00000000 0000c351 ....Q.......Q...
0x016ff1cc: 0ffa3aa0 0ffa8e00 14d59550 016ff238 .:......P...8.o.
0x016ff1dc: 056e591e 0501cae0 14d59550 016ff238 .Yn.....P...8.o.
0x016ff1ec: 056e5a82 0ffa3aa0 00000000 0ffa8e00 .Zn..:..........
0x016ff1fc: 00000000 000003e0 0ffa8e00 016ff238 ............8.o.
0x016ff20c: 056e5cd0 0ffa8e00 00000000 fffffe70 .\n.........p...
0x016ff21c: 0000041a 00000000 14657c78 00000000 ........x|e.....
0x016ff22c: 14d59550 00000000 00000003 016ff438 P...........8.o.
0x016ff23c: 056dab39 0ffa8e00 0ffa8e00 016ff438 9.m.........8.o.
0x016ff24c: 056daa22 04047150 002a4d7b 037a9a50 ".m.Pq..{M*.P.z.
0x016ff25c: 016ff274 00000180 0000009b 0ffa8e00 t.o.............
0x016ff26c: 00000150 0ffafd80 016ff288 007dadca P.........o...}.
0x016ff27c: 04047010 0502da00 121f71a0 016ff298 .p.......q....o.
0x016ff28c: 007db202 04047010 00000042 016ff2e8 ..}..p..B.....o.
0x016ff29c: 016ff2b8 004ce317 00000001 007af83b ..o...L.....;.z.
0x016ff2ac: 44474000 441b8000 00000000 016ff2f8 .@GD...D......o.
0x016ff2bc: 056322af 016ff31c 00000042 04047010 ."c...o.B....p..
0x016ff2cc: 00000011 016ff2f8 03781208 037811b0 ......o...x...x.
0x016ff2dc: 121f71a0 05632299 05629460 0502da00 .q..."c.`.b.....
0x016ff2ec: 00000001 1463bbc0 00000001 1463bc20 ......c..... .c.
0x016ff2fc: 00000001 1463bc80 00000001 1463bd60 ......c.....`.c.
0x016ff30c: 00000000 14d59550 03781208 007aee55 ....P.....x.U.z.
0x016ff31c: 00000001 1463bde0 00000001 1463be80 ......c.......c.
0x016ff32c: 00000001 1463bee0 00000001 147088d0 ......c.......p.
0x016ff33c: 121f71a0 016ff348 0563293c 14d59550 .q..H.o.<)c.P...
0x016ff34c: 0565ec58 14d59550 0000031d 14c99690 X.e.P...........
0x016ff35c: 0000018e 441b8000 14d59550 00000000 .......DP.......
0x016ff36c: 00000000 00000000 00000000 00000000 ................
0x016ff37c: 00000000 00000000 00000000 00000000 ................
0x016ff38c: 00000000 00000000 14d59550 00000003 ........P.......
0x016ff39c: 00000000 00000000 00000000 00000000 ................
0x016ff3ac: 00000000 14d59550 00000003 14d59550 ....P.......P...
0x016ff3bc: 00000003 00000000 00000007 00000000 ................
0x016ff3cc: 14d59550 00000003 00000000 00000000 P...............
0x016ff3dc: 00000000 00000000 00000000 00000000 ................
0x016ff3ec: 00000000 121f71a0 05629460 016ff418 .....q..`.b...o.
0x016ff3fc: 0565cbc4 05020ea0 00000000 00000000 ..e.............
0x016ff40c: 1021f600 016ff438 05022ed0 016ff438 ..!.8.o.....8.o.
0x016ff41c: 0565cba3 0ff98660 05629460 0502da00 ..e.`...`.b.....
0x016ff42c: 121f71a0 05022ed0 05629460 016ff488 .q......`.b...o.
0x016ff43c: 0565f5a8 0ffa3aa0 0ffa8e00 016ff458 ..e..:......X.o.
0x016ff44c: 05620fd8 103fc3e4 015df000 00000000 ..b...?...].....
0x016ff45c: 121f71a0 0502da00 05629460 016ff488 .q......`.b...o.
0x016ff46c: 0565f094 13c48fa0 13c48fc0 0502da00 ..e.............
0x016ff47c: 121f71a0 0502da00 05629460 016ff508 .q......`.b...o.
0x016ff48c: 05642308 05022ed0 0ffa8f00 016ff508 .#d...........o.
0x016ff49c: 05642280 0079ca01 05633b48 016ff4e8 ."d...y.H;c...o.
0x016ff4ac: 056420b1 00000000 05633b48 00000007 . d.....H;c.....
0x016ff4bc: 13c48fc0 00000000 000003e8 00000000 ................
0x016ff4cc: 00000016 8ce31808 00000195 016ff8f0 ..............o.
0x016ff4dc: 00000007 016ff4e8 0564208c 016ff508 ......o.. d...o.
0x016ff4ec: 05633b1d 00000000 44834000 4413c000 .;c......@.D...D
0x016ff4fc: 04278450 121f71a0 016ff8ec 016ff550 P.'..q....o.P.o.
0x016ff50c: 056294a1 0502da00 00001de8 00000000 ..b.............
0x016ff51c: 471c4000 016ff538 10001e35 1036ee78 .@.G8.o.5...x.6.
0x016ff52c: 1036ee78 fffffffe 00000000 00000000 x.6.............
0x016ff53c: 777a5831 05014e70 77762b89 1036ee78 1XzwpN...+vwx.6.
0x016ff54c: 121f71a0 016ff580 100f1d2d 0502da00 .q....o.-.......
0x016ff55c: 016ff670 016ff8ec 056421b0 00010000 p.o...o..!d.....
0x016ff56c: 00000000 1036ee78 00000000 05014e70 ....x.6.....pN..
0x016ff57c: 3f800000 016ff5a4 1005d8f4 1036ee78 ...?..o.....x.6.
0x016ff58c: 0502da00 016ff670 016ff8ec 1036ee78 ....p.o...o.x.6.
0x016ff59c: 0502da00 00000000 016ff5c4 00647820 ..........o. xd.
0x016ff5ac: 1036ee78 0502da00 016ff670 016ff8ec x.6.....p.o...o.
0x016ff5bc: 016ff8ec 016ff610 016ff5f0 006442c2 ..o...o...o..Bd.
0x016ff5cc: 016ff5fc 1036ee78 00000001 0502da00 ..o.x.6.........
0x016ff5dc: 016ff610 016ff8ec 00000000 04278450 ..o...o.....P.'.
0x016ff5ec: 0eecf400 016ff8f8 004c7b43 016ff8e4 ......o.C{L...o.
0x016ff5fc: 016ff8ec 00000000 03d66ec0 0eecf400 ..o......n......
0x016ff60c: 1036ee78 00000000 00000002 00000000 x.6.............
0x016ff61c: 00000000 00000000 00000002 00000000 ................
0x016ff62c: 00000000 00000000 00000002 00000000 ................
0x016ff63c: 00000000 00000000 00000002 00000000 ................
0x016ff64c: 00000000 00000000 00000002 00000000 ................
0x016ff65c: 00000000 00000000 00000002 00000000 ................
0x016ff66c: 00000000 00000000 00000000 00000000 ................
0x016ff67c: 00000000 00000000 00000000 00000000 ................
0x016ff68c: 00000000 00000000 00000000 00000000 ................
0x016ff69c: 00000000 00000000 00000002 00000000 ................
0x016ff6ac: 00000000 00000000 00000002 00000001 ................
0x016ff6bc: 00000001 016ff601 00000001 00000000 ......o.........
0x016ff6cc: 00000000 00000000 00000000 1036ee78 ............x.6.
0x016ff6dc: 00000001 0502da00 00000000 00000000 ................
0x016ff6ec: 00000000 00000000 0eecf400 00000001 ................
0x016ff6fc: 00000000 00000000 00000000 00001de8 ................
0x016ff70c: c1200000 00000000 40a00000 0000024f .. ........@O...
0x016ff71c: 3f32b438 00000000 3f374e33 40e521c0 8.2?....3N7?.!.@
0x016ff72c: bf32b438 00000000 3f374e33 40e521c0 8.2.....3N7?.!.@
0x016ff73c: 00000000 3f5db3d7 3f000000 40844985 ......]?...?.I.@
0x016ff74c: 00000000 bf5db3d7 3f000000 40bbb67b ......]....?{..@
0x016ff75c: 80000000 016ff700 016ff708 016ff710 ......o...o...o.
0x016ff76c: 00000000 00000000 00000000 00000000 ................
0x016ff77c: 00000000 00000000 00000000 00000000 ................
0x016ff78c: 00000000 00000001 00000001 00000001 ................
0x016ff79c: 4413c000 00000000 00000000 00000000 ...D............
0x016ff7ac: 00000000 00000000 00000000 04275934 ............4Y'.
0x016ff7bc: 00000006 00000003 44778000 1026bf50 ..........wDP.&.
0x016ff7cc: 10273700 00000000 00000000 00000000 .7'.............
0x016ff7dc: 00000000 00000000 00000000 44770101 ..............wD
0x016ff7ec: 44778000 44778000 44778000 44778000 ..wD..wD..wD..wD
0x016ff7fc: 44778000 44778000 016ffa98 103da070 ..wD..wD..o.p.=.
0x016ff80c: 016ff818 0079bf8a 03e00c50 016ff858 ..o...y.P...X.o.
0x016ff81c: 05633a27 03e00c50 00000000 44778000 ':c.P.........wD
0x016ff82c: 44778000 016ff858 03781208 037811b0 ..wDX.o...x...x.
0x016ff83c: 103da070 05633a11 05630f20 016ffa98 p.=..:c. .c...o.
0x016ff84c: 103da070 016ff858 05633a04 016ff878 p.=.X.o..:c.x.o.
0x016ff85c: 056338da 03e00c50 00000000 00000000 .8c.P...........
0x016ff86c: 00000000 3f8013ab 3f800000 016ff8b8 .......?...?..o.
0x016ff87c: 00000010 037a9270 00000010 03e0dbe0 ....p.z.........
0x016ff88c: 000cf6f2 037a9270 016ff8ac 001c95bd ....p.z...o.....
0x016ff89c: 00000010 0118c8b0 00000010 0118c780 ................
0x016ff8ac: 016ff8c4 001c9b85 03e0dbe0 00000010 ..o.............
0x016ff8bc: 00000010 0118b3c0 016ff8fc 007db7de ..........o...}.
0x016ff8cc: 00000010 00000010 00000000 00000010 ................
0x016ff8dc: 00000001 00001de8 00000000 0502da00 ................
0x016ff8ec: 00000000 00000000 00000000 016ff91c ..............o.
0x016ff8fc: 004ce174 00000000 03de30d0 00000000 t.L......0......
0x016ff90c: 00000000 1036ee78 00000001 00001de8 ....x.6.........
0x016ff91c: 016ff958 007f14fa 00000000 03de30d0 X.o..........0..
0x016ff92c: 00000000 00000000 1036ee78 00000001 ........x.6.....
0x016ff93c: 00001de8 0eecf400 04278450 03e0dbe0 ........P.'.....
0x016ff94c: 042781a0 00000001 00f738a0 016ffac4 ..'......8....o.
0x016ff95c: 004cc4f6 00000000 00000000 00000000 ..L.............
0x016ff96c: 00000000 042781a0 00000004 00000000 ......'.........
0x016ff97c: 016ffa54 03d63850 00000000 0000b31a T.o.P8..........
0x016ff98c: ffffffb2 0000041a 0118c8b0 0118c8b0 ................
0x016ff99c: 037a9bd0 03d72f50 03d73b50 00017c81 ..z.P/..P;...|..
0x016ff9ac: 037a9bd0 016ff9c8 001c96ff 03d72f50 ..z...o.....P/..
0x016ff9bc: 03d72f50 0118b3c0 00000000 016ff9dc P/............o.
0x016ff9cc: 007dadca 03d72fb0 03d72f50 016ff978 ..}../..P/..x.o.
0x016ff9dc: 00000000 00000000 00000000 00000000 ................
0x016ff9ec: 00000000 00000000 00000000 00000000 ................
0x016ff9fc: 00000000 00000000 00000000 00000001 ................
0x016ffa0c: 00000000 00000000 00000000 00000000 ................
0x016ffa1c: 00000000 00000000 00000000 00000000 ................
0x016ffa2c: 00000000 00000000 00000000 00000001 ................
0x016ffa3c: 00000000 10271118 03d5a000 00000000 ......'.........
0x016ffa4c: 00000000 00000000 00000000 00000000 ................
0x016ffa5c: 0483e200 00000101 0edba060 0edba060 ........`...`...
0x016ffa6c: 016ffa6c 016ffa6c 042781a0 0eecf478 l.o.l.o...'.x...
0x016ffa7c: 00000000 04278388 03e0dbe0 03e0dbe0 ......'.........
0x016ffa8c: 03e0dbf0 00000000 00000000 00000007 ................
0x016ffa9c: 03e00c50 00000000 00000000 00000000 P...............
0x016ffaac: 00000000 00000001 00000000 042781a0 ..............'.
0x016ffabc: 00000000 00000000 016ffb10 004cd4fd ..........o...L.
0x016ffacc: 016ffadc 00000000 04901420 00000000 ..o..... .......
0x016ffadc: 00000007 444c8000 3f800000 c0000000 ......LD...?....
0x016ffaec: bf800000 00000000 00000000 3f800000 ...............?
0x016ffafc: 00000391 00000000 00000000 00000000 ................
0x016ffb0c: 004bf300 016ffb28 007e520b 00000000 ..K.(.o..R~.....
0x016ffb1c: 75d7d300 75d8c270 04902c00 016ffb68 ...up..u.,..h.o.
0x016ffb2c: 007e5289 00000000 0051cc9d 00158b31 .R~.......Q.1...
0x016ffb3c: 00158d09 00000000 00000001 00060912 ................
0x016ffb4c: 000000ff 00000001 0437084d 03e558fb ........M.7..X..
0x016ffb5c: 0000037c 00000000 00000bac 016ffcc4 |.............o.
0x016ffb6c: 001673b3 0097e847 00000000 015dc000 .s..G.........].
0x016ffb7c: 03d6f710 00000078 016ffb8c 016ffc18 ....x.....o...o.
0x016ffb8c: 0000001b 00000078 00000042 00000200 ....x...B.......
0x016ffb9c: 03790000 777a1653 03792fc0 00000400 ..y.S.zw./y.....
0x016ffbac: 00000000 00000001 03d6fa90 0000007e ............~...
0x016ffbbc: 04100800 bfebfbff 000806d1 0000007e ............~...
0x016ffbcc: 00000042 03d6f810 0000007d 1c004121 B.......}...!A..
0x016ffbdc: 02c0003f 0000003f 0000007d 00000042 ?...?...}...B...
0x016ffbec: 03d77d50 0000006f 00000000 1c004143 P}..o.......CA..
0x016ffbfc: 04c0003f 0000006f 00000042 1c03c163 ?...o...B...c...
0x016ffc0c: 01c0003f 00005fff 00000004 03791b68 ?...._......h.y.
0x016ffc1c: 037905b8 016ffc00 03d6f890 00000074 ..y...o.....t...
0x016ffc2c: 03792920 0107bf28 0000000f 00000074  )y.(.......t...
0x016ffc3c: 00000042 0000024f 00000000 00637465 B...O.......etc.
0x016ffc4c: 00646567 03792f01 016ffc78 00000003 ged../y.x.o.....
0x016ffc5c: 00000042 03d5ba90 03d5bac8 03d5bac8 B...............
0x016ffc6c: 016ffc84 00000000 65646968 646e6957 ..o.....hideWind
0x016ffc7c: 0100776f 037905b8 0000000a 00000042 ow....y.....B...
0x016ffc8c: 037a83a0 0000024f 00000000 00000000 ..z.O...........
0x016ffc9c: 00000000 65726170 5748746e 0100444e ....parentHWND..
0x016ffcac: 0099c625 0000000a 00000042 0112d860 %.......B...`...
0x016ffcbc: 00000000 005dc001 016ffcdc 00940b68 ......]...o.h...
0x016ffccc: 000f0000 00000000 019093e9 00000001 ................
0x016ffcdc: 016ffd6c 0097e7f4 000f0000 00000000 l.o.............
0x016ffcec: 019093e9 00000001 17679723 0097e847 ........#.g.G...
0x016ffcfc: 0097e847 015dc000 00000044 0190747a G.....].D...zt..
0x016ffd0c: 0190745a 0190737c 00000000 00000000 Zt..|s..........
0x016ffd1c: 00000000 00000000 00000000 00000000 ................
0x016ffd2c: 00000000 00000001 00000001 00000000 ................
0x016ffd3c: 016ffd68 016ffd68 0099054d c0000005 h.o.h.o.M.......
0x016ffd4c: 0097e847 00000000 016ffcf4 016fdcb4 G.........o...o.
0x016ffd5c: 016ffdc4 009806f0 17063b17 00000000 ..o......;......
0x016ffd6c: 016ffd7c 75b65d49 015dc000 75b65d30 |.o.I].u..].0].u
0x016ffd7c: 016ffdd4 7777ce3b 015dc000 00700489 ..o.;.ww..]...p.
0x016ffd8c: 00000000 00000000 015dc000 c0000005 ..........].....
0x016ffd9c: 758f3cb0 2f8d12a2 44a88be3 00000000 .<.u.../...D....
0x016ffdac: 00000000 016fdc94 5a022e12 00000000 ......o....Z....
0x016ffdbc: 016ffd88 016fdc94 016ffddc 77792110 ..o...o...o..!yw
0x016ffdcc: 769d457d 00000000 016ffde4 7777cdc1 }E.v......o...ww
0x016ffddc: ffffffff 777c1607 00000000 00000000 ......|w........
0x016ffdec: 0097e847 015dc000 00000000 00000000 G.....].........
0x016ffdfc: 00000000 00000000 00000000 00000000 ................
0x016ffe0c: 00000000 00000000 00000000 00000000 ................
0x016ffe1c: 00000000 00000000 00000000 00000000 ................
0x016ffe2c: 00000000 00000000 00000000 00000000 ................
0x016ffe3c: 00000000 00000000 00000000 00000000 ................
0x016ffe4c: 00000000 00000000 00000000 00000000 ................
0x016ffe5c: 00000000 00000000 00000000 00000000 ................
0x016ffe6c: 00000000 00000000 00000000 00000000 ................
0x016ffe7c: 00000000 00000000 00000000 00000000 ................
0x016ffe8c: 00000000 00000000 00000000 00000000 ................
0x016ffe9c: 00000000 00000000 00000000 00000000 ................
0x016ffeac: 00000000 00000000 00000000 00000000 ................
0x016ffebc: 00000000 00000000 00000000 00000000 ................
0x016ffecc: 00000000 00000000 00000000 00000000 ................
0x016ffedc: 00000000 00000000 00000000 00000000 ................
0x016ffeec: 00000000 00000000 00000000 00000000 ................
0x016ffefc: 00000000 00000000 00000000 00000000 ................
0x016fff0c: 00000000 00000000 00000000 00000000 ................
0x016fff1c: 00000000 00000000 00000000 00000000 ................
0x016fff2c: 00000000 00000000 00000000 00000000 ................
0x016fff3c: 00000000 00000000 00000000 00000000 ................
0x016fff4c: 00000000 00000000 00000000 00000000 ................
0x016fff5c: 00000000 00000000 00000000 00000000 ................
0x016fff6c: 00000000 00000000 00000000 00000000 ................
0x016fff7c: 00000000 00000000 00000000 00000000 ................
0x016fff8c: 00000000 00000000 00000000 00000000 ................
0x016fff9c: 00000000 00000000 00000000 00000000 ................
0x016fffac: 00000000 00000000 00000000 00000000 ................
0x016fffbc: 00000000 00000000 00000000 00000000 ................
0x016fffcc: 00000000 00000000 00000000 00000000 ................
0x016fffdc: 00000000 00000000 00000000 00000000 ................
0x016fffec: 00000000 00000000 00000000 00000000 ................
0x016ffffc: 00000000                            ....

Module 1
C:\Users\Cuong Le\Desktop\C# winform\QLTK Nro Pro\QLTK Nro Pro\bin\Debug\Data\Version222\Dragonboy_vn_v222.exe
Image Base: 0x000f0000  Image Size: 0x01228000
File Size:  18198528    File Time:  2025-03-12_130656
Version:
   Company:    
   Product:    
   FileDesc:   
   FileVer:    5.6.7.3267
   ProdVer:    5.6.7.3267

Module 2
C:\Users\Cuong Le\Desktop\C# winform\QLTK Nro Pro\QLTK Nro Pro\bin\Debug\Data\Version222\Dragonboy_vn_v222_Data\Mono\mono.dll
Image Base: 0x10000000  Image Size: 0x00231000
File Size:  2117064     File Time:  2025-03-12_130656
Version:
   Company:    Unity Technologies
   Product:    libmono
   FileDesc:   Unity Technologies fork of mono runtime
   FileVer:    1.0.0.1
   ProdVer:    1.0.0.1

Module 3
C:\WINDOWS\SYSTEM32\xinput1_3.dll
Image Base: 0x00400000  Image Size: 0x00016000
File Size:  81768       File Time:  2007-04-04_185342
Version:
   Company:    Microsoft Corporation
   Product:    Microsoft® DirectX for Windows®
   FileDesc:   Microsoft Common Controller API
   FileVer:    9.18.944.0
   ProdVer:    9.18.944.0

Module 4
C:\WINDOWS\System32\DriverStore\FileRepository\nvam.inf_amd64_4ae7e10b45473e65\nvwgf2um.dll
Image Base: 0x512a0000  Image Size: 0x0360f000
File Size:  56911144    File Time:  2024-12-02_085034
Version:
   Company:    NVIDIA Corporation
   Product:    NVIDIA D3D10 drivers
   FileDesc:   NVIDIA D3D10 Driver, Version 566.07 
   FileVer:    32.0.15.6607
   ProdVer:    32.0.15.6607

Module 5
C:\WINDOWS\System32\DriverStore\FileRepository\nvam.inf_amd64_4ae7e10b45473e65\nvgpucomp32.dll
Image Base: 0x548b0000  Image Size: 0x024a7000
File Size:  38663464    File Time:  2024-12-02_085000
Version:
   Company:    NVIDIA Corporation
   Product:    NVIDIA GPU Compiler Driver
   FileDesc:   NVIDIA GPU Compiler Driver, Version 566.07 
   FileVer:    32.0.15.6607
   ProdVer:    32.0.15.6607

Module 6
C:\WINDOWS\SYSTEM32\midimap.dll
Image Base: 0x56e70000  Image Size: 0x00008000
File Size:  21504       File Time:  2024-12-13_150154
Version:
   Company:    Microsoft Corporation
   Product:    Microsoft® Windows® Operating System
   FileDesc:   Microsoft MIDI Mapper
   FileVer:    10.0.26100.1882
   ProdVer:    10.0.26100.1882

Module 7
C:\WINDOWS\SYSTEM32\MSACM32.dll
Image Base: 0x56e80000  Image Size: 0x0001a000
File Size:  97704       File Time:  2024-12-13_150154
Version:
   Company:    Microsoft Corporation
   Product:    Microsoft® Windows® Operating System
   FileDesc:   Microsoft ACM Audio Filter
   FileVer:    10.0.26100.1882
   ProdVer:    10.0.26100.1882

Module 8
C:\WINDOWS\SYSTEM32\resourcepolicyclient.dll
Image Base: 0x56ea0000  Image Size: 0x00010000
File Size:  57920       File Time:  2024-04-01_142216
Version:
   Company:    Microsoft Corporation
   Product:    Microsoft® Windows® Operating System
   FileDesc:   Resource Policy Client
   FileVer:    10.0.26100.1
   ProdVer:    10.0.26100.1

Module 9
C:\WINDOWS\SYSTEM32\AUDIOSES.DLL
Image Base: 0x56ec0000  Image Size: 0x00174000
File Size:  1519688     File Time:  2025-03-12_094514
Version:
   Company:    Microsoft Corporation
   Product:    Microsoft® Windows® Operating System
   FileDesc:   Audio Session
   FileVer:    10.0.26100.3323
   ProdVer:    10.0.26100.3323

Module 10
C:\WINDOWS\SYSTEM32\wdmaud.drv
Image Base: 0x57040000  Image Size: 0x0003d000
File Size:  223232      File Time:  2024-12-13_150154
Version:
   Company:    Microsoft Corporation
   Product:    Microsoft® Windows® Operating System
   FileDesc:   Winmm  audio system driver
   FileVer:    10.0.26100.1882
   ProdVer:    10.0.26100.1882

Module 11
C:\WINDOWS\SYSTEM32\GLU32.dll
Image Base: 0x58680000  Image Size: 0x00042000
File Size:  254976      File Time:  2024-04-01_142236
Version:
   Company:    Microsoft Corporation
   Product:    Microsoft® Windows® Operating System
   FileDesc:   OpenGL Utility Library DLL
   FileVer:    10.0.26100.1
   ProdVer:    10.0.26100.1

Module 12
C:\WINDOWS\SYSTEM32\OPENGL32.dll
Image Base: 0x586d0000  Image Size: 0x000e3000
File Size:  797696      File Time:  2025-03-12_094522
Version:
   Company:    Microsoft Corporation
   Product:    Microsoft® Windows® Operating System
   FileDesc:   OpenGL Client DLL
   FileVer:    10.0.26100.3323
   ProdVer:    10.0.26100.3323

Module 13
C:\WINDOWS\System32\fwpuclnt.dll
Image Base: 0x592b0000  Image Size: 0x00061000
File Size:  378368      File Time:  2025-03-12_094522
Version:
   Company:    Microsoft Corporation
   Product:    Microsoft® Windows® Operating System
   FileDesc:   FWP/IPsec User-Mode API
   FileVer:    10.0.26100.3323
   ProdVer:    10.0.26100.3323

Module 14
C:\Windows\System32\DriverStore\FileRepository\iigd_dch.inf_amd64_f63934308f6cc308\igc32.dll
Image Base: 0x5e840000  Image Size: 0x038f3000
File Size:  61009192    File Time:  2024-03-05_090414
Version:
   Company:    Intel Corporation
   Product:    Intel HD Graphics Drivers for Windows(R)
   FileDesc:   Intel Graphics Shader Compiler for Intel(R) Graphics Accelerator
   FileVer:    31.0.101.5333
   ProdVer:    31.0.101.5333

Module 15
C:\Windows\System32\DriverStore\FileRepository\iigd_dch.inf_amd64_f63934308f6cc308\IntelControlLib32.dll
Image Base: 0x62140000  Image Size: 0x0007e000
File Size:  562384      File Time:  2024-03-05_090734
Version:
   Company:    
   Product:    Intel Graphics Control Lib Runtime for Windows(R)
   FileDesc:   Intel Graphics Control Lib Runtime
   FileVer:    1.0.184.0
   ProdVer:    1.0.0.0

Module 16
C:\Windows\System32\DriverStore\FileRepository\iigd_dch.inf_amd64_f63934308f6cc308\igd10um32xe.DLL
Image Base: 0x621c0000  Image Size: 0x016f7000
File Size:  24732360    File Time:  2024-03-05_090436
Version:
   Company:    Intel Corporation
   Product:    Intel HD Graphics Drivers for Windows(R)
   FileDesc:   User Mode Driver for Intel(R) Graphics Technology
   FileVer:    31.0.101.5333
   ProdVer:    31.0.101.5333

Module 17
C:\Windows\System32\DriverStore\FileRepository\iigd_dch.inf_amd64_f63934308f6cc308\igd10iumd32.dll
Image Base: 0x638c0000  Image Size: 0x003df000
File Size:  4190848     File Time:  2024-03-05_090422
Version:
   Company:    Intel Corporation
   Product:    Intel HD Graphics Drivers for Windows(R)
   FileDesc:   User Mode Driver for Intel(R) Graphics Technology
   FileVer:    31.0.101.5333
   ProdVer:    31.0.101.5333

Module 18
C:\WINDOWS\SYSTEM32\d3d11.dll
Image Base: 0x63e60000  Image Size: 0x001f6000
File Size:  2057320     File Time:  2025-03-12_094518
Version:
   Company:    Microsoft Corporation
   Product:    Microsoft® Windows® Operating System
   FileDesc:   Direct3D 11 Runtime
   FileVer:    10.0.26100.3323
   ProdVer:    10.0.26100.3323

Module 19
C:\WINDOWS\SYSTEM32\dxgi.dll
Image Base: 0x64da0000  Image Size: 0x000fa000
File Size:  1012968     File Time:  2025-03-12_094518
Version:
   Company:    Microsoft Corporation
   Product:    Microsoft® Windows® Operating System
   FileDesc:   DirectX Graphics Infrastructure
   FileVer:    10.0.26100.3323
   ProdVer:    10.0.26100.3323

Module 20
C:\WINDOWS\System32\MMDevApi.dll
Image Base: 0x64ea0000  Image Size: 0x0007e000
File Size:  504200      File Time:  2025-03-12_094522
Version:
   Company:    Microsoft Corporation
   Product:    Microsoft® Windows® Operating System
   FileDesc:   MMDevice API
   FileVer:    10.0.26100.3323
   ProdVer:    10.0.26100.3323

Module 21
C:\WINDOWS\SYSTEM32\textinputframework.dll
Image Base: 0x650f0000  Image Size: 0x00101000
File Size:  1049624     File Time:  2025-03-12_094528
Version:
   Company:    Microsoft Corporation
   Product:    Microsoft® Windows® Operating System
   FileDesc:   "TextInputFramework.DYNLINK"
   FileVer:    10.0.26100.3323
   ProdVer:    10.0.26100.3323

Module 22
C:\Windows\System32\DriverStore\FileRepository\iigd_dch.inf_amd64_f63934308f6cc308\igdgmm32.dll
Image Base: 0x6c770000  Image Size: 0x00336000
File Size:  3485600     File Time:  2024-03-05_090606
Version:
   Company:    Intel Corporation
   Product:    Intel HD Graphics Drivers for Windows(R)
   FileDesc:   User Mode Driver for Intel(R) Graphics Technology
   FileVer:    31.0.101.5333
   ProdVer:    31.0.101.5333

Module 23
C:\WINDOWS\SYSTEM32\winmmbase.dll
Image Base: 0x6dd60000  Image Size: 0x0001f000
File Size:  118768      File Time:  2024-04-01_142214
Version:
   Company:    Microsoft Corporation
   Product:    Microsoft® Windows® Operating System
   FileDesc:   Base Multimedia Extension API DLL
   FileVer:    10.0.26100.1
   ProdVer:    10.0.26100.1

Module 24
C:\WINDOWS\SYSTEM32\drvstore.dll
Image Base: 0x6dd90000  Image Size: 0x00128000
File Size:  1212288     File Time:  2025-03-12_094518
Version:
   Company:    Microsoft Corporation
   Product:    Microsoft® Windows® Operating System
   FileDesc:   Driver Store API
   FileVer:    10.0.26100.3323
   ProdVer:    10.0.26100.3323

Module 25
C:\WINDOWS\SYSTEM32\msacm32.drv
Image Base: 0x6dee0000  Image Size: 0x0000b000
File Size:  28160       File Time:  2024-12-13_150208
Version:
   Company:    Microsoft Corporation
   Product:    Microsoft® Windows® Operating System
   FileDesc:   Microsoft Sound Mapper
   FileVer:    10.0.26100.1882
   ProdVer:    10.0.26100.1882

Module 26
C:\WINDOWS\System32\DriverStore\FileRepository\nvam.inf_amd64_4ae7e10b45473e65\nvppe.dll
Image Base: 0x6def0000  Image Size: 0x000df000
File Size:  932136      File Time:  2024-12-02_085028
Version:
   Company:    NVIDIA Corporation
   Product:    NVIDIA driver loader
   FileDesc:   NVIDIA Driver, Version 566.07 
   FileVer:    32.0.15.6607
   ProdVer:    32.0.15.6607

Module 27
C:\WINDOWS\System32\DriverStore\FileRepository\nvam.inf_amd64_4ae7e10b45473e65\nvldumd.dll
Image Base: 0x6dfd0000  Image Size: 0x0009d000
File Size:  653760      File Time:  2024-12-02_085024
Version:
   Company:    NVIDIA Corporation
   Product:    NVIDIA driver loader
   FileDesc:   NVIDIA Driver Loader, Version 566.07 
   FileVer:    32.0.15.6607
   ProdVer:    32.0.15.6607

Module 28
C:\WINDOWS\SYSTEM32\directxdatabasehelper.dll
Image Base: 0x6e8d0000  Image Size: 0x0004c000
File Size:  301224      File Time:  2025-03-12_094514
Version:
   Company:    Microsoft Corporation
   Product:    Microsoft® Windows® Operating System
   FileDesc:   DirectXDatabaseHelper
   FileVer:    10.0.26100.3323
   ProdVer:    10.0.26100.3323

Module 29
C:\WINDOWS\SYSTEM32\dxcore.dll
Image Base: 0x6f260000  Image Size: 0x00039000
File Size:  219112      File Time:  2025-03-12_094514
Version:
   Company:    Microsoft Corporation
   Product:    Microsoft® Windows® Operating System
   FileDesc:   DXCore
   FileVer:    10.0.26100.3323
   ProdVer:    10.0.26100.3323

Module 30
C:\WINDOWS\SYSTEM32\dwmapi.dll
Image Base: 0x6f320000  Image Size: 0x0002a000
File Size:  152984      File Time:  2025-03-12_094516
Version:
   Company:    Microsoft Corporation
   Product:    Microsoft® Windows® Operating System
   FileDesc:   Microsoft Desktop Window Manager API
   FileVer:    10.0.26100.3323
   ProdVer:    10.0.26100.3323

Module 31
C:\WINDOWS\SYSTEM32\apphelp.dll
Image Base: 0x727b0000  Image Size: 0x000ac000
File Size:  698936      File Time:  2025-03-12_094514
Version:
   Company:    Microsoft Corporation
   Product:    Microsoft® Windows® Operating System
   FileDesc:   Application Compatibility Client Library
   FileVer:    10.0.26100.3323
   ProdVer:    10.0.26100.3323

Module 32
C:\WINDOWS\SYSTEM32\DNSAPI.dll
Image Base: 0x72860000  Image Size: 0x000db000
File Size:  894656      File Time:  2025-03-12_094518
Version:
   Company:    Microsoft Corporation
   Product:    Microsoft® Windows® Operating System
   FileDesc:   DNS Client API DLL
   FileVer:    10.0.26100.3323
   ProdVer:    10.0.26100.3323

Module 33
C:\WINDOWS\SYSTEM32\wldp.dll
Image Base: 0x72ca0000  Image Size: 0x00050000
File Size:  326000      File Time:  2025-01-15_114046
Version:
   Company:    Microsoft Corporation
   Product:    Microsoft® Windows® Operating System
   FileDesc:   Windows Lockdown Policy
   FileVer:    10.0.26100.2894
   ProdVer:    10.0.26100.2894

Module 34
C:\WINDOWS\SYSTEM32\cfgmgr32.dll
Image Base: 0x73450000  Image Size: 0x0004a000
File Size:  290928      File Time:  2025-03-12_094514
Version:
   Company:    Microsoft Corporation
   Product:    Microsoft® Windows® Operating System
   FileDesc:   Configuration Manager DLL
   FileVer:    10.0.26100.3323
   ProdVer:    10.0.26100.3323

Module 35
C:\WINDOWS\SYSTEM32\HID.DLL
Image Base: 0x734e0000  Image Size: 0x0000b000
File Size:  27648       File Time:  2024-04-01_142216
Version:
   Company:    Microsoft Corporation
   Product:    Microsoft® Windows® Operating System
   FileDesc:   Hid User Library
   FileVer:    10.0.26100.1
   ProdVer:    10.0.26100.1

Module 36
C:\ProgramData\Microsoft\Windows Defender\Platform\4.18.25010.11-0\X86\MpOav.dll
Image Base: 0x735d0000  Image Size: 0x00071000
File Size:  460704      File Time:  2025-03-07_202438
Version:
   Company:    Microsoft Corporation
   Product:    Microsoft® Windows® Operating System
   FileDesc:   IOfficeAntiVirus Module
   FileVer:    4.18.25010.11
   ProdVer:    4.18.25010.11

Module 37
C:\WINDOWS\SYSTEM32\amsi.dll
Image Base: 0x736f0000  Image Size: 0x00015000
File Size:  72192       File Time:  2024-04-01_142214
Version:
   Company:    Microsoft Corporation
   Product:    Microsoft® Windows® Operating System
   FileDesc:   Anti-Malware Scan Interface
   FileVer:    10.0.26100.1
   ProdVer:    10.0.26100.1

Module 38
C:\WINDOWS\system32\wbem\fastprox.dll
Image Base: 0x73710000  Image Size: 0x000cc000
File Size:  814080      File Time:  2025-03-12_094528
Version:
   Company:    Microsoft Corporation
   Product:    Microsoft® Windows® Operating System
   FileDesc:   WMI Custom Marshaller
   FileVer:    10.0.26100.3323
   ProdVer:    10.0.26100.3323

Module 39
C:\WINDOWS\system32\wbem\wbemsvc.dll
Image Base: 0x738b0000  Image Size: 0x00011000
File Size:  49664       File Time:  2024-12-13_150214
Version:
   Company:    Microsoft Corporation
   Product:    Microsoft® Windows® Operating System
   FileDesc:   WMI
   FileVer:    10.0.26100.1000
   ProdVer:    10.0.26100.1000

Module 40
C:\WINDOWS\SYSTEM32\wbemcomn.dll
Image Base: 0x738d0000  Image Size: 0x00068000
File Size:  399360      File Time:  2024-04-01_142216
Version:
   Company:    Microsoft Corporation
   Product:    Microsoft® Windows® Operating System
   FileDesc:   WMI
   FileVer:    10.0.26100.1
   ProdVer:    10.0.26100.1

Module 41
C:\WINDOWS\system32\wbem\wbemprox.dll
Image Base: 0x73940000  Image Size: 0x0000e000
File Size:  38400       File Time:  2024-12-13_150212
Version:
   Company:    Microsoft Corporation
   Product:    Microsoft® Windows® Operating System
   FileDesc:   WMI
   FileVer:    10.0.26100.1000
   ProdVer:    10.0.26100.1000

Module 42
C:\WINDOWS\SYSTEM32\MSWSOCK.dll
Image Base: 0x73b10000  Image Size: 0x00053000
File Size:  326584      File Time:  2025-02-12_081140
Version:
   Company:    Microsoft Corporation
   Product:    Microsoft® Windows® Operating System
   FileDesc:   Microsoft Windows Sockets 2.0 Service Provider
   FileVer:    10.0.26100.3194
   ProdVer:    10.0.26100.3194

Module 43
C:\WINDOWS\SYSTEM32\cryptnet.dll
Image Base: 0x73ed0000  Image Size: 0x0002b000
File Size:  170008      File Time:  2025-02-12_081126
Version:
   Company:    Microsoft Corporation
   Product:    Microsoft® Windows® Operating System
   FileDesc:   Crypto Network Related API
   FileVer:    10.0.26100.3037
   ProdVer:    10.0.26100.3037

Module 44
C:\WINDOWS\SYSTEM32\profapi.dll
Image Base: 0x73f00000  Image Size: 0x00021000
File Size:  129728      File Time:  2025-03-12_094524
Version:
   Company:    Microsoft Corporation
   Product:    Microsoft® Windows® Operating System
   FileDesc:   User Profile Basic API
   FileVer:    10.0.26100.3323
   ProdVer:    10.0.26100.3323

Module 45
C:\WINDOWS\SYSTEM32\cryptbase.dll
Image Base: 0x73f90000  Image Size: 0x0000b000
File Size:  33184       File Time:  2025-01-15_114046
Version:
   Company:    Microsoft Corporation
   Product:    Microsoft® Windows® Operating System
   FileDesc:   Base cryptographic API DLL
   FileVer:    10.0.26100.2894
   ProdVer:    10.0.26100.2894

Module 46
C:\WINDOWS\system32\rsaenh.dll
Image Base: 0x73fa0000  Image Size: 0x00033000
File Size:  202056      File Time:  2025-03-12_094524
Version:
   Company:    Microsoft Corporation
   Product:    Microsoft® Windows® Operating System
   FileDesc:   Microsoft Enhanced Cryptographic Provider
   FileVer:    10.0.26100.3323
   ProdVer:    10.0.26100.3323

Module 47
C:\WINDOWS\SYSTEM32\windows.storage.dll
Image Base: 0x73fe0000  Image Size: 0x006c4000
File Size:  7127824     File Time:  2025-03-12_094522
Version:
   Company:    Microsoft Corporation
   Product:    Microsoft® Windows® Operating System
   FileDesc:   Microsoft WinRT Storage API
   FileVer:    10.0.26100.3470
   ProdVer:    10.0.26100.3470

Module 48
C:\WINDOWS\SYSTEM32\CRYPTSP.dll
Image Base: 0x746b0000  Image Size: 0x00015000
File Size:  79640       File Time:  2024-12-13_150158
Version:
   Company:    Microsoft Corporation
   Product:    Microsoft® Windows® Operating System
   FileDesc:   Cryptographic Service Provider API
   FileVer:    10.0.26100.2454
   ProdVer:    10.0.26100.2454

Module 49
C:\Windows\System32\rasadhlp.dll
Image Base: 0x74750000  Image Size: 0x00008000
File Size:  13312       File Time:  2024-04-01_142236
Version:
   Company:    Microsoft Corporation
   Product:    Microsoft® Windows® Operating System
   FileDesc:   Remote Access AutoDial Helper
   FileVer:    10.0.26100.1
   ProdVer:    10.0.26100.1

Module 50
C:\WINDOWS\SYSTEM32\dhcpcsvc.DLL
Image Base: 0x74760000  Image Size: 0x0001d000
File Size:  102840      File Time:  2025-03-12_094516
Version:
   Company:    Microsoft Corporation
   Product:    Microsoft® Windows® Operating System
   FileDesc:   DHCP Client Service
   FileVer:    10.0.26100.3323
   ProdVer:    10.0.26100.3323

Module 51
C:\WINDOWS\SYSTEM32\dhcpcsvc6.DLL
Image Base: 0x74780000  Image Size: 0x00018000
File Size:  88008       File Time:  2025-03-12_094516
Version:
   Company:    Microsoft Corporation
   Product:    Microsoft® Windows® Operating System
   FileDesc:   DHCPv6 Client
   FileVer:    10.0.26100.3323
   ProdVer:    10.0.26100.3323

Module 52
C:\WINDOWS\SYSTEM32\VERSION.dll
Image Base: 0x749a0000  Image Size: 0x00008000
File Size:  28976       File Time:  2024-04-01_142216
Version:
   Company:    Microsoft Corporation
   Product:    Microsoft® Windows® Operating System
   FileDesc:   Version Checking and File Installation Libraries
   FileVer:    10.0.26100.1
   ProdVer:    10.0.26100.1

Module 53
C:\WINDOWS\SYSTEM32\IPHLPAPI.DLL
Image Base: 0x749b0000  Image Size: 0x00027000
File Size:  147864      File Time:  2025-03-12_094526
Version:
   Company:    Microsoft Corporation
   Product:    Microsoft® Windows® Operating System
   FileDesc:   IP Helper API
   FileVer:    10.0.26100.3323
   ProdVer:    10.0.26100.3323

Module 54
C:\WINDOWS\system32\uxtheme.dll
Image Base: 0x74a70000  Image Size: 0x00082000
File Size:  512512      File Time:  2025-03-12_094528
Version:
   Company:    Microsoft Corporation
   Product:    Microsoft® Windows® Operating System
   FileDesc:   Microsoft UxTheme Library
   FileVer:    10.0.26100.3323
   ProdVer:    10.0.26100.3323

Module 55
C:\WINDOWS\SYSTEM32\devobj.dll
Image Base: 0x74b10000  Image Size: 0x00024000
File Size:  143032      File Time:  2024-04-01_142236
Version:
   Company:    Microsoft Corporation
   Product:    Microsoft® Windows® Operating System
   FileDesc:   Device Information Set DLL
   FileVer:    10.0.26100.1
   ProdVer:    10.0.26100.1

Module 56
C:\WINDOWS\SYSTEM32\kernel.appcore.dll
Image Base: 0x74bb0000  Image Size: 0x00014000
File Size:  71888       File Time:  2024-12-13_150150
Version:
   Company:    Microsoft Corporation
   Product:    Microsoft® Windows® Operating System
   FileDesc:   AppModel API Host
   FileVer:    10.0.26100.1591
   ProdVer:    10.0.26100.1591

Module 57
C:\WINDOWS\SYSTEM32\msasn1.dll
Image Base: 0x74c10000  Image Size: 0x0000e000
File Size:  52240       File Time:  2025-01-15_114048
Version:
   Company:    Microsoft Corporation
   Product:    Microsoft® Windows® Operating System
   FileDesc:   ASN.1 Runtime APIs
   FileVer:    10.0.26100.2894
   ProdVer:    10.0.26100.2894

Module 58
C:\WINDOWS\SYSTEM32\WINHTTP.dll
Image Base: 0x74c30000  Image Size: 0x000db000
File Size:  893648      File Time:  2025-03-12_094530
Version:
   Company:    Microsoft Corporation
   Product:    Microsoft® Windows® Operating System
   FileDesc:   Windows HTTP Services
   FileVer:    10.0.26100.3323
   ProdVer:    10.0.26100.3323

Module 59
C:\WINDOWS\SYSTEM32\bcrypt.dll
Image Base: 0x74d50000  Image Size: 0x0001a000
File Size:  102312      File Time:  2025-02-12_081124
Version:
   Company:    Microsoft Corporation
   Product:    Microsoft® Windows® Operating System
   FileDesc:   Windows Cryptographic Primitives Library
   FileVer:    10.0.26100.3037
   ProdVer:    10.0.26100.3037

Module 60
C:\WINDOWS\SYSTEM32\UMPDC.dll
Image Base: 0x750b0000  Image Size: 0x0000e000
File Size:  51608       File Time:  2024-12-13_150156
Version:
   Company:    Microsoft Corporation
   Product:    Microsoft® Windows® Operating System
   FileDesc:   User Mode Power Dependency Coordinator
   FileVer:    10.0.26100.1301
   ProdVer:    10.0.26100.1301

Module 61
C:\WINDOWS\SYSTEM32\WINMM.dll
Image Base: 0x75120000  Image Size: 0x00033000
File Size:  196400      File Time:  2025-03-12_094514
Version:
   Company:    Microsoft Corporation
   Product:    Microsoft® Windows® Operating System
   FileDesc:   MCI API DLL
   FileVer:    10.0.26100.3323
   ProdVer:    10.0.26100.3323

Module 62
C:\WINDOWS\SYSTEM32\USERENV.dll
Image Base: 0x75160000  Image Size: 0x0001f000
File Size:  121440      File Time:  2024-12-13_150158
Version:
   Company:    Microsoft Corporation
   Product:    Microsoft® Windows® Operating System
   FileDesc:   Userenv
   FileVer:    10.0.26100.2454
   ProdVer:    10.0.26100.2454

Module 63
C:\WINDOWS\SYSTEM32\powrprof.dll
Image Base: 0x751c0000  Image Size: 0x00045000
File Size:  275896      File Time:  2024-04-01_142216
Version:
   Company:    Microsoft Corporation
   Product:    Microsoft® Windows® Operating System
   FileDesc:   Power Profile Helper DLL
   FileVer:    10.0.26100.1
   ProdVer:    10.0.26100.1

Module 64
C:\WINDOWS\System32\ole32.dll
Image Base: 0x75210000  Image Size: 0x00151000
File Size:  1387360     File Time:  2025-03-12_094514
Version:
   Company:    Microsoft Corporation
   Product:    Microsoft® Windows® Operating System
   FileDesc:   Microsoft OLE for Windows
   FileVer:    10.0.26100.3323
   ProdVer:    10.0.26100.3323

Module 65
C:\WINDOWS\System32\msvcp_win.dll
Image Base: 0x75370000  Image Size: 0x00085000
File Size:  505776      File Time:  2024-12-13_150208
Version:
   Company:    Microsoft Corporation
   Product:    Microsoft® Windows® Operating System
   FileDesc:   Microsoft® C Runtime Library
   FileVer:    10.0.26100.1882
   ProdVer:    10.0.26100.1882

Module 66
C:\WINDOWS\System32\imagehlp.dll
Image Base: 0x75400000  Image Size: 0x0001b000
File Size:  102728      File Time:  2024-04-01_142212
Version:
   Company:    Microsoft Corporation
   Product:    Microsoft® Windows® Operating System
   FileDesc:   Windows NT Image Helper
   FileVer:    10.0.26100.1
   ProdVer:    10.0.26100.1

Module 67
C:\WINDOWS\System32\combase.dll
Image Base: 0x75420000  Image Size: 0x00281000
File Size:  2635768     File Time:  2025-03-12_094516
Version:
   Company:    Microsoft Corporation
   Product:    Microsoft® Windows® Operating System
   FileDesc:   Microsoft COM for Windows
   FileVer:    10.0.26100.3323
   ProdVer:    10.0.26100.3323

Module 68
C:\WINDOWS\System32\KERNELBASE.dll
Image Base: 0x756b0000  Image Size: 0x002ab000
File Size:  2804152     File Time:  2025-03-12_094520
Version:
   Company:    Microsoft Corporation
   Product:    Microsoft® Windows® Operating System
   FileDesc:   Windows NT BASE API Client DLL
   FileVer:    10.0.26100.3470
   ProdVer:    10.0.26100.3470

Module 69
C:\WINDOWS\System32\MSCTF.dll
Image Base: 0x75960000  Image Size: 0x00117000
File Size:  1139984     File Time:  2025-03-12_094528
Version:
   Company:    Microsoft Corporation
   Product:    Microsoft® Windows® Operating System
   FileDesc:   MSCTF Server DLL
   FileVer:    10.0.26100.3323
   ProdVer:    10.0.26100.3323

Module 70
C:\WINDOWS\System32\wintrust.dll
Image Base: 0x75a80000  Image Size: 0x00066000
File Size:  411728      File Time:  2025-03-12_094528
Version:
   Company:    Microsoft Corporation
   Product:    Microsoft® Windows® Operating System
   FileDesc:   Microsoft Trust Verification APIs
   FileVer:    10.0.26100.3323
   ProdVer:    10.0.26100.3323

Module 71
C:\WINDOWS\System32\KERNEL32.DLL
Image Base: 0x75b50000  Image Size: 0x000f0000
File Size:  679152      File Time:  2025-03-12_094520
Version:
   Company:    Microsoft Corporation
   Product:    Microsoft® Windows® Operating System
   FileDesc:   Windows NT BASE API Client DLL
   FileVer:    10.0.26100.3323
   ProdVer:    10.0.26100.3323

Module 72
C:\WINDOWS\System32\sechost.dll
Image Base: 0x75c50000  Image Size: 0x00083000
File Size:  529544      File Time:  2025-03-12_094524
Version:
   Company:    Microsoft Corporation
   Product:    Microsoft® Windows® Operating System
   FileDesc:   Host for SCM/SDDL/LSA Lookup APIs
   FileVer:    10.0.26100.3323
   ProdVer:    10.0.26100.3323

Module 73
C:\WINDOWS\System32\USER32.dll
Image Base: 0x75ce0000  Image Size: 0x001c6000
File Size:  1852272     File Time:  2025-03-12_094528
Version:
   Company:    Microsoft Corporation
   Product:    Microsoft® Windows® Operating System
   FileDesc:   Multi-User Windows USER API Client DLL
   FileVer:    10.0.26100.3470
   ProdVer:    10.0.26100.3470

Module 74
C:\WINDOWS\System32\ucrtbase.dll
Image Base: 0x75eb0000  Image Size: 0x00110000
File Size:  1114168     File Time:  2025-02-12_081138
Version:
   Company:    Microsoft Corporation
   Product:    Microsoft® Windows® Operating System
   FileDesc:   Microsoft® C Runtime Library
   FileVer:    10.0.26100.3037
   ProdVer:    10.0.26100.3037

Module 75
C:\WINDOWS\System32\WS2_32.dll
Image Base: 0x75fd0000  Image Size: 0x00060000
File Size:  391984      File Time:  2024-12-13_150154
Version:
   Company:    Microsoft Corporation
   Product:    Microsoft® Windows® Operating System
   FileDesc:   Windows Socket 2.0 32-Bit DLL
   FileVer:    10.0.26100.1882
   ProdVer:    10.0.26100.1882

Module 76
C:\WINDOWS\System32\SHELL32.dll
Image Base: 0x760b0000  Image Size: 0x005f9000
File Size:  6296720     File Time:  2025-03-12_094526
Version:
   Company:    Microsoft Corporation
   Product:    Microsoft® Windows® Operating System
   FileDesc:   Windows Shell Common Dll
   FileVer:    10.0.26100.3323
   ProdVer:    10.0.26100.3323

Module 77
C:\WINDOWS\System32\CRYPT32.dll
Image Base: 0x76830000  Image Size: 0x00107000
File Size:  1065608     File Time:  2025-03-12_094516
Version:
   Company:    Microsoft Corporation
   Product:    Microsoft® Windows® Operating System
   FileDesc:   Crypto API32
   FileVer:    10.0.26100.3323
   ProdVer:    10.0.26100.3323

Module 78
C:\WINDOWS\System32\ADVAPI32.dll
Image Base: 0x76a00000  Image Size: 0x0007e000
File Size:  511408      File Time:  2025-03-12_094514
Version:
   Company:    Microsoft Corporation
   Product:    Microsoft® Windows® Operating System
   FileDesc:   Advanced Windows 32 Base API
   FileVer:    10.0.26100.3323
   ProdVer:    10.0.26100.3323

Module 79
C:\WINDOWS\System32\bcryptPrimitives.dll
Image Base: 0x76a90000  Image Size: 0x00069000
File Size:  427248      File Time:  2025-02-12_081124
Version:
   Company:    Microsoft Corporation
   Product:    Microsoft® Windows® Operating System
   FileDesc:   Windows Cryptographic Primitives Library
   FileVer:    10.0.26100.3037
   ProdVer:    10.0.26100.3037

Module 80
C:\WINDOWS\System32\clbcatq.dll
Image Base: 0x76b00000  Image Size: 0x00081000
File Size:  519504      File Time:  2024-04-01_142214
Version:
   Company:    Microsoft Corporation
   Product:    Microsoft® Windows® Operating System
   FileDesc:   COM+ Configuration Catalog
   FileVer:    2001.12.10941.16384
   ProdVer:    10.0.26100.1

Module 81
C:\WINDOWS\System32\SETUPAPI.dll
Image Base: 0x76b90000  Image Size: 0x0044f000
File Size:  4551496     File Time:  2025-03-12_094526
Version:
   Company:    Microsoft Corporation
   Product:    Microsoft® Windows® Operating System
   FileDesc:   Windows Setup API
   FileVer:    10.0.26100.3323
   ProdVer:    10.0.26100.3323

Module 82
C:\WINDOWS\System32\NSI.dll
Image Base: 0x76ff0000  Image Size: 0x00007000
File Size:  21808       File Time:  2025-01-15_114050
Version:
   Company:    Microsoft Corporation
   Product:    Microsoft® Windows® Operating System
   FileDesc:   NSI User-mode interface DLL
   FileVer:    10.0.26100.2894
   ProdVer:    10.0.26100.2894

Module 83
C:\WINDOWS\System32\msvcrt.dll
Image Base: 0x77000000  Image Size: 0x000c7000
File Size:  809440      File Time:  2024-12-13_150154
Version:
   Company:    Microsoft Corporation
   Product:    Microsoft® Windows® Operating System
   FileDesc:   Windows NT CRT DLL
   FileVer:    7.0.26100.1882
   ProdVer:    10.0.26100.1882

Module 84
C:\WINDOWS\System32\RPCRT4.dll
Image Base: 0x77170000  Image Size: 0x000b9000
File Size:  758280      File Time:  2025-02-12_081134
Version:
   Company:    Microsoft Corporation
   Product:    Microsoft® Windows® Operating System
   FileDesc:   Remote Procedure Call Runtime
   FileVer:    10.0.26100.3037
   ProdVer:    10.0.26100.3037

Module 85
C:\WINDOWS\System32\shcore.dll
Image Base: 0x77230000  Image Size: 0x000c9000
File Size:  810472      File Time:  2025-03-12_094524
Version:
   Company:    Microsoft Corporation
   Product:    Microsoft® Windows® Operating System
   FileDesc:   SHCORE
   FileVer:    10.0.26100.3470
   ProdVer:    10.0.26100.3470

Module 86
C:\WINDOWS\System32\win32u.dll
Image Base: 0x77370000  Image Size: 0x0001a000
File Size:  105944      File Time:  2025-03-12_094528
Version:
   Company:    Microsoft Corporation
   Product:    Microsoft® Windows® Operating System
   FileDesc:   Win32u
   FileVer:    10.0.26100.3470
   ProdVer:    10.0.26100.3470

Module 87
C:\WINDOWS\System32\SHLWAPI.dll
Image Base: 0x77390000  Image Size: 0x0004b000
File Size:  302776      File Time:  2025-02-12_081136
Version:
   Company:    Microsoft Corporation
   Product:    Microsoft® Windows® Operating System
   FileDesc:   Shell Light-weight Utility Library
   FileVer:    10.0.26100.3037
   ProdVer:    10.0.26100.3037

Module 88
C:\WINDOWS\System32\gdi32full.dll
Image Base: 0x773f0000  Image Size: 0x000ed000
File Size:  964368      File Time:  2025-03-12_094518
Version:
   Company:    Microsoft Corporation
   Product:    Microsoft® Windows® Operating System
   FileDesc:   GDI Client DLL
   FileVer:    10.0.26100.3470
   ProdVer:    10.0.26100.3470

Module 89
C:\WINDOWS\System32\OLEAUT32.dll
Image Base: 0x774e0000  Image Size: 0x0009e000
File Size:  640048      File Time:  2025-03-12_094522
Version:
   Company:    Microsoft Corporation
   Product:    Microsoft® Windows® Operating System
   FileDesc:   OLEAUT32.DLL
   FileVer:    10.0.26100.3323
   ProdVer:    10.0.26100.3323

Module 90
C:\WINDOWS\System32\IMM32.dll
Image Base: 0x77590000  Image Size: 0x00025000
File Size:  145224      File Time:  2024-04-01_142214
Version:
   Company:    Microsoft Corporation
   Product:    Microsoft® Windows® Operating System
   FileDesc:   Multi-User Windows IMM32 API Client DLL
   FileVer:    10.0.26100.1
   ProdVer:    10.0.26100.1

Module 91
C:\WINDOWS\System32\wintypes.dll
Image Base: 0x775c0000  Image Size: 0x000f9000
File Size:  1023752     File Time:  2025-01-15_114046
Version:
   Company:    Microsoft Corporation
   Product:    Microsoft® Windows® Operating System
   FileDesc:   Windows Base Types DLL
   FileVer:    10.0.26100.2894
   ProdVer:    10.0.26100.2894

Module 92
C:\WINDOWS\System32\PSAPI.DLL
Image Base: 0x776c0000  Image Size: 0x00006000
File Size:  18040       File Time:  2024-04-01_142214
Version:
   Company:    Microsoft Corporation
   Product:    Microsoft® Windows® Operating System
   FileDesc:   Process Status Helper
   FileVer:    10.0.26100.1
   ProdVer:    10.0.26100.1

Module 93
C:\WINDOWS\System32\GDI32.dll
Image Base: 0x776d0000  Image Size: 0x00022000
File Size:  132296      File Time:  2024-12-13_150156
Version:
   Company:    Microsoft Corporation
   Product:    Microsoft® Windows® Operating System
   FileDesc:   GDI Client DLL
   FileVer:    10.0.26100.2033
   ProdVer:    10.0.26100.2033

Module 94
C:\WINDOWS\SYSTEM32\ntdll.dll
Image Base: 0x77710000  Image Size: 0x001ba000
File Size:  1801216     File Time:  2025-03-12_094522
Version:
   Company:    Microsoft Corporation
   Product:    Microsoft® Windows® Operating System
   FileDesc:   NT Layer DLL
   FileVer:    10.0.26100.3323
   ProdVer:    10.0.26100.3323


== [end of error.log] ==
