Unity Player [version: Unity 5.6.7f1_e80cc3114ac1]

Dragonboy_vn_v222.exe caused an Access Violation (0xc0000005)
  in module Dragonboy_vn_v222.exe at 0023:666e6920.

Error occurred at 2025-03-13_081144.
C:\Users\Cuong Le\Desktop\C# winform\QLTK Nro Pro\QLTK Nro Pro\bin\Debug\Data\Version222\Dragonboy_vn_v222.exe, run by Cuong Le.
51% memory in use.
0 MB physical memory [0 MB free].
0 MB paging file [0 MB free].
0 MB user address space [3412 MB free].
Write to location 666e6920 caused an access violation.

Context:
EDI:    0x0494cea4  ESI: 0x0bd5efcc  EAX:   0x04340fe0
EBX:    0x0494ceb8  ECX: 0x0eecc920  EDX:   0x666e6920
EIP:    0x666e6920  EBP: 0x0bd5e90c  SegCs: 0x00000023
EFlags: 0x00010202  ESP: 0x0bd5e8e4  SegSs: 0x0000002b

Bytes at CS:EIP:
?? ?? ?? ?? ?? ?? ?? ?? ?? ?? ?? ?? ?? ?? ?? ?? 

Stack:
0x0bd5e8e4: 0039acc6 04340fe0 06b429cc 0494ceb8 ..9...4..)......
0x0bd5e8f4: 00000018 042f5e00 06525cc0 0494ac40 .....^/..\R.@...
0x0bd5e904: 00000018 0494ceb8 0bd5f7e8 003dcb41 ............A.=.
0x0bd5e914: 00000005 0bd5efc8 ffffffd0 00000078 ............x...
0x0bd5e924: 042f5e00 03cdf301 00000000 00000000 .^/.............
0x0bd5e934: 00000000 00000000 00000000 00000000 ................
0x0bd5e944: 00000000 00000000 00000000 00000000 ................
0x0bd5e954: 00000000 00000000 00000000 00000000 ................
0x0bd5e964: 00000000 00000000 00000000 00000000 ................
0x0bd5e974: 00000000 00000000 00000000 00000000 ................
0x0bd5e984: 00000000 00000000 00000000 00000000 ................
0x0bd5e994: 00000000 00000000 00000000 00000000 ................
0x0bd5e9a4: 00000000 00000000 00000000 00000000 ................
0x0bd5e9b4: 00000000 00000000 00000000 00000000 ................
0x0bd5e9c4: 00000000 00000000 00000000 00000000 ................
0x0bd5e9d4: 00000000 00000000 00000000 00000000 ................
0x0bd5e9e4: 00000000 00000000 00000000 00000000 ................
0x0bd5e9f4: 00000000 00000000 00000000 00000000 ................
0x0bd5ea04: 00000000 00000000 00000000 00000000 ................
0x0bd5ea14: 00000000 00000000 00000000 00000000 ................
0x0bd5ea24: 015a3000 00660068 051eda58 052183f4 .0Z.h.f.X.....!.
0x0bd5ea34: 05218408 0bd5ea78 777525d2 000000c1 ..!.x....%uw....
0x0bd5ea44: 00000020 03c501d0 00000000 03c50000  ...............
0x0bd5ea54: 00000000 0000007a 00000020 052183e0 ....z... .....!.
0x0bd5ea64: 03c50000 00000000 00000000 29e242b3 .............B.)
0x0bd5ea74: 0bd5eb60 0bd5eae4 000f0000 000f0000 `...............
0x0bd5ea84: 000f0128 00000000 0bd5ea70 0bd5ea74 (.......p...t...
0x0bd5ea94: 0bd5f7fc 77792110 55b51d0f fffffffe .....!yw...U....
0x0bd5eaa4: 0bd5ead0 7775f210 00f922c4 00000001 ......uw."......
0x0bd5eab4: 00000000 00000000 00000007 00000007 ................
0x0bd5eac4: 00000008 00000008 06b306d8 00000001 ................
0x0bd5ead4: 00000008 80000008 06b306f8 00000001 ................
0x0bd5eae4: 00000008 80000008 06b30718 00000001 ................
0x0bd5eaf4: 00000090 80000090 00000000 00000000 ................
0x0bd5eb04: 00000001 0097bd01 000f0000 000f0128 ............(...
0x0bd5eb14: 0bd5ebc4 7777e7b9 29e24f83 0bd5eb48 ......ww.O.)H...
0x0bd5eb24: 0229a107 0bd5f7fc 00985750 fffffffe ..).....PW......
0x0bd5eb34: 0bd5f7fc 006d535f 00000001 0bd5f80c ...._Sm.........
0x0bd5eb44: 00000000 0bd5f7fc 0097be00 0097be16 ................
0x0bd5eb54: 0bd5eb6c 00000000 00000000 00000000 l...............
0x0bd5eb64: 0bd5ec70 0bd5ecc0 0bd5eb90 777c14a2 p.............|w
0x0bd5eb74: 0bd5ec70 0bd5f7fc 0bd5ecc0 0bd5ebfc p...............
0x0bd5eb84: 0bd5f7fc 777c14c0 0bd5f7fc 0bd5ec58 ......|w....X...
0x0bd5eb94: 777c1474 0bd5ec70 0bd5f7fc 0bd5ecc0 t.|wp...........
0x0bd5eba4: 0bd5ebfc 0097bd58 0bd5ecc0 0bd5ec70 ....X.......p...
0x0bd5ebb4: 00000000 7777e543 0bd5ec70 0bd5f7fc ....C.wwp.......
0x0bd5ebc4: 0bd5ecc0 0bd5ebfc 0097bd58 006d5d90 ........X....]m.
0x0bd5ebd4: 03cdf3f0 0bd5ec70 00000000 00000004 ....p...........
0x0bd5ebe4: 0bd5f7fc 0000000d 00000000 0bd5e000 ................
0x0bd5ebf4: 0bd60000 00000000 00000000 00000000 ................
0x0bd5ec04: 00000000 00000000 00000000 00000000 ................
0x0bd5ec14: 00000000 00000000 00000000 00000000 ................
0x0bd5ec24: 00000000 00000000 00000000 00000000 ................
0x0bd5ec34: 00000000 00000000 00000000 00000000 ................
0x0bd5ec44: 00000000 00000000 00000000 00000000 ................
0x0bd5ec54: 29e243cb 0bd5f7c0 7778bb0f 0bd5ec70 .C.)......xwp...
0x0bd5ec64: 0bd5ecc0 0bd5ec70 0bd5ecc0 406d1388 ....p.........m@
0x0bd5ec74: 00000000 00000000 7580cbb4 00000004 ...........u....
0x0bd5ec84: 00001000 00f636e4 00005fec 00000000 .....6..._......
0x0bd5ec94: 00040013 00000000 0000000f 00000013 ................
0x0bd5eca4: 0bd5f7b4 0097cb5c 00040013 03cdf300 ....\...........
0x0bd5ecb4: 00040000 fffffffe 00000000 0001007f ................
0x0bd5ecc4: 00000000 00000000 00000000 00000000 ................
0x0bd5ecd4: 00000000 00000000 0000027f 00000002 ................
0x0bd5ece4: 0000ffff 006d4d90 00000000 00000000 .....Mm.........
0x0bd5ecf4: 00000000 00000000 00000000 00000000 ................
0x0bd5ed04: 00000000 00000000 00000000 00000000 ................
0x0bd5ed14: 00000000 00000000 00000000 00000000 ................
0x0bd5ed24: 00000000 00000000 00000000 00000000 ................
0x0bd5ed34: 00000000 00000000 00000000 e595a800 ................
0x0bd5ed44: 3bf5bf01 00000000 0bd5002b 77760053 ...;....+...S.vw
0x0bd5ed54: 0000002b 061e002b 006d5d90 03cdf3f0 +...+....]m.....
0x0bd5ed64: 03cdf3f0 00000000 00000004 0bd5f768 ............h...
0x0bd5ed74: 0bd5f7c0 7580cbb4 03c90023 00000212 .......u#.......
0x0bd5ed84: 0bd5f768 0000002b 0002027f 00000000 h...+...........
0x0bd5ed94: 006d4d90 00000000 00000000 00000000 .Mm.............
0x0bd5eda4: 00001f80 0000ffff 00000000 00000000 ................
0x0bd5edb4: 00000000 00000000 00000000 00000000 ................
0x0bd5edc4: 00000000 00000000 00000000 00000000 ................
0x0bd5edd4: 00000000 00000000 00000000 00000000 ................
0x0bd5ede4: 00000000 00000000 00000000 00000000 ................
0x0bd5edf4: 00000000 00000000 00000000 00000000 ................
0x0bd5ee04: 00000000 00000000 00000000 00000000 ................
0x0bd5ee14: 00000000 00000000 a8000000 bf01e595 ................
0x0bd5ee24: 00003bf5 00000000 00000000 00000000 .;..............
0x0bd5ee34: 00000000 00000000 00000000 00000000 ................
0x0bd5ee44: 00000000 00000000 00000000 00000000 ................
0x0bd5ee54: 00000000 00000000 00000000 00000000 ................
0x0bd5ee64: 00000000 00000000 00000000 00000000 ................
0x0bd5ee74: 00000000 00000000 00000000 00000000 ................
0x0bd5ee84: 00000000 00000000 00000000 00000000 ................
0x0bd5ee94: 00000000 00000000 00000000 00000000 ................
0x0bd5eea4: 00000000 00000000 00000000 00000000 ................
0x0bd5eeb4: 00000000 00000000 00000000 00000000 ................
0x0bd5eec4: 00000000 00000000 00000000 00000000 ................
0x0bd5eed4: 00000000 00000000 00000000 00000000 ................
0x0bd5eee4: 00000000 00000000 00000000 00000000 ................
0x0bd5eef4: 00000000 00000000 00000000 00000000 ................
0x0bd5ef04: 00000000 00000000 00000000 00000000 ................
0x0bd5ef14: 00000000 00000000 00000000 00000000 ................
0x0bd5ef24: 00000000 00000000 03d2a140 00000018 ........@.......
0x0bd5ef34: 00630065 004c002d 00720064 00650047 e.c.-.L.d.r.G.e.
0x0bd5ef44: 00440074 006c006c 03cb78f0 00000000 t.D.l.l..x......
0x0bd5ef54: 00000000 00000000 00000000 00000000 ................
0x0bd5ef64: 00000000 00000000 03cb2d50 00000001 ........P-......
0x0bd5ef74: 00000000 ffffffff 00000000 00000000 ................
0x0bd5ef84: 00000000 00000000 00000000 00000000 ................
0x0bd5ef94: 00000000 06b42958 06b429cc 06b429e8 ....X)...)...)..
0x0bd5efa4: 00000000 00000000 00000000 00002740 ............@'..
0x0bd5efb4: 0eecc920 03d59590 00000000 00000000  ...............
0x0bd5efc4: 00000000 00000000 04340fe0 04348850 ..........4.P.4.
0x0bd5efd4: 00000000 00000000 00000000 00000000 ................
0x0bd5efe4: 00000000 00000000 00000000 0000000d ................
0x0bd5eff4: 0000000d 06526e40 041c1060 041c10e0 ....@nR.`.......
0x0bd5f004: 000000a3 000010fb 00000000 00000000 ................
0x0bd5f014: 00000000 00002733 00000001 00000018 ....3'..........
0x0bd5f024: 00000004 00000006 00000000 077fbff0 ................
0x0bd5f034: 0929efc0 000000a4 000010fb 00000000 ..).............
0x0bd5f044: 00000000 00000000 00000000 00000000 ................
0x0bd5f054: 00000000 00000000 00000000 00000000 ................
0x0bd5f064: 00003930 004fd388 004fd394 00000000 09....O...O.....
0x0bd5f074: 004fe46c 00000000 004fdfc0 005109a8 l.O.......O...Q.
0x0bd5f084: 00510608 00000000 00000000 00000000 ..Q.............
0x0bd5f094: 004fe804 00000000 004fe574 004f1a70 ..O.....t.O.p.O.
0x0bd5f0a4: 00510808 000294bc 00000000 000294ac ..Q.............
0x0bd5f0b4: 004fda14 00000000 00000000 00000000 ..O.............
0x0bd5f0c4: 004fe780 004f1a40 005108e0 00000ad0 ..O.@.O...Q.....
0x0bd5f0d4: 00000000 00000000 00004d18 00000000 .........M......
0x0bd5f0e4: 00510804 00000000 005105b0 00000000 ..Q.......Q.....
0x0bd5f0f4: 004fea8c 00000000 00000000 00000000 ..O.............
0x0bd5f104: 00000000 00000000 004fe770 00000000 ........p.O.....
0x0bd5f114: 004fdab4 004fd5c4 000502cc 00000000 ..O...O.........
0x0bd5f124: 000502dc 00000000 000502c4 00000000 ................
0x0bd5f134: 004fb93c 000294a0 004fb940 00000000 <.O.....@.O.....
0x0bd5f144: 004fb934 00000000 000294f0 004fe500 4.O...........O.
0x0bd5f154: 00029508 00000000 000294e8 006786a8 ..............g.
0x0bd5f164: 004f1a80 004f1a14 004f1a84 00000000 ..O...O...O.....
0x0bd5f174: 004f1a78 00000000 00000000 00000000 x.O.............
0x0bd5f184: 00000000 00000000 00000000 00000000 ................
0x0bd5f194: 00000000 00000000 00000000 00000000 ................
0x0bd5f1a4: 0005f608 00000000 0005f60c 00028cc0 ................
0x0bd5f1b4: 0005f600 004fe774 0005f5fc 004fe7f4 ....t.O.......O.
0x0bd5f1c4: 004fd3b4 00000000 004fd3b8 00000000 ..O.......O.....
0x0bd5f1d4: 004fd3b0 00000000 004fd3ac 00028ce8 ..O.......O.....
0x0bd5f1e4: 00000000 004fe81c 00000000 00005660 ......O.....`V..
0x0bd5f1f4: 00000000 00004d20 00000000 005107fc .... M........Q.
0x0bd5f204: 00000000 00510814 00000000 004fead0 ......Q.......O.
0x0bd5f214: 00000000 0051064c 00000000 004fea84 ....L.Q.......O.
0x0bd5f224: 00000000 00000000 00000000 00000000 ................
0x0bd5f234: 00000000 00000000 00000000 00510604 ..............Q.
0x0bd5f244: 00000000 00000000 00000000 004fe67c ............|.O.
0x0bd5f254: 00000000 00000000 00000000 00510914 ..............Q.
0x0bd5f264: 00000000 00000000 00000000 000502b0 ................
0x0bd5f274: 00000000 00000000 00000000 00000000 ................
0x0bd5f284: 00000000 00000000 00000000 00000000 ................
0x0bd5f294: 00000000 00000000 00510458 005101c0 ........X.Q...Q.
0x0bd5f2a4: 0051045c 004fe3d0 004fd2d0 000294a8 \.Q...O...O.....
0x0bd5f2b4: 004fd2d4 00000000 0051083c 00062680 ..O.....<.Q..&..
0x0bd5f2c4: 0051083c 000294b4 0051081c 00062688 <.Q.......Q..&..
0x0bd5f2d4: 0051083c 004fe900 00510840 004fe508 <.Q...O.@.Q...O.
0x0bd5f2e4: 00510860 004fdfd8 00000000 00000000 `.Q...O.........
0x0bd5f2f4: 00000000 000008f0 00000000 000009a0 ................
0x0bd5f304: 00510548 00000854 00510568 00000000 H.Q.T...h.Q.....
0x0bd5f314: 00510540 00000000 0051052c 00000000 @.Q.....,.Q.....
0x0bd5f324: 00000000 00000000 00000000 00000000 ................
0x0bd5f334: 00000000 00000000 00000000 00000000 ................
0x0bd5f344: 004fd3c4 00000000 004fd3c8 00000000 ..O.......O.....
0x0bd5f354: 004fb928 00000000 004fb92c 00000000 (.O.....,.O.....
0x0bd5f364: 004fb924 00000000 004fb920 00000000 $.O..... .O.....
0x0bd5f374: 00000000 00000000 00000000 00000000 ................
0x0bd5f384: 00000000 00000000 00000000 00000000 ................
0x0bd5f394: 00000000 004fdacc 00000000 00028ce0 ......O.........
0x0bd5f3a4: 00000000 00000000 00000000 004fe77c ............|.O.
0x0bd5f3b4: 00000000 00000000 00000000 004fe800 ..............O.
0x0bd5f3c4: 00000000 004fe790 00000000 00000000 ......O.........
0x0bd5f3d4: 00000000 004fe810 00000000 00000000 ......O.........
0x0bd5f3e4: 00000000 00000000 00000000 004fdfa4 ..............O.
0x0bd5f3f4: 00000000 00028ce4 00000000 00000000 ................
0x0bd5f404: 00000000 004fe818 00000000 004fe570 ......O.....p.O.
0x0bd5f414: 00000000 0000565c 00000000 00004d14 ....\V.......M..
0x0bd5f424: 00000000 00004d1c 00000000 0000392c .....M......,9..
0x0bd5f434: 00000000 005107f8 00000000 00510800 ......Q.......Q.
0x0bd5f444: 00000000 00510810 00000000 00510818 ......Q.......Q.
0x0bd5f454: 00000000 0051080c 00000000 004fead4 ......Q.......O.
0x0bd5f464: 00000000 005105f0 00000000 0051068c ......Q.......Q.
0x0bd5f474: 00000000 00510648 00000000 004fea88 ....H.Q.......O.
0x0bd5f484: 00000000 004feacc 00000000 00000000 ......O.........
0x0bd5f494: 00000000 00000000 00000000 00000000 ................
0x0bd5f4a4: 00000000 00000000 00000000 004fe468 ............h.O.
0x0bd5f4b4: 00000000 005105f4 00000000 00000000 ......Q.........
0x0bd5f4c4: 00000000 00000000 00000000 00000000 ................
0x0bd5f4d4: 00000000 004fda38 00000000 004fe680 ....8.O.......O.
0x0bd5f4e4: 00000000 00000000 00000000 00000000 ................
0x0bd5f4f4: 00000000 005108e4 00000000 005109a4 ......Q.......Q.
0x0bd5f504: 00000000 005130c4 00000000 00000000 .....0Q.........
0x0bd5f514: 00000000 004fd5c8 00000000 000502bc ......O.........
0x0bd5f524: 00000000 00000000 00000000 00000000 ................
0x0bd5f534: 00000000 00000000 00000000 00000000 ................
0x0bd5f544: 00000000 00000000 00000000 00000000 ................
0x0bd5f554: 00000000 00000000 00000000 00000000 ................
0x0bd5f564: 00000000 00000000 00000000 00000000 ................
0x0bd5f574: 00000000 00000000 00000000 005101c4 ..............Q.
0x0bd5f584: 00000000 004f1a74 00000000 004fe3d4 ....t.O.......O.
0x0bd5f594: 00000000 000294a4 00000000 000294b8 ................
0x0bd5f5a4: 00000000 000294c0 00000000 00000000 ................
0x0bd5f5b4: 00000000 00000000 00000000 00062684 .............&..
0x0bd5f5c4: 00000000 000294b0 00000000 00000000 ................
0x0bd5f5d4: 00000000 00000000 00000000 0006268c .............&..
0x0bd5f5e4: 00000000 00000000 00000000 004fe94c ............L.O.
0x0bd5f5f4: 00000000 004fe504 00000000 00000000 ......O.........
0x0bd5f604: 00000000 004fdfd0 00000000 00000000 ......O.........
0x0bd5f614: 00000000 00000000 00000000 004f1a18 ..............O.
0x0bd5f624: 00000000 000008d0 00000000 00678684 ..............g.
0x0bd5f634: 00000000 00000980 00000000 00000ab0 ................
0x0bd5f644: 00000000 00000830 00000000 004f1a10 ....0.........O.
0x0bd5f654: 00000000 00000000 00000000 00000000 ................
0x0bd5f664: 00000000 00000000 00000000 00000000 ................
0x0bd5f674: 00000000 00000000 00000000 000294bc ................
0x0bd5f684: 00000000 000294b0 00000000 00000000 ................
0x0bd5f694: 00000000 000502cc 00000000 004fb93c ............<.O.
0x0bd5f6a4: 004fe504 000294f0 00000000 004f1a80 ..O...........O.
0x0bd5f6b4: 00510814 00000000 00000000 0005f608 ..Q.............
0x0bd5f6c4: 00000000 0005f600 00000000 004fd3b4 ..............O.
0x0bd5f6d4: 00000000 004fd3b0 00000000 00000000 ......O.........
0x0bd5f6e4: 00000000 00000000 004fea8c 00510548 ..........O.H.Q.
0x0bd5f6f4: 005109a8 00510540 00000000 004fb928 ..Q.@.Q.....(.O.
0x0bd5f704: 00000000 004fb924 00000000 00000000 ....$.O.........
0x0bd5f714: 00000000 00000000 00000000 00000000 ................
0x0bd5f724: 00000000 00000000 00000000 00000000 ................
0x0bd5f734: 00000000 00000000 00000000 00040013 ................
0x0bd5f744: 00000000 0bd5f77c 03cdf3f0 006d5d90 ....|........]m.
0x0bd5f754: 004fea88 7580cba7 0bd5f7c0 7580cbb4 ..O....u.......u
0x0bd5f764: 004fe680 406d1388 00000000 00000000 ..O...m@........
0x0bd5f774: 7580cbb4 00000004 00001000 00f636e4 ...u.........6..
0x0bd5f784: 00005fec 00000000 000294a4 00000000 ._..............
0x0bd5f794: 0000000f 00000013 0bd5f7b4 0097cb5c ............\...
0x0bd5f7a4: 00040013 00001698 00000002 0001e584 ................
0x0bd5f7b4: 0000015e 00000043 00000005 00000009 ^...C...........
0x0bd5f7c4: 00000003 00000000 00000000 03d29330 ............0...
0x0bd5f7d4: 03cb2e01 00000009 00f70ae4 042f5e00 .............^/.
0x0bd5f7e4: 005108e4 0bd5f808 003e27be 06525cc0 ..Q......'>..\R.
0x0bd5f7f4: 006d5d90 042f5e00 03cdf3f0 003cce07 .]m..^/.......<.
0x0bd5f804: 03cdf3f0 0bd5f824 006d5dc6 042f5e00 ....$....]m..^/.
0x0bd5f814: 00005fec 00f636e4 006d5d90 006d5d90 ._...6...]m..]m.
0x0bd5f824: 0bd5f834 75b65d49 03cdf3f0 75b65d30 4...I].u....0].u
0x0bd5f834: 0bd5f88c 7777ce3b 03cdf3f0 29e2509b ....;.ww.....P.)
0x0bd5f844: 00000000 00000000 03cdf3f0 c0000005 ................
0x0bd5f854: 758f3cb0 b8b507a5 a83d2dc5 00000000 .<.u.....-=.....
0x0bd5f864: 00000000 0bd5dcac cd3a3b15 00000000 .........;:.....
0x0bd5f874: 0bd5f840 0bd5dcac 0bd5f894 77792110 @............!yw
0x0bd5f884: 55b51437 00000000 0bd5f89c 7777cdc1 7..U..........ww
0x0bd5f894: ffffffff 777c1626 00000000 00000000 ....&.|w........
0x0bd5f8a4: 006d5d90 03cdf3f0 00000000 00000000 .]m.............
0x0bd5f8b4: 00000000 00000000 00000000 00000000 ................
0x0bd5f8c4: 00000000 00000000 00000000 00000000 ................
0x0bd5f8d4: 00000000 00000000 00000000 00000000 ................
0x0bd5f8e4: 00000000 00000000 00000000 00000000 ................
0x0bd5f8f4: 00000000 00000000 00000000 00000000 ................
0x0bd5f904: 00000000 00000000 00000000 00000000 ................
0x0bd5f914: 00000000 00000000 00000000 00000000 ................
0x0bd5f924: 00000000 00000000 00000000 00000000 ................
0x0bd5f934: 00000000 00000000 00000000 00000000 ................
0x0bd5f944: 00000000 00000000 00000000 00000000 ................
0x0bd5f954: 00000000 00000000 00000000 00000000 ................
0x0bd5f964: 00000000 00000000 00000000 00000000 ................
0x0bd5f974: 00000000 00000000 00000000 00000000 ................
0x0bd5f984: 00000000 00000000 00000000 00000000 ................
0x0bd5f994: 00000000 00000000 00000000 00000000 ................
0x0bd5f9a4: 00000000 00000000 00000000 00000000 ................
0x0bd5f9b4: 00000000 00000000 00000000 00000000 ................
0x0bd5f9c4: 00000000 00000000 00000000 00000000 ................
0x0bd5f9d4: 00000000 00000000 00000000 00000000 ................
0x0bd5f9e4: 00000000 00000000 00000000 00000000 ................
0x0bd5f9f4: 00000000 00000000 00000000 00000000 ................
0x0bd5fa04: 00000000 00000000 00000000 00000000 ................
0x0bd5fa14: 00000000 00000000 00000000 00000000 ................
0x0bd5fa24: 00000000 00000000 00000000 00000000 ................
0x0bd5fa34: 00000000 00000000 00000000 00000000 ................
0x0bd5fa44: 00000000 00000000 00000000 00000000 ................
0x0bd5fa54: 00000000 00000000 00000000 00000000 ................
0x0bd5fa64: 00000000 00000000 00000000 00000000 ................
0x0bd5fa74: 00000000 00000000 00000000 00000000 ................
0x0bd5fa84: 00000000 00000000 00000000 00000000 ................
0x0bd5fa94: 00000000 00000000 00000000 00000000 ................
0x0bd5faa4: 00000000 00000000 00000000 00000000 ................
0x0bd5fab4: 00000000 00000000 00000000 00000000 ................
0x0bd5fac4: 00000000 00000000 00000000 00000000 ................
0x0bd5fad4: 00000000 00000000 00000000 00000000 ................
0x0bd5fae4: 00000000 00000000 00000000 00000000 ................
0x0bd5faf4: 00000000 00000000 00000000 00000000 ................
0x0bd5fb04: 00000000 00000000 00000000 00000000 ................
0x0bd5fb14: 00000000 00000000 00000000 00000000 ................
0x0bd5fb24: 00000000 00000000 00000000 00000000 ................
0x0bd5fb34: 00000000 00000000 00000000 00000000 ................
0x0bd5fb44: 00000000 00000000 00000000 00000000 ................
0x0bd5fb54: 00000000 00000000 00000000 00000000 ................
0x0bd5fb64: 00000000 00000000 00000000 00000000 ................
0x0bd5fb74: 00000000 00000000 00000000 00000000 ................
0x0bd5fb84: 00000000 00000000 00000000 00000000 ................
0x0bd5fb94: 00000000 00000000 00000000 00000000 ................
0x0bd5fba4: 00000000 00000000 00000000 00000000 ................
0x0bd5fbb4: 00000000 00000000 00000000 00000000 ................
0x0bd5fbc4: 00000000 00000000 00000000 00000000 ................
0x0bd5fbd4: 00000000 00000000 00000000 00000000 ................
0x0bd5fbe4: 00000000 00000000 00000000 00000000 ................
0x0bd5fbf4: 00000000 00000000 00000000 00000000 ................
0x0bd5fc04: 00000000 00000000 00000000 00000000 ................
0x0bd5fc14: 00000000 00000000 00000000 00000000 ................
0x0bd5fc24: 00000000 00000000 00000000 00000000 ................
0x0bd5fc34: 00000000 00000000 00000000 00000000 ................
0x0bd5fc44: 00000000 00000000 00000000 00000000 ................
0x0bd5fc54: 00000000 00000000 00000000 00000000 ................
0x0bd5fc64: 00000000 00000000 00000000 00000000 ................
0x0bd5fc74: 00000000 00000000 00000000 00000000 ................
0x0bd5fc84: 00000000 00000000 00000000 00000000 ................
0x0bd5fc94: 00000000 00000000 00000000 00000000 ................
0x0bd5fca4: 00000000 00000000 00000000 00000000 ................
0x0bd5fcb4: 00000000 00000000 00000000 00000000 ................
0x0bd5fcc4: 00000000 00000000 00000000 00000000 ................
0x0bd5fcd4: 00000000 00000000 00000000 00000000 ................
0x0bd5fce4: 00000000 00000000 00000000 00000000 ................
0x0bd5fcf4: 00000000 00000000 00000000 00000000 ................
0x0bd5fd04: 00000000 00000000 00000000 00000000 ................
0x0bd5fd14: 00000000 00000000 00000000 00000000 ................
0x0bd5fd24: 00000000 00000000 00000000 00000000 ................
0x0bd5fd34: 00000000 00000000 00000000 00000000 ................
0x0bd5fd44: 00000000 00000000 00000000 00000000 ................
0x0bd5fd54: 00000000 00000000 00000000 00000000 ................
0x0bd5fd64: 00000000 00000000 00000000 00000000 ................
0x0bd5fd74: 00000000 00000000 00000000 00000000 ................
0x0bd5fd84: 00000000 00000000 00000000 00000000 ................
0x0bd5fd94: 00000000 00000000 00000000 00000000 ................
0x0bd5fda4: 00000000 00000000 00000000 00000000 ................
0x0bd5fdb4: 00000000 00000000 00000000 00000000 ................
0x0bd5fdc4: 00000000 00000000 00000000 00000000 ................
0x0bd5fdd4: 00000000 00000000 00000000 00000000 ................
0x0bd5fde4: 00000000 00000000 00000000 00000000 ................
0x0bd5fdf4: 00000000 00000000 00000000 00000000 ................
0x0bd5fe04: 00000000 00000000 00000000 00000000 ................
0x0bd5fe14: 00000000 00000000 00000000 00000000 ................
0x0bd5fe24: 00000000 00000000 00000000 00000000 ................
0x0bd5fe34: 00000000 00000000 00000000 00000000 ................
0x0bd5fe44: 00000000 00000000 00000000 00000000 ................
0x0bd5fe54: 00000000 00000000 00000000 00000000 ................
0x0bd5fe64: 00000000 00000000 00000000 00000000 ................
0x0bd5fe74: 00000000 00000000 00000000 00000000 ................
0x0bd5fe84: 00000000 00000000 00000000 00000000 ................
0x0bd5fe94: 00000000 00000000 00000000 00000000 ................
0x0bd5fea4: 00000000 00000000 00000000 00000000 ................
0x0bd5feb4: 00000000 00000000 00000000 00000000 ................
0x0bd5fec4: 00000000 00000000 00000000 00000000 ................
0x0bd5fed4: 00000000 00000000 00000000 00000000 ................
0x0bd5fee4: 00000000 00000000 00000000 00000000 ................
0x0bd5fef4: 00000000 00000000 00000000 00000000 ................
0x0bd5ff04: 00000000 00000000 00000000 00000000 ................
0x0bd5ff14: 00000000 00000000 00000000 00000000 ................
0x0bd5ff24: 00000000 00000000 00000000 00000000 ................
0x0bd5ff34: 00000000 00000000 00000000 00000000 ................
0x0bd5ff44: 00000000 00000000 00000000 00000000 ................
0x0bd5ff54: 00000000 00000000 00000000 00000000 ................
0x0bd5ff64: 00000000 00000000 00000000 00000000 ................
0x0bd5ff74: 00000000 00000000 00000000 00000000 ................
0x0bd5ff84: 00000000 00000000 00000000 00000000 ................
0x0bd5ff94: 00000000 00000000 00000000 00000000 ................
0x0bd5ffa4: 00000000 00000000 00000000 00000000 ................
0x0bd5ffb4: 00000000 00000000 00000000 00000000 ................
0x0bd5ffc4: 00000000 00000000 00000000 00000000 ................
0x0bd5ffd4: 00000000 00000000 00000000 00000000 ................
0x0bd5ffe4: 00000000 00000000 00000000 00000000 ................
0x0bd5fff4: 00000000 00000000 00000000          ............

Module 1
C:\Users\Cuong Le\Desktop\C# winform\QLTK Nro Pro\QLTK Nro Pro\bin\Debug\Data\Version222\Dragonboy_vn_v222.exe
Image Base: 0x000f0000  Image Size: 0x01228000
File Size:  18198528    File Time:  2025-03-12_130656
Version:
   Company:    
   Product:    
   FileDesc:   
   FileVer:    5.6.7.3267
   ProdVer:    5.6.7.3267

Module 2
C:\Users\Cuong Le\Desktop\C# winform\QLTK Nro Pro\QLTK Nro Pro\bin\Debug\Data\Version222\Dragonboy_vn_v222_Data\Mono\mono.dll
Image Base: 0x10000000  Image Size: 0x00231000
File Size:  2117064     File Time:  2025-03-12_130656
Version:
   Company:    Unity Technologies
   Product:    libmono
   FileDesc:   Unity Technologies fork of mono runtime
   FileVer:    1.0.0.1
   ProdVer:    1.0.0.1

Module 3
C:\WINDOWS\SYSTEM32\xinput1_3.dll
Image Base: 0x00400000  Image Size: 0x00016000
File Size:  81768       File Time:  2007-04-04_185342
Version:
   Company:    Microsoft Corporation
   Product:    Microsoft® DirectX for Windows®
   FileDesc:   Microsoft Common Controller API
   FileVer:    9.18.944.0
   ProdVer:    9.18.944.0

Module 4
C:\WINDOWS\System32\DriverStore\FileRepository\nvam.inf_amd64_4ae7e10b45473e65\nvwgf2um.dll
Image Base: 0x512a0000  Image Size: 0x0360f000
File Size:  56911144    File Time:  2024-12-02_085034
Version:
   Company:    NVIDIA Corporation
   Product:    NVIDIA D3D10 drivers
   FileDesc:   NVIDIA D3D10 Driver, Version 566.07 
   FileVer:    32.0.15.6607
   ProdVer:    32.0.15.6607

Module 5
C:\WINDOWS\System32\DriverStore\FileRepository\nvam.inf_amd64_4ae7e10b45473e65\nvgpucomp32.dll
Image Base: 0x548b0000  Image Size: 0x024a7000
File Size:  38663464    File Time:  2024-12-02_085000
Version:
   Company:    NVIDIA Corporation
   Product:    NVIDIA GPU Compiler Driver
   FileDesc:   NVIDIA GPU Compiler Driver, Version 566.07 
   FileVer:    32.0.15.6607
   ProdVer:    32.0.15.6607

Module 6
C:\WINDOWS\SYSTEM32\midimap.dll
Image Base: 0x56e70000  Image Size: 0x00008000
File Size:  21504       File Time:  2024-12-13_150154
Version:
   Company:    Microsoft Corporation
   Product:    Microsoft® Windows® Operating System
   FileDesc:   Microsoft MIDI Mapper
   FileVer:    10.0.26100.1882
   ProdVer:    10.0.26100.1882

Module 7
C:\WINDOWS\SYSTEM32\MSACM32.dll
Image Base: 0x56e80000  Image Size: 0x0001a000
File Size:  97704       File Time:  2024-12-13_150154
Version:
   Company:    Microsoft Corporation
   Product:    Microsoft® Windows® Operating System
   FileDesc:   Microsoft ACM Audio Filter
   FileVer:    10.0.26100.1882
   ProdVer:    10.0.26100.1882

Module 8
C:\WINDOWS\SYSTEM32\resourcepolicyclient.dll
Image Base: 0x56ea0000  Image Size: 0x00010000
File Size:  57920       File Time:  2024-04-01_142216
Version:
   Company:    Microsoft Corporation
   Product:    Microsoft® Windows® Operating System
   FileDesc:   Resource Policy Client
   FileVer:    10.0.26100.1
   ProdVer:    10.0.26100.1

Module 9
C:\WINDOWS\SYSTEM32\AUDIOSES.DLL
Image Base: 0x56ec0000  Image Size: 0x00174000
File Size:  1519688     File Time:  2025-03-12_094514
Version:
   Company:    Microsoft Corporation
   Product:    Microsoft® Windows® Operating System
   FileDesc:   Audio Session
   FileVer:    10.0.26100.3323
   ProdVer:    10.0.26100.3323

Module 10
C:\WINDOWS\SYSTEM32\wdmaud.drv
Image Base: 0x57040000  Image Size: 0x0003d000
File Size:  223232      File Time:  2024-12-13_150154
Version:
   Company:    Microsoft Corporation
   Product:    Microsoft® Windows® Operating System
   FileDesc:   Winmm  audio system driver
   FileVer:    10.0.26100.1882
   ProdVer:    10.0.26100.1882

Module 11
C:\WINDOWS\SYSTEM32\GLU32.dll
Image Base: 0x58680000  Image Size: 0x00042000
File Size:  254976      File Time:  2024-04-01_142236
Version:
   Company:    Microsoft Corporation
   Product:    Microsoft® Windows® Operating System
   FileDesc:   OpenGL Utility Library DLL
   FileVer:    10.0.26100.1
   ProdVer:    10.0.26100.1

Module 12
C:\WINDOWS\SYSTEM32\OPENGL32.dll
Image Base: 0x586d0000  Image Size: 0x000e3000
File Size:  797696      File Time:  2025-03-12_094522
Version:
   Company:    Microsoft Corporation
   Product:    Microsoft® Windows® Operating System
   FileDesc:   OpenGL Client DLL
   FileVer:    10.0.26100.3323
   ProdVer:    10.0.26100.3323

Module 13
C:\WINDOWS\System32\fwpuclnt.dll
Image Base: 0x592b0000  Image Size: 0x00061000
File Size:  378368      File Time:  2025-03-12_094522
Version:
   Company:    Microsoft Corporation
   Product:    Microsoft® Windows® Operating System
   FileDesc:   FWP/IPsec User-Mode API
   FileVer:    10.0.26100.3323
   ProdVer:    10.0.26100.3323

Module 14
C:\Windows\System32\DriverStore\FileRepository\iigd_dch.inf_amd64_f63934308f6cc308\igc32.dll
Image Base: 0x5e840000  Image Size: 0x038f3000
File Size:  61009192    File Time:  2024-03-05_090414
Version:
   Company:    Intel Corporation
   Product:    Intel HD Graphics Drivers for Windows(R)
   FileDesc:   Intel Graphics Shader Compiler for Intel(R) Graphics Accelerator
   FileVer:    31.0.101.5333
   ProdVer:    31.0.101.5333

Module 15
C:\Windows\System32\DriverStore\FileRepository\iigd_dch.inf_amd64_f63934308f6cc308\IntelControlLib32.dll
Image Base: 0x62140000  Image Size: 0x0007e000
File Size:  562384      File Time:  2024-03-05_090734
Version:
   Company:    
   Product:    Intel Graphics Control Lib Runtime for Windows(R)
   FileDesc:   Intel Graphics Control Lib Runtime
   FileVer:    1.0.184.0
   ProdVer:    1.0.0.0

Module 16
C:\Windows\System32\DriverStore\FileRepository\iigd_dch.inf_amd64_f63934308f6cc308\igd10um32xe.DLL
Image Base: 0x621c0000  Image Size: 0x016f7000
File Size:  24732360    File Time:  2024-03-05_090436
Version:
   Company:    Intel Corporation
   Product:    Intel HD Graphics Drivers for Windows(R)
   FileDesc:   User Mode Driver for Intel(R) Graphics Technology
   FileVer:    31.0.101.5333
   ProdVer:    31.0.101.5333

Module 17
C:\Windows\System32\DriverStore\FileRepository\iigd_dch.inf_amd64_f63934308f6cc308\igd10iumd32.dll
Image Base: 0x638c0000  Image Size: 0x003df000
File Size:  4190848     File Time:  2024-03-05_090422
Version:
   Company:    Intel Corporation
   Product:    Intel HD Graphics Drivers for Windows(R)
   FileDesc:   User Mode Driver for Intel(R) Graphics Technology
   FileVer:    31.0.101.5333
   ProdVer:    31.0.101.5333

Module 18
C:\WINDOWS\SYSTEM32\d3d11.dll
Image Base: 0x63e60000  Image Size: 0x001f6000
File Size:  2057320     File Time:  2025-03-12_094518
Version:
   Company:    Microsoft Corporation
   Product:    Microsoft® Windows® Operating System
   FileDesc:   Direct3D 11 Runtime
   FileVer:    10.0.26100.3323
   ProdVer:    10.0.26100.3323

Module 19
C:\WINDOWS\SYSTEM32\dxgi.dll
Image Base: 0x64da0000  Image Size: 0x000fa000
File Size:  1012968     File Time:  2025-03-12_094518
Version:
   Company:    Microsoft Corporation
   Product:    Microsoft® Windows® Operating System
   FileDesc:   DirectX Graphics Infrastructure
   FileVer:    10.0.26100.3323
   ProdVer:    10.0.26100.3323

Module 20
C:\WINDOWS\System32\MMDevApi.dll
Image Base: 0x64ea0000  Image Size: 0x0007e000
File Size:  504200      File Time:  2025-03-12_094522
Version:
   Company:    Microsoft Corporation
   Product:    Microsoft® Windows® Operating System
   FileDesc:   MMDevice API
   FileVer:    10.0.26100.3323
   ProdVer:    10.0.26100.3323

Module 21
C:\WINDOWS\SYSTEM32\textinputframework.dll
Image Base: 0x650f0000  Image Size: 0x00101000
File Size:  1049624     File Time:  2025-03-12_094528
Version:
   Company:    Microsoft Corporation
   Product:    Microsoft® Windows® Operating System
   FileDesc:   "TextInputFramework.DYNLINK"
   FileVer:    10.0.26100.3323
   ProdVer:    10.0.26100.3323

Module 22
C:\Windows\System32\DriverStore\FileRepository\iigd_dch.inf_amd64_f63934308f6cc308\igdgmm32.dll
Image Base: 0x6c770000  Image Size: 0x00336000
File Size:  3485600     File Time:  2024-03-05_090606
Version:
   Company:    Intel Corporation
   Product:    Intel HD Graphics Drivers for Windows(R)
   FileDesc:   User Mode Driver for Intel(R) Graphics Technology
   FileVer:    31.0.101.5333
   ProdVer:    31.0.101.5333

Module 23
C:\WINDOWS\SYSTEM32\winmmbase.dll
Image Base: 0x6dd60000  Image Size: 0x0001f000
File Size:  118768      File Time:  2024-04-01_142214
Version:
   Company:    Microsoft Corporation
   Product:    Microsoft® Windows® Operating System
   FileDesc:   Base Multimedia Extension API DLL
   FileVer:    10.0.26100.1
   ProdVer:    10.0.26100.1

Module 24
C:\WINDOWS\SYSTEM32\drvstore.dll
Image Base: 0x6dd90000  Image Size: 0x00128000
File Size:  1212288     File Time:  2025-03-12_094518
Version:
   Company:    Microsoft Corporation
   Product:    Microsoft® Windows® Operating System
   FileDesc:   Driver Store API
   FileVer:    10.0.26100.3323
   ProdVer:    10.0.26100.3323

Module 25
C:\WINDOWS\SYSTEM32\msacm32.drv
Image Base: 0x6dee0000  Image Size: 0x0000b000
File Size:  28160       File Time:  2024-12-13_150208
Version:
   Company:    Microsoft Corporation
   Product:    Microsoft® Windows® Operating System
   FileDesc:   Microsoft Sound Mapper
   FileVer:    10.0.26100.1882
   ProdVer:    10.0.26100.1882

Module 26
C:\WINDOWS\System32\DriverStore\FileRepository\nvam.inf_amd64_4ae7e10b45473e65\nvppe.dll
Image Base: 0x6def0000  Image Size: 0x000df000
File Size:  932136      File Time:  2024-12-02_085028
Version:
   Company:    NVIDIA Corporation
   Product:    NVIDIA driver loader
   FileDesc:   NVIDIA Driver, Version 566.07 
   FileVer:    32.0.15.6607
   ProdVer:    32.0.15.6607

Module 27
C:\WINDOWS\System32\DriverStore\FileRepository\nvam.inf_amd64_4ae7e10b45473e65\nvldumd.dll
Image Base: 0x6dfd0000  Image Size: 0x0009d000
File Size:  653760      File Time:  2024-12-02_085024
Version:
   Company:    NVIDIA Corporation
   Product:    NVIDIA driver loader
   FileDesc:   NVIDIA Driver Loader, Version 566.07 
   FileVer:    32.0.15.6607
   ProdVer:    32.0.15.6607

Module 28
C:\WINDOWS\SYSTEM32\directxdatabasehelper.dll
Image Base: 0x6e8d0000  Image Size: 0x0004c000
File Size:  301224      File Time:  2025-03-12_094514
Version:
   Company:    Microsoft Corporation
   Product:    Microsoft® Windows® Operating System
   FileDesc:   DirectXDatabaseHelper
   FileVer:    10.0.26100.3323
   ProdVer:    10.0.26100.3323

Module 29
C:\WINDOWS\SYSTEM32\dxcore.dll
Image Base: 0x6f260000  Image Size: 0x00039000
File Size:  219112      File Time:  2025-03-12_094514
Version:
   Company:    Microsoft Corporation
   Product:    Microsoft® Windows® Operating System
   FileDesc:   DXCore
   FileVer:    10.0.26100.3323
   ProdVer:    10.0.26100.3323

Module 30
C:\WINDOWS\SYSTEM32\dwmapi.dll
Image Base: 0x6f320000  Image Size: 0x0002a000
File Size:  152984      File Time:  2025-03-12_094516
Version:
   Company:    Microsoft Corporation
   Product:    Microsoft® Windows® Operating System
   FileDesc:   Microsoft Desktop Window Manager API
   FileVer:    10.0.26100.3323
   ProdVer:    10.0.26100.3323

Module 31
C:\WINDOWS\SYSTEM32\apphelp.dll
Image Base: 0x727b0000  Image Size: 0x000ac000
File Size:  698936      File Time:  2025-03-12_094514
Version:
   Company:    Microsoft Corporation
   Product:    Microsoft® Windows® Operating System
   FileDesc:   Application Compatibility Client Library
   FileVer:    10.0.26100.3323
   ProdVer:    10.0.26100.3323

Module 32
C:\WINDOWS\SYSTEM32\DNSAPI.dll
Image Base: 0x72860000  Image Size: 0x000db000
File Size:  894656      File Time:  2025-03-12_094518
Version:
   Company:    Microsoft Corporation
   Product:    Microsoft® Windows® Operating System
   FileDesc:   DNS Client API DLL
   FileVer:    10.0.26100.3323
   ProdVer:    10.0.26100.3323

Module 33
C:\WINDOWS\SYSTEM32\wldp.dll
Image Base: 0x72ca0000  Image Size: 0x00050000
File Size:  326000      File Time:  2025-01-15_114046
Version:
   Company:    Microsoft Corporation
   Product:    Microsoft® Windows® Operating System
   FileDesc:   Windows Lockdown Policy
   FileVer:    10.0.26100.2894
   ProdVer:    10.0.26100.2894

Module 34
C:\WINDOWS\SYSTEM32\cfgmgr32.dll
Image Base: 0x73450000  Image Size: 0x0004a000
File Size:  290928      File Time:  2025-03-12_094514
Version:
   Company:    Microsoft Corporation
   Product:    Microsoft® Windows® Operating System
   FileDesc:   Configuration Manager DLL
   FileVer:    10.0.26100.3323
   ProdVer:    10.0.26100.3323

Module 35
C:\WINDOWS\SYSTEM32\HID.DLL
Image Base: 0x734e0000  Image Size: 0x0000b000
File Size:  27648       File Time:  2024-04-01_142216
Version:
   Company:    Microsoft Corporation
   Product:    Microsoft® Windows® Operating System
   FileDesc:   Hid User Library
   FileVer:    10.0.26100.1
   ProdVer:    10.0.26100.1

Module 36
C:\ProgramData\Microsoft\Windows Defender\Platform\4.18.25010.11-0\X86\MpOav.dll
Image Base: 0x735d0000  Image Size: 0x00071000
File Size:  460704      File Time:  2025-03-07_202438
Version:
   Company:    Microsoft Corporation
   Product:    Microsoft® Windows® Operating System
   FileDesc:   IOfficeAntiVirus Module
   FileVer:    4.18.25010.11
   ProdVer:    4.18.25010.11

Module 37
C:\WINDOWS\SYSTEM32\amsi.dll
Image Base: 0x736f0000  Image Size: 0x00015000
File Size:  72192       File Time:  2024-04-01_142214
Version:
   Company:    Microsoft Corporation
   Product:    Microsoft® Windows® Operating System
   FileDesc:   Anti-Malware Scan Interface
   FileVer:    10.0.26100.1
   ProdVer:    10.0.26100.1

Module 38
C:\WINDOWS\system32\wbem\fastprox.dll
Image Base: 0x73710000  Image Size: 0x000cc000
File Size:  814080      File Time:  2025-03-12_094528
Version:
   Company:    Microsoft Corporation
   Product:    Microsoft® Windows® Operating System
   FileDesc:   WMI Custom Marshaller
   FileVer:    10.0.26100.3323
   ProdVer:    10.0.26100.3323

Module 39
C:\WINDOWS\system32\wbem\wbemsvc.dll
Image Base: 0x738b0000  Image Size: 0x00011000
File Size:  49664       File Time:  2024-12-13_150214
Version:
   Company:    Microsoft Corporation
   Product:    Microsoft® Windows® Operating System
   FileDesc:   WMI
   FileVer:    10.0.26100.1000
   ProdVer:    10.0.26100.1000

Module 40
C:\WINDOWS\SYSTEM32\wbemcomn.dll
Image Base: 0x738d0000  Image Size: 0x00068000
File Size:  399360      File Time:  2024-04-01_142216
Version:
   Company:    Microsoft Corporation
   Product:    Microsoft® Windows® Operating System
   FileDesc:   WMI
   FileVer:    10.0.26100.1
   ProdVer:    10.0.26100.1

Module 41
C:\WINDOWS\system32\wbem\wbemprox.dll
Image Base: 0x73940000  Image Size: 0x0000e000
File Size:  38400       File Time:  2024-12-13_150212
Version:
   Company:    Microsoft Corporation
   Product:    Microsoft® Windows® Operating System
   FileDesc:   WMI
   FileVer:    10.0.26100.1000
   ProdVer:    10.0.26100.1000

Module 42
C:\WINDOWS\SYSTEM32\MSWSOCK.dll
Image Base: 0x73b10000  Image Size: 0x00053000
File Size:  326584      File Time:  2025-02-12_081140
Version:
   Company:    Microsoft Corporation
   Product:    Microsoft® Windows® Operating System
   FileDesc:   Microsoft Windows Sockets 2.0 Service Provider
   FileVer:    10.0.26100.3194
   ProdVer:    10.0.26100.3194

Module 43
C:\WINDOWS\SYSTEM32\cryptnet.dll
Image Base: 0x73ed0000  Image Size: 0x0002b000
File Size:  170008      File Time:  2025-02-12_081126
Version:
   Company:    Microsoft Corporation
   Product:    Microsoft® Windows® Operating System
   FileDesc:   Crypto Network Related API
   FileVer:    10.0.26100.3037
   ProdVer:    10.0.26100.3037

Module 44
C:\WINDOWS\SYSTEM32\profapi.dll
Image Base: 0x73f00000  Image Size: 0x00021000
File Size:  129728      File Time:  2025-03-12_094524
Version:
   Company:    Microsoft Corporation
   Product:    Microsoft® Windows® Operating System
   FileDesc:   User Profile Basic API
   FileVer:    10.0.26100.3323
   ProdVer:    10.0.26100.3323

Module 45
C:\WINDOWS\SYSTEM32\SspiCli.dll
Image Base: 0x73f60000  Image Size: 0x0002b000
File Size:  166944      File Time:  2025-02-12_081132
Version:
   Company:    Microsoft Corporation
   Product:    Microsoft® Windows® Operating System
   FileDesc:   Security Support Provider Interface
   FileVer:    10.0.26100.3037
   ProdVer:    10.0.26100.3037

Module 46
C:\WINDOWS\SYSTEM32\cryptbase.dll
Image Base: 0x73f90000  Image Size: 0x0000b000
File Size:  33184       File Time:  2025-01-15_114046
Version:
   Company:    Microsoft Corporation
   Product:    Microsoft® Windows® Operating System
   FileDesc:   Base cryptographic API DLL
   FileVer:    10.0.26100.2894
   ProdVer:    10.0.26100.2894

Module 47
C:\WINDOWS\system32\rsaenh.dll
Image Base: 0x73fa0000  Image Size: 0x00033000
File Size:  202056      File Time:  2025-03-12_094524
Version:
   Company:    Microsoft Corporation
   Product:    Microsoft® Windows® Operating System
   FileDesc:   Microsoft Enhanced Cryptographic Provider
   FileVer:    10.0.26100.3323
   ProdVer:    10.0.26100.3323

Module 48
C:\WINDOWS\SYSTEM32\windows.storage.dll
Image Base: 0x73fe0000  Image Size: 0x006c4000
File Size:  7127824     File Time:  2025-03-12_094522
Version:
   Company:    Microsoft Corporation
   Product:    Microsoft® Windows® Operating System
   FileDesc:   Microsoft WinRT Storage API
   FileVer:    10.0.26100.3470
   ProdVer:    10.0.26100.3470

Module 49
C:\WINDOWS\SYSTEM32\CRYPTSP.dll
Image Base: 0x746b0000  Image Size: 0x00015000
File Size:  79640       File Time:  2024-12-13_150158
Version:
   Company:    Microsoft Corporation
   Product:    Microsoft® Windows® Operating System
   FileDesc:   Cryptographic Service Provider API
   FileVer:    10.0.26100.2454
   ProdVer:    10.0.26100.2454

Module 50
C:\Windows\System32\rasadhlp.dll
Image Base: 0x74750000  Image Size: 0x00008000
File Size:  13312       File Time:  2024-04-01_142236
Version:
   Company:    Microsoft Corporation
   Product:    Microsoft® Windows® Operating System
   FileDesc:   Remote Access AutoDial Helper
   FileVer:    10.0.26100.1
   ProdVer:    10.0.26100.1

Module 51
C:\WINDOWS\SYSTEM32\dhcpcsvc.DLL
Image Base: 0x74760000  Image Size: 0x0001d000
File Size:  102840      File Time:  2025-03-12_094516
Version:
   Company:    Microsoft Corporation
   Product:    Microsoft® Windows® Operating System
   FileDesc:   DHCP Client Service
   FileVer:    10.0.26100.3323
   ProdVer:    10.0.26100.3323

Module 52
C:\WINDOWS\SYSTEM32\dhcpcsvc6.DLL
Image Base: 0x74780000  Image Size: 0x00018000
File Size:  88008       File Time:  2025-03-12_094516
Version:
   Company:    Microsoft Corporation
   Product:    Microsoft® Windows® Operating System
   FileDesc:   DHCPv6 Client
   FileVer:    10.0.26100.3323
   ProdVer:    10.0.26100.3323

Module 53
C:\WINDOWS\SYSTEM32\dbghelp.dll
Image Base: 0x747b0000  Image Size: 0x001e0000
File Size:  1851808     File Time:  2025-02-12_081126
Version:
   Company:    Microsoft Corporation
   Product:    Microsoft® Windows® Operating System
   FileDesc:   Windows Image Helper
   FileVer:    10.0.26100.3037
   ProdVer:    10.0.26100.3037

Module 54
C:\WINDOWS\SYSTEM32\VERSION.dll
Image Base: 0x749a0000  Image Size: 0x00008000
File Size:  28976       File Time:  2024-04-01_142216
Version:
   Company:    Microsoft Corporation
   Product:    Microsoft® Windows® Operating System
   FileDesc:   Version Checking and File Installation Libraries
   FileVer:    10.0.26100.1
   ProdVer:    10.0.26100.1

Module 55
C:\WINDOWS\SYSTEM32\IPHLPAPI.DLL
Image Base: 0x749b0000  Image Size: 0x00027000
File Size:  147864      File Time:  2025-03-12_094526
Version:
   Company:    Microsoft Corporation
   Product:    Microsoft® Windows® Operating System
   FileDesc:   IP Helper API
   FileVer:    10.0.26100.3323
   ProdVer:    10.0.26100.3323

Module 56
C:\WINDOWS\system32\uxtheme.dll
Image Base: 0x74a70000  Image Size: 0x00082000
File Size:  512512      File Time:  2025-03-12_094528
Version:
   Company:    Microsoft Corporation
   Product:    Microsoft® Windows® Operating System
   FileDesc:   Microsoft UxTheme Library
   FileVer:    10.0.26100.3323
   ProdVer:    10.0.26100.3323

Module 57
C:\WINDOWS\SYSTEM32\devobj.dll
Image Base: 0x74b10000  Image Size: 0x00024000
File Size:  143032      File Time:  2024-04-01_142236
Version:
   Company:    Microsoft Corporation
   Product:    Microsoft® Windows® Operating System
   FileDesc:   Device Information Set DLL
   FileVer:    10.0.26100.1
   ProdVer:    10.0.26100.1

Module 58
C:\WINDOWS\SYSTEM32\kernel.appcore.dll
Image Base: 0x74bb0000  Image Size: 0x00014000
File Size:  71888       File Time:  2024-12-13_150150
Version:
   Company:    Microsoft Corporation
   Product:    Microsoft® Windows® Operating System
   FileDesc:   AppModel API Host
   FileVer:    10.0.26100.1591
   ProdVer:    10.0.26100.1591

Module 59
C:\WINDOWS\SYSTEM32\ntmarta.dll
Image Base: 0x74bd0000  Image Size: 0x00029000
File Size:  156080      File Time:  2024-04-01_142216
Version:
   Company:    Microsoft Corporation
   Product:    Microsoft® Windows® Operating System
   FileDesc:   Windows NT MARTA provider
   FileVer:    10.0.26100.1
   ProdVer:    10.0.26100.1

Module 60
C:\WINDOWS\SYSTEM32\msasn1.dll
Image Base: 0x74c10000  Image Size: 0x0000e000
File Size:  52240       File Time:  2025-01-15_114048
Version:
   Company:    Microsoft Corporation
   Product:    Microsoft® Windows® Operating System
   FileDesc:   ASN.1 Runtime APIs
   FileVer:    10.0.26100.2894
   ProdVer:    10.0.26100.2894

Module 61
C:\WINDOWS\SYSTEM32\WINHTTP.dll
Image Base: 0x74c30000  Image Size: 0x000db000
File Size:  893648      File Time:  2025-03-12_094530
Version:
   Company:    Microsoft Corporation
   Product:    Microsoft® Windows® Operating System
   FileDesc:   Windows HTTP Services
   FileVer:    10.0.26100.3323
   ProdVer:    10.0.26100.3323

Module 62
C:\WINDOWS\SYSTEM32\bcrypt.dll
Image Base: 0x74d50000  Image Size: 0x0001a000
File Size:  102312      File Time:  2025-02-12_081124
Version:
   Company:    Microsoft Corporation
   Product:    Microsoft® Windows® Operating System
   FileDesc:   Windows Cryptographic Primitives Library
   FileVer:    10.0.26100.3037
   ProdVer:    10.0.26100.3037

Module 63
C:\WINDOWS\SYSTEM32\UMPDC.dll
Image Base: 0x750b0000  Image Size: 0x0000e000
File Size:  51608       File Time:  2024-12-13_150156
Version:
   Company:    Microsoft Corporation
   Product:    Microsoft® Windows® Operating System
   FileDesc:   User Mode Power Dependency Coordinator
   FileVer:    10.0.26100.1301
   ProdVer:    10.0.26100.1301

Module 64
C:\WINDOWS\SYSTEM32\WINMM.dll
Image Base: 0x75120000  Image Size: 0x00033000
File Size:  196400      File Time:  2025-03-12_094514
Version:
   Company:    Microsoft Corporation
   Product:    Microsoft® Windows® Operating System
   FileDesc:   MCI API DLL
   FileVer:    10.0.26100.3323
   ProdVer:    10.0.26100.3323

Module 65
C:\WINDOWS\SYSTEM32\USERENV.dll
Image Base: 0x75160000  Image Size: 0x0001f000
File Size:  121440      File Time:  2024-12-13_150158
Version:
   Company:    Microsoft Corporation
   Product:    Microsoft® Windows® Operating System
   FileDesc:   Userenv
   FileVer:    10.0.26100.2454
   ProdVer:    10.0.26100.2454

Module 66
C:\WINDOWS\SYSTEM32\POWRPROF.dll
Image Base: 0x751c0000  Image Size: 0x00045000
File Size:  275896      File Time:  2024-04-01_142216
Version:
   Company:    Microsoft Corporation
   Product:    Microsoft® Windows® Operating System
   FileDesc:   Power Profile Helper DLL
   FileVer:    10.0.26100.1
   ProdVer:    10.0.26100.1

Module 67
C:\WINDOWS\System32\ole32.dll
Image Base: 0x75210000  Image Size: 0x00151000
File Size:  1387360     File Time:  2025-03-12_094514
Version:
   Company:    Microsoft Corporation
   Product:    Microsoft® Windows® Operating System
   FileDesc:   Microsoft OLE for Windows
   FileVer:    10.0.26100.3323
   ProdVer:    10.0.26100.3323

Module 68
C:\WINDOWS\System32\msvcp_win.dll
Image Base: 0x75370000  Image Size: 0x00085000
File Size:  505776      File Time:  2024-12-13_150208
Version:
   Company:    Microsoft Corporation
   Product:    Microsoft® Windows® Operating System
   FileDesc:   Microsoft® C Runtime Library
   FileVer:    10.0.26100.1882
   ProdVer:    10.0.26100.1882

Module 69
C:\WINDOWS\System32\imagehlp.dll
Image Base: 0x75400000  Image Size: 0x0001b000
File Size:  102728      File Time:  2024-04-01_142212
Version:
   Company:    Microsoft Corporation
   Product:    Microsoft® Windows® Operating System
   FileDesc:   Windows NT Image Helper
   FileVer:    10.0.26100.1
   ProdVer:    10.0.26100.1

Module 70
C:\WINDOWS\System32\combase.dll
Image Base: 0x75420000  Image Size: 0x00281000
File Size:  2635768     File Time:  2025-03-12_094516
Version:
   Company:    Microsoft Corporation
   Product:    Microsoft® Windows® Operating System
   FileDesc:   Microsoft COM for Windows
   FileVer:    10.0.26100.3323
   ProdVer:    10.0.26100.3323

Module 71
C:\WINDOWS\System32\KERNELBASE.dll
Image Base: 0x756b0000  Image Size: 0x002ab000
File Size:  2804152     File Time:  2025-03-12_094520
Version:
   Company:    Microsoft Corporation
   Product:    Microsoft® Windows® Operating System
   FileDesc:   Windows NT BASE API Client DLL
   FileVer:    10.0.26100.3470
   ProdVer:    10.0.26100.3470

Module 72
C:\WINDOWS\System32\MSCTF.dll
Image Base: 0x75960000  Image Size: 0x00117000
File Size:  1139984     File Time:  2025-03-12_094528
Version:
   Company:    Microsoft Corporation
   Product:    Microsoft® Windows® Operating System
   FileDesc:   MSCTF Server DLL
   FileVer:    10.0.26100.3323
   ProdVer:    10.0.26100.3323

Module 73
C:\WINDOWS\System32\wintrust.dll
Image Base: 0x75a80000  Image Size: 0x00066000
File Size:  411728      File Time:  2025-03-12_094528
Version:
   Company:    Microsoft Corporation
   Product:    Microsoft® Windows® Operating System
   FileDesc:   Microsoft Trust Verification APIs
   FileVer:    10.0.26100.3323
   ProdVer:    10.0.26100.3323

Module 74
C:\WINDOWS\System32\KERNEL32.DLL
Image Base: 0x75b50000  Image Size: 0x000f0000
File Size:  679152      File Time:  2025-03-12_094520
Version:
   Company:    Microsoft Corporation
   Product:    Microsoft® Windows® Operating System
   FileDesc:   Windows NT BASE API Client DLL
   FileVer:    10.0.26100.3323
   ProdVer:    10.0.26100.3323

Module 75
C:\WINDOWS\System32\sechost.dll
Image Base: 0x75c50000  Image Size: 0x00083000
File Size:  529544      File Time:  2025-03-12_094524
Version:
   Company:    Microsoft Corporation
   Product:    Microsoft® Windows® Operating System
   FileDesc:   Host for SCM/SDDL/LSA Lookup APIs
   FileVer:    10.0.26100.3323
   ProdVer:    10.0.26100.3323

Module 76
C:\WINDOWS\System32\USER32.dll
Image Base: 0x75ce0000  Image Size: 0x001c6000
File Size:  1852272     File Time:  2025-03-12_094528
Version:
   Company:    Microsoft Corporation
   Product:    Microsoft® Windows® Operating System
   FileDesc:   Multi-User Windows USER API Client DLL
   FileVer:    10.0.26100.3470
   ProdVer:    10.0.26100.3470

Module 77
C:\WINDOWS\System32\ucrtbase.dll
Image Base: 0x75eb0000  Image Size: 0x00110000
File Size:  1114168     File Time:  2025-02-12_081138
Version:
   Company:    Microsoft Corporation
   Product:    Microsoft® Windows® Operating System
   FileDesc:   Microsoft® C Runtime Library
   FileVer:    10.0.26100.3037
   ProdVer:    10.0.26100.3037

Module 78
C:\WINDOWS\System32\WS2_32.dll
Image Base: 0x75fd0000  Image Size: 0x00060000
File Size:  391984      File Time:  2024-12-13_150154
Version:
   Company:    Microsoft Corporation
   Product:    Microsoft® Windows® Operating System
   FileDesc:   Windows Socket 2.0 32-Bit DLL
   FileVer:    10.0.26100.1882
   ProdVer:    10.0.26100.1882

Module 79
C:\WINDOWS\System32\SHELL32.dll
Image Base: 0x760b0000  Image Size: 0x005f9000
File Size:  6296720     File Time:  2025-03-12_094526
Version:
   Company:    Microsoft Corporation
   Product:    Microsoft® Windows® Operating System
   FileDesc:   Windows Shell Common Dll
   FileVer:    10.0.26100.3323
   ProdVer:    10.0.26100.3323

Module 80
C:\WINDOWS\System32\CRYPT32.dll
Image Base: 0x76830000  Image Size: 0x00107000
File Size:  1065608     File Time:  2025-03-12_094516
Version:
   Company:    Microsoft Corporation
   Product:    Microsoft® Windows® Operating System
   FileDesc:   Crypto API32
   FileVer:    10.0.26100.3323
   ProdVer:    10.0.26100.3323

Module 81
C:\WINDOWS\System32\ADVAPI32.dll
Image Base: 0x76a00000  Image Size: 0x0007e000
File Size:  511408      File Time:  2025-03-12_094514
Version:
   Company:    Microsoft Corporation
   Product:    Microsoft® Windows® Operating System
   FileDesc:   Advanced Windows 32 Base API
   FileVer:    10.0.26100.3323
   ProdVer:    10.0.26100.3323

Module 82
C:\WINDOWS\System32\bcryptPrimitives.dll
Image Base: 0x76a90000  Image Size: 0x00069000
File Size:  427248      File Time:  2025-02-12_081124
Version:
   Company:    Microsoft Corporation
   Product:    Microsoft® Windows® Operating System
   FileDesc:   Windows Cryptographic Primitives Library
   FileVer:    10.0.26100.3037
   ProdVer:    10.0.26100.3037

Module 83
C:\WINDOWS\System32\clbcatq.dll
Image Base: 0x76b00000  Image Size: 0x00081000
File Size:  519504      File Time:  2024-04-01_142214
Version:
   Company:    Microsoft Corporation
   Product:    Microsoft® Windows® Operating System
   FileDesc:   COM+ Configuration Catalog
   FileVer:    2001.12.10941.16384
   ProdVer:    10.0.26100.1

Module 84
C:\WINDOWS\System32\SETUPAPI.dll
Image Base: 0x76b90000  Image Size: 0x0044f000
File Size:  4551496     File Time:  2025-03-12_094526
Version:
   Company:    Microsoft Corporation
   Product:    Microsoft® Windows® Operating System
   FileDesc:   Windows Setup API
   FileVer:    10.0.26100.3323
   ProdVer:    10.0.26100.3323

Module 85
C:\WINDOWS\System32\NSI.dll
Image Base: 0x76ff0000  Image Size: 0x00007000
File Size:  21808       File Time:  2025-01-15_114050
Version:
   Company:    Microsoft Corporation
   Product:    Microsoft® Windows® Operating System
   FileDesc:   NSI User-mode interface DLL
   FileVer:    10.0.26100.2894
   ProdVer:    10.0.26100.2894

Module 86
C:\WINDOWS\System32\msvcrt.dll
Image Base: 0x77000000  Image Size: 0x000c7000
File Size:  809440      File Time:  2024-12-13_150154
Version:
   Company:    Microsoft Corporation
   Product:    Microsoft® Windows® Operating System
   FileDesc:   Windows NT CRT DLL
   FileVer:    7.0.26100.1882
   ProdVer:    10.0.26100.1882

Module 87
C:\WINDOWS\System32\RPCRT4.dll
Image Base: 0x77170000  Image Size: 0x000b9000
File Size:  758280      File Time:  2025-02-12_081134
Version:
   Company:    Microsoft Corporation
   Product:    Microsoft® Windows® Operating System
   FileDesc:   Remote Procedure Call Runtime
   FileVer:    10.0.26100.3037
   ProdVer:    10.0.26100.3037

Module 88
C:\WINDOWS\System32\shcore.dll
Image Base: 0x77230000  Image Size: 0x000c9000
File Size:  810472      File Time:  2025-03-12_094524
Version:
   Company:    Microsoft Corporation
   Product:    Microsoft® Windows® Operating System
   FileDesc:   SHCORE
   FileVer:    10.0.26100.3470
   ProdVer:    10.0.26100.3470

Module 89
C:\WINDOWS\System32\win32u.dll
Image Base: 0x77370000  Image Size: 0x0001a000
File Size:  105944      File Time:  2025-03-12_094528
Version:
   Company:    Microsoft Corporation
   Product:    Microsoft® Windows® Operating System
   FileDesc:   Win32u
   FileVer:    10.0.26100.3470
   ProdVer:    10.0.26100.3470

Module 90
C:\WINDOWS\System32\SHLWAPI.dll
Image Base: 0x77390000  Image Size: 0x0004b000
File Size:  302776      File Time:  2025-02-12_081136
Version:
   Company:    Microsoft Corporation
   Product:    Microsoft® Windows® Operating System
   FileDesc:   Shell Light-weight Utility Library
   FileVer:    10.0.26100.3037
   ProdVer:    10.0.26100.3037

Module 91
C:\WINDOWS\System32\gdi32full.dll
Image Base: 0x773f0000  Image Size: 0x000ed000
File Size:  964368      File Time:  2025-03-12_094518
Version:
   Company:    Microsoft Corporation
   Product:    Microsoft® Windows® Operating System
   FileDesc:   GDI Client DLL
   FileVer:    10.0.26100.3470
   ProdVer:    10.0.26100.3470

Module 92
C:\WINDOWS\System32\OLEAUT32.dll
Image Base: 0x774e0000  Image Size: 0x0009e000
File Size:  640048      File Time:  2025-03-12_094522
Version:
   Company:    Microsoft Corporation
   Product:    Microsoft® Windows® Operating System
   FileDesc:   OLEAUT32.DLL
   FileVer:    10.0.26100.3323
   ProdVer:    10.0.26100.3323

Module 93
C:\WINDOWS\System32\IMM32.dll
Image Base: 0x77590000  Image Size: 0x00025000
File Size:  145224      File Time:  2024-04-01_142214
Version:
   Company:    Microsoft Corporation
   Product:    Microsoft® Windows® Operating System
   FileDesc:   Multi-User Windows IMM32 API Client DLL
   FileVer:    10.0.26100.1
   ProdVer:    10.0.26100.1

Module 94
C:\WINDOWS\System32\wintypes.dll
Image Base: 0x775c0000  Image Size: 0x000f9000
File Size:  1023752     File Time:  2025-01-15_114046
Version:
   Company:    Microsoft Corporation
   Product:    Microsoft® Windows® Operating System
   FileDesc:   Windows Base Types DLL
   FileVer:    10.0.26100.2894
   ProdVer:    10.0.26100.2894

Module 95
C:\WINDOWS\System32\PSAPI.DLL
Image Base: 0x776c0000  Image Size: 0x00006000
File Size:  18040       File Time:  2024-04-01_142214
Version:
   Company:    Microsoft Corporation
   Product:    Microsoft® Windows® Operating System
   FileDesc:   Process Status Helper
   FileVer:    10.0.26100.1
   ProdVer:    10.0.26100.1

Module 96
C:\WINDOWS\System32\GDI32.dll
Image Base: 0x776d0000  Image Size: 0x00022000
File Size:  132296      File Time:  2024-12-13_150156
Version:
   Company:    Microsoft Corporation
   Product:    Microsoft® Windows® Operating System
   FileDesc:   GDI Client DLL
   FileVer:    10.0.26100.2033
   ProdVer:    10.0.26100.2033

Module 97
C:\WINDOWS\SYSTEM32\ntdll.dll
Image Base: 0x77710000  Image Size: 0x001ba000
File Size:  1801216     File Time:  2025-03-12_094522
Version:
   Company:    Microsoft Corporation
   Product:    Microsoft® Windows® Operating System
   FileDesc:   NT Layer DLL
   FileVer:    10.0.26100.3323
   ProdVer:    10.0.26100.3323


== [end of error.log] ==
