Unity Player [version: Unity 5.6.7f1_e80cc3114ac1]

Dragonboy_vn_v222.exe caused an Access Violation (0xc0000005)
  in module Dragonboy_vn_v222.exe at 0023:009831b1.

Error occurred at 2025-03-13_071754.
C:\Users\Cuong Le\Desktop\C# winform\QLTK Nro Pro\QLTK Nro Pro\bin\Debug\Data\Version222\Dragonboy_vn_v222.exe, run by Unknown.
88% memory in use.
0 MB physical memory [1863 MB free].
0 MB paging file [1162 MB free].
0 MB user address space [36 MB free].
Read from location 00000010 caused an access violation.

Context:
EDI:    0x00000010  ESI: 0x00000000  EAX:   0x00000010
EBX:    0x00fc7724  ECX: 0x7ffffffe  EDX:   0x04092073
EIP:    0x009831b1  EBP: 0x016fea58  SegCs: 0x00000023
EFlags: 0x00210202  ESP: 0x016fe7cc  SegSs: 0x0000002b

Bytes at CS:EIP:
80 38 00 74 05 40 85 c9 75 f5 2b 85 e0 fd ff ff 

Stack:
0x016fe7cc: 016fea98 04092040 00000013 03c0aa60 ..o.@ ......`...
0x016fe7dc: 00000007 00000000 00000007 04819ab8 ................
0x016fe7ec: 01f505c0 04270000 00000003 fffffffa ......'.........
0x016fe7fc: 01f519f8 01f51b68 01f505b8 00000001 ....h...........
0x016fe80c: 00000000 00000000 00000000 00fc7724 ............$w..
0x016fe81c: 00000000 00000000 00000000 016fea78 ............x.o.
0x016fe82c: 0000000c 00000006 0000006d 00000010 ........m.......
0x016fe83c: 016feae8 ffffffff 7339cab0 00000000 ..o.......9s....
0x016fe84c: 100539a9 051db5b0 016fe8ac 00000001 .9........o.....
0x016fe85c: 00000001 016feba4 1039c9b8 00000014 ......o...9.....
0x016fe86c: 016fe880 100ea1f8 7778974c 7778974c ..o.....L.xwL.xw
0x016fe87c: 75802ec5 00000408 016fe8a0 016fe8ac ...u......o...o.
0x016fe88c: 00000008 0000000e ffffffff 00000005 ................
0x016fe89c: 75802eea 00000000 00000000 00000408 ...u............
0x016fe8ac: 000064d6 00000000 0000c000 00000000 .d..............
0x016fe8bc: 000064d6 00000000 00000001 fffffffe .d..............
0x016fe8cc: 00000000 938bdab4 016fe8f8 777a5831 ..........o.1Xzw
0x016fe8dc: 01f50924 77762b89 011f39c0 00000140 $....+vw.9..@...
0x016fe8ec: ffffffff 00000140 000064d6 016fe904 ....@....d....o.
0x016fe8fc: 0098dfbb 01f50924 016fe948 00986475 ....$...H.o.ud..
0x016fe90c: 00000005 0098646c 175c8342 00000000 ....ld..B.\.....
0x016fe91c: 01106c00 00000000 000064d6 00000000 .l.......d......
0x016fe92c: 016fe910 016fe914 016fec44 016fec48 ..o...o.D.o.H.o.
0x016fe93c: 009806f0 173d39c2 fffffffe 0098646c .....9=.....ld..
0x016fe94c: 009859d1 00000005 00000000 016fe974 .Y..........t.o.
0x016fe95c: 00990039 016fe9b4 01f519f8 01f51b68 9.....o.....h...
0x016fe96c: 016febfe 00000000 016fec10 00982ba6 ..o.......o..+..
0x016fe97c: 0000000a 00982be5 01106c00 00000000 .....+...l......
0x016fe98c: 009833f3 016fe9a8 00000000 00000000 .3....o.........
0x016fe99c: 00000000 01f505c0 01f505c0 016febdc ..............o.
0x016fe9ac: fffffffa fffffffa 01f519f8 01f51b68 ............h...
0x016fe9bc: 01f505b8 01f50001 00000000 00000000 ................
0x016fe9cc: 00000000 00f3af4d 00000000 00000000 ....M...........
0x016fe9dc: 00000000 01106c00 016fea30 00000006 .....l..0.o.....
0x016fe9ec: 00000057 016febfe 016fecb8 fffffffa W.....o...o.....
0x016fe9fc: 00f50000 00001000 77763e89 0001e5b8 .........>vw....
0x016fea0c: 01f50000 00000000 00000004 7778963c ............<.xw
0x016fea1c: 77763d12 ffffffff 016fea44 00000000 .=vw....D.o.....
0x016fea2c: 016fea48 fffffffe 00000000 016fea5c H.o.........\.o.
0x016fea3c: 777a5831 01f50258 32312b89 36393234 1XzwX....+124296
0x016fea4c: 01f55300 00000000 175c8052 016fea98 .S......R.\...o.
0x016fea5c: 0097ea6b 016fea78 00fc76b8 00000000 k...x.o..v......
0x016fea6c: 016feae0 04092040 00008000 040920ad ..o.@ ....... ..
0x016fea7c: 00007f93 04092040 00000042 00000000 ....@ ..B.......
0x016fea8c: 00000000 00000000 00000000 016feab4 ..............o.
0x016fea9c: 0097eaac 04092040 00008000 00fc76b8 ....@ .......v..
0x016feaac: 00000000 016feae0 016feacc 007e8b38 ......o...o.8.~.
0x016feabc: 04092040 00008000 00fc76b8 016feae0 @ .......v....o.
0x016feacc: 016fed00 007db309 04092040 00008000 ..o...}.@ ......
0x016feadc: 00fc76b8 0001e588 00000010 00f6a990 .v..............
0x016feaec: 000001cf 00f347a8 0001e588 00000010 .....G..........
0x016feafc: 00000000 00000298 01f50000 016feaf8 ..............o.
0x016feb0c: 7775232e 016ffc60 77792110 18115508 .#uw`.o..!yw.U..
0x016feb1c: fffffffe 01f500c0 00976c98 01f50000 .........l......
0x016feb2c: 00000000 00000298 00000000 00000298 ................
0x016feb3c: 00000000 016feb4c 0095b78c 00000298 ....L.o.........
0x016feb4c: 016feb5c 0095b8ae c0000017 00000002 \.o.............
0x016feb5c: 016fee68 00000001 016feb8c 00000298 h.o.......o.....
0x016feb6c: 00f684b4 00000000 00003cb7 777a5861 .........<..aXzw
0x016feb7c: 777a5861 01f50924 77763aeb 00000140 aXzw$....:vw@...
0x016feb8c: 01f50918 fffffffe 00000000 016febbc ..............o.
0x016feb9c: 777a5831 01f50924 77762b89 011f39c0 1Xzw$....+vw.9..
0x016febac: 00000140 00000005 016feba0 0eaa3f80 @.........o..?..
0x016febbc: 016febc8 0098dfbb 01f50924 016fec08 ..o.....$.....o.
0x016febcc: 00986f1f 00000005 00986f15 175c8602 .o.......o....\.
0x016febdc: 00000057 01106c00 00000000 011a2920 W....l...... )..
0x016febec: 00000057 fffffffe 00000000 016fec1c W.............o.
0x016febfc: 777a5831 011a2920 77762b89 00f3aef8 1Xzw )...+vw....
0x016fec0c: 00000000 00000000 01f58480 00000057 ............W...
0x016fec1c: 016fec28 00987594 011a2920 016fec34 (.o..u.. )..4.o.
0x016fec2c: 009788cb 00000011 016fec70 0097b130 ........p.o.0...
0x016fec3c: 01106c00 0097b127 175c867a 00f3aef8 .l..'...z.\.....
0x016fec4c: 016fecb0 00000000 00000000 016fec44 ..o.........D.o.
0x016fec5c: 0097b5e9 016ffc60 009806f0 173d2572 ....`.o.....r%=.
0x016fec6c: fffffffe 0097b127 004f871d 01106c00 ....'.....O..l..
0x016fec7c: 01106c00 00f3aef8 016fecb0 00000000 .l........o.....
0x016fec8c: 0118c950 016feca4 004f8762 00000005 P.....o.b.O.....
0x016fec9c: 00f3aef8 016fecb0 016fecf0 001c9aaf ......o...o.....
0x016fecac: 00f3aef8 0001e588 00000000 0118c950 ............P...
0x016fecbc: 0118ca10 0001e588 00000000 00000000 ................
0x016feccc: 00000000 00000000 00000000 00000000 ................
0x016fecdc: 00000000 00000000 00000005 00020000 ................
0x016fecec: 0001e59b 016fed0c 001c9bc8 0001e588 ......o.........
0x016fecfc: 00000010 016fed44 007db7fd 0001e588 ....D.o...}.....
0x016fed0c: 00000010 00000013 000001cf 00f347a8 .............G..
0x016fed1c: 0001e588 00000001 00000000 00000000 ................
0x016fed2c: 00000000 00000000 00000000 00000000 ................
0x016fed3c: 00000000 00000000 016fed90 007db8b4 ..........o...}.
0x016fed4c: 0001e588 00000001 00000013 00000000 ................
0x016fed5c: 00f347a8 000001cf 0001e588 03e75068 .G..........hP..
0x016fed6c: 0001e588 00000030 03e75060 000a4dfb ....0...`P...M..
0x016fed7c: 03a63ab0 016fed98 001c95bd 00000030 .:....o.....0...
0x016fed8c: 0118b3c0 016fedb4 007dbcb6 00000000 ......o...}.....
0x016fed9c: 0001e588 00000001 00000013 00000000 ................
0x016fedac: 00f347a8 000001cf 016fede0 004e1780 .G........o...N.
0x016fedbc: 00000000 0001e588 00000001 00000013 ................
0x016fedcc: 00000000 00f347a8 000001cf 00000005 .....G..........
0x016feddc: 03e75060 016fedf8 004516af 0001e588 `P....o...E.....
0x016fedec: 00000005 0439e460 00000013 016fee30 ....`.9.....0.o.
0x016fedfc: 0045243d 00000013 0000015e 00000043 =$E.....^...C...
0x016fee0c: 00000005 0001e584 00000001 00000009 ................
0x016fee1c: 00000000 00000001 0001e584 00000005 ................
0x016fee2c: 00000000 016fee80 004526dd 0000015e ......o..&E.^...
0x016fee3c: 00000043 00000005 0001e584 00000000 C...............
0x016fee4c: 00000001 00000009 0439e460 00000043 ........`.9.C...
0x016fee5c: 0000015e 0000015e 00000043 00000008 ^...^...C.......
0x016fee6c: 00000006 00000000 00000000 00000000 ................
0x016fee7c: 0439e460 016feee4 0042f058 0000015e `.9...o.X.B.^...
0x016fee8c: 00000043 00000005 00000005 00000001 C...............
0x016fee9c: 00000009 00000000 00f684b4 016fef80 ..............o.
0x016feeac: 00000000 00000000 00000000 0eb3c4f8 ................
0x016feebc: 0eac3a60 0eb3c4f8 016fef20 00425770 `:...... .o.pWB.
0x016feecc: 00f684b4 14707010 00000000 00000005 .....pp.........
0x016feedc: 00000043 0100015e 016fef54 0042fe68 C...^...T.o.h.B.
0x016feeec: 00000005 0000015e 00000043 0b9d9b00 ....^...C.......
0x016feefc: 016fef40 016fef80 0b9d9b00 14707010 @.o...o......pp.
0x016fef0c: 0439e460 00f684b4 004e1700 0000015e `.9.......N.^...
0x016fef1c: 00000043 016fef28 00425570 14707046 C...(.o.pUB.Fpp.
0x016fef2c: 00004a25 0eb3c4f8 0eac3a60 004534cf %J......`:...4E.
0x016fef3c: 03c39320 00000000 00000000 00000000  ...............
0x016fef4c: 00000000 00000000 016fefb8 00431955 ..........o.U.C.
0x016fef5c: 0439e460 14707010 00004a5b 0b9d9b00 `.9..pp.[J......
0x016fef6c: 00000005 016fef80 00004a5b 0439e460 ......o.[J..`.9.
0x016fef7c: 00000000 00000000 00000001 00000000 ................
0x016fef8c: 00000000 00000000 0439e460 016fefa8 ........`.9...o.
0x016fef9c: 007c4dce 00000004 14e37550 016feff8 .M|.....Pu....o.
0x016fefac: 056a9f6d 0b9d9b00 00000001 016fefd4 m.j...........o.
0x016fefbc: 00431c5c 0439e460 00004a5b 00000000 \.C.`.9.[J......
0x016fefcc: 00000000 14e37550 016feff8 007c7f23 ....Pu....o.#.|.
0x016fefdc: 0439e460 14707010 00004a5b 00000000 `.9..pp.[J......
0x016fefec: 00000000 00000003 0b9d9b10 016ff038 ............8.o.
0x016feffc: 056c9394 0b9d9b10 14707000 00000000 ..l......pp.....
0x016ff00c: 00000000 016ff038 050b1208 050b11b0 ....8.o.........
0x016ff01c: 14e37550 056c9371 14e37550 00000003 Pu..q.l.Pu......
0x016ff02c: 14e37550 016ff038 056c9364 016ff058 Pu..8.o.d.l.X.o.
0x016ff03c: 056c934e 0b9d9b10 14707000 00000000 N.l......pp.....
0x016ff04c: 00000000 00000000 3f800000 016ff098 ...........?..o.
0x016ff05c: 056c9275 0b9d9b10 14707000 00000003 u.l......pp.....
0x016ff06c: 14e37550 016ff078 14e5c780 016ff098 Pu..x.o.......o.
0x016ff07c: 056c8ee9 00000000 14e5c780 146b5460 ..l.........`Tk.
0x016ff08c: 0000002a 14e37550 14e37550 016ff138 *...Pu..Pu..8.o.
0x016ff09c: 05730f18 14707000 00000000 016ff0e8 ..s..pp.......o.
0x016ff0ac: 05730eef 000003e8 00000000 00000032 ..s.........2...
0x016ff0bc: 00000000 0000c351 00000000 0000c351 ....Q.......Q...
0x016ff0cc: 0ff93aa0 0ff97e00 14e37550 016ff138 .:...~..Pu..8.o.
0x016ff0dc: 0572fd76 04f8cae0 14e37550 016ff138 v.r.....Pu..8.o.
0x016ff0ec: 0572feda 0ff93aa0 00000000 0ff97e00 ..r..:.......~..
0x016ff0fc: 00000000 000003e0 0ff97e00 016ff138 .........~..8.o.
0x016ff10c: 05730140 0ff97e00 00000000 fffffe70 @.s..~......p...
0x016ff11c: 0000041a 00000000 14ca37e0 00000000 .........7......
0x016ff12c: 14e37550 00000000 00000003 016ff338 Pu..........8.o.
0x016ff13c: 05724b41 0ff97e00 0ff97e00 016ff338 AKr..~...~..8.o.
0x016ff14c: 057249c6 03e70fb0 003ad4d0 03a63a50 .Ir.......:.P:..
0x016ff15c: 016ff174 001c96ff 03e70730 0ff97e00 t.o.....0....~..
0x016ff16c: 0000013c 00000003 016ff188 007dadca <.........o...}.
0x016ff17c: 03e70730 04f9da00 12201400 016ff198 0......... ...o.
0x016ff18c: 007db202 03e70730 00000042 016ff1e8 ..}.0...B.....o.
0x016ff19c: 016ff1b8 004ce317 00000001 007af83b ..o...L.....;.z.
0x016ff1ac: 44c16000 44108000 00000000 016ff1f8 .`.D...D......o.
0x016ff1bc: 056922af 016ff21c 00000042 03e70730 ."i...o.B...0...
0x016ff1cc: 00000011 016ff1f8 050b1208 050b11b0 ......o.........
0x016ff1dc: 12201400 05692299 05689460 04f9da00 .. .."i.`.h.....
0x016ff1ec: 00000001 14e56f20 00000001 14e56f40 .... o......@o..
0x016ff1fc: 00000001 14e56f60 00000001 14e56f80 ....`o.......o..
0x016ff20c: 00000000 14e37550 050b1208 007aee55 ....Pu......U.z.
0x016ff21c: 00000001 14e56fa0 00000001 14e56fc0 .....o.......o..
0x016ff22c: 00000001 14e56fe0 00000001 14d89468 .....o......h...
0x016ff23c: 12201400 016ff248 0569293c 14e37550 .. .H.o.<)i.Pu..
0x016ff24c: 056be540 14e37550 0000060b 14ce6690 @.k.Pu.......f..
0x016ff25c: 00000305 44108000 14e37550 00000000 .......DPu......
0x016ff26c: 00000000 00000000 00000000 00000000 ................
0x016ff27c: 00000000 00000000 00000000 00000000 ................
0x016ff28c: 00000000 00000000 14e37550 00000003 ........Pu......
0x016ff29c: 00000000 00000000 00000000 00000000 ................
0x016ff2ac: 00000000 14e37550 00000003 14e37550 ....Pu......Pu..
0x016ff2bc: 00000003 00000000 00000007 00000000 ................
0x016ff2cc: 14e37550 00000003 00000000 00000000 Pu..............
0x016ff2dc: 00000000 00000000 00000000 00000000 ................
0x016ff2ec: 00000000 12201400 05689460 016ff318 ...... .`.h...o.
0x016ff2fc: 056bc4ac 04f90ea0 00000000 00000000 ..k.............
0x016ff30c: 1021f600 016ff338 04f92ed0 016ff338 ..!.8.o.....8.o.
0x016ff31c: 056bc48b 0ff88660 05689460 04f9da00 ..k.`...`.h.....
0x016ff32c: 12201400 04f92ed0 05689460 016ff388 .. .....`.h...o.
0x016ff33c: 056bee90 0ff93aa0 0ff97e00 016ff358 ..k..:...~..X.o.
0x016ff34c: 05680fd8 103e968c 01421000 00000000 ..h...>...B.....
0x016ff35c: 12201400 04f9da00 05689460 016ff388 .. .....`.h...o.
0x016ff36c: 056be97c 0b9d9b20 0b9d9b30 04f9da00 |.k. ...0.......
0x016ff37c: 12201400 04f9da00 05689460 016ff408 .. .....`.h...o.
0x016ff38c: 056a1aa8 04f92ed0 0ff97f00 016ff408 ..j...........o.
0x016ff39c: 056a1a20 0079ca01 056932c8 016ff3e8  .j...y..2i...o.
0x016ff3ac: 056a1851 00000000 056932c8 00000007 Q.j......2i.....
0x016ff3bc: 0b9d9b30 00000000 000003e8 00000000 0...............
0x016ff3cc: 00000394 8cdd6061 00000195 016ff7f4 ....a`........o.
0x016ff3dc: 00000007 016ff3e8 056a182c 016ff408 ......o.,.j...o.
0x016ff3ec: 0569329d 00000000 004c71ec 44834000 .2i......qL..@.D
0x016ff3fc: 4413c000 12201400 016ff7f0 016ff454 ...D.. ...o.T.o.
0x016ff40c: 056894a1 04f9da00 00001de8 00000000 ..h.............
0x016ff41c: c61c4000 471c4000 016ff43c 10001e35 .@...@.G<.o.5...
0x016ff42c: 10368450 fffffffe 00000000 00000000 P.6.............
0x016ff43c: 00000000 777a5831 04f84e70 77762b89 ....1XzwpN...+vw
0x016ff44c: 10368450 12201400 016ff484 100f1d2d P.6... ...o.-...
0x016ff45c: 04f9da00 016ff574 016ff7f0 056a1950 ....t.o...o.P.j.
0x016ff46c: 00010000 00000000 10368450 00000000 ........P.6.....
0x016ff47c: 04f84e70 3f800000 016ff4a8 1005d8f4 pN.....?..o.....
0x016ff48c: 10368450 04f9da00 016ff574 016ff7f0 P.6.....t.o...o.
0x016ff49c: 10368450 04f9da00 00000000 016ff4c8 P.6...........o.
0x016ff4ac: 00647820 10368450 04f9da00 016ff574  xd.P.6.....t.o.
0x016ff4bc: 016ff7f0 016ff7f0 016ff514 016ff4f4 ..o...o...o...o.
0x016ff4cc: 006442c2 016ff500 10368450 00000001 .Bd...o.P.6.....
0x016ff4dc: 04f9da00 016ff514 016ff7f0 00000000 ......o...o.....
0x016ff4ec: 041ad450 0eea5400 016ff7fc 004c7b43 P....T....o.C{L.
0x016ff4fc: 016ff7e8 016ff7f0 00000000 03b92ec0 ..o...o.........
0x016ff50c: 0eea5400 10368450 00000000 00000002 .T..P.6.........
0x016ff51c: 00000000 00000000 00000000 00000002 ................
0x016ff52c: 00000000 00000000 00000000 00000002 ................
0x016ff53c: 00000000 00000000 00000000 00000002 ................
0x016ff54c: 00000000 00000000 00000000 00000002 ................
0x016ff55c: 00000000 00000000 00000000 00000002 ................
0x016ff56c: 00000000 00000000 00000000 00000000 ................
0x016ff57c: 00000000 00000000 00000000 00000000 ................
0x016ff58c: 00000000 00000000 00000000 00000000 ................
0x016ff59c: 00000000 00000000 00000000 00000002 ................
0x016ff5ac: 00000000 00000000 00000000 00000002 ................
0x016ff5bc: 00000001 00000001 00000001 00000001 ................
0x016ff5cc: 00000000 00000000 00000000 00000000 ................
0x016ff5dc: 10368450 00000001 04f9da00 00000000 P.6.............
0x016ff5ec: 00000000 00000000 00000000 0eea5400 .............T..
0x016ff5fc: 00000001 00000000 00000000 00000000 ................
0x016ff60c: 00001de8 c1200000 00000000 40a00000 ...... ........@
0x016ff61c: 0000024f 3f32b438 00000000 3f374e33 O...8.2?....3N7?
0x016ff62c: 40e521c0 bf32b438 00000000 3f374e33 .!.@8.2.....3N7?
0x016ff63c: 40e521c0 00000000 3f5db3d7 3f000000 .!.@......]?...?
0x016ff64c: 40844985 00000000 bf5db3d7 3f000000 .I.@......]....?
0x016ff65c: 40bbb67b 80000000 016ff604 016ff60c {..@......o...o.
0x016ff66c: 016ff614 00000000 00000000 00000000 ..o.............
0x016ff67c: 00000000 00000000 00000000 00000000 ................
0x016ff68c: 00000000 00000000 00000001 00000001 ................
0x016ff69c: 00000001 00000002 00000000 00000000 ................
0x016ff6ac: 4413c000 00000000 00000000 00000000 ...D............
0x016ff6bc: 041aa934 00000006 00000003 44778000 4.............wD
0x016ff6cc: 10275f78 10269600 00000000 00000000 x_'...&.........
0x016ff6dc: 00000000 00000000 00000000 00000000 ................
0x016ff6ec: 44770101 44778000 44778000 44778000 ..wD..wD..wD..wD
0x016ff6fc: 44778000 44778000 016ff99c 1041ed50 ..wD..wD..o.P.A.
0x016ff70c: 016ff718 0079bf8a 03c2cc90 016ff758 ..o...y.....X.o.
0x016ff71c: 056931a7 03c2cc90 00000000 44778000 .1i...........wD
0x016ff72c: 44778000 016ff758 050b1208 050b11b0 ..wDX.o.........
0x016ff73c: 1041ed50 05693191 05690f20 016ff99c P.A..1i. .i...o.
0x016ff74c: 1041ed50 016ff758 05693184 016ff778 P.A.X.o..1i.x.o.
0x016ff75c: 0569305a 03c2cc90 00000000 00000000 Z0i.............
0x016ff76c: 00000000 00000000 3f8013ab 016ff7bc ...........?..o.
0x016ff77c: 05690f66 00000010 03a63270 00000010 f.i.....p2......
0x016ff78c: 03c39340 001187ca 03a63270 016ff7b0 @.......p2....o.
0x016ff79c: 001c95bd 00000010 0118c8b0 00000010 ................
0x016ff7ac: 0118c780 016ff7c8 001c9b85 03c39340 ......o.....@...
0x016ff7bc: 00000010 00000010 0118b3c0 016ff800 ..............o.
0x016ff7cc: 007db7de 00000010 00000010 00000000 ..}.............
0x016ff7dc: 00000010 00000001 00001de8 00000000 ................
0x016ff7ec: 04f9da00 00000000 00000000 00000000 ................
0x016ff7fc: 016ff820 004ce174 00000000 03c0f0d0  .o.t.L.........
0x016ff80c: 00000000 00000000 10368450 00000001 ........P.6.....
0x016ff81c: 00001de8 016ff85c 007f14fa 00000000 ....\.o.........
0x016ff82c: 03c0f0d0 00000000 00000000 10368450 ............P.6.
0x016ff83c: 00000001 00001de8 0eea5400 041ad450 .........T..P...
0x016ff84c: 03c39340 041ad1a0 00000001 00f738a0 @............8..
0x016ff85c: 016ff9c8 004cc4f6 00000000 00000000 ..o...L.........
0x016ff86c: 00000000 00000000 041ad1a0 00000004 ................
0x016ff87c: 00000000 016ff958 03b8f850 00000000 ....X.o.P.......
0x016ff88c: 0000f05b ffffffb2 0000041a 0118c8b0 [...............
0x016ff89c: 0118c8b0 03a63bd0 03b9ecb0 03c12590 .....;.......%..
0x016ff8ac: 0002032e 03a63bd0 016ff8cc 001c96ff .....;....o.....
0x016ff8bc: 03b9ecb0 03b9ecb0 0118b3c0 00000000 ................
0x016ff8cc: 016ff8e0 007dadca 03b9ed10 03b9ecb0 ..o...}.........
0x016ff8dc: 016ff87c 00000000 00000000 00000000 |.o.............
0x016ff8ec: 00000000 00000000 00000000 00000000 ................
0x016ff8fc: 00000000 00000000 00000000 00000000 ................
0x016ff90c: 00000001 00000000 00000000 00000000 ................
0x016ff91c: 00000000 00000000 00000000 00000000 ................
0x016ff92c: 00000000 00000000 00000000 00000000 ................
0x016ff93c: 00000001 00000000 1026f110 03b86000 ..........&..`..
0x016ff94c: 00000000 00000000 00000000 00000000 ................
0x016ff95c: 00000000 04755200 00000101 0ed8b060 .....Ru.....`...
0x016ff96c: 0ed8b060 016ff970 016ff970 041ad1a0 `...p.o.p.o.....
0x016ff97c: 0eea5478 00000000 041ad388 03c39340 xT..........@...
0x016ff98c: 03c39340 03c39350 00000000 00000000 @...P...........
0x016ff99c: 00000007 03c2cc90 00000000 00000000 ................
0x016ff9ac: 00000000 00000000 00000001 00000000 ................
0x016ff9bc: 041ad1a0 00000000 00000000 016ffa14 ..............o.
0x016ff9cc: 004cd4fd 016ff9e0 00000000 04818420 ..L...o..... ...
0x016ff9dc: 00000000 00000007 44210000 43740000 ..........!D..tC
0x016ff9ec: 40800000 00000000 00000000 00000000 ...@............
0x016ff9fc: 3f800000 000002b6 00000000 00000000 ...?............
0x016ffa0c: 00000000 002ec200 016ffa2c 007e520b ........,.o..R~.
0x016ffa1c: 00000000 75d7d300 75d8c270 04819c00 .......up..u....
0x016ffa2c: 016ffa6c 007e5289 00000000 0051cc9d l.o..R~.......Q.
0x016ffa3c: 00158b31 00158d09 00000000 00000001 1...............
0x016ffa4c: 000208dc 000000ff 00000001 01af064b ............K...
0x016ffa5c: 03df32e3 0000063d 00000067 00000c10 .2..=...g.......
0x016ffa6c: 016ffbc8 001673b3 0097e847 00000000 ..o..s..G.......
0x016ffa7c: 0141e000 03b9b710 00000078 016ffa90 ..A.....x.....o.
0x016ffa8c: fffffffe 0000001b 00000078 00000042 ........x...B...
0x016ffa9c: 777a156d 00000200 01f50000 777a1653 m.zw........S.zw
0x016ffaac: 01f52fc0 00000400 00000001 03b9ba90 ./..............
0x016ffabc: 0000007e 02100800 bfebfbff 000806d1 ~...............
0x016ffacc: 0000007e 00000042 03b9b810 0000007d ~...B.......}...
0x016ffadc: 1c004121 02c0003f 0000003f 0000007d !A..?...?...}...
0x016ffaec: 00000042 03ba3d50 0000006f 00000000 B...P=..o.......
0x016ffafc: 1c004143 04c0003f 0000006f 00000042 CA..?...o...B...
0x016ffb0c: 1c03c163 01c0003f 00005fff 00000004 c...?...._......
0x016ffb1c: 01f51b68 01f505b8 016ffb00 03b9b890 h.........o.....
0x016ffb2c: 00000074 01f52920 0107bf28 0000000f t... )..(.......
0x016ffb3c: 00000074 00000042 0000024f 00000000 t...B...O.......
0x016ffb4c: 00637465 00646567 00000000 016ffb7c etc.ged.....|.o.
0x016ffb5c: 00000003 00000042 03b87a90 03b87ac8 ....B....z...z..
0x016ffb6c: 03b87ac8 016ffb88 00000000 65646968 .z....o.....hide
0x016ffb7c: 646e6957 0100776f 01f505b8 0000000a Window..........
0x016ffb8c: 00000042 03a623a0 0000024f 00000000 B....#..O.......
0x016ffb9c: 00000000 00000000 65726170 5748746e ........parentHW
0x016ffbac: 0100444e 0099c625 0000000a 00000042 ND..%.......B...
0x016ffbbc: 0112d860 00000000 0041e001 016ffbe0 `.........A...o.
0x016ffbcc: 00940b68 000f0000 00000000 019393e9 h...............
0x016ffbdc: 00000001 016ffc70 0097e7f4 000f0000 ....p.o.........
0x016ffbec: 00000000 019393e9 00000001 175c967a ............z.\.
0x016ffbfc: 0097e847 0097e847 0141e000 00000044 G...G.....A.D...
0x016ffc0c: 0193747a 0193745a 0193737c 00000000 zt..Zt..|s......
0x016ffc1c: 00000000 00000000 00000000 00000000 ................
0x016ffc2c: 00000000 00000000 00000001 00000001 ................
0x016ffc3c: 00000000 016ffc6c 016ffc6c 0099054d ....l.o.l.o.M...
0x016ffc4c: c0000005 0097e847 00000000 016ffbf8 ....G.........o.
0x016ffc5c: 016fdbb4 016ffcc8 009806f0 173d3b52 ..o...o.....R;=.
0x016ffc6c: 00000000 016ffc80 75b65d49 0141e000 ......o.I].u..A.
0x016ffc7c: 75b65d30 016ffcd8 7777ce3b 0141e000 0].u..o.;.ww..A.
0x016ffc8c: 6efc1b18 00000000 00000000 0141e000 ...n..........A.
0x016ffc9c: c0000005 758f3cb0 3c19534e f0654d38 .....<.uNS.<8Me.
0x016ffcac: 00000000 00000000 016fdb94 49966ffe ..........o..o.I
0x016ffcbc: 00000000 016ffc8c 016fdb94 016ffce0 ......o...o...o.
0x016ffccc: 77792110 18115be0 00000000 016ffce8 .!yw.[........o.
0x016ffcdc: 7777cdc1 ffffffff 777c15fe 00000000 ..ww......|w....
0x016ffcec: 00000000 0097e847 0141e000 00000000 ....G.....A.....
0x016ffcfc: 00000000 00000000 00000000 00000000 ................
0x016ffd0c: 00000000 00000000 00000000 00000000 ................
0x016ffd1c: 00000000 00000000 00000000 00000000 ................
0x016ffd2c: 00000000 00000000 00000000 00000000 ................
0x016ffd3c: 00000000 00000000 00000000 00000000 ................
0x016ffd4c: 00000000 00000000 00000000 00000000 ................
0x016ffd5c: 00000000 00000000 00000000 00000000 ................
0x016ffd6c: 00000000 00000000 00000000 00000000 ................
0x016ffd7c: 00000000 00000000 00000000 00000000 ................
0x016ffd8c: 00000000 00000000 00000000 00000000 ................
0x016ffd9c: 00000000 00000000 00000000 00000000 ................
0x016ffdac: 00000000 00000000 00000000 00000000 ................
0x016ffdbc: 00000000 00000000 00000000 00000000 ................
0x016ffdcc: 00000000 00000000 00000000 00000000 ................
0x016ffddc: 00000000 00000000 00000000 00000000 ................
0x016ffdec: 00000000 00000000 00000000 00000000 ................
0x016ffdfc: 00000000 00000000 00000000 00000000 ................
0x016ffe0c: 00000000 00000000 00000000 00000000 ................
0x016ffe1c: 00000000 00000000 00000000 00000000 ................
0x016ffe2c: 00000000 00000000 00000000 00000000 ................
0x016ffe3c: 00000000 00000000 00000000 00000000 ................
0x016ffe4c: 00000000 00000000 00000000 00000000 ................
0x016ffe5c: 00000000 00000000 00000000 00000000 ................
0x016ffe6c: 00000000 00000000 00000000 00000000 ................
0x016ffe7c: 00000000 00000000 00000000 00000000 ................
0x016ffe8c: 00000000 00000000 00000000 00000000 ................
0x016ffe9c: 00000000 00000000 00000000 00000000 ................
0x016ffeac: 00000000 00000000 00000000 00000000 ................
0x016ffebc: 00000000 00000000 00000000 00000000 ................
0x016ffecc: 00000000 00000000 00000000 00000000 ................
0x016ffedc: 00000000 00000000 00000000 00000000 ................
0x016ffeec: 00000000 00000000 00000000 00000000 ................
0x016ffefc: 00000000 00000000 00000000 00000000 ................
0x016fff0c: 00000000 00000000 00000000 00000000 ................
0x016fff1c: 00000000 00000000 00000000 00000000 ................
0x016fff2c: 00000000 00000000 00000000 00000000 ................
0x016fff3c: 00000000 00000000 00000000 00000000 ................
0x016fff4c: 00000000 00000000 00000000 00000000 ................
0x016fff5c: 00000000 00000000 00000000 00000000 ................
0x016fff6c: 00000000 00000000 00000000 00000000 ................
0x016fff7c: 00000000 00000000 00000000 00000000 ................
0x016fff8c: 00000000 00000000 00000000 00000000 ................
0x016fff9c: 00000000 00000000 00000000 00000000 ................
0x016fffac: 00000000 00000000 00000000 00000000 ................
0x016fffbc: 00000000 00000000 00000000 00000000 ................
0x016fffcc: 00000000 00000000 00000000 00000000 ................
0x016fffdc: 00000000 00000000 00000000 00000000 ................
0x016fffec: 00000000 00000000 00000000 00000000 ................
0x016ffffc: 00000000                            ....

Module 1
C:\Users\Cuong Le\Desktop\C# winform\QLTK Nro Pro\QLTK Nro Pro\bin\Debug\Data\Version222\Dragonboy_vn_v222.exe
Image Base: 0x000f0000  Image Size: 0x01228000
File Size:  18198528    File Time:  2025-03-12_130656
Version:
   Company:    
   Product:    
   FileDesc:   
   FileVer:    5.6.7.3267
   ProdVer:    5.6.7.3267

Module 2
C:\Users\Cuong Le\Desktop\C# winform\QLTK Nro Pro\QLTK Nro Pro\bin\Debug\Data\Version222\Dragonboy_vn_v222_Data\Mono\mono.dll
Image Base: 0x10000000  Image Size: 0x00231000
File Size:  2117064     File Time:  2025-03-12_130656
Version:
   Company:    Unity Technologies
   Product:    libmono
   FileDesc:   Unity Technologies fork of mono runtime
   FileVer:    1.0.0.1
   ProdVer:    1.0.0.1

Module 3
C:\WINDOWS\SYSTEM32\xinput1_3.dll
Image Base: 0x00400000  Image Size: 0x00016000
File Size:  81768       File Time:  2007-04-04_185342
Version:
   Company:    Microsoft Corporation
   Product:    Microsoft® DirectX for Windows®
   FileDesc:   Microsoft Common Controller API
   FileVer:    9.18.944.0
   ProdVer:    9.18.944.0

Module 4
C:\WINDOWS\System32\DriverStore\FileRepository\nvam.inf_amd64_4ae7e10b45473e65\nvwgf2um.dll
Image Base: 0x512a0000  Image Size: 0x0360f000
File Size:  56911144    File Time:  2024-12-02_085034
Version:
   Company:    NVIDIA Corporation
   Product:    NVIDIA D3D10 drivers
   FileDesc:   NVIDIA D3D10 Driver, Version 566.07 
   FileVer:    32.0.15.6607
   ProdVer:    32.0.15.6607

Module 5
C:\WINDOWS\System32\DriverStore\FileRepository\nvam.inf_amd64_4ae7e10b45473e65\nvgpucomp32.dll
Image Base: 0x548b0000  Image Size: 0x024a7000
File Size:  38663464    File Time:  2024-12-02_085000
Version:
   Company:    NVIDIA Corporation
   Product:    NVIDIA GPU Compiler Driver
   FileDesc:   NVIDIA GPU Compiler Driver, Version 566.07 
   FileVer:    32.0.15.6607
   ProdVer:    32.0.15.6607

Module 6
C:\WINDOWS\SYSTEM32\midimap.dll
Image Base: 0x56e70000  Image Size: 0x00008000
File Size:  21504       File Time:  2024-12-13_150154
Version:
   Company:    Microsoft Corporation
   Product:    Microsoft® Windows® Operating System
   FileDesc:   Microsoft MIDI Mapper
   FileVer:    10.0.26100.1882
   ProdVer:    10.0.26100.1882

Module 7
C:\WINDOWS\SYSTEM32\MSACM32.dll
Image Base: 0x56e80000  Image Size: 0x0001a000
File Size:  97704       File Time:  2024-12-13_150154
Version:
   Company:    Microsoft Corporation
   Product:    Microsoft® Windows® Operating System
   FileDesc:   Microsoft ACM Audio Filter
   FileVer:    10.0.26100.1882
   ProdVer:    10.0.26100.1882

Module 8
C:\WINDOWS\SYSTEM32\resourcepolicyclient.dll
Image Base: 0x56ea0000  Image Size: 0x00010000
File Size:  57920       File Time:  2024-04-01_142216
Version:
   Company:    Microsoft Corporation
   Product:    Microsoft® Windows® Operating System
   FileDesc:   Resource Policy Client
   FileVer:    10.0.26100.1
   ProdVer:    10.0.26100.1

Module 9
C:\WINDOWS\SYSTEM32\AUDIOSES.DLL
Image Base: 0x56ec0000  Image Size: 0x00174000
File Size:  1519688     File Time:  2025-03-12_094514
Version:
   Company:    Microsoft Corporation
   Product:    Microsoft® Windows® Operating System
   FileDesc:   Audio Session
   FileVer:    10.0.26100.3323
   ProdVer:    10.0.26100.3323

Module 10
C:\WINDOWS\SYSTEM32\wdmaud.drv
Image Base: 0x57040000  Image Size: 0x0003d000
File Size:  223232      File Time:  2024-12-13_150154
Version:
   Company:    Microsoft Corporation
   Product:    Microsoft® Windows® Operating System
   FileDesc:   Winmm  audio system driver
   FileVer:    10.0.26100.1882
   ProdVer:    10.0.26100.1882

Module 11
C:\WINDOWS\SYSTEM32\GLU32.dll
Image Base: 0x58680000  Image Size: 0x00042000
File Size:  254976      File Time:  2024-04-01_142236
Version:
   Company:    Microsoft Corporation
   Product:    Microsoft® Windows® Operating System
   FileDesc:   OpenGL Utility Library DLL
   FileVer:    10.0.26100.1
   ProdVer:    10.0.26100.1

Module 12
C:\WINDOWS\SYSTEM32\OPENGL32.dll
Image Base: 0x586d0000  Image Size: 0x000e3000
File Size:  797696      File Time:  2025-03-12_094522
Version:
   Company:    Microsoft Corporation
   Product:    Microsoft® Windows® Operating System
   FileDesc:   OpenGL Client DLL
   FileVer:    10.0.26100.3323
   ProdVer:    10.0.26100.3323

Module 13
C:\WINDOWS\System32\fwpuclnt.dll
Image Base: 0x592b0000  Image Size: 0x00061000
File Size:  378368      File Time:  2025-03-12_094522
Version:
   Company:    Microsoft Corporation
   Product:    Microsoft® Windows® Operating System
   FileDesc:   FWP/IPsec User-Mode API
   FileVer:    10.0.26100.3323
   ProdVer:    10.0.26100.3323

Module 14
C:\Windows\System32\DriverStore\FileRepository\iigd_dch.inf_amd64_f63934308f6cc308\igc32.dll
Image Base: 0x5e840000  Image Size: 0x038f3000
File Size:  61009192    File Time:  2024-03-05_090414
Version:
   Company:    Intel Corporation
   Product:    Intel HD Graphics Drivers for Windows(R)
   FileDesc:   Intel Graphics Shader Compiler for Intel(R) Graphics Accelerator
   FileVer:    31.0.101.5333
   ProdVer:    31.0.101.5333

Module 15
C:\Windows\System32\DriverStore\FileRepository\iigd_dch.inf_amd64_f63934308f6cc308\IntelControlLib32.dll
Image Base: 0x62140000  Image Size: 0x0007e000
File Size:  562384      File Time:  2024-03-05_090734
Version:
   Company:    
   Product:    Intel Graphics Control Lib Runtime for Windows(R)
   FileDesc:   Intel Graphics Control Lib Runtime
   FileVer:    1.0.184.0
   ProdVer:    1.0.0.0

Module 16
C:\Windows\System32\DriverStore\FileRepository\iigd_dch.inf_amd64_f63934308f6cc308\igd10um32xe.DLL
Image Base: 0x621c0000  Image Size: 0x016f7000
File Size:  24732360    File Time:  2024-03-05_090436
Version:
   Company:    Intel Corporation
   Product:    Intel HD Graphics Drivers for Windows(R)
   FileDesc:   User Mode Driver for Intel(R) Graphics Technology
   FileVer:    31.0.101.5333
   ProdVer:    31.0.101.5333

Module 17
C:\Windows\System32\DriverStore\FileRepository\iigd_dch.inf_amd64_f63934308f6cc308\igd10iumd32.dll
Image Base: 0x638c0000  Image Size: 0x003df000
File Size:  4190848     File Time:  2024-03-05_090422
Version:
   Company:    Intel Corporation
   Product:    Intel HD Graphics Drivers for Windows(R)
   FileDesc:   User Mode Driver for Intel(R) Graphics Technology
   FileVer:    31.0.101.5333
   ProdVer:    31.0.101.5333

Module 18
C:\WINDOWS\SYSTEM32\d3d11.dll
Image Base: 0x63e60000  Image Size: 0x001f6000
File Size:  2057320     File Time:  2025-03-12_094518
Version:
   Company:    Microsoft Corporation
   Product:    Microsoft® Windows® Operating System
   FileDesc:   Direct3D 11 Runtime
   FileVer:    10.0.26100.3323
   ProdVer:    10.0.26100.3323

Module 19
C:\WINDOWS\SYSTEM32\dxgi.dll
Image Base: 0x64da0000  Image Size: 0x000fa000
File Size:  1012968     File Time:  2025-03-12_094518
Version:
   Company:    Microsoft Corporation
   Product:    Microsoft® Windows® Operating System
   FileDesc:   DirectX Graphics Infrastructure
   FileVer:    10.0.26100.3323
   ProdVer:    10.0.26100.3323

Module 20
C:\WINDOWS\System32\MMDevApi.dll
Image Base: 0x64ea0000  Image Size: 0x0007e000
File Size:  504200      File Time:  2025-03-12_094522
Version:
   Company:    Microsoft Corporation
   Product:    Microsoft® Windows® Operating System
   FileDesc:   MMDevice API
   FileVer:    10.0.26100.3323
   ProdVer:    10.0.26100.3323

Module 21
C:\WINDOWS\SYSTEM32\textinputframework.dll
Image Base: 0x650f0000  Image Size: 0x00101000
File Size:  1049624     File Time:  2025-03-12_094528
Version:
   Company:    Microsoft Corporation
   Product:    Microsoft® Windows® Operating System
   FileDesc:   "TextInputFramework.DYNLINK"
   FileVer:    10.0.26100.3323
   ProdVer:    10.0.26100.3323

Module 22
C:\Windows\System32\DriverStore\FileRepository\iigd_dch.inf_amd64_f63934308f6cc308\igdgmm32.dll
Image Base: 0x6c770000  Image Size: 0x00336000
File Size:  3485600     File Time:  2024-03-05_090606
Version:
   Company:    Intel Corporation
   Product:    Intel HD Graphics Drivers for Windows(R)
   FileDesc:   User Mode Driver for Intel(R) Graphics Technology
   FileVer:    31.0.101.5333
   ProdVer:    31.0.101.5333

Module 23
C:\WINDOWS\SYSTEM32\winmmbase.dll
Image Base: 0x6dd60000  Image Size: 0x0001f000
File Size:  118768      File Time:  2024-04-01_142214
Version:
   Company:    Microsoft Corporation
   Product:    Microsoft® Windows® Operating System
   FileDesc:   Base Multimedia Extension API DLL
   FileVer:    10.0.26100.1
   ProdVer:    10.0.26100.1

Module 24
C:\WINDOWS\SYSTEM32\drvstore.dll
Image Base: 0x6dd90000  Image Size: 0x00128000
File Size:  1212288     File Time:  2025-03-12_094518
Version:
   Company:    Microsoft Corporation
   Product:    Microsoft® Windows® Operating System
   FileDesc:   Driver Store API
   FileVer:    10.0.26100.3323
   ProdVer:    10.0.26100.3323

Module 25
C:\WINDOWS\SYSTEM32\msacm32.drv
Image Base: 0x6dee0000  Image Size: 0x0000b000
File Size:  28160       File Time:  2024-12-13_150208
Version:
   Company:    Microsoft Corporation
   Product:    Microsoft® Windows® Operating System
   FileDesc:   Microsoft Sound Mapper
   FileVer:    10.0.26100.1882
   ProdVer:    10.0.26100.1882

Module 26
C:\WINDOWS\System32\DriverStore\FileRepository\nvam.inf_amd64_4ae7e10b45473e65\nvppe.dll
Image Base: 0x6def0000  Image Size: 0x000df000
File Size:  932136      File Time:  2024-12-02_085028
Version:
   Company:    NVIDIA Corporation
   Product:    NVIDIA driver loader
   FileDesc:   NVIDIA Driver, Version 566.07 
   FileVer:    32.0.15.6607
   ProdVer:    32.0.15.6607

Module 27
C:\WINDOWS\System32\DriverStore\FileRepository\nvam.inf_amd64_4ae7e10b45473e65\nvldumd.dll
Image Base: 0x6dfd0000  Image Size: 0x0009d000
File Size:  653760      File Time:  2024-12-02_085024
Version:
   Company:    NVIDIA Corporation
   Product:    NVIDIA driver loader
   FileDesc:   NVIDIA Driver Loader, Version 566.07 
   FileVer:    32.0.15.6607
   ProdVer:    32.0.15.6607

Module 28
C:\WINDOWS\SYSTEM32\directxdatabasehelper.dll
Image Base: 0x6e8d0000  Image Size: 0x0004c000
File Size:  301224      File Time:  2025-03-12_094514
Version:
   Company:    Microsoft Corporation
   Product:    Microsoft® Windows® Operating System
   FileDesc:   DirectXDatabaseHelper
   FileVer:    10.0.26100.3323
   ProdVer:    10.0.26100.3323

Module 29
C:\WINDOWS\SYSTEM32\dxcore.dll
Image Base: 0x6f260000  Image Size: 0x00039000
File Size:  219112      File Time:  2025-03-12_094514
Version:
   Company:    Microsoft Corporation
   Product:    Microsoft® Windows® Operating System
   FileDesc:   DXCore
   FileVer:    10.0.26100.3323
   ProdVer:    10.0.26100.3323

Module 30
C:\WINDOWS\SYSTEM32\dwmapi.dll
Image Base: 0x6f320000  Image Size: 0x0002a000
File Size:  152984      File Time:  2025-03-12_094516
Version:
   Company:    Microsoft Corporation
   Product:    Microsoft® Windows® Operating System
   FileDesc:   Microsoft Desktop Window Manager API
   FileVer:    10.0.26100.3323
   ProdVer:    10.0.26100.3323

Module 31
C:\WINDOWS\SYSTEM32\apphelp.dll
Image Base: 0x727b0000  Image Size: 0x000ac000
File Size:  698936      File Time:  2025-03-12_094514
Version:
   Company:    Microsoft Corporation
   Product:    Microsoft® Windows® Operating System
   FileDesc:   Application Compatibility Client Library
   FileVer:    10.0.26100.3323
   ProdVer:    10.0.26100.3323

Module 32
C:\WINDOWS\SYSTEM32\DNSAPI.dll
Image Base: 0x72860000  Image Size: 0x000db000
File Size:  894656      File Time:  2025-03-12_094518
Version:
   Company:    Microsoft Corporation
   Product:    Microsoft® Windows® Operating System
   FileDesc:   DNS Client API DLL
   FileVer:    10.0.26100.3323
   ProdVer:    10.0.26100.3323

Module 33
C:\WINDOWS\SYSTEM32\wldp.dll
Image Base: 0x72ca0000  Image Size: 0x00050000
File Size:  326000      File Time:  2025-01-15_114046
Version:
   Company:    Microsoft Corporation
   Product:    Microsoft® Windows® Operating System
   FileDesc:   Windows Lockdown Policy
   FileVer:    10.0.26100.2894
   ProdVer:    10.0.26100.2894

Module 34
C:\WINDOWS\SYSTEM32\cfgmgr32.dll
Image Base: 0x73450000  Image Size: 0x0004a000
File Size:  290928      File Time:  2025-03-12_094514
Version:
   Company:    Microsoft Corporation
   Product:    Microsoft® Windows® Operating System
   FileDesc:   Configuration Manager DLL
   FileVer:    10.0.26100.3323
   ProdVer:    10.0.26100.3323

Module 35
C:\WINDOWS\SYSTEM32\HID.DLL
Image Base: 0x734e0000  Image Size: 0x0000b000
File Size:  27648       File Time:  2024-04-01_142216
Version:
   Company:    Microsoft Corporation
   Product:    Microsoft® Windows® Operating System
   FileDesc:   Hid User Library
   FileVer:    10.0.26100.1
   ProdVer:    10.0.26100.1

Module 36
C:\ProgramData\Microsoft\Windows Defender\Platform\4.18.25010.11-0\X86\MpOav.dll
Image Base: 0x735d0000  Image Size: 0x00071000
File Size:  460704      File Time:  2025-03-07_202438
Version:
   Company:    Microsoft Corporation
   Product:    Microsoft® Windows® Operating System
   FileDesc:   IOfficeAntiVirus Module
   FileVer:    4.18.25010.11
   ProdVer:    4.18.25010.11

Module 37
C:\WINDOWS\SYSTEM32\amsi.dll
Image Base: 0x736f0000  Image Size: 0x00015000
File Size:  72192       File Time:  2024-04-01_142214
Version:
   Company:    Microsoft Corporation
   Product:    Microsoft® Windows® Operating System
   FileDesc:   Anti-Malware Scan Interface
   FileVer:    10.0.26100.1
   ProdVer:    10.0.26100.1

Module 38
C:\WINDOWS\system32\wbem\fastprox.dll
Image Base: 0x73710000  Image Size: 0x000cc000
File Size:  814080      File Time:  2025-03-12_094528
Version:
   Company:    Microsoft Corporation
   Product:    Microsoft® Windows® Operating System
   FileDesc:   WMI Custom Marshaller
   FileVer:    10.0.26100.3323
   ProdVer:    10.0.26100.3323

Module 39
C:\WINDOWS\system32\wbem\wbemsvc.dll
Image Base: 0x738b0000  Image Size: 0x00011000
File Size:  49664       File Time:  2024-12-13_150214
Version:
   Company:    Microsoft Corporation
   Product:    Microsoft® Windows® Operating System
   FileDesc:   WMI
   FileVer:    10.0.26100.1000
   ProdVer:    10.0.26100.1000

Module 40
C:\WINDOWS\SYSTEM32\wbemcomn.dll
Image Base: 0x738d0000  Image Size: 0x00068000
File Size:  399360      File Time:  2024-04-01_142216
Version:
   Company:    Microsoft Corporation
   Product:    Microsoft® Windows® Operating System
   FileDesc:   WMI
   FileVer:    10.0.26100.1
   ProdVer:    10.0.26100.1

Module 41
C:\WINDOWS\system32\wbem\wbemprox.dll
Image Base: 0x73940000  Image Size: 0x0000e000
File Size:  38400       File Time:  2024-12-13_150212
Version:
   Company:    Microsoft Corporation
   Product:    Microsoft® Windows® Operating System
   FileDesc:   WMI
   FileVer:    10.0.26100.1000
   ProdVer:    10.0.26100.1000

Module 42
C:\WINDOWS\SYSTEM32\MSWSOCK.dll
Image Base: 0x73b10000  Image Size: 0x00053000
File Size:  326584      File Time:  2025-02-12_081140
Version:
   Company:    Microsoft Corporation
   Product:    Microsoft® Windows® Operating System
   FileDesc:   Microsoft Windows Sockets 2.0 Service Provider
   FileVer:    10.0.26100.3194
   ProdVer:    10.0.26100.3194

Module 43
C:\WINDOWS\SYSTEM32\cryptnet.dll
Image Base: 0x73ed0000  Image Size: 0x0002b000
File Size:  170008      File Time:  2025-02-12_081126
Version:
   Company:    Microsoft Corporation
   Product:    Microsoft® Windows® Operating System
   FileDesc:   Crypto Network Related API
   FileVer:    10.0.26100.3037
   ProdVer:    10.0.26100.3037

Module 44
C:\WINDOWS\SYSTEM32\profapi.dll
Image Base: 0x73f00000  Image Size: 0x00021000
File Size:  129728      File Time:  2025-03-12_094524
Version:
   Company:    Microsoft Corporation
   Product:    Microsoft® Windows® Operating System
   FileDesc:   User Profile Basic API
   FileVer:    10.0.26100.3323
   ProdVer:    10.0.26100.3323

Module 45
C:\WINDOWS\SYSTEM32\cryptbase.dll
Image Base: 0x73f90000  Image Size: 0x0000b000
File Size:  33184       File Time:  2025-01-15_114046
Version:
   Company:    Microsoft Corporation
   Product:    Microsoft® Windows® Operating System
   FileDesc:   Base cryptographic API DLL
   FileVer:    10.0.26100.2894
   ProdVer:    10.0.26100.2894

Module 46
C:\WINDOWS\system32\rsaenh.dll
Image Base: 0x73fa0000  Image Size: 0x00033000
File Size:  202056      File Time:  2025-03-12_094524
Version:
   Company:    Microsoft Corporation
   Product:    Microsoft® Windows® Operating System
   FileDesc:   Microsoft Enhanced Cryptographic Provider
   FileVer:    10.0.26100.3323
   ProdVer:    10.0.26100.3323

Module 47
C:\WINDOWS\SYSTEM32\windows.storage.dll
Image Base: 0x73fe0000  Image Size: 0x006c4000
File Size:  7127824     File Time:  2025-03-12_094522
Version:
   Company:    Microsoft Corporation
   Product:    Microsoft® Windows® Operating System
   FileDesc:   Microsoft WinRT Storage API
   FileVer:    10.0.26100.3470
   ProdVer:    10.0.26100.3470

Module 48
C:\WINDOWS\SYSTEM32\CRYPTSP.dll
Image Base: 0x746b0000  Image Size: 0x00015000
File Size:  79640       File Time:  2024-12-13_150158
Version:
   Company:    Microsoft Corporation
   Product:    Microsoft® Windows® Operating System
   FileDesc:   Cryptographic Service Provider API
   FileVer:    10.0.26100.2454
   ProdVer:    10.0.26100.2454

Module 49
C:\Windows\System32\rasadhlp.dll
Image Base: 0x74750000  Image Size: 0x00008000
File Size:  13312       File Time:  2024-04-01_142236
Version:
   Company:    Microsoft Corporation
   Product:    Microsoft® Windows® Operating System
   FileDesc:   Remote Access AutoDial Helper
   FileVer:    10.0.26100.1
   ProdVer:    10.0.26100.1

Module 50
C:\WINDOWS\SYSTEM32\dhcpcsvc.DLL
Image Base: 0x74760000  Image Size: 0x0001d000
File Size:  102840      File Time:  2025-03-12_094516
Version:
   Company:    Microsoft Corporation
   Product:    Microsoft® Windows® Operating System
   FileDesc:   DHCP Client Service
   FileVer:    10.0.26100.3323
   ProdVer:    10.0.26100.3323

Module 51
C:\WINDOWS\SYSTEM32\dhcpcsvc6.DLL
Image Base: 0x74780000  Image Size: 0x00018000
File Size:  88008       File Time:  2025-03-12_094516
Version:
   Company:    Microsoft Corporation
   Product:    Microsoft® Windows® Operating System
   FileDesc:   DHCPv6 Client
   FileVer:    10.0.26100.3323
   ProdVer:    10.0.26100.3323

Module 52
C:\WINDOWS\SYSTEM32\VERSION.dll
Image Base: 0x749a0000  Image Size: 0x00008000
File Size:  28976       File Time:  2024-04-01_142216
Version:
   Company:    Microsoft Corporation
   Product:    Microsoft® Windows® Operating System
   FileDesc:   Version Checking and File Installation Libraries
   FileVer:    10.0.26100.1
   ProdVer:    10.0.26100.1

Module 53
C:\WINDOWS\SYSTEM32\IPHLPAPI.DLL
Image Base: 0x749b0000  Image Size: 0x00027000
File Size:  147864      File Time:  2025-03-12_094526
Version:
   Company:    Microsoft Corporation
   Product:    Microsoft® Windows® Operating System
   FileDesc:   IP Helper API
   FileVer:    10.0.26100.3323
   ProdVer:    10.0.26100.3323

Module 54
C:\WINDOWS\system32\uxtheme.dll
Image Base: 0x74a70000  Image Size: 0x00082000
File Size:  512512      File Time:  2025-03-12_094528
Version:
   Company:    Microsoft Corporation
   Product:    Microsoft® Windows® Operating System
   FileDesc:   Microsoft UxTheme Library
   FileVer:    10.0.26100.3323
   ProdVer:    10.0.26100.3323

Module 55
C:\WINDOWS\SYSTEM32\devobj.dll
Image Base: 0x74b10000  Image Size: 0x00024000
File Size:  143032      File Time:  2024-04-01_142236
Version:
   Company:    Microsoft Corporation
   Product:    Microsoft® Windows® Operating System
   FileDesc:   Device Information Set DLL
   FileVer:    10.0.26100.1
   ProdVer:    10.0.26100.1

Module 56
C:\WINDOWS\SYSTEM32\kernel.appcore.dll
Image Base: 0x74bb0000  Image Size: 0x00014000
File Size:  71888       File Time:  2024-12-13_150150
Version:
   Company:    Microsoft Corporation
   Product:    Microsoft® Windows® Operating System
   FileDesc:   AppModel API Host
   FileVer:    10.0.26100.1591
   ProdVer:    10.0.26100.1591

Module 57
C:\WINDOWS\SYSTEM32\msasn1.dll
Image Base: 0x74c10000  Image Size: 0x0000e000
File Size:  52240       File Time:  2025-01-15_114048
Version:
   Company:    Microsoft Corporation
   Product:    Microsoft® Windows® Operating System
   FileDesc:   ASN.1 Runtime APIs
   FileVer:    10.0.26100.2894
   ProdVer:    10.0.26100.2894

Module 58
C:\WINDOWS\SYSTEM32\WINHTTP.dll
Image Base: 0x74c30000  Image Size: 0x000db000
File Size:  893648      File Time:  2025-03-12_094530
Version:
   Company:    Microsoft Corporation
   Product:    Microsoft® Windows® Operating System
   FileDesc:   Windows HTTP Services
   FileVer:    10.0.26100.3323
   ProdVer:    10.0.26100.3323

Module 59
C:\WINDOWS\SYSTEM32\bcrypt.dll
Image Base: 0x74d50000  Image Size: 0x0001a000
File Size:  102312      File Time:  2025-02-12_081124
Version:
   Company:    Microsoft Corporation
   Product:    Microsoft® Windows® Operating System
   FileDesc:   Windows Cryptographic Primitives Library
   FileVer:    10.0.26100.3037
   ProdVer:    10.0.26100.3037

Module 60
C:\WINDOWS\SYSTEM32\UMPDC.dll
Image Base: 0x750b0000  Image Size: 0x0000e000
File Size:  51608       File Time:  2024-12-13_150156
Version:
   Company:    Microsoft Corporation
   Product:    Microsoft® Windows® Operating System
   FileDesc:   User Mode Power Dependency Coordinator
   FileVer:    10.0.26100.1301
   ProdVer:    10.0.26100.1301

Module 61
C:\WINDOWS\SYSTEM32\WINMM.dll
Image Base: 0x75120000  Image Size: 0x00033000
File Size:  196400      File Time:  2025-03-12_094514
Version:
   Company:    Microsoft Corporation
   Product:    Microsoft® Windows® Operating System
   FileDesc:   MCI API DLL
   FileVer:    10.0.26100.3323
   ProdVer:    10.0.26100.3323

Module 62
C:\WINDOWS\SYSTEM32\USERENV.dll
Image Base: 0x75160000  Image Size: 0x0001f000
File Size:  121440      File Time:  2024-12-13_150158
Version:
   Company:    Microsoft Corporation
   Product:    Microsoft® Windows® Operating System
   FileDesc:   Userenv
   FileVer:    10.0.26100.2454
   ProdVer:    10.0.26100.2454

Module 63
C:\WINDOWS\SYSTEM32\powrprof.dll
Image Base: 0x751c0000  Image Size: 0x00045000
File Size:  275896      File Time:  2024-04-01_142216
Version:
   Company:    Microsoft Corporation
   Product:    Microsoft® Windows® Operating System
   FileDesc:   Power Profile Helper DLL
   FileVer:    10.0.26100.1
   ProdVer:    10.0.26100.1

Module 64
C:\WINDOWS\System32\ole32.dll
Image Base: 0x75210000  Image Size: 0x00151000
File Size:  1387360     File Time:  2025-03-12_094514
Version:
   Company:    Microsoft Corporation
   Product:    Microsoft® Windows® Operating System
   FileDesc:   Microsoft OLE for Windows
   FileVer:    10.0.26100.3323
   ProdVer:    10.0.26100.3323

Module 65
C:\WINDOWS\System32\msvcp_win.dll
Image Base: 0x75370000  Image Size: 0x00085000
File Size:  505776      File Time:  2024-12-13_150208
Version:
   Company:    Microsoft Corporation
   Product:    Microsoft® Windows® Operating System
   FileDesc:   Microsoft® C Runtime Library
   FileVer:    10.0.26100.1882
   ProdVer:    10.0.26100.1882

Module 66
C:\WINDOWS\System32\imagehlp.dll
Image Base: 0x75400000  Image Size: 0x0001b000
File Size:  102728      File Time:  2024-04-01_142212
Version:
   Company:    Microsoft Corporation
   Product:    Microsoft® Windows® Operating System
   FileDesc:   Windows NT Image Helper
   FileVer:    10.0.26100.1
   ProdVer:    10.0.26100.1

Module 67
C:\WINDOWS\System32\combase.dll
Image Base: 0x75420000  Image Size: 0x00281000
File Size:  2635768     File Time:  2025-03-12_094516
Version:
   Company:    Microsoft Corporation
   Product:    Microsoft® Windows® Operating System
   FileDesc:   Microsoft COM for Windows
   FileVer:    10.0.26100.3323
   ProdVer:    10.0.26100.3323

Module 68
C:\WINDOWS\System32\KERNELBASE.dll
Image Base: 0x756b0000  Image Size: 0x002ab000
File Size:  2804152     File Time:  2025-03-12_094520
Version:
   Company:    Microsoft Corporation
   Product:    Microsoft® Windows® Operating System
   FileDesc:   Windows NT BASE API Client DLL
   FileVer:    10.0.26100.3470
   ProdVer:    10.0.26100.3470

Module 69
C:\WINDOWS\System32\MSCTF.dll
Image Base: 0x75960000  Image Size: 0x00117000
File Size:  1139984     File Time:  2025-03-12_094528
Version:
   Company:    Microsoft Corporation
   Product:    Microsoft® Windows® Operating System
   FileDesc:   MSCTF Server DLL
   FileVer:    10.0.26100.3323
   ProdVer:    10.0.26100.3323

Module 70
C:\WINDOWS\System32\wintrust.dll
Image Base: 0x75a80000  Image Size: 0x00066000
File Size:  411728      File Time:  2025-03-12_094528
Version:
   Company:    Microsoft Corporation
   Product:    Microsoft® Windows® Operating System
   FileDesc:   Microsoft Trust Verification APIs
   FileVer:    10.0.26100.3323
   ProdVer:    10.0.26100.3323

Module 71
C:\WINDOWS\System32\KERNEL32.DLL
Image Base: 0x75b50000  Image Size: 0x000f0000
File Size:  679152      File Time:  2025-03-12_094520
Version:
   Company:    Microsoft Corporation
   Product:    Microsoft® Windows® Operating System
   FileDesc:   Windows NT BASE API Client DLL
   FileVer:    10.0.26100.3323
   ProdVer:    10.0.26100.3323

Module 72
C:\WINDOWS\System32\sechost.dll
Image Base: 0x75c50000  Image Size: 0x00083000
File Size:  529544      File Time:  2025-03-12_094524
Version:
   Company:    Microsoft Corporation
   Product:    Microsoft® Windows® Operating System
   FileDesc:   Host for SCM/SDDL/LSA Lookup APIs
   FileVer:    10.0.26100.3323
   ProdVer:    10.0.26100.3323

Module 73
C:\WINDOWS\System32\USER32.dll
Image Base: 0x75ce0000  Image Size: 0x001c6000
File Size:  1852272     File Time:  2025-03-12_094528
Version:
   Company:    Microsoft Corporation
   Product:    Microsoft® Windows® Operating System
   FileDesc:   Multi-User Windows USER API Client DLL
   FileVer:    10.0.26100.3470
   ProdVer:    10.0.26100.3470

Module 74
C:\WINDOWS\System32\ucrtbase.dll
Image Base: 0x75eb0000  Image Size: 0x00110000
File Size:  1114168     File Time:  2025-02-12_081138
Version:
   Company:    Microsoft Corporation
   Product:    Microsoft® Windows® Operating System
   FileDesc:   Microsoft® C Runtime Library
   FileVer:    10.0.26100.3037
   ProdVer:    10.0.26100.3037

Module 75
C:\WINDOWS\System32\WS2_32.dll
Image Base: 0x75fd0000  Image Size: 0x00060000
File Size:  391984      File Time:  2024-12-13_150154
Version:
   Company:    Microsoft Corporation
   Product:    Microsoft® Windows® Operating System
   FileDesc:   Windows Socket 2.0 32-Bit DLL
   FileVer:    10.0.26100.1882
   ProdVer:    10.0.26100.1882

Module 76
C:\WINDOWS\System32\SHELL32.dll
Image Base: 0x760b0000  Image Size: 0x005f9000
File Size:  6296720     File Time:  2025-03-12_094526
Version:
   Company:    Microsoft Corporation
   Product:    Microsoft® Windows® Operating System
   FileDesc:   Windows Shell Common Dll
   FileVer:    10.0.26100.3323
   ProdVer:    10.0.26100.3323

Module 77
C:\WINDOWS\System32\CRYPT32.dll
Image Base: 0x76830000  Image Size: 0x00107000
File Size:  1065608     File Time:  2025-03-12_094516
Version:
   Company:    Microsoft Corporation
   Product:    Microsoft® Windows® Operating System
   FileDesc:   Crypto API32
   FileVer:    10.0.26100.3323
   ProdVer:    10.0.26100.3323

Module 78
C:\WINDOWS\System32\ADVAPI32.dll
Image Base: 0x76a00000  Image Size: 0x0007e000
File Size:  511408      File Time:  2025-03-12_094514
Version:
   Company:    Microsoft Corporation
   Product:    Microsoft® Windows® Operating System
   FileDesc:   Advanced Windows 32 Base API
   FileVer:    10.0.26100.3323
   ProdVer:    10.0.26100.3323

Module 79
C:\WINDOWS\System32\bcryptPrimitives.dll
Image Base: 0x76a90000  Image Size: 0x00069000
File Size:  427248      File Time:  2025-02-12_081124
Version:
   Company:    Microsoft Corporation
   Product:    Microsoft® Windows® Operating System
   FileDesc:   Windows Cryptographic Primitives Library
   FileVer:    10.0.26100.3037
   ProdVer:    10.0.26100.3037

Module 80
C:\WINDOWS\System32\clbcatq.dll
Image Base: 0x76b00000  Image Size: 0x00081000
File Size:  519504      File Time:  2024-04-01_142214
Version:
   Company:    Microsoft Corporation
   Product:    Microsoft® Windows® Operating System
   FileDesc:   COM+ Configuration Catalog
   FileVer:    2001.12.10941.16384
   ProdVer:    10.0.26100.1

Module 81
C:\WINDOWS\System32\SETUPAPI.dll
Image Base: 0x76b90000  Image Size: 0x0044f000
File Size:  4551496     File Time:  2025-03-12_094526
Version:
   Company:    Microsoft Corporation
   Product:    Microsoft® Windows® Operating System
   FileDesc:   Windows Setup API
   FileVer:    10.0.26100.3323
   ProdVer:    10.0.26100.3323

Module 82
C:\WINDOWS\System32\NSI.dll
Image Base: 0x76ff0000  Image Size: 0x00007000
File Size:  21808       File Time:  2025-01-15_114050
Version:
   Company:    Microsoft Corporation
   Product:    Microsoft® Windows® Operating System
   FileDesc:   NSI User-mode interface DLL
   FileVer:    10.0.26100.2894
   ProdVer:    10.0.26100.2894

Module 83
C:\WINDOWS\System32\msvcrt.dll
Image Base: 0x77000000  Image Size: 0x000c7000
File Size:  809440      File Time:  2024-12-13_150154
Version:
   Company:    Microsoft Corporation
   Product:    Microsoft® Windows® Operating System
   FileDesc:   Windows NT CRT DLL
   FileVer:    7.0.26100.1882
   ProdVer:    10.0.26100.1882

Module 84
C:\WINDOWS\System32\RPCRT4.dll
Image Base: 0x77170000  Image Size: 0x000b9000
File Size:  758280      File Time:  2025-02-12_081134
Version:
   Company:    Microsoft Corporation
   Product:    Microsoft® Windows® Operating System
   FileDesc:   Remote Procedure Call Runtime
   FileVer:    10.0.26100.3037
   ProdVer:    10.0.26100.3037

Module 85
C:\WINDOWS\System32\shcore.dll
Image Base: 0x77230000  Image Size: 0x000c9000
File Size:  810472      File Time:  2025-03-12_094524
Version:
   Company:    Microsoft Corporation
   Product:    Microsoft® Windows® Operating System
   FileDesc:   SHCORE
   FileVer:    10.0.26100.3470
   ProdVer:    10.0.26100.3470

Module 86
C:\WINDOWS\System32\win32u.dll
Image Base: 0x77370000  Image Size: 0x0001a000
File Size:  105944      File Time:  2025-03-12_094528
Version:
   Company:    Microsoft Corporation
   Product:    Microsoft® Windows® Operating System
   FileDesc:   Win32u
   FileVer:    10.0.26100.3470
   ProdVer:    10.0.26100.3470

Module 87
C:\WINDOWS\System32\SHLWAPI.dll
Image Base: 0x77390000  Image Size: 0x0004b000
File Size:  302776      File Time:  2025-02-12_081136
Version:
   Company:    Microsoft Corporation
   Product:    Microsoft® Windows® Operating System
   FileDesc:   Shell Light-weight Utility Library
   FileVer:    10.0.26100.3037
   ProdVer:    10.0.26100.3037

Module 88
C:\WINDOWS\System32\gdi32full.dll
Image Base: 0x773f0000  Image Size: 0x000ed000
File Size:  964368      File Time:  2025-03-12_094518
Version:
   Company:    Microsoft Corporation
   Product:    Microsoft® Windows® Operating System
   FileDesc:   GDI Client DLL
   FileVer:    10.0.26100.3470
   ProdVer:    10.0.26100.3470

Module 89
C:\WINDOWS\System32\OLEAUT32.dll
Image Base: 0x774e0000  Image Size: 0x0009e000
File Size:  640048      File Time:  2025-03-12_094522
Version:
   Company:    Microsoft Corporation
   Product:    Microsoft® Windows® Operating System
   FileDesc:   OLEAUT32.DLL
   FileVer:    10.0.26100.3323
   ProdVer:    10.0.26100.3323

Module 90
C:\WINDOWS\System32\IMM32.dll
Image Base: 0x77590000  Image Size: 0x00025000
File Size:  145224      File Time:  2024-04-01_142214
Version:
   Company:    Microsoft Corporation
   Product:    Microsoft® Windows® Operating System
   FileDesc:   Multi-User Windows IMM32 API Client DLL
   FileVer:    10.0.26100.1
   ProdVer:    10.0.26100.1

Module 91
C:\WINDOWS\System32\wintypes.dll
Image Base: 0x775c0000  Image Size: 0x000f9000
File Size:  1023752     File Time:  2025-01-15_114046
Version:
   Company:    Microsoft Corporation
   Product:    Microsoft® Windows® Operating System
   FileDesc:   Windows Base Types DLL
   FileVer:    10.0.26100.2894
   ProdVer:    10.0.26100.2894

Module 92
C:\WINDOWS\System32\PSAPI.DLL
Image Base: 0x776c0000  Image Size: 0x00006000
File Size:  18040       File Time:  2024-04-01_142214
Version:
   Company:    Microsoft Corporation
   Product:    Microsoft® Windows® Operating System
   FileDesc:   Process Status Helper
   FileVer:    10.0.26100.1
   ProdVer:    10.0.26100.1

Module 93
C:\WINDOWS\System32\GDI32.dll
Image Base: 0x776d0000  Image Size: 0x00022000
File Size:  132296      File Time:  2024-12-13_150156
Version:
   Company:    Microsoft Corporation
   Product:    Microsoft® Windows® Operating System
   FileDesc:   GDI Client DLL
   FileVer:    10.0.26100.2033
   ProdVer:    10.0.26100.2033

Module 94
C:\WINDOWS\SYSTEM32\ntdll.dll
Image Base: 0x77710000  Image Size: 0x001ba000
File Size:  1801216     File Time:  2025-03-12_094522
Version:
   Company:    Microsoft Corporation
   Product:    Microsoft® Windows® Operating System
   FileDesc:   NT Layer DLL
   FileVer:    10.0.26100.3323
   ProdVer:    10.0.26100.3323


== [end of error.log] ==
