Unity Player [version: Unity 5.6.7f1_e80cc3114ac1]

Dragonboy_vn_v222.exe caused an Access Violation (0xc0000005)
  in module Dragonboy_vn_v222.exe at 0023:009831b1.

Error occurred at 2025-03-13_072036.
C:\Users\Cuong Le\Desktop\C# winform\QLTK Nro Pro\QLTK Nro Pro\bin\Debug\Data\Version222\Dragonboy_vn_v222.exe, run by Cuong Le.
87% memory in use.
0 MB physical memory [2056 MB free].
0 MB paging file [379 MB free].
0 MB user address space [47 MB free].
Read from location 00000010 caused an access violation.

Context:
EDI:    0x00000010  ESI: 0x00000000  EAX:   0x00000010
EBX:    0x00fc7724  ECX: 0x7ffffffe  EDX:   0x04157073
EIP:    0x009831b1  EBP: 0x016fe3f8  SegCs: 0x00000023
EFlags: 0x00210202  ESP: 0x016fe16c  SegSs: 0x0000002b

Bytes at CS:EIP:
80 38 00 74 05 40 85 c9 75 f5 2b 85 e0 fd ff ff 

Stack:
0x016fe16c: 016fe438 04157040 00000013 02080068 8.o.@p......h...
0x016fe17c: 016fe198 00000000 00000007 016fe418 ..o...........o.
0x016fe18c: 036c05c0 00000002 00000000 fffffffa ..l.............
0x016fe19c: 036c19f8 036c1b68 036c05b8 00430001 ..l.h.l...l...C.
0x016fe1ac: 00000000 00000000 00000000 00fc7724 ............$w..
0x016fe1bc: 00000000 00000000 00000000 016fe418 ..............o.
0x016fe1cc: 006f004c 00000006 0000006d 00000010 L.o.....m.......
0x016fe1dc: 016fe488 ffffffff 735c006d 00000000 ..o.....m.\s....
0x016fe1ec: 00670061 006e006f 006f0062 00320079 a.g.o.n.b.o.y.2.
0x016fe1fc: 00320032 00000000 00000000 00000000 2.2.............
0x016fe20c: 00000000 014b0000 7778974c 7778974c ......K.L.xwL.xw
0x016fe21c: 75802ec5 00000408 016fe240 016fe24c ...u....@.o.L.o.
0x016fe22c: 00000008 0000000e ffffffff 00000005 ................
0x016fe23c: 75802eea 00000000 00000000 00000408 ...u............
0x016fe24c: 00009432 00000000 0000c000 00000000 2...............
0x016fe25c: 00009432 00000000 00000001 fffffffe 2...............
0x016fe26c: 00000000 9e37fca2 016fe298 777a5831 ......7...o.1Xzw
0x016fe27c: 036c0924 77762b89 011f39c0 00000140 $.l..+vw.9..@...
0x016fe28c: ffffffff 00000140 00009432 016fe2a4 ....@...2.....o.
0x016fe29c: 0098dfbb 036c0924 016fe2e8 00986475 ....$.l...o.ud..
0x016fe2ac: 00000005 0098646c 1f5ec4b9 00000000 ....ld....^.....
0x016fe2bc: 01106c00 00000000 00009432 00000000 .l......2.......
0x016fe2cc: 016fe2b0 016fe2b4 016fe5e4 016fe5e8 ..o...o...o...o.
0x016fe2dc: 009806f0 1f3f7599 fffffffe 0098646c .....u?.....ld..
0x016fe2ec: 009859d1 00000005 00000000 016fe314 .Y............o.
0x016fe2fc: 00990039 016fe354 036c19f8 036c1b68 9...T.o...l.h.l.
0x016fe30c: 016fe59e 00000000 016fe5b0 00982ba6 ..o.......o..+..
0x016fe31c: 0000000a 00982be5 01106c00 00000000 .....+...l......
0x016fe32c: 009833f3 0000005f 00000000 00000000 .3.._...........
0x016fe33c: 00000000 036c05c0 036c05c0 7774f031 ......l...l.1.tw
0x016fe34c: fffffffa fffffffa 036c19f8 036c1b68 ..........l.h.l.
0x016fe35c: 036c05b8 00000001 00000000 00000000 ..l.............
0x016fe36c: 00000000 00f3af4d 00000000 00000000 ....M...........
0x016fe37c: 00000000 01106c00 00000006 00000006 .....l..........
0x016fe38c: 00000057 016fe59e 016fe658 fffffffa W.....o.X.o.....
0x016fe39c: 00001000 00001000 000d1000 016fe580 ..............o.
0x016fe3ac: 0ce5ea90 00000061 44000044 0000007f ....a...D..D....
0x016fe3bc: 00000000 7778963c 777a3717 ffffffff ....<.xw.7zw....
0x016fe3cc: 016fe3f8 fffffffe 00000000 016fe3fc ..o...........o.
0x016fe3dc: 777a5831 036c0258 35382b89 32373133 1XzwX.l..+853172
0x016fe3ec: 000d1000 778461cc 1f5ec5a9 016fe438 .....a.w..^.8.o.
0x016fe3fc: 0097ea6b 016fe418 00fc76b8 00000000 k.....o..v......
0x016fe40c: 016fe480 04157040 00008000 041570ad ..o.@p.......p..
0x016fe41c: 00007f93 04157040 00000042 00000000 ....@p..B.......
0x016fe42c: 00000000 00000000 00000000 016fe454 ............T.o.
0x016fe43c: 0097eaac 04157040 00008000 00fc76b8 ....@p.......v..
0x016fe44c: 00000000 016fe480 016fe46c 007e8b38 ......o.l.o.8.~.
0x016fe45c: 04157040 00008000 00fc76b8 016fe480 @p.......v....o.
0x016fe46c: 016fe6a0 007db309 04157040 00008000 ..o...}.@p......
0x016fe47c: 00fc76b8 000d04b4 00000010 00f6a990 .v..............
0x016fe48c: 000001cf 00f347a8 000d04b4 00000010 .....G..........
0x016fe49c: 00000000 0ebbef08 036c0000 000002f8 ..........l.....
0x016fe4ac: 00001000 0ce5ea98 0095b932 0ce5ea98 ........2.......
0x016fe4bc: 00000000 00000300 016fe52c 0ce5ea98 ........,.o.....
0x016fe4cc: 00000000 0630c5c8 00000000 00956b60 ......0.....`k..
0x016fe4dc: 0ce5ea98 016fe52c 00000300 00000300 ....,.o.........
0x016fe4ec: 0630c5c8 0ebbef08 00000001 00000002 ..0.............
0x016fe4fc: 0130c5c8 00000001 016fe52c 00000100 ..0.....,.o.....
0x016fe50c: 0630c5c8 00000000 0001a09d 777a5861 ..0.........aXzw
0x016fe51c: 777a5861 036c0924 77763aeb 00000140 aXzw$.l..:vw@...
0x016fe52c: 036c0918 fffffffe 00000000 016fe55c ..l.........\.o.
0x016fe53c: 777a5831 036c0924 77762b89 011f39c0 1Xzw$.l..+vw.9..
0x016fe54c: 00000140 00000005 016fe540 016fe564 @.......@.o.d.o.
0x016fe55c: 016fe568 0098dfbb 036c0924 016fe5a8 h.o.....$.l...o.
0x016fe56c: 00986f1f 00000005 00986f15 1f5ec3f9 .o.......o....^.
0x016fe57c: 00000057 01106c00 00000000 011a2920 W....l...... )..
0x016fe58c: 00000057 fffffffe 00000000 016fe5bc W.............o.
0x016fe59c: 777a5831 011a2920 77762b89 00f3aef8 1Xzw )...+vw....
0x016fe5ac: 00000000 00000000 036c8488 00000057 ..........l.W...
0x016fe5bc: 016fe5c8 00987594 011a2920 016fe5d4 ..o..u.. )....o.
0x016fe5cc: 009788cb 00000011 016fe610 0097b130 ..........o.0...
0x016fe5dc: 01106c00 0097b127 1f5ec041 00f3aef8 .l..'...A.^.....
0x016fe5ec: 016fe650 00000000 00000000 016fe5e4 P.o...........o.
0x016fe5fc: 0097b5e9 016ff78c 009806f0 1f3f6929 ......o.....)i?.
0x016fe60c: fffffffe 0097b127 004f871d 01106c00 ....'.....O..l..
0x016fe61c: 01106c00 00f3aef8 016fe650 00000000 .l......P.o.....
0x016fe62c: 0118c950 016fe644 004f8762 00000005 P...D.o.b.O.....
0x016fe63c: 00f3aef8 016fe650 016fe690 001c9aaf ....P.o...o.....
0x016fe64c: 00f3aef8 000d04b4 00000000 0118c950 ............P...
0x016fe65c: 0118ca10 000d04b4 7774f299 00000000 ..........tw....
0x016fe66c: 6a7b9871 000000fa 0630c5c8 00000100 q.{j......0.....
0x016fe67c: 016fe66c 00000000 00000005 00100000 l.o.............
0x016fe68c: 000d04c7 016fe6ac 001c9bc8 000d04b4 ......o.........
0x016fe69c: 00000010 016fe6e4 007db7fd 000d04b4 ......o...}.....
0x016fe6ac: 00000010 00000013 000001cf 00f347a8 .............G..
0x016fe6bc: 000d04b4 00000001 00000000 0630c5c8 ..............0.
0x016fe6cc: 016fe724 0ebc6448 0630c5c8 000000fa $.o.Hd....0.....
0x016fe6dc: 016fe6f8 00956e9f 016fe730 007db8b4 ..o..n..0.o...}.
0x016fe6ec: 000d04b4 00000001 00000013 00000000 ................
0x016fe6fc: 00f347a8 000001cf 000d04b4 0403d818 .G..............
0x016fe70c: 000d04b4 00000030 0403d810 000eaa8d ....0...........
0x016fe71c: 03a56ab0 016fe738 001c95bd 00000030 .j..8.o.....0...
0x016fe72c: 0118b3c0 016fe754 007dbcb6 00000000 ....T.o...}.....
0x016fe73c: 000d04b4 00000001 00000013 00000000 ................
0x016fe74c: 00f347a8 000001cf 016fe780 004e1780 .G........o...N.
0x016fe75c: 00000000 000d04b4 00000001 00000013 ................
0x016fe76c: 00000000 00f347a8 000001cf 00000005 .....G..........
0x016fe77c: 0403d810 016fe798 004516af 000d04b4 ......o...E.....
0x016fe78c: 00000005 feb8f0c0 00000013 016fe7d0 ..............o.
0x016fe79c: 0045243d 00000013 000001f4 00000140 =$E.........@...
0x016fe7ac: 00000005 000d04b0 00000001 00000009 ................
0x016fe7bc: 00000000 00000001 000d04b0 00000005 ................
0x016fe7cc: 00000000 016fe820 004526dd 000001f4 .... .o..&E.....
0x016fe7dc: 00000140 00000005 000d04b0 00000000 @...............
0x016fe7ec: 00000001 00000009 feb8f0c0 00000140 ............@...
0x016fe7fc: 000001f4 000001f4 00000140 00000008 ........@.......
0x016fe80c: 00000003 00000000 00000000 00000000 ................
0x016fe81c: feb8f0c0 016fe884 0042f058 000001f4 ......o.X.B.....
0x016fe82c: 00000140 00000005 00000005 00000001 @...............
0x016fe83c: 00000009 00000000 00f684b4 016fe920 ............ .o.
0x016fe84c: 00000000 00000000 00000000 0630c5c8 ..............0.
0x016fe85c: 0ebbef08 0630c5c8 016fe8c0 00425770 ......0...o.pWB.
0x016fe86c: 00f684b4 1466d010 00000000 00000005 ......f.........
0x016fe87c: 00000140 010001f4 016fe8f4 0042fe68 @.........o.h.B.
0x016fe88c: 00000005 000001f4 00000140 14637b00 ........@....{c.
0x016fe89c: 016fe8e0 016fe920 14637b00 1466d010 ..o. .o..{c...f.
0x016fe8ac: feb8f0c0 00f684b4 004e1700 000001f4 ..........N.....
0x016fe8bc: 00000140 016fe8c8 00425570 1466d44b @.....o.pUB.K.f.
0x016fe8cc: 00000eb7 0630c5c8 0ebbef08 004534cf ......0......4E.
0x016fe8dc: 03e0a100 00000000 00000000 00000000 ................
0x016fe8ec: 00000000 00000000 016fe958 00431955 ........X.o.U.C.
0x016fe8fc: feb8f0c0 1466d010 000012f2 14637b00 ......f......{c.
0x016fe90c: 00000005 016fe920 000012f2 feb8f0c0 .... .o.........
0x016fe91c: 00000000 00000000 00000001 00000000 ................
0x016fe92c: 00000000 00000000 feb8f0c0 016fe948 ............H.o.
0x016fe93c: 007c4dce 00000004 000012f2 016fe998 .M|...........o.
0x016fe94c: 056aa755 14637b00 00000001 016fe974 U.j..{c.....t.o.
0x016fe95c: 00431c5c feb8f0c0 000012f2 00000000 \.C.............
0x016fe96c: 00000000 000012f2 016fe998 007c7f23 ..........o.#.|.
0x016fe97c: feb8f0c0 1466d010 000012f2 00000000 ......f.........
0x016fe98c: 00000000 1466d000 14637b20 016fe9d8 ......f. {c...o.
0x016fe99c: 056c9e1c 14637b20 1466d000 00000000 ..l. {c...f.....
0x016fe9ac: 00000000 016fe9d8 050b1208 050b11b0 ......o.........
0x016fe9bc: 000012f2 056c9df9 14648000 1466d000 ......l...d...f.
0x016fe9cc: 000012f2 016fe9d8 056c9dec 016fe9f8 ......o...l...o.
0x016fe9dc: 056c9dd6 14637b20 1466d000 00000000 ..l. {c...f.....
0x016fe9ec: 00000000 00000000 3f800000 016fea38 ...........?8.o.
0x016fe9fc: 056c9cfd 14637b20 1466d000 0000130a ..l. {c...f.....
0x016fea0c: 00000000 102566f4 14c0b4b0 016fea58 .....f%.....X.o.
0x016fea1c: 05680533 00000000 14c0b4b0 00000000 3.h.............
0x016fea2c: 000012f2 016fea58 050b1208 016fea58 ....X.o.....X.o.
0x016fea3c: 057002b1 1466d000 14648000 00000000 ..p...f...d.....
0x016fea4c: 00000000 016fea58 0568050c 016fea88 ....X.o...h...o.
0x016fea5c: 05700241 1466d000 000012f2 016fea88 A.p...f.......o.
0x016fea6c: 056905bf 1471c9b0 050069c0 1471c9b0 ..i...q..i....q.
0x016fea7c: 00000000 00000000 14648000 016feac8 ..........d...o.
0x016fea8c: 0572c195 14648000 00000000 000012f2 ..r...d.........
0x016fea9c: 146c85e8 146c8600 14d14900 1007df6d ..l...l..I..m...
0x016feaac: 0000001b 146c85b8 00000046 016feaf8 ......l.F.....o.
0x016feabc: 00002668 00000000 0ff78e00 016feb08 h&............o.
0x016feacc: 0572bd98 00002668 14d14900 016feaf8 ..r.h&...I....o.
0x016feadc: 05695d87 146c8600 04ffdeb0 0ff78e00 .]i...l.........
0x016feaec: 00000009 00000005 14d14900 016feb48 .........I..H.o.
0x016feafc: 14c0c550 00000012 00000008 016feb58 P...........X.o.
0x016feb0c: 0574c6f6 0ff78e00 00002668 00000093 ..t.....h&......
0x016feb1c: 0000016e 00000000 00000003 0000000b n...............
0x016feb2c: 0ff55550 0ff62a80 14d14900 147d2400 PU...*...I...$}.
0x016feb3c: 00000093 00000000 00002668 056feb68 ........h&..h.o.
0x016feb4c: 00000001 0ff78e00 146f5aa0 016febe8 .........Zo...o.
0x016feb5c: 05729c3a 14c0c550 0ff78e00 1470a0a8 :.r.P.........p.
0x016feb6c: 0000009b 00000180 00000001 00000001 ................
0x016feb7c: 42100000 00000012 0000000c 00000000 ...B............
0x016feb8c: 00000116 00000232 00000003 14d00750 ....2.......P...
0x016feb9c: 42100000 00000154 00000000 140ff790 ...BT...........
0x016febac: 00000024 000002b6 00000012 14c70710 $...............
0x016febbc: 14c70700 14c70720 140ea870 00000000 .... ...p.......
0x016febcc: 00000024 147d2400 0000000c 00000000 $....$}.........
0x016febdc: 00000116 147d2400 14c0c550 016fec38 .....$}.P...8.o.
0x016febec: 0572997c 14c0c550 0ff78e00 0000009b |.r.P...........
0x016febfc: 00000180 00000001 00000001 00000001 ................
0x016fec0c: 0000015b 0000009b 00000000 00000000 [...............
0x016fec1c: 14d00750 00000000 0000002f 00000000 P......./.......
0x016fec2c: 14c0c550 14c0c550 0ff78e00 016fec68 P...P.......h.o.
0x016fec3c: 05728245 14c0c550 0ff78e00 016fec68 E.r.P.......h.o.
0x016fec4c: 05727ee8 0ff77db0 00000001 00000081 .~r..}..........
0x016fec5c: 146f5aa0 146f5aa0 00000003 016fee68 .Zo..Zo.....h.o.
0x016fec6c: 0572466b 14c0c550 0ff78e00 016fee68 kFr.P.......h.o.
0x016fec7c: 05724443 04043210 008b0a63 03a56a50 CDr..2..c...Pj..
0x016fec8c: 016feca4 001c96ff 04043250 04043250 ..o.....P2..P2..
0x016fec9c: 0118b3c0 00000001 016fecb8 007dadca ..........o...}.
0x016fecac: 04043250 0500da00 121ffbd0 016fecc8 P2............o.
0x016fecbc: 007db202 04043250 00000042 016fed18 ..}.P2..B.....o.
0x016feccc: 016fece8 004ce317 00000001 007af83b ..o...L.....;.z.
0x016fecdc: 47026100 c6fada00 00000000 016fed28 .a.G........(.o.
0x016fecec: 056922af 016fed4c 00000042 04043250 ."i.L.o.B...P2..
0x016fecfc: 00000011 016fed28 050b1208 050b11b0 ....(.o.........
0x016fed0c: 121ffbd0 05692299 05689460 0500da00 ....."i.`.h.....
0x016fed1c: 121ffbd0 016fed28 0569228c 016fed68 ....(.o.."i.h.o.
0x016fed2c: 0569223f 016fed4c f7b58000 00000000 ?"i.L.o.........
0x016fed3c: 00000000 016fed68 050b1208 007aee55 ....h.o.....U.z.
0x016fed4c: 05692959 016fed78 050b1208 050b11b0 Y)i.x.o.........
0x016fed5c: 121ffbd0 05692949 05689460 0500da00 ....I)i.`.h.....
0x016fed6c: 121ffbd0 016fed78 0569293c 016feeb8 ....x.o.<)i...o.
0x016fed7c: 056bec58 14c0c550 00008261 1459b690 X.k.P...a.....Y.
0x016fed8c: 00004130 c6fada00 146f5aa0 00000000 0A.......Zo.....
0x016fed9c: 00000000 00000000 00000000 00000000 ................
0x016fedac: 00000000 00000000 00000000 00000000 ................
0x016fedbc: 00000000 00000000 00000000 00000000 ................
0x016fedcc: 00000000 00000000 00000000 00000000 ................
0x016feddc: 00000000 00000000 00000000 14c0c550 ............P...
0x016fedec: 00000001 00000000 00000007 00000000 ................
0x016fedfc: 146f5aa0 00000003 00000000 00000000 .Zo.............
0x016fee0c: 00000000 00000000 00000000 00000000 ................
0x016fee1c: 00000000 121ffbd0 05689460 016fee48 ........`.h.H.o.
0x016fee2c: 056bcbc4 05001ea0 00000000 00000000 ..k.............
0x016fee3c: 1021f600 016fee68 05003ed0 016fee68 ..!.h.o..>..h.o.
0x016fee4c: 056bcba3 0ff68660 05689460 0500da00 ..k.`...`.h.....
0x016fee5c: 121ffbd0 05003ed0 05689460 016feeb8 .....>..`.h...o.
0x016fee6c: 056bf5a8 0ff73aa0 0ff78e00 016fee88 ..k..:........o.
0x016fee7c: 05680fd8 103fa75c 014b0000 00000000 ..h.\.?...K.....
0x016fee8c: 121ffbd0 0500da00 05689460 016feeb8 ........`.h...o.
0x016fee9c: 056bf094 14637b50 14637b60 0500da00 ..k.P{c.`{c.....
0x016feeac: 121ffbd0 0500da00 05689460 016fef38 ........`.h.8.o.
0x016feebc: 056a2308 05003ed0 0ff78f00 016fef38 .#j..>......8.o.
0x016feecc: 056a2280 0079ca01 05693b48 016fef18 ."j...y.H;i...o.
0x016feedc: 056a20b1 00000000 05693b48 00000007 . j.....H;i.....
0x016feeec: 14637b60 00000000 000003e8 00000000 `{c.............
0x016feefc: 00000089 8cdfd8c2 00000195 016ff320 ............ .o.
0x016fef0c: 00000007 016fef18 056a208c 016fef38 ......o.. j.8.o.
0x016fef1c: 05693b1d 00000000 44834000 4413c000 .;i......@.D...D
0x016fef2c: 0426a450 121ffbd0 016ff31c 016fef80 P.&.......o...o.
0x016fef3c: 056894a1 0500da00 00001de8 00000000 ..h.............
0x016fef4c: 471c4000 016fef68 10001e35 10360ad0 .@.Gh.o.5.....6.
0x016fef5c: 10360ad0 fffffffe 00000000 00000000 ..6.............
0x016fef6c: 777a5831 04ff4e70 77762b89 10360ad0 1XzwpN...+vw..6.
0x016fef7c: 121ffbd0 016fefb0 100f1d2d 0500da00 ......o.-.......
0x016fef8c: 016ff0a0 016ff31c 056a21b0 00010000 ..o...o..!j.....
0x016fef9c: 00000000 10360ad0 00000000 04ff4e70 ......6.....pN..
0x016fefac: 3f800000 016fefd4 1005d8f4 10360ad0 ...?..o.......6.
0x016fefbc: 0500da00 016ff0a0 016ff31c 10360ad0 ......o...o...6.
0x016fefcc: 0500da00 00000000 016feff4 00647820 ..........o. xd.
0x016fefdc: 10360ad0 0500da00 016ff0a0 016ff31c ..6.......o...o.
0x016fefec: 016ff31c 016ff040 016ff020 006442c2 ..o.@.o. .o..Bd.
0x016feffc: 016ff02c 10360ad0 00000001 0500da00 ,.o...6.........
0x016ff00c: 016ff040 016ff31c 00000000 0426a450 @.o...o.....P.&.
0x016ff01c: 0eebf400 016ff328 004c7b43 016ff314 ....(.o.C{L...o.
0x016ff02c: 016ff31c 00000000 03d62ec0 0eebf400 ..o.............
0x016ff03c: 10360ad0 00000000 00000002 00000000 ..6.............
0x016ff04c: 00000000 00000000 00000002 00000000 ................
0x016ff05c: 00000000 00000000 00000002 00000000 ................
0x016ff06c: 00000000 00000000 00000002 00000000 ................
0x016ff07c: 00000000 00000000 00000002 00000000 ................
0x016ff08c: 00000000 00000000 00000002 00000000 ................
0x016ff09c: 00000000 00000000 00000000 00000000 ................
0x016ff0ac: 00000000 00000000 00000000 00000000 ................
0x016ff0bc: 00000000 00000000 00000000 00000000 ................
0x016ff0cc: 00000000 00000000 00000002 00000000 ................
0x016ff0dc: 00000000 00000000 00000002 00000001 ................
0x016ff0ec: 00000001 016ff101 00000001 00000000 ......o.........
0x016ff0fc: 00000000 00000000 00000000 10360ad0 ..............6.
0x016ff10c: 00000001 0500da00 00000000 00000000 ................
0x016ff11c: 00000000 00000000 0eebf400 00000001 ................
0x016ff12c: 00000000 00000000 00000000 00001de8 ................
0x016ff13c: c1200000 00000000 40a00000 0000024f .. ........@O...
0x016ff14c: 3f32b438 00000000 3f374e33 40e521c0 8.2?....3N7?.!.@
0x016ff15c: bf32b438 00000000 3f374e33 40e521c0 8.2.....3N7?.!.@
0x016ff16c: 00000000 3f5db3d7 3f000000 40844985 ......]?...?.I.@
0x016ff17c: 00000000 bf5db3d7 3f000000 40bbb67b ......]....?{..@
0x016ff18c: 80000000 016ff130 016ff138 016ff140 ....0.o.8.o.@.o.
0x016ff19c: 00000000 00000000 00000000 00000000 ................
0x016ff1ac: 00000000 00000000 00000000 00000000 ................
0x016ff1bc: 00000000 00000001 00000001 00000001 ................
0x016ff1cc: 00000000 00000000 00000000 00000000 ................
0x016ff1dc: 00000000 00000000 00000000 04267934 ............4y&.
0x016ff1ec: 00000006 00000003 44778000 10273f70 ..........wDp?'.
0x016ff1fc: 1026d600 00000000 00000000 00000000 ..&.............
0x016ff20c: 00000000 00000000 00000000 44770101 ..............wD
0x016ff21c: 44778000 44778000 44778000 44778000 ..wD..wD..wD..wD
0x016ff22c: 44778000 44778000 016ff4c8 104178f8 ..wD..wD..o..xA.
0x016ff23c: 016ff248 0079bf8a 03dfcc10 016ff288 H.o...y.......o.
0x016ff24c: 05693a27 03dfcc10 00000000 44778000 ':i...........wD
0x016ff25c: 44778000 016ff288 050b1208 050b11b0 ..wD..o.........
0x016ff26c: 104178f8 05693a11 05690f20 016ff4c8 .xA..:i. .i...o.
0x016ff27c: 104178f8 016ff288 05693a04 016ff2a8 .xA...o..:i...o.
0x016ff28c: 056938da 03dfcc10 00000000 00000000 .8i.............
0x016ff29c: 00000000 3f8013ab 3f800000 016ff2e8 .......?...?..o.
0x016ff2ac: 00000010 03a562b0 00000010 03e09d20 .....b...... ...
0x016ff2bc: 0018bd97 03a562b0 016ff2dc 001c95bd .....b....o.....
0x016ff2cc: 00000010 0118c8b0 00000010 0118c780 ................
0x016ff2dc: 016ff2f4 001c9b85 03e09d20 00000010 ..o..... .......
0x016ff2ec: 00000010 0118b3c0 016ff32c 007db7de ........,.o...}.
0x016ff2fc: 00000010 00000010 00000000 00000010 ................
0x016ff30c: 00000001 00001de8 00000000 0500da00 ................
0x016ff31c: 00000000 00000000 00000000 016ff34c ............L.o.
0x016ff32c: 004ce174 00000000 03ddf0d0 00000000 t.L.............
0x016ff33c: 00000000 10360ad0 00000001 00001de8 ......6.........
0x016ff34c: 016ff388 007f14fa 00000000 03ddf0d0 ..o.............
0x016ff35c: 00000000 00000000 10360ad0 00000001 ..........6.....
0x016ff36c: 00001de8 0eebf400 0426a450 03e09d20 ........P.&. ...
0x016ff37c: 0426a1a0 00000001 00f738a0 016ff4f4 ..&......8....o.
0x016ff38c: 004cc4f6 00000000 00000000 00000000 ..L.............
0x016ff39c: 00000000 0426a1a0 00000004 00000000 ......&.........
0x016ff3ac: 016ff484 03d5f850 00000000 00014ce5 ..o.P........L..
0x016ff3bc: ffffffb2 0000041a 0118c8b0 0118c8b0 ................
0x016ff3cc: 03a56bd0 03d6e5f0 03d6f970 0002e9f8 .k......p.......
0x016ff3dc: 03a56bd0 016ff3f8 001c96ff 03d6e5f0 .k....o.........
0x016ff3ec: 03d6e5f0 0118b3c0 00000000 016ff40c ..............o.
0x016ff3fc: 007dadca 03d6e650 03d6e5f0 016ff3a8 ..}.P.........o.
0x016ff40c: 00000000 00000000 00000000 00000000 ................
0x016ff41c: 00000000 00000000 00000000 00000000 ................
0x016ff42c: 00000000 00000000 00000000 00000001 ................
0x016ff43c: 00000000 00000000 00000000 00000000 ................
0x016ff44c: 00000000 00000000 00000000 00000000 ................
0x016ff45c: 00000000 00000000 00000000 00000001 ................
0x016ff46c: 00000000 10273120 03d56000 00000000 .... 1'..`......
0x016ff47c: 00000000 00000000 00000000 00000000 ................
0x016ff48c: 04816200 00000101 0e978060 0e978060 .b......`...`...
0x016ff49c: 016ff49c 016ff49c 0426a1a0 0eebf478 ..o...o...&.x...
0x016ff4ac: 00000000 0426a388 03e09d20 03e09d20 ......&. ... ...
0x016ff4bc: 03e09d30 00000000 00000000 00000007 0...............
0x016ff4cc: 03dfcc10 00000000 00000000 00000000 ................
0x016ff4dc: 00000000 00000001 00000000 0426a1a0 ..............&.
0x016ff4ec: 00000000 00000000 016ff540 004cd4fd ........@.o...L.
0x016ff4fc: 016ff50c 00000000 048d9420 00000000 ..o..... .......
0x016ff50c: 00000007 44654000 3f800000 00000000 .....@eD...?....
0x016ff51c: bf800000 00000000 00000000 3f800000 ...............?
0x016ff52c: 000006ba 00000000 00000000 00000000 ................
0x016ff53c: 00340000 016ff558 007e520b 00000000 ..4.X.o..R~.....
0x016ff54c: 75d7d300 75d8c270 048dac00 016ff598 ...up..u......o.
0x016ff55c: 007e5289 00000000 0051cc9d 00158b31 .R~.......Q.1...
0x016ff56c: 00158d09 00000000 00000001 000905da ................
0x016ff57c: 000000ff 00000001 01be0179 03e21857 ........y...W...
0x016ff58c: 00000561 000002ba 00000c0c 016ff6f4 a.............o.
0x016ff59c: 001673b3 0097e847 00000000 014ad000 .s..G.........J.
0x016ff5ac: 03d6b710 00000078 016ff5bc 016ff648 ....x.....o.H.o.
0x016ff5bc: 0000001b 00000078 00000042 00000200 ....x...B.......
0x016ff5cc: 036c0000 777a1653 036c2fc8 00000400 ..l.S.zw./l.....
0x016ff5dc: 00000000 00000001 03d6ba90 0000007e ............~...
0x016ff5ec: 02100800 bfebfbff 000806d1 0000007e ............~...
0x016ff5fc: 00000042 03d6b810 0000007d 1c004121 B.......}...!A..
0x016ff60c: 02c0003f 0000003f 0000007d 00000042 ?...?...}...B...
0x016ff61c: 03d73d50 0000006f 00000000 1c004143 P=..o.......CA..
0x016ff62c: 04c0003f 0000006f 00000042 1c03c163 ?...o...B...c...
0x016ff63c: 01c0003f 00005fff 00000004 036c1b68 ?...._......h.l.
0x016ff64c: 036c05b8 016ff600 03d6b890 00000074 ..l...o.....t...
0x016ff65c: 036c2928 0107bf28 0000000f 00000074 ()l.(.......t...
0x016ff66c: 00000042 0000024f 00000000 00637465 B...O.......etc.
0x016ff67c: 00646567 036c2f01 016ff6a8 00000003 ged../l...o.....
0x016ff68c: 00000042 03d57a90 03d57ac8 03d57ac8 B....z...z...z..
0x016ff69c: 016ff6b4 00000000 65646968 646e6957 ..o.....hideWind
0x016ff6ac: 0100776f 036c05b8 0000000a 00000042 ow....l.....B...
0x016ff6bc: 03a553a0 0000024f 00000000 00000000 .S..O...........
0x016ff6cc: 00000000 65726170 5748746e 0100444e ....parentHWND..
0x016ff6dc: 0099c625 0000000a 00000042 0112d860 %.......B...`...
0x016ff6ec: 00000000 004ad001 016ff70c 00940b68 ......J...o.h...
0x016ff6fc: 000f0000 00000000 019693e9 00000001 ................
0x016ff70c: 016ff79c 0097e7f4 000f0000 00000000 ..o.............
0x016ff71c: 019693e9 00000001 1f5ed1cd 0097e847 ..........^.G...
0x016ff72c: 0097e847 014ad000 00000044 0196747c G.....J.D...|t..
0x016ff73c: 0196745c 0196737e 00000000 00000000 \t..~s..........
0x016ff74c: 00000000 00000000 00000000 00000000 ................
0x016ff75c: 00000000 00000001 00000001 00000000 ................
0x016ff76c: 016ff798 016ff798 0099054d c0000005 ..o...o.M.......
0x016ff77c: 0097e847 00000000 016ff724 016fd554 G.......$.o.T.o.
0x016ff78c: 016ff7f4 009806f0 1f3f7709 00000000 ..o......w?.....
0x016ff79c: 016ff7ac 75b65d49 014ad000 75b65d30 ..o.I].u..J.0].u
0x016ff7ac: 016ff804 7777ce3b 014ad000 6a7b86e1 ..o.;.ww..J...{j
0x016ff7bc: 00000000 00000000 014ad000 c0000005 ..........J.....
0x016ff7cc: 758f3cb0 af775957 af5eeeb2 00000000 .<.uWYw...^.....
0x016ff7dc: 00000000 016fd534 daf865e7 00000000 ....4.o..e......
0x016ff7ec: 016ff7b8 016fd534 016ff80c 77792110 ..o.4.o...o..!yw
0x016ff7fc: 1c96c2c5 00000000 016ff814 7777cdc1 ..........o...ww
0x016ff80c: ffffffff 777c1612 00000000 00000000 ......|w........
0x016ff81c: 0097e847 014ad000 00000000 00000000 G.....J.........
0x016ff82c: 00000000 00000000 00000000 00000000 ................
0x016ff83c: 00000000 00000000 00000000 00000000 ................
0x016ff84c: 00000000 00000000 00000000 00000000 ................
0x016ff85c: 00000000 00000000 00000000 00000000 ................
0x016ff86c: 00000000 00000000 00000000 00000000 ................
0x016ff87c: 00000000 00000000 00000000 00000000 ................
0x016ff88c: 00000000 00000000 00000000 00000000 ................
0x016ff89c: 00000000 00000000 00000000 00000000 ................
0x016ff8ac: 00000000 00000000 00000000 00000000 ................
0x016ff8bc: 00000000 00000000 00000000 00000000 ................
0x016ff8cc: 00000000 00000000 00000000 00000000 ................
0x016ff8dc: 00000000 00000000 00000000 00000000 ................
0x016ff8ec: 00000000 00000000 00000000 00000000 ................
0x016ff8fc: 00000000 00000000 00000000 00000000 ................
0x016ff90c: 00000000 00000000 00000000 00000000 ................
0x016ff91c: 00000000 00000000 00000000 00000000 ................
0x016ff92c: 00000000 00000000 00000000 00000000 ................
0x016ff93c: 00000000 00000000 00000000 00000000 ................
0x016ff94c: 00000000 00000000 00000000 00000000 ................
0x016ff95c: 00000000 00000000 00000000 00000000 ................
0x016ff96c: 00000000 00000000 00000000 00000000 ................
0x016ff97c: 00000000 00000000 00000000 00000000 ................
0x016ff98c: 00000000 00000000 00000000 00000000 ................
0x016ff99c: 00000000 00000000 00000000 00000000 ................
0x016ff9ac: 00000000 00000000 00000000 00000000 ................
0x016ff9bc: 00000000 00000000 00000000 00000000 ................
0x016ff9cc: 00000000 00000000 00000000 00000000 ................
0x016ff9dc: 00000000 00000000 00000000 00000000 ................
0x016ff9ec: 00000000 00000000 00000000 00000000 ................
0x016ff9fc: 00000000 00000000 00000000 00000000 ................
0x016ffa0c: 00000000 00000000 00000000 00000000 ................
0x016ffa1c: 00000000 00000000 00000000 00000000 ................
0x016ffa2c: 00000000 00000000 00000000 00000000 ................
0x016ffa3c: 00000000 00000000 00000000 00000000 ................
0x016ffa4c: 00000000 00000000 00000000 00000000 ................
0x016ffa5c: 00000000 00000000 00000000 00000000 ................
0x016ffa6c: 00000000 00000000 00000000 00000000 ................
0x016ffa7c: 00000000 00000000 00000000 00000000 ................
0x016ffa8c: 00000000 00000000 00000000 00000000 ................
0x016ffa9c: 00000000 00000000 00000000 00000000 ................
0x016ffaac: 00000000 00000000 00000000 00000000 ................
0x016ffabc: 00000000 00000000 00000000 00000000 ................
0x016ffacc: 00000000 00000000 00000000 00000000 ................
0x016ffadc: 00000000 00000000 00000000 00000000 ................
0x016ffaec: 00000000 00000000 00000000 00000000 ................
0x016ffafc: 00000000 00000000 00000000 00000000 ................
0x016ffb0c: 00000000 00000000 00000000 00000000 ................
0x016ffb1c: 00000000 00000000 00000000 00000000 ................
0x016ffb2c: 00000000 00000000 00000000 00000000 ................
0x016ffb3c: 00000000 00000000 00000000 00000000 ................
0x016ffb4c: 00000000 00000000 00000000 00000000 ................
0x016ffb5c: 00000000 00000000 00000000 00000000 ................
0x016ffb6c: 00000000 00000000 00000000 00000000 ................
0x016ffb7c: 00000000 00000000 00000000 00000000 ................
0x016ffb8c: 00000000 00000000 00000000 00000000 ................
0x016ffb9c: 00000000 00000000 00000000 00000000 ................
0x016ffbac: 00000000 00000000 00000000 00000000 ................
0x016ffbbc: 00000000 00000000 00000000 00000000 ................
0x016ffbcc: 00000000 00000000 00000000 00000000 ................
0x016ffbdc: 00000000 00000000 00000000 00000000 ................
0x016ffbec: 00000000 00000000 00000000 00000000 ................
0x016ffbfc: 00000000 00000000 00000000 00000000 ................
0x016ffc0c: 00000000 00000000 00000000 00000000 ................
0x016ffc1c: 00000000 00000000 00000000 00000000 ................
0x016ffc2c: 00000000 00000000 00000000 00000000 ................
0x016ffc3c: 00000000 00000000 00000000 00000000 ................
0x016ffc4c: 00000000 00000000 00000000 00000000 ................
0x016ffc5c: 00000000 00000000 00000000 00000000 ................
0x016ffc6c: 00000000 00000000 00000000 00000000 ................
0x016ffc7c: 00000000 00000000 00000000 00000000 ................
0x016ffc8c: 00000000 00000000 00000000 00000000 ................
0x016ffc9c: 00000000 00000000 00000000 00000000 ................
0x016ffcac: 00000000 00000000 00000000 00000000 ................
0x016ffcbc: 00000000 00000000 00000000 00000000 ................
0x016ffccc: 00000000 00000000 00000000 00000000 ................
0x016ffcdc: 00000000 00000000 00000000 00000000 ................
0x016ffcec: 00000000 00000000 00000000 00000000 ................
0x016ffcfc: 00000000 00000000 00000000 00000000 ................
0x016ffd0c: 00000000 00000000 00000000 00000000 ................
0x016ffd1c: 00000000 00000000 00000000 00000000 ................
0x016ffd2c: 00000000 00000000 00000000 00000000 ................
0x016ffd3c: 00000000 00000000 00000000 00000000 ................
0x016ffd4c: 00000000 00000000 00000000 00000000 ................
0x016ffd5c: 00000000 00000000 00000000 00000000 ................
0x016ffd6c: 00000000 00000000 00000000 00000000 ................
0x016ffd7c: 00000000 00000000 00000000 00000000 ................
0x016ffd8c: 00000000 00000000 00000000 00000000 ................
0x016ffd9c: 00000000 00000000 00000000 00000000 ................
0x016ffdac: 00000000 00000000 00000000 00000000 ................
0x016ffdbc: 00000000 00000000 00000000 00000000 ................
0x016ffdcc: 00000000 00000000 00000000 00000000 ................
0x016ffddc: 00000000 00000000 00000000 00000000 ................
0x016ffdec: 00000000 00000000 00000000 00000000 ................
0x016ffdfc: 00000000 00000000 00000000 00000000 ................
0x016ffe0c: 00000000 00000000 00000000 00000000 ................
0x016ffe1c: 00000000 00000000 00000000 00000000 ................
0x016ffe2c: 00000000 00000000 00000000 00000000 ................
0x016ffe3c: 00000000 00000000 00000000 00000000 ................
0x016ffe4c: 00000000 00000000 00000000 00000000 ................
0x016ffe5c: 00000000 00000000 00000000 00000000 ................
0x016ffe6c: 00000000 00000000 00000000 00000000 ................
0x016ffe7c: 00000000 00000000 00000000 00000000 ................
0x016ffe8c: 00000000 00000000 00000000 00000000 ................
0x016ffe9c: 00000000 00000000 00000000 00000000 ................
0x016ffeac: 00000000 00000000 00000000 00000000 ................
0x016ffebc: 00000000 00000000 00000000 00000000 ................
0x016ffecc: 00000000 00000000 00000000 00000000 ................
0x016ffedc: 00000000 00000000 00000000 00000000 ................
0x016ffeec: 00000000 00000000 00000000 00000000 ................
0x016ffefc: 00000000 00000000 00000000 00000000 ................
0x016fff0c: 00000000 00000000 00000000 00000000 ................
0x016fff1c: 00000000 00000000 00000000 00000000 ................
0x016fff2c: 00000000 00000000 00000000 00000000 ................
0x016fff3c: 00000000 00000000 00000000 00000000 ................
0x016fff4c: 00000000 00000000 00000000 00000000 ................
0x016fff5c: 00000000 00000000 00000000 00000000 ................
0x016fff6c: 00000000 00000000 00000000 00000000 ................
0x016fff7c: 00000000 00000000 00000000 00000000 ................
0x016fff8c: 00000000 00000000 00000000 00000000 ................
0x016fff9c: 00000000 00000000 00000000 00000000 ................
0x016fffac: 00000000 00000000 00000000 00000000 ................
0x016fffbc: 00000000 00000000 00000000 00000000 ................
0x016fffcc: 00000000 00000000 00000000 00000000 ................
0x016fffdc: 00000000 00000000 00000000 00000000 ................
0x016fffec: 00000000 00000000 00000000 00000000 ................
0x016ffffc: 00000000                            ....

Module 1
C:\Users\Cuong Le\Desktop\C# winform\QLTK Nro Pro\QLTK Nro Pro\bin\Debug\Data\Version222\Dragonboy_vn_v222.exe
Image Base: 0x000f0000  Image Size: 0x01228000
File Size:  18198528    File Time:  2025-03-12_130656
Version:
   Company:    
   Product:    
   FileDesc:   
   FileVer:    5.6.7.3267
   ProdVer:    5.6.7.3267

Module 2
C:\WINDOWS\SYSTEM32\xinput1_3.dll
Image Base: 0x00400000  Image Size: 0x00016000
File Size:  81768       File Time:  2007-04-04_185342
Version:
   Company:    Microsoft Corporation
   Product:    Microsoft® DirectX for Windows®
   FileDesc:   Microsoft Common Controller API
   FileVer:    9.18.944.0
   ProdVer:    9.18.944.0

Module 3
C:\Users\Cuong Le\Desktop\C# winform\QLTK Nro Pro\QLTK Nro Pro\bin\Debug\Data\Version222\Dragonboy_vn_v222_Data\Mono\mono.dll
Image Base: 0x10000000  Image Size: 0x00231000
File Size:  2117064     File Time:  2025-03-12_130656
Version:
   Company:    Unity Technologies
   Product:    libmono
   FileDesc:   Unity Technologies fork of mono runtime
   FileVer:    1.0.0.1
   ProdVer:    1.0.0.1

Module 4
C:\WINDOWS\System32\DriverStore\FileRepository\nvam.inf_amd64_4ae7e10b45473e65\nvwgf2um.dll
Image Base: 0x512a0000  Image Size: 0x0360f000
File Size:  56911144    File Time:  2024-12-02_085034
Version:
   Company:    NVIDIA Corporation
   Product:    NVIDIA D3D10 drivers
   FileDesc:   NVIDIA D3D10 Driver, Version 566.07 
   FileVer:    32.0.15.6607
   ProdVer:    32.0.15.6607

Module 5
C:\WINDOWS\System32\DriverStore\FileRepository\nvam.inf_amd64_4ae7e10b45473e65\nvgpucomp32.dll
Image Base: 0x548b0000  Image Size: 0x024a7000
File Size:  38663464    File Time:  2024-12-02_085000
Version:
   Company:    NVIDIA Corporation
   Product:    NVIDIA GPU Compiler Driver
   FileDesc:   NVIDIA GPU Compiler Driver, Version 566.07 
   FileVer:    32.0.15.6607
   ProdVer:    32.0.15.6607

Module 6
C:\WINDOWS\SYSTEM32\midimap.dll
Image Base: 0x56e70000  Image Size: 0x00008000
File Size:  21504       File Time:  2024-12-13_150154
Version:
   Company:    Microsoft Corporation
   Product:    Microsoft® Windows® Operating System
   FileDesc:   Microsoft MIDI Mapper
   FileVer:    10.0.26100.1882
   ProdVer:    10.0.26100.1882

Module 7
C:\WINDOWS\SYSTEM32\MSACM32.dll
Image Base: 0x56e80000  Image Size: 0x0001a000
File Size:  97704       File Time:  2024-12-13_150154
Version:
   Company:    Microsoft Corporation
   Product:    Microsoft® Windows® Operating System
   FileDesc:   Microsoft ACM Audio Filter
   FileVer:    10.0.26100.1882
   ProdVer:    10.0.26100.1882

Module 8
C:\WINDOWS\SYSTEM32\resourcepolicyclient.dll
Image Base: 0x56ea0000  Image Size: 0x00010000
File Size:  57920       File Time:  2024-04-01_142216
Version:
   Company:    Microsoft Corporation
   Product:    Microsoft® Windows® Operating System
   FileDesc:   Resource Policy Client
   FileVer:    10.0.26100.1
   ProdVer:    10.0.26100.1

Module 9
C:\WINDOWS\SYSTEM32\AUDIOSES.DLL
Image Base: 0x56ec0000  Image Size: 0x00174000
File Size:  1519688     File Time:  2025-03-12_094514
Version:
   Company:    Microsoft Corporation
   Product:    Microsoft® Windows® Operating System
   FileDesc:   Audio Session
   FileVer:    10.0.26100.3323
   ProdVer:    10.0.26100.3323

Module 10
C:\WINDOWS\SYSTEM32\wdmaud.drv
Image Base: 0x57040000  Image Size: 0x0003d000
File Size:  223232      File Time:  2024-12-13_150154
Version:
   Company:    Microsoft Corporation
   Product:    Microsoft® Windows® Operating System
   FileDesc:   Winmm  audio system driver
   FileVer:    10.0.26100.1882
   ProdVer:    10.0.26100.1882

Module 11
C:\WINDOWS\SYSTEM32\GLU32.dll
Image Base: 0x58680000  Image Size: 0x00042000
File Size:  254976      File Time:  2024-04-01_142236
Version:
   Company:    Microsoft Corporation
   Product:    Microsoft® Windows® Operating System
   FileDesc:   OpenGL Utility Library DLL
   FileVer:    10.0.26100.1
   ProdVer:    10.0.26100.1

Module 12
C:\WINDOWS\SYSTEM32\OPENGL32.dll
Image Base: 0x586d0000  Image Size: 0x000e3000
File Size:  797696      File Time:  2025-03-12_094522
Version:
   Company:    Microsoft Corporation
   Product:    Microsoft® Windows® Operating System
   FileDesc:   OpenGL Client DLL
   FileVer:    10.0.26100.3323
   ProdVer:    10.0.26100.3323

Module 13
C:\WINDOWS\System32\fwpuclnt.dll
Image Base: 0x592b0000  Image Size: 0x00061000
File Size:  378368      File Time:  2025-03-12_094522
Version:
   Company:    Microsoft Corporation
   Product:    Microsoft® Windows® Operating System
   FileDesc:   FWP/IPsec User-Mode API
   FileVer:    10.0.26100.3323
   ProdVer:    10.0.26100.3323

Module 14
C:\Windows\System32\DriverStore\FileRepository\iigd_dch.inf_amd64_f63934308f6cc308\igc32.dll
Image Base: 0x5e840000  Image Size: 0x038f3000
File Size:  61009192    File Time:  2024-03-05_090414
Version:
   Company:    Intel Corporation
   Product:    Intel HD Graphics Drivers for Windows(R)
   FileDesc:   Intel Graphics Shader Compiler for Intel(R) Graphics Accelerator
   FileVer:    31.0.101.5333
   ProdVer:    31.0.101.5333

Module 15
C:\Windows\System32\DriverStore\FileRepository\iigd_dch.inf_amd64_f63934308f6cc308\IntelControlLib32.dll
Image Base: 0x62140000  Image Size: 0x0007e000
File Size:  562384      File Time:  2024-03-05_090734
Version:
   Company:    
   Product:    Intel Graphics Control Lib Runtime for Windows(R)
   FileDesc:   Intel Graphics Control Lib Runtime
   FileVer:    1.0.184.0
   ProdVer:    1.0.0.0

Module 16
C:\Windows\System32\DriverStore\FileRepository\iigd_dch.inf_amd64_f63934308f6cc308\igd10um32xe.DLL
Image Base: 0x621c0000  Image Size: 0x016f7000
File Size:  24732360    File Time:  2024-03-05_090436
Version:
   Company:    Intel Corporation
   Product:    Intel HD Graphics Drivers for Windows(R)
   FileDesc:   User Mode Driver for Intel(R) Graphics Technology
   FileVer:    31.0.101.5333
   ProdVer:    31.0.101.5333

Module 17
C:\Windows\System32\DriverStore\FileRepository\iigd_dch.inf_amd64_f63934308f6cc308\igd10iumd32.dll
Image Base: 0x638c0000  Image Size: 0x003df000
File Size:  4190848     File Time:  2024-03-05_090422
Version:
   Company:    Intel Corporation
   Product:    Intel HD Graphics Drivers for Windows(R)
   FileDesc:   User Mode Driver for Intel(R) Graphics Technology
   FileVer:    31.0.101.5333
   ProdVer:    31.0.101.5333

Module 18
C:\WINDOWS\SYSTEM32\d3d11.dll
Image Base: 0x63e60000  Image Size: 0x001f6000
File Size:  2057320     File Time:  2025-03-12_094518
Version:
   Company:    Microsoft Corporation
   Product:    Microsoft® Windows® Operating System
   FileDesc:   Direct3D 11 Runtime
   FileVer:    10.0.26100.3323
   ProdVer:    10.0.26100.3323

Module 19
C:\WINDOWS\SYSTEM32\dxgi.dll
Image Base: 0x64da0000  Image Size: 0x000fa000
File Size:  1012968     File Time:  2025-03-12_094518
Version:
   Company:    Microsoft Corporation
   Product:    Microsoft® Windows® Operating System
   FileDesc:   DirectX Graphics Infrastructure
   FileVer:    10.0.26100.3323
   ProdVer:    10.0.26100.3323

Module 20
C:\WINDOWS\System32\MMDevApi.dll
Image Base: 0x64ea0000  Image Size: 0x0007e000
File Size:  504200      File Time:  2025-03-12_094522
Version:
   Company:    Microsoft Corporation
   Product:    Microsoft® Windows® Operating System
   FileDesc:   MMDevice API
   FileVer:    10.0.26100.3323
   ProdVer:    10.0.26100.3323

Module 21
C:\WINDOWS\SYSTEM32\textinputframework.dll
Image Base: 0x650f0000  Image Size: 0x00101000
File Size:  1049624     File Time:  2025-03-12_094528
Version:
   Company:    Microsoft Corporation
   Product:    Microsoft® Windows® Operating System
   FileDesc:   "TextInputFramework.DYNLINK"
   FileVer:    10.0.26100.3323
   ProdVer:    10.0.26100.3323

Module 22
C:\Windows\System32\DriverStore\FileRepository\iigd_dch.inf_amd64_f63934308f6cc308\igdgmm32.dll
Image Base: 0x6c770000  Image Size: 0x00336000
File Size:  3485600     File Time:  2024-03-05_090606
Version:
   Company:    Intel Corporation
   Product:    Intel HD Graphics Drivers for Windows(R)
   FileDesc:   User Mode Driver for Intel(R) Graphics Technology
   FileVer:    31.0.101.5333
   ProdVer:    31.0.101.5333

Module 23
C:\WINDOWS\SYSTEM32\winmmbase.dll
Image Base: 0x6dd60000  Image Size: 0x0001f000
File Size:  118768      File Time:  2024-04-01_142214
Version:
   Company:    Microsoft Corporation
   Product:    Microsoft® Windows® Operating System
   FileDesc:   Base Multimedia Extension API DLL
   FileVer:    10.0.26100.1
   ProdVer:    10.0.26100.1

Module 24
C:\WINDOWS\SYSTEM32\drvstore.dll
Image Base: 0x6dd90000  Image Size: 0x00128000
File Size:  1212288     File Time:  2025-03-12_094518
Version:
   Company:    Microsoft Corporation
   Product:    Microsoft® Windows® Operating System
   FileDesc:   Driver Store API
   FileVer:    10.0.26100.3323
   ProdVer:    10.0.26100.3323

Module 25
C:\WINDOWS\SYSTEM32\msacm32.drv
Image Base: 0x6dee0000  Image Size: 0x0000b000
File Size:  28160       File Time:  2024-12-13_150208
Version:
   Company:    Microsoft Corporation
   Product:    Microsoft® Windows® Operating System
   FileDesc:   Microsoft Sound Mapper
   FileVer:    10.0.26100.1882
   ProdVer:    10.0.26100.1882

Module 26
C:\WINDOWS\System32\DriverStore\FileRepository\nvam.inf_amd64_4ae7e10b45473e65\nvppe.dll
Image Base: 0x6def0000  Image Size: 0x000df000
File Size:  932136      File Time:  2024-12-02_085028
Version:
   Company:    NVIDIA Corporation
   Product:    NVIDIA driver loader
   FileDesc:   NVIDIA Driver, Version 566.07 
   FileVer:    32.0.15.6607
   ProdVer:    32.0.15.6607

Module 27
C:\WINDOWS\System32\DriverStore\FileRepository\nvam.inf_amd64_4ae7e10b45473e65\nvldumd.dll
Image Base: 0x6dfd0000  Image Size: 0x0009d000
File Size:  653760      File Time:  2024-12-02_085024
Version:
   Company:    NVIDIA Corporation
   Product:    NVIDIA driver loader
   FileDesc:   NVIDIA Driver Loader, Version 566.07 
   FileVer:    32.0.15.6607
   ProdVer:    32.0.15.6607

Module 28
C:\WINDOWS\SYSTEM32\directxdatabasehelper.dll
Image Base: 0x6e8d0000  Image Size: 0x0004c000
File Size:  301224      File Time:  2025-03-12_094514
Version:
   Company:    Microsoft Corporation
   Product:    Microsoft® Windows® Operating System
   FileDesc:   DirectXDatabaseHelper
   FileVer:    10.0.26100.3323
   ProdVer:    10.0.26100.3323

Module 29
C:\WINDOWS\SYSTEM32\dxcore.dll
Image Base: 0x6f260000  Image Size: 0x00039000
File Size:  219112      File Time:  2025-03-12_094514
Version:
   Company:    Microsoft Corporation
   Product:    Microsoft® Windows® Operating System
   FileDesc:   DXCore
   FileVer:    10.0.26100.3323
   ProdVer:    10.0.26100.3323

Module 30
C:\WINDOWS\SYSTEM32\dwmapi.dll
Image Base: 0x6f320000  Image Size: 0x0002a000
File Size:  152984      File Time:  2025-03-12_094516
Version:
   Company:    Microsoft Corporation
   Product:    Microsoft® Windows® Operating System
   FileDesc:   Microsoft Desktop Window Manager API
   FileVer:    10.0.26100.3323
   ProdVer:    10.0.26100.3323

Module 31
C:\WINDOWS\SYSTEM32\apphelp.dll
Image Base: 0x727b0000  Image Size: 0x000ac000
File Size:  698936      File Time:  2025-03-12_094514
Version:
   Company:    Microsoft Corporation
   Product:    Microsoft® Windows® Operating System
   FileDesc:   Application Compatibility Client Library
   FileVer:    10.0.26100.3323
   ProdVer:    10.0.26100.3323

Module 32
C:\WINDOWS\SYSTEM32\DNSAPI.dll
Image Base: 0x72860000  Image Size: 0x000db000
File Size:  894656      File Time:  2025-03-12_094518
Version:
   Company:    Microsoft Corporation
   Product:    Microsoft® Windows® Operating System
   FileDesc:   DNS Client API DLL
   FileVer:    10.0.26100.3323
   ProdVer:    10.0.26100.3323

Module 33
C:\WINDOWS\SYSTEM32\wldp.dll
Image Base: 0x72ca0000  Image Size: 0x00050000
File Size:  326000      File Time:  2025-01-15_114046
Version:
   Company:    Microsoft Corporation
   Product:    Microsoft® Windows® Operating System
   FileDesc:   Windows Lockdown Policy
   FileVer:    10.0.26100.2894
   ProdVer:    10.0.26100.2894

Module 34
C:\WINDOWS\SYSTEM32\cfgmgr32.dll
Image Base: 0x73450000  Image Size: 0x0004a000
File Size:  290928      File Time:  2025-03-12_094514
Version:
   Company:    Microsoft Corporation
   Product:    Microsoft® Windows® Operating System
   FileDesc:   Configuration Manager DLL
   FileVer:    10.0.26100.3323
   ProdVer:    10.0.26100.3323

Module 35
C:\WINDOWS\SYSTEM32\HID.DLL
Image Base: 0x734e0000  Image Size: 0x0000b000
File Size:  27648       File Time:  2024-04-01_142216
Version:
   Company:    Microsoft Corporation
   Product:    Microsoft® Windows® Operating System
   FileDesc:   Hid User Library
   FileVer:    10.0.26100.1
   ProdVer:    10.0.26100.1

Module 36
C:\ProgramData\Microsoft\Windows Defender\Platform\4.18.25010.11-0\X86\MpOav.dll
Image Base: 0x735d0000  Image Size: 0x00071000
File Size:  460704      File Time:  2025-03-07_202438
Version:
   Company:    Microsoft Corporation
   Product:    Microsoft® Windows® Operating System
   FileDesc:   IOfficeAntiVirus Module
   FileVer:    4.18.25010.11
   ProdVer:    4.18.25010.11

Module 37
C:\WINDOWS\SYSTEM32\amsi.dll
Image Base: 0x736f0000  Image Size: 0x00015000
File Size:  72192       File Time:  2024-04-01_142214
Version:
   Company:    Microsoft Corporation
   Product:    Microsoft® Windows® Operating System
   FileDesc:   Anti-Malware Scan Interface
   FileVer:    10.0.26100.1
   ProdVer:    10.0.26100.1

Module 38
C:\WINDOWS\system32\wbem\fastprox.dll
Image Base: 0x73710000  Image Size: 0x000cc000
File Size:  814080      File Time:  2025-03-12_094528
Version:
   Company:    Microsoft Corporation
   Product:    Microsoft® Windows® Operating System
   FileDesc:   WMI Custom Marshaller
   FileVer:    10.0.26100.3323
   ProdVer:    10.0.26100.3323

Module 39
C:\WINDOWS\system32\wbem\wbemsvc.dll
Image Base: 0x738b0000  Image Size: 0x00011000
File Size:  49664       File Time:  2024-12-13_150214
Version:
   Company:    Microsoft Corporation
   Product:    Microsoft® Windows® Operating System
   FileDesc:   WMI
   FileVer:    10.0.26100.1000
   ProdVer:    10.0.26100.1000

Module 40
C:\WINDOWS\SYSTEM32\wbemcomn.dll
Image Base: 0x738d0000  Image Size: 0x00068000
File Size:  399360      File Time:  2024-04-01_142216
Version:
   Company:    Microsoft Corporation
   Product:    Microsoft® Windows® Operating System
   FileDesc:   WMI
   FileVer:    10.0.26100.1
   ProdVer:    10.0.26100.1

Module 41
C:\WINDOWS\system32\wbem\wbemprox.dll
Image Base: 0x73940000  Image Size: 0x0000e000
File Size:  38400       File Time:  2024-12-13_150212
Version:
   Company:    Microsoft Corporation
   Product:    Microsoft® Windows® Operating System
   FileDesc:   WMI
   FileVer:    10.0.26100.1000
   ProdVer:    10.0.26100.1000

Module 42
C:\WINDOWS\SYSTEM32\MSWSOCK.dll
Image Base: 0x73b10000  Image Size: 0x00053000
File Size:  326584      File Time:  2025-02-12_081140
Version:
   Company:    Microsoft Corporation
   Product:    Microsoft® Windows® Operating System
   FileDesc:   Microsoft Windows Sockets 2.0 Service Provider
   FileVer:    10.0.26100.3194
   ProdVer:    10.0.26100.3194

Module 43
C:\WINDOWS\SYSTEM32\cryptnet.dll
Image Base: 0x73ed0000  Image Size: 0x0002b000
File Size:  170008      File Time:  2025-02-12_081126
Version:
   Company:    Microsoft Corporation
   Product:    Microsoft® Windows® Operating System
   FileDesc:   Crypto Network Related API
   FileVer:    10.0.26100.3037
   ProdVer:    10.0.26100.3037

Module 44
C:\WINDOWS\SYSTEM32\profapi.dll
Image Base: 0x73f00000  Image Size: 0x00021000
File Size:  129728      File Time:  2025-03-12_094524
Version:
   Company:    Microsoft Corporation
   Product:    Microsoft® Windows® Operating System
   FileDesc:   User Profile Basic API
   FileVer:    10.0.26100.3323
   ProdVer:    10.0.26100.3323

Module 45
C:\WINDOWS\SYSTEM32\SspiCli.dll
Image Base: 0x73f60000  Image Size: 0x0002b000
File Size:  166944      File Time:  2025-02-12_081132
Version:
   Company:    Microsoft Corporation
   Product:    Microsoft® Windows® Operating System
   FileDesc:   Security Support Provider Interface
   FileVer:    10.0.26100.3037
   ProdVer:    10.0.26100.3037

Module 46
C:\WINDOWS\SYSTEM32\cryptbase.dll
Image Base: 0x73f90000  Image Size: 0x0000b000
File Size:  33184       File Time:  2025-01-15_114046
Version:
   Company:    Microsoft Corporation
   Product:    Microsoft® Windows® Operating System
   FileDesc:   Base cryptographic API DLL
   FileVer:    10.0.26100.2894
   ProdVer:    10.0.26100.2894

Module 47
C:\WINDOWS\system32\rsaenh.dll
Image Base: 0x73fa0000  Image Size: 0x00033000
File Size:  202056      File Time:  2025-03-12_094524
Version:
   Company:    Microsoft Corporation
   Product:    Microsoft® Windows® Operating System
   FileDesc:   Microsoft Enhanced Cryptographic Provider
   FileVer:    10.0.26100.3323
   ProdVer:    10.0.26100.3323

Module 48
C:\WINDOWS\SYSTEM32\windows.storage.dll
Image Base: 0x73fe0000  Image Size: 0x006c4000
File Size:  7127824     File Time:  2025-03-12_094522
Version:
   Company:    Microsoft Corporation
   Product:    Microsoft® Windows® Operating System
   FileDesc:   Microsoft WinRT Storage API
   FileVer:    10.0.26100.3470
   ProdVer:    10.0.26100.3470

Module 49
C:\WINDOWS\SYSTEM32\CRYPTSP.dll
Image Base: 0x746b0000  Image Size: 0x00015000
File Size:  79640       File Time:  2024-12-13_150158
Version:
   Company:    Microsoft Corporation
   Product:    Microsoft® Windows® Operating System
   FileDesc:   Cryptographic Service Provider API
   FileVer:    10.0.26100.2454
   ProdVer:    10.0.26100.2454

Module 50
C:\Windows\System32\rasadhlp.dll
Image Base: 0x74750000  Image Size: 0x00008000
File Size:  13312       File Time:  2024-04-01_142236
Version:
   Company:    Microsoft Corporation
   Product:    Microsoft® Windows® Operating System
   FileDesc:   Remote Access AutoDial Helper
   FileVer:    10.0.26100.1
   ProdVer:    10.0.26100.1

Module 51
C:\WINDOWS\SYSTEM32\dhcpcsvc.DLL
Image Base: 0x74760000  Image Size: 0x0001d000
File Size:  102840      File Time:  2025-03-12_094516
Version:
   Company:    Microsoft Corporation
   Product:    Microsoft® Windows® Operating System
   FileDesc:   DHCP Client Service
   FileVer:    10.0.26100.3323
   ProdVer:    10.0.26100.3323

Module 52
C:\WINDOWS\SYSTEM32\dhcpcsvc6.DLL
Image Base: 0x74780000  Image Size: 0x00018000
File Size:  88008       File Time:  2025-03-12_094516
Version:
   Company:    Microsoft Corporation
   Product:    Microsoft® Windows® Operating System
   FileDesc:   DHCPv6 Client
   FileVer:    10.0.26100.3323
   ProdVer:    10.0.26100.3323

Module 53
C:\WINDOWS\SYSTEM32\VERSION.dll
Image Base: 0x749a0000  Image Size: 0x00008000
File Size:  28976       File Time:  2024-04-01_142216
Version:
   Company:    Microsoft Corporation
   Product:    Microsoft® Windows® Operating System
   FileDesc:   Version Checking and File Installation Libraries
   FileVer:    10.0.26100.1
   ProdVer:    10.0.26100.1

Module 54
C:\WINDOWS\SYSTEM32\IPHLPAPI.DLL
Image Base: 0x749b0000  Image Size: 0x00027000
File Size:  147864      File Time:  2025-03-12_094526
Version:
   Company:    Microsoft Corporation
   Product:    Microsoft® Windows® Operating System
   FileDesc:   IP Helper API
   FileVer:    10.0.26100.3323
   ProdVer:    10.0.26100.3323

Module 55
C:\WINDOWS\system32\uxtheme.dll
Image Base: 0x74a70000  Image Size: 0x00082000
File Size:  512512      File Time:  2025-03-12_094528
Version:
   Company:    Microsoft Corporation
   Product:    Microsoft® Windows® Operating System
   FileDesc:   Microsoft UxTheme Library
   FileVer:    10.0.26100.3323
   ProdVer:    10.0.26100.3323

Module 56
C:\WINDOWS\SYSTEM32\devobj.dll
Image Base: 0x74b10000  Image Size: 0x00024000
File Size:  143032      File Time:  2024-04-01_142236
Version:
   Company:    Microsoft Corporation
   Product:    Microsoft® Windows® Operating System
   FileDesc:   Device Information Set DLL
   FileVer:    10.0.26100.1
   ProdVer:    10.0.26100.1

Module 57
C:\WINDOWS\SYSTEM32\kernel.appcore.dll
Image Base: 0x74bb0000  Image Size: 0x00014000
File Size:  71888       File Time:  2024-12-13_150150
Version:
   Company:    Microsoft Corporation
   Product:    Microsoft® Windows® Operating System
   FileDesc:   AppModel API Host
   FileVer:    10.0.26100.1591
   ProdVer:    10.0.26100.1591

Module 58
C:\WINDOWS\SYSTEM32\ntmarta.dll
Image Base: 0x74bd0000  Image Size: 0x00029000
File Size:  156080      File Time:  2024-04-01_142216
Version:
   Company:    Microsoft Corporation
   Product:    Microsoft® Windows® Operating System
   FileDesc:   Windows NT MARTA provider
   FileVer:    10.0.26100.1
   ProdVer:    10.0.26100.1

Module 59
C:\WINDOWS\SYSTEM32\msasn1.dll
Image Base: 0x74c10000  Image Size: 0x0000e000
File Size:  52240       File Time:  2025-01-15_114048
Version:
   Company:    Microsoft Corporation
   Product:    Microsoft® Windows® Operating System
   FileDesc:   ASN.1 Runtime APIs
   FileVer:    10.0.26100.2894
   ProdVer:    10.0.26100.2894

Module 60
C:\WINDOWS\SYSTEM32\WINHTTP.dll
Image Base: 0x74c30000  Image Size: 0x000db000
File Size:  893648      File Time:  2025-03-12_094530
Version:
   Company:    Microsoft Corporation
   Product:    Microsoft® Windows® Operating System
   FileDesc:   Windows HTTP Services
   FileVer:    10.0.26100.3323
   ProdVer:    10.0.26100.3323

Module 61
C:\WINDOWS\SYSTEM32\bcrypt.dll
Image Base: 0x74d50000  Image Size: 0x0001a000
File Size:  102312      File Time:  2025-02-12_081124
Version:
   Company:    Microsoft Corporation
   Product:    Microsoft® Windows® Operating System
   FileDesc:   Windows Cryptographic Primitives Library
   FileVer:    10.0.26100.3037
   ProdVer:    10.0.26100.3037

Module 62
C:\WINDOWS\SYSTEM32\UMPDC.dll
Image Base: 0x750b0000  Image Size: 0x0000e000
File Size:  51608       File Time:  2024-12-13_150156
Version:
   Company:    Microsoft Corporation
   Product:    Microsoft® Windows® Operating System
   FileDesc:   User Mode Power Dependency Coordinator
   FileVer:    10.0.26100.1301
   ProdVer:    10.0.26100.1301

Module 63
C:\WINDOWS\SYSTEM32\WINMM.dll
Image Base: 0x75120000  Image Size: 0x00033000
File Size:  196400      File Time:  2025-03-12_094514
Version:
   Company:    Microsoft Corporation
   Product:    Microsoft® Windows® Operating System
   FileDesc:   MCI API DLL
   FileVer:    10.0.26100.3323
   ProdVer:    10.0.26100.3323

Module 64
C:\WINDOWS\SYSTEM32\USERENV.dll
Image Base: 0x75160000  Image Size: 0x0001f000
File Size:  121440      File Time:  2024-12-13_150158
Version:
   Company:    Microsoft Corporation
   Product:    Microsoft® Windows® Operating System
   FileDesc:   Userenv
   FileVer:    10.0.26100.2454
   ProdVer:    10.0.26100.2454

Module 65
C:\WINDOWS\SYSTEM32\powrprof.dll
Image Base: 0x751c0000  Image Size: 0x00045000
File Size:  275896      File Time:  2024-04-01_142216
Version:
   Company:    Microsoft Corporation
   Product:    Microsoft® Windows® Operating System
   FileDesc:   Power Profile Helper DLL
   FileVer:    10.0.26100.1
   ProdVer:    10.0.26100.1

Module 66
C:\WINDOWS\System32\ole32.dll
Image Base: 0x75210000  Image Size: 0x00151000
File Size:  1387360     File Time:  2025-03-12_094514
Version:
   Company:    Microsoft Corporation
   Product:    Microsoft® Windows® Operating System
   FileDesc:   Microsoft OLE for Windows
   FileVer:    10.0.26100.3323
   ProdVer:    10.0.26100.3323

Module 67
C:\WINDOWS\System32\msvcp_win.dll
Image Base: 0x75370000  Image Size: 0x00085000
File Size:  505776      File Time:  2024-12-13_150208
Version:
   Company:    Microsoft Corporation
   Product:    Microsoft® Windows® Operating System
   FileDesc:   Microsoft® C Runtime Library
   FileVer:    10.0.26100.1882
   ProdVer:    10.0.26100.1882

Module 68
C:\WINDOWS\System32\imagehlp.dll
Image Base: 0x75400000  Image Size: 0x0001b000
File Size:  102728      File Time:  2024-04-01_142212
Version:
   Company:    Microsoft Corporation
   Product:    Microsoft® Windows® Operating System
   FileDesc:   Windows NT Image Helper
   FileVer:    10.0.26100.1
   ProdVer:    10.0.26100.1

Module 69
C:\WINDOWS\System32\combase.dll
Image Base: 0x75420000  Image Size: 0x00281000
File Size:  2635768     File Time:  2025-03-12_094516
Version:
   Company:    Microsoft Corporation
   Product:    Microsoft® Windows® Operating System
   FileDesc:   Microsoft COM for Windows
   FileVer:    10.0.26100.3323
   ProdVer:    10.0.26100.3323

Module 70
C:\WINDOWS\System32\KERNELBASE.dll
Image Base: 0x756b0000  Image Size: 0x002ab000
File Size:  2804152     File Time:  2025-03-12_094520
Version:
   Company:    Microsoft Corporation
   Product:    Microsoft® Windows® Operating System
   FileDesc:   Windows NT BASE API Client DLL
   FileVer:    10.0.26100.3470
   ProdVer:    10.0.26100.3470

Module 71
C:\WINDOWS\System32\MSCTF.dll
Image Base: 0x75960000  Image Size: 0x00117000
File Size:  1139984     File Time:  2025-03-12_094528
Version:
   Company:    Microsoft Corporation
   Product:    Microsoft® Windows® Operating System
   FileDesc:   MSCTF Server DLL
   FileVer:    10.0.26100.3323
   ProdVer:    10.0.26100.3323

Module 72
C:\WINDOWS\System32\wintrust.dll
Image Base: 0x75a80000  Image Size: 0x00066000
File Size:  411728      File Time:  2025-03-12_094528
Version:
   Company:    Microsoft Corporation
   Product:    Microsoft® Windows® Operating System
   FileDesc:   Microsoft Trust Verification APIs
   FileVer:    10.0.26100.3323
   ProdVer:    10.0.26100.3323

Module 73
C:\WINDOWS\System32\KERNEL32.DLL
Image Base: 0x75b50000  Image Size: 0x000f0000
File Size:  679152      File Time:  2025-03-12_094520
Version:
   Company:    Microsoft Corporation
   Product:    Microsoft® Windows® Operating System
   FileDesc:   Windows NT BASE API Client DLL
   FileVer:    10.0.26100.3323
   ProdVer:    10.0.26100.3323

Module 74
C:\WINDOWS\System32\sechost.dll
Image Base: 0x75c50000  Image Size: 0x00083000
File Size:  529544      File Time:  2025-03-12_094524
Version:
   Company:    Microsoft Corporation
   Product:    Microsoft® Windows® Operating System
   FileDesc:   Host for SCM/SDDL/LSA Lookup APIs
   FileVer:    10.0.26100.3323
   ProdVer:    10.0.26100.3323

Module 75
C:\WINDOWS\System32\USER32.dll
Image Base: 0x75ce0000  Image Size: 0x001c6000
File Size:  1852272     File Time:  2025-03-12_094528
Version:
   Company:    Microsoft Corporation
   Product:    Microsoft® Windows® Operating System
   FileDesc:   Multi-User Windows USER API Client DLL
   FileVer:    10.0.26100.3470
   ProdVer:    10.0.26100.3470

Module 76
C:\WINDOWS\System32\ucrtbase.dll
Image Base: 0x75eb0000  Image Size: 0x00110000
File Size:  1114168     File Time:  2025-02-12_081138
Version:
   Company:    Microsoft Corporation
   Product:    Microsoft® Windows® Operating System
   FileDesc:   Microsoft® C Runtime Library
   FileVer:    10.0.26100.3037
   ProdVer:    10.0.26100.3037

Module 77
C:\WINDOWS\System32\WS2_32.dll
Image Base: 0x75fd0000  Image Size: 0x00060000
File Size:  391984      File Time:  2024-12-13_150154
Version:
   Company:    Microsoft Corporation
   Product:    Microsoft® Windows® Operating System
   FileDesc:   Windows Socket 2.0 32-Bit DLL
   FileVer:    10.0.26100.1882
   ProdVer:    10.0.26100.1882

Module 78
C:\WINDOWS\System32\SHELL32.dll
Image Base: 0x760b0000  Image Size: 0x005f9000
File Size:  6296720     File Time:  2025-03-12_094526
Version:
   Company:    Microsoft Corporation
   Product:    Microsoft® Windows® Operating System
   FileDesc:   Windows Shell Common Dll
   FileVer:    10.0.26100.3323
   ProdVer:    10.0.26100.3323

Module 79
C:\WINDOWS\System32\CRYPT32.dll
Image Base: 0x76830000  Image Size: 0x00107000
File Size:  1065608     File Time:  2025-03-12_094516
Version:
   Company:    Microsoft Corporation
   Product:    Microsoft® Windows® Operating System
   FileDesc:   Crypto API32
   FileVer:    10.0.26100.3323
   ProdVer:    10.0.26100.3323

Module 80
C:\WINDOWS\System32\ADVAPI32.dll
Image Base: 0x76a00000  Image Size: 0x0007e000
File Size:  511408      File Time:  2025-03-12_094514
Version:
   Company:    Microsoft Corporation
   Product:    Microsoft® Windows® Operating System
   FileDesc:   Advanced Windows 32 Base API
   FileVer:    10.0.26100.3323
   ProdVer:    10.0.26100.3323

Module 81
C:\WINDOWS\System32\bcryptPrimitives.dll
Image Base: 0x76a90000  Image Size: 0x00069000
File Size:  427248      File Time:  2025-02-12_081124
Version:
   Company:    Microsoft Corporation
   Product:    Microsoft® Windows® Operating System
   FileDesc:   Windows Cryptographic Primitives Library
   FileVer:    10.0.26100.3037
   ProdVer:    10.0.26100.3037

Module 82
C:\WINDOWS\System32\clbcatq.dll
Image Base: 0x76b00000  Image Size: 0x00081000
File Size:  519504      File Time:  2024-04-01_142214
Version:
   Company:    Microsoft Corporation
   Product:    Microsoft® Windows® Operating System
   FileDesc:   COM+ Configuration Catalog
   FileVer:    2001.12.10941.16384
   ProdVer:    10.0.26100.1

Module 83
C:\WINDOWS\System32\SETUPAPI.dll
Image Base: 0x76b90000  Image Size: 0x0044f000
File Size:  4551496     File Time:  2025-03-12_094526
Version:
   Company:    Microsoft Corporation
   Product:    Microsoft® Windows® Operating System
   FileDesc:   Windows Setup API
   FileVer:    10.0.26100.3323
   ProdVer:    10.0.26100.3323

Module 84
C:\WINDOWS\System32\NSI.dll
Image Base: 0x76ff0000  Image Size: 0x00007000
File Size:  21808       File Time:  2025-01-15_114050
Version:
   Company:    Microsoft Corporation
   Product:    Microsoft® Windows® Operating System
   FileDesc:   NSI User-mode interface DLL
   FileVer:    10.0.26100.2894
   ProdVer:    10.0.26100.2894

Module 85
C:\WINDOWS\System32\msvcrt.dll
Image Base: 0x77000000  Image Size: 0x000c7000
File Size:  809440      File Time:  2024-12-13_150154
Version:
   Company:    Microsoft Corporation
   Product:    Microsoft® Windows® Operating System
   FileDesc:   Windows NT CRT DLL
   FileVer:    7.0.26100.1882
   ProdVer:    10.0.26100.1882

Module 86
C:\WINDOWS\System32\RPCRT4.dll
Image Base: 0x77170000  Image Size: 0x000b9000
File Size:  758280      File Time:  2025-02-12_081134
Version:
   Company:    Microsoft Corporation
   Product:    Microsoft® Windows® Operating System
   FileDesc:   Remote Procedure Call Runtime
   FileVer:    10.0.26100.3037
   ProdVer:    10.0.26100.3037

Module 87
C:\WINDOWS\System32\shcore.dll
Image Base: 0x77230000  Image Size: 0x000c9000
File Size:  810472      File Time:  2025-03-12_094524
Version:
   Company:    Microsoft Corporation
   Product:    Microsoft® Windows® Operating System
   FileDesc:   SHCORE
   FileVer:    10.0.26100.3470
   ProdVer:    10.0.26100.3470

Module 88
C:\WINDOWS\System32\win32u.dll
Image Base: 0x77370000  Image Size: 0x0001a000
File Size:  105944      File Time:  2025-03-12_094528
Version:
   Company:    Microsoft Corporation
   Product:    Microsoft® Windows® Operating System
   FileDesc:   Win32u
   FileVer:    10.0.26100.3470
   ProdVer:    10.0.26100.3470

Module 89
C:\WINDOWS\System32\SHLWAPI.dll
Image Base: 0x77390000  Image Size: 0x0004b000
File Size:  302776      File Time:  2025-02-12_081136
Version:
   Company:    Microsoft Corporation
   Product:    Microsoft® Windows® Operating System
   FileDesc:   Shell Light-weight Utility Library
   FileVer:    10.0.26100.3037
   ProdVer:    10.0.26100.3037

Module 90
C:\WINDOWS\System32\gdi32full.dll
Image Base: 0x773f0000  Image Size: 0x000ed000
File Size:  964368      File Time:  2025-03-12_094518
Version:
   Company:    Microsoft Corporation
   Product:    Microsoft® Windows® Operating System
   FileDesc:   GDI Client DLL
   FileVer:    10.0.26100.3470
   ProdVer:    10.0.26100.3470

Module 91
C:\WINDOWS\System32\OLEAUT32.dll
Image Base: 0x774e0000  Image Size: 0x0009e000
File Size:  640048      File Time:  2025-03-12_094522
Version:
   Company:    Microsoft Corporation
   Product:    Microsoft® Windows® Operating System
   FileDesc:   OLEAUT32.DLL
   FileVer:    10.0.26100.3323
   ProdVer:    10.0.26100.3323

Module 92
C:\WINDOWS\System32\IMM32.dll
Image Base: 0x77590000  Image Size: 0x00025000
File Size:  145224      File Time:  2024-04-01_142214
Version:
   Company:    Microsoft Corporation
   Product:    Microsoft® Windows® Operating System
   FileDesc:   Multi-User Windows IMM32 API Client DLL
   FileVer:    10.0.26100.1
   ProdVer:    10.0.26100.1

Module 93
C:\WINDOWS\System32\wintypes.dll
Image Base: 0x775c0000  Image Size: 0x000f9000
File Size:  1023752     File Time:  2025-01-15_114046
Version:
   Company:    Microsoft Corporation
   Product:    Microsoft® Windows® Operating System
   FileDesc:   Windows Base Types DLL
   FileVer:    10.0.26100.2894
   ProdVer:    10.0.26100.2894

Module 94
C:\WINDOWS\System32\PSAPI.DLL
Image Base: 0x776c0000  Image Size: 0x00006000
File Size:  18040       File Time:  2024-04-01_142214
Version:
   Company:    Microsoft Corporation
   Product:    Microsoft® Windows® Operating System
   FileDesc:   Process Status Helper
   FileVer:    10.0.26100.1
   ProdVer:    10.0.26100.1

Module 95
C:\WINDOWS\System32\GDI32.dll
Image Base: 0x776d0000  Image Size: 0x00022000
File Size:  132296      File Time:  2024-12-13_150156
Version:
   Company:    Microsoft Corporation
   Product:    Microsoft® Windows® Operating System
   FileDesc:   GDI Client DLL
   FileVer:    10.0.26100.2033
   ProdVer:    10.0.26100.2033

Module 96
C:\WINDOWS\SYSTEM32\ntdll.dll
Image Base: 0x77710000  Image Size: 0x001ba000
File Size:  1801216     File Time:  2025-03-12_094522
Version:
   Company:    Microsoft Corporation
   Product:    Microsoft® Windows® Operating System
   FileDesc:   NT Layer DLL
   FileVer:    10.0.26100.3323
   ProdVer:    10.0.26100.3323


== [end of error.log] ==
