Unity Player [version: Unity 5.6.7f1_e80cc3114ac1]

Dragonboy_vn_v222.exe caused an Access Violation (0xc0000005)
  in module Dragonboy_vn_v222.exe at 0023:009831b1.

Error occurred at 2025-03-13_071024.
C:\Users\Cuong Le\Desktop\C# winform\QLTK Nro Pro\QLTK Nro Pro\bin\Debug\Data\Version222\Dragonboy_vn_v222.exe, run by Unknown.
78% memory in use.
0 MB physical memory [3521 MB free].
0 MB paging file [0 MB free].
0 MB user address space [38 MB free].
Read from location 00000010 caused an access violation.

Context:
EDI:    0x00000010  ESI: 0x00000000  EAX:   0x00000010
EBX:    0x00fc7724  ECX: 0x7ffffffe  EDX:   0x04177073
EIP:    0x009831b1  EBP: 0x016feb98  SegCs: 0x00000023
EFlags: 0x00210202  ESP: 0x016fe90c  SegSs: 0x0000002b

Bytes at CS:EIP:
80 38 00 74 05 40 85 c9 75 f5 2b 85 e0 fd ff ff 

Stack:
0x016fe90c: 016febd8 04177040 00000013 00000000 ..o.@p..........
0x016fe91c: 00000000 00000000 00000007 00000000 ................
0x016fe92c: 03bd05c0 00000000 00000003 fffffffa ................
0x016fe93c: 03bd19f8 03bd1b68 03bd05b8 00000001 ....h...........
0x016fe94c: 00000000 00000000 00000000 00fc7724 ............$w..
0x016fe95c: 00000000 00000000 00000000 016febb8 ..............o.
0x016fe96c: 0000000c 00000006 0000006d 00000010 ........m.......
0x016fe97c: 016fec28 ffffffff 733985e0 00000000 (.o.......9s....
0x016fe98c: 100539a9 0518b5b0 016fe9ec 00000001 .9........o.....
0x016fe99c: 00000001 016fece4 103984e8 00000014 ......o...9.....
0x016fe9ac: 016fe9c0 100ea1f8 7778974c 7778974c ..o.....L.xwL.xw
0x016fe9bc: 75802ec5 00000408 016fe9e0 016fe9ec ...u......o...o.
0x016fe9cc: 00000008 0000000e ffffffff 00000005 ................
0x016fe9dc: 75802eea 00000000 00000000 00000408 ...u............
0x016fe9ec: 0000ee21 00000000 00010000 00000000 !...............
0x016fe9fc: 0000ee21 00000000 00000001 fffffffe !...............
0x016fea0c: 00000000 a08f1e40 016fea38 777a5831 ....@...8.o.1Xzw
0x016fea1c: 03bd0924 77762b89 011f39c0 00000140 $....+vw.9..@...
0x016fea2c: ffffffff 00000140 0000ee21 016fea44 ....@...!...D.o.
0x016fea3c: 0098dfbb 03bd0924 016fea88 00986475 ....$.....o.ud..
0x016fea4c: 00000005 0098646c 0f630c79 00000000 ....ld..y.c.....
0x016fea5c: 01106c00 00000000 0000ee21 00000000 .l......!.......
0x016fea6c: 016fea50 016fea54 016fed84 016fed88 P.o.T.o...o...o.
0x016fea7c: 009806f0 0f02b539 fffffffe 0098646c ....9.......ld..
0x016fea8c: 009859d1 00000005 00000000 016feab4 .Y............o.
0x016fea9c: 00990039 016feaf4 03bd19f8 03bd1b68 9.....o.....h...
0x016feaac: 016fed3e 00000000 016fed50 00982ba6 >.o.....P.o..+..
0x016feabc: 0000000a 00982be5 01106c00 00000000 .....+...l......
0x016feacc: 009833f3 016feae8 00000000 00000000 .3....o.........
0x016feadc: 00000000 03bd05c0 03bd05c0 016fed1c ..............o.
0x016feaec: fffffffa fffffffa 03bd19f8 03bd1b68 ............h...
0x016feafc: 03bd05b8 03bd0001 00000000 00000000 ................
0x016feb0c: 00000000 00f3af4d 00000000 00000000 ....M...........
0x016feb1c: 00000000 01106c00 016feb70 00000006 .....l..p.o.....
0x016feb2c: 00000057 016fed3e 016fedf8 fffffffa W...>.o...o.....
0x016feb3c: 00bd0000 00001000 77763e89 0001e5b8 .........>vw....
0x016feb4c: 03bd0000 00000000 00000004 7778963c ............<.xw
0x016feb5c: 77763d12 ffffffff 016feb84 00000000 .=vw......o.....
0x016feb6c: 016feb88 fffffffe 00000000 016feb9c ..o...........o.
0x016feb7c: 777a5831 03bd0258 32312b89 36393234 1XzwX....+124296
0x016feb8c: 03bd5308 00000000 0f630d69 016febd8 .S......i.c...o.
0x016feb9c: 0097ea6b 016febb8 00fc76b8 00000000 k.....o..v......
0x016febac: 016fec20 04177040 00008000 041770ad  .o.@p.......p..
0x016febbc: 00007f93 04177040 00000042 00000000 ....@p..B.......
0x016febcc: 00000000 00000000 00000000 016febf4 ..............o.
0x016febdc: 0097eaac 04177040 00008000 00fc76b8 ....@p.......v..
0x016febec: 00000000 016fec20 016fec0c 007e8b38 .... .o...o.8.~.
0x016febfc: 04177040 00008000 00fc76b8 016fec20 @p.......v.. .o.
0x016fec0c: 016fee40 007db309 04177040 00008000 @.o...}.@p......
0x016fec1c: 00fc76b8 0001e588 00000010 00f6a990 .v..............
0x016fec2c: 000001cf 00f347a8 0001e588 00000010 .....G..........
0x016fec3c: 00000000 00000298 03bd0000 016fec38 ............8.o.
0x016fec4c: 00000000 016ffd9c 77792110 a3342900 ......o..!yw.)4.
0x016fec5c: fffffffe 03bd00c0 00976c98 03bd0000 .........l......
0x016fec6c: 00000000 00000298 00000000 00000298 ................
0x016fec7c: 00000000 016fec8c 0095b78c 00000298 ......o.........
0x016fec8c: 016fec9c 0095b8ae c0000017 00000002 ..o.............
0x016fec9c: 016fefa8 00000001 016feccc 00000298 ..o.......o.....
0x016fecac: 00f684b4 00000000 00003cb7 777a5861 .........<..aXzw
0x016fecbc: 777a5861 03bd0924 77763aeb 00000140 aXzw$....:vw@...
0x016feccc: 03bd0918 fffffffe 00000000 016fecfc ..............o.
0x016fecdc: 777a5831 03bd0924 77762b89 011f39c0 1Xzw$....+vw.9..
0x016fecec: 00000140 00000005 016fece0 0eb640e0 @.........o..@..
0x016fecfc: 016fed08 0098dfbb 03bd0924 016fed48 ..o.....$...H.o.
0x016fed0c: 00986f1f 00000005 00986f15 0f630bb9 .o.......o....c.
0x016fed1c: 00000057 01106c00 00000000 011a2920 W....l...... )..
0x016fed2c: 00000057 fffffffe 00000000 016fed5c W...........\.o.
0x016fed3c: 777a5831 011a2920 77762b89 00f3aef8 1Xzw )...+vw....
0x016fed4c: 00000000 00000000 03bd8488 00000057 ............W...
0x016fed5c: 016fed68 00987594 011a2920 016fed74 h.o..u.. )..t.o.
0x016fed6c: 009788cb 00000011 016fedb0 0097b130 ..........o.0...
0x016fed7c: 01106c00 0097b127 0f630b41 00f3aef8 .l..'...A.c.....
0x016fed8c: 016fedf0 00000000 00000000 016fed84 ..o...........o.
0x016fed9c: 0097b5e9 016ffd9c 009806f0 0f02a989 ......o.........
0x016fedac: fffffffe 0097b127 004f871d 01106c00 ....'.....O..l..
0x016fedbc: 01106c00 00f3aef8 016fedf0 00000000 .l........o.....
0x016fedcc: 0118c950 016fede4 004f8762 00000005 P.....o.b.O.....
0x016feddc: 00f3aef8 016fedf0 016fee30 001c9aaf ......o.0.o.....
0x016fedec: 00f3aef8 0001e588 00000000 0118c950 ............P...
0x016fedfc: 0118ca10 0001e588 00000000 00000000 ................
0x016fee0c: 00000000 00000000 00000000 00000000 ................
0x016fee1c: 00000000 00000000 00000005 00020000 ................
0x016fee2c: 0001e59b 016fee4c 001c9bc8 0001e588 ....L.o.........
0x016fee3c: 00000010 016fee84 007db7fd 0001e588 ......o...}.....
0x016fee4c: 00000010 00000013 000001cf 00f347a8 .............G..
0x016fee5c: 0001e588 00000001 00000000 00000000 ................
0x016fee6c: 00000000 00000000 00000000 00000000 ................
0x016fee7c: 00000000 00000000 016feed0 007db8b4 ..........o...}.
0x016fee8c: 0001e588 00000001 00000013 00000000 ................
0x016fee9c: 00f347a8 000001cf 0001e588 0404cd08 .G..............
0x016feeac: 0001e588 00000030 0404cd00 001d684e ....0.......Nh..
0x016feebc: 03abbab0 016feed8 001c95bd 00000030 ......o.....0...
0x016feecc: 0118b3c0 016feef4 007dbcb6 00000000 ......o...}.....
0x016feedc: 0001e588 00000001 00000013 00000000 ................
0x016feeec: 00f347a8 000001cf 016fef20 004e1780 .G...... .o...N.
0x016feefc: 00000000 0001e588 00000001 00000013 ................
0x016fef0c: 00000000 00f347a8 000001cf 00000005 .....G..........
0x016fef1c: 0404cd00 016fef38 004516af 0001e588 ....8.o...E.....
0x016fef2c: 00000005 7a6eefe0 00000013 016fef70 ......nz....p.o.
0x016fef3c: 0045243d 00000013 0000015e 00000043 =$E.....^...C...
0x016fef4c: 00000005 0001e584 00000001 00000009 ................
0x016fef5c: 00000000 00000001 0001e584 00000005 ................
0x016fef6c: 00000000 016fefc0 004526dd 0000015e ......o..&E.^...
0x016fef7c: 00000043 00000005 0001e584 00000000 C...............
0x016fef8c: 00000001 00000009 7a6eefe0 00000043 ..........nzC...
0x016fef9c: 0000015e 0000015e 00000043 00000008 ^...^...C.......
0x016fefac: 00000006 00000000 00000000 00000000 ................
0x016fefbc: 7a6eefe0 016ff024 0042f058 0000015e ..nz$.o.X.B.^...
0x016fefcc: 00000043 00000005 00000005 00000001 C...............
0x016fefdc: 00000009 00000000 00f684b4 016ff0c0 ..............o.
0x016fefec: 00000000 00000000 00000000 0eb39028 ............(...
0x016feffc: 0eb43b00 0eb39028 016ff060 00425770 .;..(...`.o.pWB.
0x016ff00c: 00f684b4 17698010 00000000 00000005 ......i.........
0x016ff01c: 00000043 0100015e 016ff094 0042fe68 C...^.....o.h.B.
0x016ff02c: 00000005 0000015e 00000043 1776ad00 ....^...C.....v.
0x016ff03c: 016ff080 016ff0c0 1776ad00 17698010 ..o...o...v...i.
0x016ff04c: 7a6eefe0 00f684b4 004e1700 0000015e ..nz......N.^...
0x016ff05c: 00000043 016ff068 00425570 17698046 C...h.o.pUB.F.i.
0x016ff06c: 00004a25 0eb39028 0eb43b00 004534cf %J..(....;...4E.
0x016ff07c: 03e1e270 00000000 00000000 00000000 p...............
0x016ff08c: 00000000 00000000 016ff0f8 00431955 ..........o.U.C.
0x016ff09c: 7a6eefe0 17698010 00004a5b 1776ad00 ..nz..i.[J....v.
0x016ff0ac: 00000005 016ff0c0 00004a5b 7a6eefe0 ......o.[J....nz
0x016ff0bc: 00000000 00000000 00000001 00000000 ................
0x016ff0cc: 00000000 00000000 7a6eefe0 016ff0e8 ..........nz..o.
0x016ff0dc: 007c4dce 00000004 142e8550 016ff138 .M|.....P...8.o.
0x016ff0ec: 0565a13d 1776ad00 00000001 016ff114 =.e...v.......o.
0x016ff0fc: 00431c5c 7a6eefe0 00004a5b 00000000 \.C...nz[J......
0x016ff10c: 00000000 142e8550 016ff138 007c7f23 ....P...8.o.#.|.
0x016ff11c: 7a6eefe0 17698010 00004a5b 00000000 ..nz..i.[J......
0x016ff12c: 00000000 00000001 1776ada0 016ff178 ..........v.x.o.
0x016ff13c: 05679c5c 1776ada0 17698000 00000000 \.g...v...i.....
0x016ff14c: 00000000 016ff178 03731208 037311b0 ....x.o...s...s.
0x016ff15c: 142e8550 05679c39 142e8550 00000001 P...9.g.P.......
0x016ff16c: 142e8550 016ff178 05679c2c 016ff198 P...x.o.,.g...o.
0x016ff17c: 05679c16 1776ada0 17698000 00000000 ..g...v...i.....
0x016ff18c: 00000000 00000000 3f800000 016ff1d8 ...........?..o.
0x016ff19c: 05679b3d 1776ada0 17698000 00000001 =.g...v...i.....
0x016ff1ac: 142e8550 016ff1b8 14a0a618 016ff1d8 P.....o.......o.
0x016ff1bc: 056797b1 00000000 14a0a618 14628dc0 ..g...........b.
0x016ff1cc: 0000002a 142e8550 142e8550 016ff278 *...P...P...x.o.
0x016ff1dc: 056e3618 17698000 00000000 016ff228 .6n...i.....(.o.
0x016ff1ec: 056e35ef 000003e8 00000000 0000012c .5n.........,...
0x016ff1fc: 00000000 0000012d 00000000 0000012d ....-.......-...
0x016ff20c: 0ff83aa0 0ff88e00 142e8550 016ff278 .:......P...x.o.
0x016ff21c: 056e2268 0502cae0 142e8550 016ff278 h"n.....P...x.o.
0x016ff22c: 056e25da 0ff83aa0 00000000 0ff88e00 .%n..:..........
0x016ff23c: 00000000 000003e0 0ff88e00 016ff278 ............x.o.
0x016ff24c: 056e2840 0ff88e00 00000000 fffffe70 @(n.........p...
0x016ff25c: 0000041a 00000000 152a5ee0 00000000 .........^*.....
0x016ff26c: 142e8550 00000000 00000001 016ff478 P...........x.o.
0x016ff27c: 056d66c1 0ff88e00 0ff88e00 016ff478 .fm.........x.o.
0x016ff28c: 056d65aa 04051ff0 00f7d65c 03abba50 .em.....\...P...
0x016ff29c: 016ff2b4 000000a8 000001aa 0ff88e00 ..o.............
0x016ff2ac: 00000086 0ff8fc00 016ff2c8 007dadca ..........o...}.
0x016ff2bc: 04051eb0 0503da00 120a3910 016ff2d8 .........9....o.
0x016ff2cc: 007db202 04051eb0 00000042 016ff328 ..}.....B...(.o.
0x016ff2dc: 016ff2f8 004ce317 00000001 007af83b ..o...L.....;.z.
0x016ff2ec: 446e4000 c3430000 00000000 016ff338 .@nD..C.....8.o.
0x016ff2fc: 056422af 016ff35c 00000042 04051eb0 ."d.\.o.B.......
0x016ff30c: 00000011 016ff338 03731208 037311b0 ....8.o...s...s.
0x016ff31c: 120a3910 05642299 05639460 0503da00 .9..."d.`.c.....
0x016ff32c: 00000001 14119b60 00000001 14119b80 ....`...........
0x016ff33c: 00000001 14119bc0 00000001 14119be0 ................
0x016ff34c: 00000000 142e8550 03731208 007aee55 ....P.....s.U.z.
0x016ff35c: 00000001 14119c00 00000001 14119c20 ............ ...
0x016ff36c: 00000001 14119c40 00000001 152a0960 ....@.......`.*.
0x016ff37c: 0ff73c40 016ff388 05653f2c 142e8550 @<....o.,?e.P...
0x016ff38c: 0566e710 142e8550 000003b9 17690690 ..f.P.........i.
0x016ff39c: 000001dc c3430000 142e8550 00000000 ......C.P.......
0x016ff3ac: 00000000 00000000 00000000 00000000 ................
0x016ff3bc: 00000000 00000000 00000000 00000000 ................
0x016ff3cc: 00000000 00000000 142e8550 00000001 ........P.......
0x016ff3dc: 00000000 00000000 00000000 00000001 ................
0x016ff3ec: 00000000 142e8550 00000001 142e8550 ....P.......P...
0x016ff3fc: 00000001 00000000 00000007 00000000 ................
0x016ff40c: 142e8550 00000001 00000000 00000000 P...............
0x016ff41c: 00000000 00000000 00000000 00000000 ................
0x016ff42c: 00000000 120a3910 05639460 016ff458 .....9..`.c.X.o.
0x016ff43c: 0566c67c 05031ea0 00000000 00000000 |.f.............
0x016ff44c: 1021f600 016ff478 05033ed0 016ff478 ..!.x.o..>..x.o.
0x016ff45c: 0566c65b 0ff78660 05639460 0503da00 [.f.`...`.c.....
0x016ff46c: 120a3910 05033ed0 05639460 016ff4c8 .9...>..`.c...o.
0x016ff47c: 0566f060 0ff83aa0 0ff88e00 016ff498 `.f..:........o.
0x016ff48c: 05630fd8 103e206c 014c7000 00000000 ..c.l >..pL.....
0x016ff49c: 120a3910 0503da00 05639460 016ff4c8 .9......`.c...o.
0x016ff4ac: 0566eb4c 1776adb0 1776ae20 0503da00 L.f...v. .v.....
0x016ff4bc: 120a3910 0503da00 05639460 016ff548 .9......`.c.H.o.
0x016ff4cc: 05651be8 05033ed0 0ff88f00 016ff548 ..e..>......H.o.
0x016ff4dc: 05651b60 0079ca01 05643408 016ff528 `.e...y..4d.(.o.
0x016ff4ec: 05651991 00000000 05643408 00000007 ..e......4d.....
0x016ff4fc: 1776ae20 00000000 000003e8 00000000  .v.............
0x016ff50c: 00000029 8cd6815d 00000195 016ff930 )...].......0.o.
0x016ff51c: 00000007 016ff528 0565196c 016ff548 ....(.o.l.e.H.o.
0x016ff52c: 056433dd 00000000 44834000 4413c000 .3d......@.D...D
0x016ff53c: 04289450 120a3910 016ff92c 016ff590 P.(..9..,.o...o.
0x016ff54c: 056394a1 0503da00 00001de8 00000000 ..c.............
0x016ff55c: 471c4000 016ff578 10001e35 1035df68 .@.Gx.o.5...h.5.
0x016ff56c: 1035df68 fffffffe 00000000 00000000 h.5.............
0x016ff57c: 777a5831 05024e70 77762b89 1035df68 1XzwpN...+vwh.5.
0x016ff58c: 120a3910 016ff5c0 100f1d2d 0503da00 .9....o.-.......
0x016ff59c: 016ff6b0 016ff92c 05651a90 00010000 ..o.,.o...e.....
0x016ff5ac: 00000000 1035df68 00000000 05024e70 ....h.5.....pN..
0x016ff5bc: 3f800000 016ff5e4 1005d8f4 1035df68 ...?..o.....h.5.
0x016ff5cc: 0503da00 016ff6b0 016ff92c 1035df68 ......o.,.o.h.5.
0x016ff5dc: 0503da00 00000000 016ff604 00647820 ..........o. xd.
0x016ff5ec: 1035df68 0503da00 016ff6b0 016ff92c h.5.......o.,.o.
0x016ff5fc: 016ff92c 016ff650 016ff630 006442c2 ,.o.P.o.0.o..Bd.
0x016ff60c: 016ff63c 1035df68 00000001 0503da00 <.o.h.5.........
0x016ff61c: 016ff650 016ff92c 00000000 04289450 P.o.,.o.....P.(.
0x016ff62c: 0eec6400 016ff938 004c7b43 016ff924 .d..8.o.C{L.$.o.
0x016ff63c: 016ff92c 00000000 03d76ec0 0eec6400 ,.o......n...d..
0x016ff64c: 1035df68 00000000 00000002 00000000 h.5.............
0x016ff65c: 00000000 00000000 00000002 00000000 ................
0x016ff66c: 00000000 00000000 00000002 00000000 ................
0x016ff67c: 00000000 00000000 00000002 00000000 ................
0x016ff68c: 00000000 00000000 00000002 00000000 ................
0x016ff69c: 00000000 00000000 00000002 00000000 ................
0x016ff6ac: 00000000 00000000 00000000 00000000 ................
0x016ff6bc: 00000000 00000000 00000000 00000000 ................
0x016ff6cc: 00000000 00000000 00000000 00000000 ................
0x016ff6dc: 00000000 00000000 00000002 00000000 ................
0x016ff6ec: 00000000 00000000 00000002 00000001 ................
0x016ff6fc: 00000001 016ff701 00000001 00000000 ......o.........
0x016ff70c: 00000000 00000000 00000000 1035df68 ............h.5.
0x016ff71c: 00000001 0503da00 00000000 00000000 ................
0x016ff72c: 00000000 00000000 0eec6400 00000001 .........d......
0x016ff73c: 00000000 00000000 00000000 00001de8 ................
0x016ff74c: c1200000 00000000 40a00000 0000024f .. ........@O...
0x016ff75c: 3f32b438 00000000 3f374e33 40e521c0 8.2?....3N7?.!.@
0x016ff76c: bf32b438 00000000 3f374e33 40e521c0 8.2.....3N7?.!.@
0x016ff77c: 00000000 3f5db3d7 3f000000 40844985 ......]?...?.I.@
0x016ff78c: 00000000 bf5db3d7 3f000000 40bbb67b ......]....?{..@
0x016ff79c: 80000000 016ff740 016ff748 016ff750 ....@.o.H.o.P.o.
0x016ff7ac: 00000000 00000000 00000000 00000000 ................
0x016ff7bc: 00000000 00000000 00000000 00000000 ................
0x016ff7cc: 00000000 00000001 00000001 00000001 ................
0x016ff7dc: 00000000 00000000 00000000 00000000 ................
0x016ff7ec: 00000000 00000000 00000000 04286934 ............4i(.
0x016ff7fc: 00000006 00000003 44778000 10271f68 ..........wDh.'.
0x016ff80c: 10271700 00000000 00000000 00000000 ..'.............
0x016ff81c: 00000000 00000000 00000000 44770101 ..............wD
0x016ff82c: 44778000 44778000 44778000 44778000 ..wD..wD..wD..wD
0x016ff83c: 44778000 44778000 016ffad8 10419330 ..wD..wD..o.0.A.
0x016ff84c: 016ff858 0079bf8a 03e10bd0 016ff898 X.o...y.......o.
0x016ff85c: 056432e7 03e10bd0 00000000 44778000 .2d...........wD
0x016ff86c: 44778000 016ff898 03731208 037311b0 ..wD..o...s...s.
0x016ff87c: 10419330 056432d1 05640f20 016ffad8 0.A..2d. .d...o.
0x016ff88c: 10419330 016ff898 056432c4 016ff8b8 0.A...o..2d...o.
0x016ff89c: 0564319a 03e10bd0 00000000 00000000 .1d.............
0x016ff8ac: 00000000 3f8013ab 3f800000 016ff8f8 .......?...?..o.
0x016ff8bc: 00000010 03abb2b0 00000010 03e1e0b0 ................
0x016ff8cc: 00324c57 03abb2b0 016ff8ec 001c95bd WL2.......o.....
0x016ff8dc: 00000010 0118c8b0 00000010 0118c780 ................
0x016ff8ec: 016ff904 001c9b85 03e1e0b0 00000010 ..o.............
0x016ff8fc: 00000010 0118b3c0 016ff93c 007db7de ........<.o...}.
0x016ff90c: 00000010 00000010 00000000 00000010 ................
0x016ff91c: 00000001 00001de8 00000000 0503da00 ................
0x016ff92c: 00000000 00000000 00000000 016ff95c ............\.o.
0x016ff93c: 004ce174 00000000 03df30d0 00000000 t.L......0......
0x016ff94c: 00000000 1035df68 00000001 00001de8 ....h.5.........
0x016ff95c: 016ff998 007f14fa 00000000 03df30d0 ..o..........0..
0x016ff96c: 00000000 00000000 1035df68 00000001 ........h.5.....
0x016ff97c: 00001de8 0eec6400 04289450 03e1e0b0 .....d..P.(.....
0x016ff98c: 042891a0 00000001 00f738a0 016ffb04 ..(......8....o.
0x016ff99c: 004cc4f6 00000000 00000000 00000000 ..L.............
0x016ff9ac: 00000000 042891a0 00000004 00000000 ......(.........
0x016ff9bc: 016ffa94 03d73850 00000000 0002afc5 ..o.P8..........
0x016ff9cc: ffffffb2 0000041a 0118c8b0 0118c8b0 ................
0x016ff9dc: 03abbbd0 03d82cb0 03df74f0 0005f1c3 .....,...t......
0x016ff9ec: 03abbbd0 016ffa08 001c96ff 03d82cb0 ......o......,..
0x016ff9fc: 03d82cb0 0118b3c0 00000000 016ffa1c .,............o.
0x016ffa0c: 007dadca 03d82d10 03d82cb0 016ff9b8 ..}..-...,....o.
0x016ffa1c: 00000000 00000000 00000000 00000000 ................
0x016ffa2c: 00000000 00000000 00000000 00000000 ................
0x016ffa3c: 00000000 00000000 00000000 00000001 ................
0x016ffa4c: 00000000 00000000 00000000 00000000 ................
0x016ffa5c: 00000000 00000000 00000000 00000000 ................
0x016ffa6c: 00000000 00000000 00000000 00000001 ................
0x016ffa7c: 00000000 1026f110 03d6a000 00000000 ......&.........
0x016ffa8c: 00000000 00000000 00000000 00000000 ................
0x016ffa9c: 04836200 00000101 0ed8e060 0ed8e060 .b......`...`...
0x016ffaac: 016ffaac 016ffaac 042891a0 0eec6478 ..o...o...(.xd..
0x016ffabc: 00000000 04289388 03e1e0b0 03e1e0b0 ......(.........
0x016ffacc: 03e1e0c0 00000000 00000000 00000007 ................
0x016ffadc: 03e10bd0 00000000 00000000 00000000 ................
0x016ffaec: 00000000 00000001 00000000 042891a0 ..............(.
0x016ffafc: 00000000 00000000 016ffb50 004cd4fd ........P.o...L.
0x016ffb0c: 016ffb1c 00000000 048f9420 00000000 ..o..... .......
0x016ffb1c: 00000007 447a0000 44114000 41700000 ......zD.@.D..pA
0x016ffb2c: 41a00000 00000000 00000000 3f800000 ...A...........?
0x016ffb3c: 000005ea 00000000 00000000 00000000 ................
0x016ffb4c: 004bf900 016ffb68 007e520b 00000000 ..K.h.o..R~.....
0x016ffb5c: 75d7d300 75d8c270 048fac00 016ffba8 ...up..u......o.
0x016ffb6c: 007e5289 00000000 0051cc9d 00158b31 .R~.......Q.1...
0x016ffb7c: 00158d09 00000000 00000001 000602b4 ................
0x016ffb8c: 000000ff 00000000 0c540237 03d8c1c7 ........7.T.....
0x016ffb9c: 000005bb 00000429 00000c10 016ffd04 ....).........o.
0x016ffbac: 001673b3 0097e847 00000000 014c4000 .s..G........@L.
0x016ffbbc: 03d7f710 00000078 016ffbcc 016ffc58 ....x.....o.X.o.
0x016ffbcc: 0000001b 00000078 00000042 00000200 ....x...B.......
0x016ffbdc: 03bd0000 777a1653 03bd2fc8 00000400 ....S.zw./......
0x016ffbec: 00000000 00000001 03d7fa90 0000007e ............~...
0x016ffbfc: 02100800 bfebfbff 000806d1 0000007e ............~...
0x016ffc0c: 00000042 03d7f810 0000007d 1c004121 B.......}...!A..
0x016ffc1c: 02c0003f 0000003f 0000007d 00000042 ?...?...}...B...
0x016ffc2c: 03d87d50 0000006f 00000000 1c004143 P}..o.......CA..
0x016ffc3c: 04c0003f 0000006f 00000042 1c03c163 ?...o...B...c...
0x016ffc4c: 01c0003f 00005fff 00000004 03bd1b68 ?...._......h...
0x016ffc5c: 03bd05b8 016ffc00 03d7f890 00000074 ......o.....t...
0x016ffc6c: 03bd2928 0107bf28 0000000f 00000074 ()..(.......t...
0x016ffc7c: 00000042 0000024f 00000000 00637465 B...O.......etc.
0x016ffc8c: 00646567 03bd2f01 016ffcb8 00000003 ged../....o.....
0x016ffc9c: 00000042 03d6ba90 03d6bac8 03d6bac8 B...............
0x016ffcac: 016ffcc4 00000000 65646968 646e6957 ..o.....hideWind
0x016ffcbc: 0100776f 03bd05b8 0000000a 00000042 ow..........B...
0x016ffccc: 03aba3a0 0000024f 00000000 00000000 ....O...........
0x016ffcdc: 00000000 65726170 5748746e 0100444e ....parentHWND..
0x016ffcec: 0099c625 0000000a 00000042 0112d860 %.......B...`...
0x016ffcfc: 00000000 004c4001 016ffd1c 00940b68 .....@L...o.h...
0x016ffd0c: 000f0000 00000000 019c93e9 00000001 ................
0x016ffd1c: 016ffdac 0097e7f4 000f0000 00000000 ..o.............
0x016ffd2c: 019c93e9 00000001 0f631b5d 0097e847 ........].c.G...
0x016ffd3c: 0097e847 014c4000 00000044 019c747c G....@L.D...|t..
0x016ffd4c: 019c745c 019c737e 00000000 00000000 \t..~s..........
0x016ffd5c: 00000000 00000000 00000000 00000000 ................
0x016ffd6c: 00000000 00000001 00000001 00000000 ................
0x016ffd7c: 016ffda8 016ffda8 0099054d c0000005 ..o...o.M.......
0x016ffd8c: 0097e847 00000000 016ffd34 016fdcf4 G.......4.o...o.
0x016ffd9c: 016ffe04 009806f0 0f02b7a9 00000000 ..o.............
0x016ffdac: 016ffdbc 75b65d49 014c4000 75b65d30 ..o.I].u.@L.0].u
0x016ffdbc: 016ffe14 7777ce3b 014c4000 d5d965dc ..o.;.ww.@L..e..
0x016ffdcc: 00000000 00000000 014c4000 c0000005 .........@L.....
0x016ffddc: 758f3cb0 a87c1cd7 af50f839 00000000 .<.u..|.9.P.....
0x016ffdec: 00000000 016fdcd4 ddf32067 00000000 ......o.g ......
0x016ffdfc: 016ffdc8 016fdcd4 016ffe1c 77792110 ..o...o...o..!yw
0x016ffe0c: a33427e8 00000000 016ffe24 7777cdc1 .'4.....$.o...ww
0x016ffe1c: ffffffff 777c15fc 00000000 00000000 ......|w........
0x016ffe2c: 0097e847 014c4000 00000000 00000000 G....@L.........
0x016ffe3c: 00000000 00000000 00000000 00000000 ................
0x016ffe4c: 00000000 00000000 00000000 00000000 ................
0x016ffe5c: 00000000 00000000 00000000 00000000 ................
0x016ffe6c: 00000000 00000000 00000000 00000000 ................
0x016ffe7c: 00000000 00000000 00000000 00000000 ................
0x016ffe8c: 00000000 00000000 00000000 00000000 ................
0x016ffe9c: 00000000 00000000 00000000 00000000 ................
0x016ffeac: 00000000 00000000 00000000 00000000 ................
0x016ffebc: 00000000 00000000 00000000 00000000 ................
0x016ffecc: 00000000 00000000 00000000 00000000 ................
0x016ffedc: 00000000 00000000 00000000 00000000 ................
0x016ffeec: 00000000 00000000 00000000 00000000 ................
0x016ffefc: 00000000 00000000 00000000 00000000 ................
0x016fff0c: 00000000 00000000 00000000 00000000 ................
0x016fff1c: 00000000 00000000 00000000 00000000 ................
0x016fff2c: 00000000 00000000 00000000 00000000 ................
0x016fff3c: 00000000 00000000 00000000 00000000 ................
0x016fff4c: 00000000 00000000 00000000 00000000 ................
0x016fff5c: 00000000 00000000 00000000 00000000 ................
0x016fff6c: 00000000 00000000 00000000 00000000 ................
0x016fff7c: 00000000 00000000 00000000 00000000 ................
0x016fff8c: 00000000 00000000 00000000 00000000 ................
0x016fff9c: 00000000 00000000 00000000 00000000 ................
0x016fffac: 00000000 00000000 00000000 00000000 ................
0x016fffbc: 00000000 00000000 00000000 00000000 ................
0x016fffcc: 00000000 00000000 00000000 00000000 ................
0x016fffdc: 00000000 00000000 00000000 00000000 ................
0x016fffec: 00000000 00000000 00000000 00000000 ................
0x016ffffc: 00000000                            ....

Module 1
C:\Users\Cuong Le\Desktop\C# winform\QLTK Nro Pro\QLTK Nro Pro\bin\Debug\Data\Version222\Dragonboy_vn_v222.exe
Image Base: 0x000f0000  Image Size: 0x01228000
File Size:  18198528    File Time:  2025-03-12_130656
Version:
   Company:    
   Product:    
   FileDesc:   
   FileVer:    5.6.7.3267
   ProdVer:    5.6.7.3267

Module 2
C:\Users\Cuong Le\Desktop\C# winform\QLTK Nro Pro\QLTK Nro Pro\bin\Debug\Data\Version222\Dragonboy_vn_v222_Data\Mono\mono.dll
Image Base: 0x10000000  Image Size: 0x00231000
File Size:  2117064     File Time:  2025-03-12_130656
Version:
   Company:    Unity Technologies
   Product:    libmono
   FileDesc:   Unity Technologies fork of mono runtime
   FileVer:    1.0.0.1
   ProdVer:    1.0.0.1

Module 3
C:\WINDOWS\SYSTEM32\xinput1_3.dll
Image Base: 0x00400000  Image Size: 0x00016000
File Size:  81768       File Time:  2007-04-04_185342
Version:
   Company:    Microsoft Corporation
   Product:    Microsoft® DirectX for Windows®
   FileDesc:   Microsoft Common Controller API
   FileVer:    9.18.944.0
   ProdVer:    9.18.944.0

Module 4
C:\WINDOWS\System32\DriverStore\FileRepository\nvam.inf_amd64_4ae7e10b45473e65\nvwgf2um.dll
Image Base: 0x512a0000  Image Size: 0x0360f000
File Size:  56911144    File Time:  2024-12-02_085034
Version:
   Company:    NVIDIA Corporation
   Product:    NVIDIA D3D10 drivers
   FileDesc:   NVIDIA D3D10 Driver, Version 566.07 
   FileVer:    32.0.15.6607
   ProdVer:    32.0.15.6607

Module 5
C:\WINDOWS\System32\DriverStore\FileRepository\nvam.inf_amd64_4ae7e10b45473e65\nvgpucomp32.dll
Image Base: 0x548b0000  Image Size: 0x024a7000
File Size:  38663464    File Time:  2024-12-02_085000
Version:
   Company:    NVIDIA Corporation
   Product:    NVIDIA GPU Compiler Driver
   FileDesc:   NVIDIA GPU Compiler Driver, Version 566.07 
   FileVer:    32.0.15.6607
   ProdVer:    32.0.15.6607

Module 6
C:\WINDOWS\SYSTEM32\resourcepolicyclient.dll
Image Base: 0x56ea0000  Image Size: 0x00010000
File Size:  57920       File Time:  2024-04-01_142216
Version:
   Company:    Microsoft Corporation
   Product:    Microsoft® Windows® Operating System
   FileDesc:   Resource Policy Client
   FileVer:    10.0.26100.1
   ProdVer:    10.0.26100.1

Module 7
C:\WINDOWS\SYSTEM32\AUDIOSES.DLL
Image Base: 0x56ec0000  Image Size: 0x00174000
File Size:  1519688     File Time:  2025-03-12_094514
Version:
   Company:    Microsoft Corporation
   Product:    Microsoft® Windows® Operating System
   FileDesc:   Audio Session
   FileVer:    10.0.26100.3323
   ProdVer:    10.0.26100.3323

Module 8
C:\WINDOWS\SYSTEM32\wdmaud.drv
Image Base: 0x57040000  Image Size: 0x0003d000
File Size:  223232      File Time:  2024-12-13_150154
Version:
   Company:    Microsoft Corporation
   Product:    Microsoft® Windows® Operating System
   FileDesc:   Winmm  audio system driver
   FileVer:    10.0.26100.1882
   ProdVer:    10.0.26100.1882

Module 9
C:\WINDOWS\SYSTEM32\GLU32.dll
Image Base: 0x58680000  Image Size: 0x00042000
File Size:  254976      File Time:  2024-04-01_142236
Version:
   Company:    Microsoft Corporation
   Product:    Microsoft® Windows® Operating System
   FileDesc:   OpenGL Utility Library DLL
   FileVer:    10.0.26100.1
   ProdVer:    10.0.26100.1

Module 10
C:\WINDOWS\SYSTEM32\OPENGL32.dll
Image Base: 0x586d0000  Image Size: 0x000e3000
File Size:  797696      File Time:  2025-03-12_094522
Version:
   Company:    Microsoft Corporation
   Product:    Microsoft® Windows® Operating System
   FileDesc:   OpenGL Client DLL
   FileVer:    10.0.26100.3323
   ProdVer:    10.0.26100.3323

Module 11
C:\WINDOWS\System32\fwpuclnt.dll
Image Base: 0x592b0000  Image Size: 0x00061000
File Size:  378368      File Time:  2025-03-12_094522
Version:
   Company:    Microsoft Corporation
   Product:    Microsoft® Windows® Operating System
   FileDesc:   FWP/IPsec User-Mode API
   FileVer:    10.0.26100.3323
   ProdVer:    10.0.26100.3323

Module 12
C:\Windows\System32\DriverStore\FileRepository\iigd_dch.inf_amd64_f63934308f6cc308\igc32.dll
Image Base: 0x5e840000  Image Size: 0x038f3000
File Size:  61009192    File Time:  2024-03-05_090414
Version:
   Company:    Intel Corporation
   Product:    Intel HD Graphics Drivers for Windows(R)
   FileDesc:   Intel Graphics Shader Compiler for Intel(R) Graphics Accelerator
   FileVer:    31.0.101.5333
   ProdVer:    31.0.101.5333

Module 13
C:\Windows\System32\DriverStore\FileRepository\iigd_dch.inf_amd64_f63934308f6cc308\IntelControlLib32.dll
Image Base: 0x62140000  Image Size: 0x0007e000
File Size:  562384      File Time:  2024-03-05_090734
Version:
   Company:    
   Product:    Intel Graphics Control Lib Runtime for Windows(R)
   FileDesc:   Intel Graphics Control Lib Runtime
   FileVer:    1.0.184.0
   ProdVer:    1.0.0.0

Module 14
C:\Windows\System32\DriverStore\FileRepository\iigd_dch.inf_amd64_f63934308f6cc308\igd10um32xe.DLL
Image Base: 0x621c0000  Image Size: 0x016f7000
File Size:  24732360    File Time:  2024-03-05_090436
Version:
   Company:    Intel Corporation
   Product:    Intel HD Graphics Drivers for Windows(R)
   FileDesc:   User Mode Driver for Intel(R) Graphics Technology
   FileVer:    31.0.101.5333
   ProdVer:    31.0.101.5333

Module 15
C:\Windows\System32\DriverStore\FileRepository\iigd_dch.inf_amd64_f63934308f6cc308\igd10iumd32.dll
Image Base: 0x638c0000  Image Size: 0x003df000
File Size:  4190848     File Time:  2024-03-05_090422
Version:
   Company:    Intel Corporation
   Product:    Intel HD Graphics Drivers for Windows(R)
   FileDesc:   User Mode Driver for Intel(R) Graphics Technology
   FileVer:    31.0.101.5333
   ProdVer:    31.0.101.5333

Module 16
C:\WINDOWS\SYSTEM32\d3d11.dll
Image Base: 0x63e60000  Image Size: 0x001f6000
File Size:  2057320     File Time:  2025-03-12_094518
Version:
   Company:    Microsoft Corporation
   Product:    Microsoft® Windows® Operating System
   FileDesc:   Direct3D 11 Runtime
   FileVer:    10.0.26100.3323
   ProdVer:    10.0.26100.3323

Module 17
C:\WINDOWS\SYSTEM32\dxgi.dll
Image Base: 0x64da0000  Image Size: 0x000fa000
File Size:  1012968     File Time:  2025-03-12_094518
Version:
   Company:    Microsoft Corporation
   Product:    Microsoft® Windows® Operating System
   FileDesc:   DirectX Graphics Infrastructure
   FileVer:    10.0.26100.3323
   ProdVer:    10.0.26100.3323

Module 18
C:\WINDOWS\System32\MMDevApi.dll
Image Base: 0x64ea0000  Image Size: 0x0007e000
File Size:  504200      File Time:  2025-03-12_094522
Version:
   Company:    Microsoft Corporation
   Product:    Microsoft® Windows® Operating System
   FileDesc:   MMDevice API
   FileVer:    10.0.26100.3323
   ProdVer:    10.0.26100.3323

Module 19
C:\WINDOWS\SYSTEM32\textinputframework.dll
Image Base: 0x650f0000  Image Size: 0x00101000
File Size:  1049624     File Time:  2025-03-12_094528
Version:
   Company:    Microsoft Corporation
   Product:    Microsoft® Windows® Operating System
   FileDesc:   "TextInputFramework.DYNLINK"
   FileVer:    10.0.26100.3323
   ProdVer:    10.0.26100.3323

Module 20
C:\Windows\System32\DriverStore\FileRepository\iigd_dch.inf_amd64_f63934308f6cc308\igdgmm32.dll
Image Base: 0x6c770000  Image Size: 0x00336000
File Size:  3485600     File Time:  2024-03-05_090606
Version:
   Company:    Intel Corporation
   Product:    Intel HD Graphics Drivers for Windows(R)
   FileDesc:   User Mode Driver for Intel(R) Graphics Technology
   FileVer:    31.0.101.5333
   ProdVer:    31.0.101.5333

Module 21
C:\WINDOWS\SYSTEM32\midimap.dll
Image Base: 0x6dd60000  Image Size: 0x00008000
File Size:  21504       File Time:  2024-12-13_150154
Version:
   Company:    Microsoft Corporation
   Product:    Microsoft® Windows® Operating System
   FileDesc:   Microsoft MIDI Mapper
   FileVer:    10.0.26100.1882
   ProdVer:    10.0.26100.1882

Module 22
C:\WINDOWS\SYSTEM32\MSACM32.dll
Image Base: 0x6dd70000  Image Size: 0x0001a000
File Size:  97704       File Time:  2024-12-13_150154
Version:
   Company:    Microsoft Corporation
   Product:    Microsoft® Windows® Operating System
   FileDesc:   Microsoft ACM Audio Filter
   FileVer:    10.0.26100.1882
   ProdVer:    10.0.26100.1882

Module 23
C:\WINDOWS\SYSTEM32\drvstore.dll
Image Base: 0x6dd90000  Image Size: 0x00128000
File Size:  1212288     File Time:  2025-03-12_094518
Version:
   Company:    Microsoft Corporation
   Product:    Microsoft® Windows® Operating System
   FileDesc:   Driver Store API
   FileVer:    10.0.26100.3323
   ProdVer:    10.0.26100.3323

Module 24
C:\WINDOWS\SYSTEM32\msacm32.drv
Image Base: 0x6dee0000  Image Size: 0x0000b000
File Size:  28160       File Time:  2024-12-13_150208
Version:
   Company:    Microsoft Corporation
   Product:    Microsoft® Windows® Operating System
   FileDesc:   Microsoft Sound Mapper
   FileVer:    10.0.26100.1882
   ProdVer:    10.0.26100.1882

Module 25
C:\WINDOWS\System32\DriverStore\FileRepository\nvam.inf_amd64_4ae7e10b45473e65\nvppe.dll
Image Base: 0x6def0000  Image Size: 0x000df000
File Size:  932136      File Time:  2024-12-02_085028
Version:
   Company:    NVIDIA Corporation
   Product:    NVIDIA driver loader
   FileDesc:   NVIDIA Driver, Version 566.07 
   FileVer:    32.0.15.6607
   ProdVer:    32.0.15.6607

Module 26
C:\WINDOWS\System32\DriverStore\FileRepository\nvam.inf_amd64_4ae7e10b45473e65\nvldumd.dll
Image Base: 0x6dfd0000  Image Size: 0x0009d000
File Size:  653760      File Time:  2024-12-02_085024
Version:
   Company:    NVIDIA Corporation
   Product:    NVIDIA driver loader
   FileDesc:   NVIDIA Driver Loader, Version 566.07 
   FileVer:    32.0.15.6607
   ProdVer:    32.0.15.6607

Module 27
C:\WINDOWS\SYSTEM32\directxdatabasehelper.dll
Image Base: 0x6e8d0000  Image Size: 0x0004c000
File Size:  301224      File Time:  2025-03-12_094514
Version:
   Company:    Microsoft Corporation
   Product:    Microsoft® Windows® Operating System
   FileDesc:   DirectXDatabaseHelper
   FileVer:    10.0.26100.3323
   ProdVer:    10.0.26100.3323

Module 28
C:\WINDOWS\SYSTEM32\dxcore.dll
Image Base: 0x6f260000  Image Size: 0x00039000
File Size:  219112      File Time:  2025-03-12_094514
Version:
   Company:    Microsoft Corporation
   Product:    Microsoft® Windows® Operating System
   FileDesc:   DXCore
   FileVer:    10.0.26100.3323
   ProdVer:    10.0.26100.3323

Module 29
C:\WINDOWS\SYSTEM32\dwmapi.dll
Image Base: 0x6f320000  Image Size: 0x0002a000
File Size:  152984      File Time:  2025-03-12_094516
Version:
   Company:    Microsoft Corporation
   Product:    Microsoft® Windows® Operating System
   FileDesc:   Microsoft Desktop Window Manager API
   FileVer:    10.0.26100.3323
   ProdVer:    10.0.26100.3323

Module 30
C:\WINDOWS\SYSTEM32\apphelp.dll
Image Base: 0x727b0000  Image Size: 0x000ac000
File Size:  698936      File Time:  2025-03-12_094514
Version:
   Company:    Microsoft Corporation
   Product:    Microsoft® Windows® Operating System
   FileDesc:   Application Compatibility Client Library
   FileVer:    10.0.26100.3323
   ProdVer:    10.0.26100.3323

Module 31
C:\WINDOWS\SYSTEM32\DNSAPI.dll
Image Base: 0x72860000  Image Size: 0x000db000
File Size:  894656      File Time:  2025-03-12_094518
Version:
   Company:    Microsoft Corporation
   Product:    Microsoft® Windows® Operating System
   FileDesc:   DNS Client API DLL
   FileVer:    10.0.26100.3323
   ProdVer:    10.0.26100.3323

Module 32
C:\WINDOWS\SYSTEM32\wldp.dll
Image Base: 0x72ca0000  Image Size: 0x00050000
File Size:  326000      File Time:  2025-01-15_114046
Version:
   Company:    Microsoft Corporation
   Product:    Microsoft® Windows® Operating System
   FileDesc:   Windows Lockdown Policy
   FileVer:    10.0.26100.2894
   ProdVer:    10.0.26100.2894

Module 33
C:\WINDOWS\SYSTEM32\cfgmgr32.dll
Image Base: 0x73450000  Image Size: 0x0004a000
File Size:  290928      File Time:  2025-03-12_094514
Version:
   Company:    Microsoft Corporation
   Product:    Microsoft® Windows® Operating System
   FileDesc:   Configuration Manager DLL
   FileVer:    10.0.26100.3323
   ProdVer:    10.0.26100.3323

Module 34
C:\WINDOWS\SYSTEM32\HID.DLL
Image Base: 0x734e0000  Image Size: 0x0000b000
File Size:  27648       File Time:  2024-04-01_142216
Version:
   Company:    Microsoft Corporation
   Product:    Microsoft® Windows® Operating System
   FileDesc:   Hid User Library
   FileVer:    10.0.26100.1
   ProdVer:    10.0.26100.1

Module 35
C:\ProgramData\Microsoft\Windows Defender\Platform\4.18.25010.11-0\X86\MpOav.dll
Image Base: 0x735d0000  Image Size: 0x00071000
File Size:  460704      File Time:  2025-03-07_202438
Version:
   Company:    Microsoft Corporation
   Product:    Microsoft® Windows® Operating System
   FileDesc:   IOfficeAntiVirus Module
   FileVer:    4.18.25010.11
   ProdVer:    4.18.25010.11

Module 36
C:\WINDOWS\SYSTEM32\amsi.dll
Image Base: 0x736f0000  Image Size: 0x00015000
File Size:  72192       File Time:  2024-04-01_142214
Version:
   Company:    Microsoft Corporation
   Product:    Microsoft® Windows® Operating System
   FileDesc:   Anti-Malware Scan Interface
   FileVer:    10.0.26100.1
   ProdVer:    10.0.26100.1

Module 37
C:\WINDOWS\system32\wbem\fastprox.dll
Image Base: 0x73710000  Image Size: 0x000cc000
File Size:  814080      File Time:  2025-03-12_094528
Version:
   Company:    Microsoft Corporation
   Product:    Microsoft® Windows® Operating System
   FileDesc:   WMI Custom Marshaller
   FileVer:    10.0.26100.3323
   ProdVer:    10.0.26100.3323

Module 38
C:\WINDOWS\system32\wbem\wbemsvc.dll
Image Base: 0x738b0000  Image Size: 0x00011000
File Size:  49664       File Time:  2024-12-13_150214
Version:
   Company:    Microsoft Corporation
   Product:    Microsoft® Windows® Operating System
   FileDesc:   WMI
   FileVer:    10.0.26100.1000
   ProdVer:    10.0.26100.1000

Module 39
C:\WINDOWS\SYSTEM32\wbemcomn.dll
Image Base: 0x738d0000  Image Size: 0x00068000
File Size:  399360      File Time:  2024-04-01_142216
Version:
   Company:    Microsoft Corporation
   Product:    Microsoft® Windows® Operating System
   FileDesc:   WMI
   FileVer:    10.0.26100.1
   ProdVer:    10.0.26100.1

Module 40
C:\WINDOWS\system32\wbem\wbemprox.dll
Image Base: 0x73940000  Image Size: 0x0000e000
File Size:  38400       File Time:  2024-12-13_150212
Version:
   Company:    Microsoft Corporation
   Product:    Microsoft® Windows® Operating System
   FileDesc:   WMI
   FileVer:    10.0.26100.1000
   ProdVer:    10.0.26100.1000

Module 41
C:\WINDOWS\SYSTEM32\MSWSOCK.dll
Image Base: 0x73b10000  Image Size: 0x00053000
File Size:  326584      File Time:  2025-02-12_081140
Version:
   Company:    Microsoft Corporation
   Product:    Microsoft® Windows® Operating System
   FileDesc:   Microsoft Windows Sockets 2.0 Service Provider
   FileVer:    10.0.26100.3194
   ProdVer:    10.0.26100.3194

Module 42
C:\WINDOWS\SYSTEM32\cryptnet.dll
Image Base: 0x73ed0000  Image Size: 0x0002b000
File Size:  170008      File Time:  2025-02-12_081126
Version:
   Company:    Microsoft Corporation
   Product:    Microsoft® Windows® Operating System
   FileDesc:   Crypto Network Related API
   FileVer:    10.0.26100.3037
   ProdVer:    10.0.26100.3037

Module 43
C:\WINDOWS\SYSTEM32\profapi.dll
Image Base: 0x73f00000  Image Size: 0x00021000
File Size:  129728      File Time:  2025-03-12_094524
Version:
   Company:    Microsoft Corporation
   Product:    Microsoft® Windows® Operating System
   FileDesc:   User Profile Basic API
   FileVer:    10.0.26100.3323
   ProdVer:    10.0.26100.3323

Module 44
C:\WINDOWS\SYSTEM32\cryptbase.dll
Image Base: 0x73f90000  Image Size: 0x0000b000
File Size:  33184       File Time:  2025-01-15_114046
Version:
   Company:    Microsoft Corporation
   Product:    Microsoft® Windows® Operating System
   FileDesc:   Base cryptographic API DLL
   FileVer:    10.0.26100.2894
   ProdVer:    10.0.26100.2894

Module 45
C:\WINDOWS\system32\rsaenh.dll
Image Base: 0x73fa0000  Image Size: 0x00033000
File Size:  202056      File Time:  2025-03-12_094524
Version:
   Company:    Microsoft Corporation
   Product:    Microsoft® Windows® Operating System
   FileDesc:   Microsoft Enhanced Cryptographic Provider
   FileVer:    10.0.26100.3323
   ProdVer:    10.0.26100.3323

Module 46
C:\WINDOWS\SYSTEM32\windows.storage.dll
Image Base: 0x73fe0000  Image Size: 0x006c4000
File Size:  7127824     File Time:  2025-03-12_094522
Version:
   Company:    Microsoft Corporation
   Product:    Microsoft® Windows® Operating System
   FileDesc:   Microsoft WinRT Storage API
   FileVer:    10.0.26100.3470
   ProdVer:    10.0.26100.3470

Module 47
C:\WINDOWS\SYSTEM32\CRYPTSP.dll
Image Base: 0x746b0000  Image Size: 0x00015000
File Size:  79640       File Time:  2024-12-13_150158
Version:
   Company:    Microsoft Corporation
   Product:    Microsoft® Windows® Operating System
   FileDesc:   Cryptographic Service Provider API
   FileVer:    10.0.26100.2454
   ProdVer:    10.0.26100.2454

Module 48
C:\Windows\System32\rasadhlp.dll
Image Base: 0x74750000  Image Size: 0x00008000
File Size:  13312       File Time:  2024-04-01_142236
Version:
   Company:    Microsoft Corporation
   Product:    Microsoft® Windows® Operating System
   FileDesc:   Remote Access AutoDial Helper
   FileVer:    10.0.26100.1
   ProdVer:    10.0.26100.1

Module 49
C:\WINDOWS\SYSTEM32\dhcpcsvc.DLL
Image Base: 0x74760000  Image Size: 0x0001d000
File Size:  102840      File Time:  2025-03-12_094516
Version:
   Company:    Microsoft Corporation
   Product:    Microsoft® Windows® Operating System
   FileDesc:   DHCP Client Service
   FileVer:    10.0.26100.3323
   ProdVer:    10.0.26100.3323

Module 50
C:\WINDOWS\SYSTEM32\dhcpcsvc6.DLL
Image Base: 0x74780000  Image Size: 0x00018000
File Size:  88008       File Time:  2025-03-12_094516
Version:
   Company:    Microsoft Corporation
   Product:    Microsoft® Windows® Operating System
   FileDesc:   DHCPv6 Client
   FileVer:    10.0.26100.3323
   ProdVer:    10.0.26100.3323

Module 51
C:\WINDOWS\SYSTEM32\VERSION.dll
Image Base: 0x749a0000  Image Size: 0x00008000
File Size:  28976       File Time:  2024-04-01_142216
Version:
   Company:    Microsoft Corporation
   Product:    Microsoft® Windows® Operating System
   FileDesc:   Version Checking and File Installation Libraries
   FileVer:    10.0.26100.1
   ProdVer:    10.0.26100.1

Module 52
C:\WINDOWS\SYSTEM32\IPHLPAPI.DLL
Image Base: 0x749b0000  Image Size: 0x00027000
File Size:  147864      File Time:  2025-03-12_094526
Version:
   Company:    Microsoft Corporation
   Product:    Microsoft® Windows® Operating System
   FileDesc:   IP Helper API
   FileVer:    10.0.26100.3323
   ProdVer:    10.0.26100.3323

Module 53
C:\WINDOWS\SYSTEM32\winmmbase.dll
Image Base: 0x749e0000  Image Size: 0x0001f000
File Size:  118768      File Time:  2024-04-01_142214
Version:
   Company:    Microsoft Corporation
   Product:    Microsoft® Windows® Operating System
   FileDesc:   Base Multimedia Extension API DLL
   FileVer:    10.0.26100.1
   ProdVer:    10.0.26100.1

Module 54
C:\WINDOWS\system32\uxtheme.dll
Image Base: 0x74a70000  Image Size: 0x00082000
File Size:  512512      File Time:  2025-03-12_094528
Version:
   Company:    Microsoft Corporation
   Product:    Microsoft® Windows® Operating System
   FileDesc:   Microsoft UxTheme Library
   FileVer:    10.0.26100.3323
   ProdVer:    10.0.26100.3323

Module 55
C:\WINDOWS\SYSTEM32\devobj.dll
Image Base: 0x74b10000  Image Size: 0x00024000
File Size:  143032      File Time:  2024-04-01_142236
Version:
   Company:    Microsoft Corporation
   Product:    Microsoft® Windows® Operating System
   FileDesc:   Device Information Set DLL
   FileVer:    10.0.26100.1
   ProdVer:    10.0.26100.1

Module 56
C:\WINDOWS\SYSTEM32\kernel.appcore.dll
Image Base: 0x74bb0000  Image Size: 0x00014000
File Size:  71888       File Time:  2024-12-13_150150
Version:
   Company:    Microsoft Corporation
   Product:    Microsoft® Windows® Operating System
   FileDesc:   AppModel API Host
   FileVer:    10.0.26100.1591
   ProdVer:    10.0.26100.1591

Module 57
C:\WINDOWS\SYSTEM32\msasn1.dll
Image Base: 0x74c10000  Image Size: 0x0000e000
File Size:  52240       File Time:  2025-01-15_114048
Version:
   Company:    Microsoft Corporation
   Product:    Microsoft® Windows® Operating System
   FileDesc:   ASN.1 Runtime APIs
   FileVer:    10.0.26100.2894
   ProdVer:    10.0.26100.2894

Module 58
C:\WINDOWS\SYSTEM32\WINHTTP.dll
Image Base: 0x74c30000  Image Size: 0x000db000
File Size:  893648      File Time:  2025-03-12_094530
Version:
   Company:    Microsoft Corporation
   Product:    Microsoft® Windows® Operating System
   FileDesc:   Windows HTTP Services
   FileVer:    10.0.26100.3323
   ProdVer:    10.0.26100.3323

Module 59
C:\WINDOWS\SYSTEM32\bcrypt.dll
Image Base: 0x74d50000  Image Size: 0x0001a000
File Size:  102312      File Time:  2025-02-12_081124
Version:
   Company:    Microsoft Corporation
   Product:    Microsoft® Windows® Operating System
   FileDesc:   Windows Cryptographic Primitives Library
   FileVer:    10.0.26100.3037
   ProdVer:    10.0.26100.3037

Module 60
C:\WINDOWS\SYSTEM32\UMPDC.dll
Image Base: 0x750b0000  Image Size: 0x0000e000
File Size:  51608       File Time:  2024-12-13_150156
Version:
   Company:    Microsoft Corporation
   Product:    Microsoft® Windows® Operating System
   FileDesc:   User Mode Power Dependency Coordinator
   FileVer:    10.0.26100.1301
   ProdVer:    10.0.26100.1301

Module 61
C:\WINDOWS\SYSTEM32\WINMM.dll
Image Base: 0x75120000  Image Size: 0x00033000
File Size:  196400      File Time:  2025-03-12_094514
Version:
   Company:    Microsoft Corporation
   Product:    Microsoft® Windows® Operating System
   FileDesc:   MCI API DLL
   FileVer:    10.0.26100.3323
   ProdVer:    10.0.26100.3323

Module 62
C:\WINDOWS\SYSTEM32\USERENV.dll
Image Base: 0x75160000  Image Size: 0x0001f000
File Size:  121440      File Time:  2024-12-13_150158
Version:
   Company:    Microsoft Corporation
   Product:    Microsoft® Windows® Operating System
   FileDesc:   Userenv
   FileVer:    10.0.26100.2454
   ProdVer:    10.0.26100.2454

Module 63
C:\WINDOWS\SYSTEM32\powrprof.dll
Image Base: 0x751c0000  Image Size: 0x00045000
File Size:  275896      File Time:  2024-04-01_142216
Version:
   Company:    Microsoft Corporation
   Product:    Microsoft® Windows® Operating System
   FileDesc:   Power Profile Helper DLL
   FileVer:    10.0.26100.1
   ProdVer:    10.0.26100.1

Module 64
C:\WINDOWS\System32\ole32.dll
Image Base: 0x75210000  Image Size: 0x00151000
File Size:  1387360     File Time:  2025-03-12_094514
Version:
   Company:    Microsoft Corporation
   Product:    Microsoft® Windows® Operating System
   FileDesc:   Microsoft OLE for Windows
   FileVer:    10.0.26100.3323
   ProdVer:    10.0.26100.3323

Module 65
C:\WINDOWS\System32\msvcp_win.dll
Image Base: 0x75370000  Image Size: 0x00085000
File Size:  505776      File Time:  2024-12-13_150208
Version:
   Company:    Microsoft Corporation
   Product:    Microsoft® Windows® Operating System
   FileDesc:   Microsoft® C Runtime Library
   FileVer:    10.0.26100.1882
   ProdVer:    10.0.26100.1882

Module 66
C:\WINDOWS\System32\imagehlp.dll
Image Base: 0x75400000  Image Size: 0x0001b000
File Size:  102728      File Time:  2024-04-01_142212
Version:
   Company:    Microsoft Corporation
   Product:    Microsoft® Windows® Operating System
   FileDesc:   Windows NT Image Helper
   FileVer:    10.0.26100.1
   ProdVer:    10.0.26100.1

Module 67
C:\WINDOWS\System32\combase.dll
Image Base: 0x75420000  Image Size: 0x00281000
File Size:  2635768     File Time:  2025-03-12_094516
Version:
   Company:    Microsoft Corporation
   Product:    Microsoft® Windows® Operating System
   FileDesc:   Microsoft COM for Windows
   FileVer:    10.0.26100.3323
   ProdVer:    10.0.26100.3323

Module 68
C:\WINDOWS\System32\KERNELBASE.dll
Image Base: 0x756b0000  Image Size: 0x002ab000
File Size:  2804152     File Time:  2025-03-12_094520
Version:
   Company:    Microsoft Corporation
   Product:    Microsoft® Windows® Operating System
   FileDesc:   Windows NT BASE API Client DLL
   FileVer:    10.0.26100.3470
   ProdVer:    10.0.26100.3470

Module 69
C:\WINDOWS\System32\MSCTF.dll
Image Base: 0x75960000  Image Size: 0x00117000
File Size:  1139984     File Time:  2025-03-12_094528
Version:
   Company:    Microsoft Corporation
   Product:    Microsoft® Windows® Operating System
   FileDesc:   MSCTF Server DLL
   FileVer:    10.0.26100.3323
   ProdVer:    10.0.26100.3323

Module 70
C:\WINDOWS\System32\wintrust.dll
Image Base: 0x75a80000  Image Size: 0x00066000
File Size:  411728      File Time:  2025-03-12_094528
Version:
   Company:    Microsoft Corporation
   Product:    Microsoft® Windows® Operating System
   FileDesc:   Microsoft Trust Verification APIs
   FileVer:    10.0.26100.3323
   ProdVer:    10.0.26100.3323

Module 71
C:\WINDOWS\System32\KERNEL32.DLL
Image Base: 0x75b50000  Image Size: 0x000f0000
File Size:  679152      File Time:  2025-03-12_094520
Version:
   Company:    Microsoft Corporation
   Product:    Microsoft® Windows® Operating System
   FileDesc:   Windows NT BASE API Client DLL
   FileVer:    10.0.26100.3323
   ProdVer:    10.0.26100.3323

Module 72
C:\WINDOWS\System32\sechost.dll
Image Base: 0x75c50000  Image Size: 0x00083000
File Size:  529544      File Time:  2025-03-12_094524
Version:
   Company:    Microsoft Corporation
   Product:    Microsoft® Windows® Operating System
   FileDesc:   Host for SCM/SDDL/LSA Lookup APIs
   FileVer:    10.0.26100.3323
   ProdVer:    10.0.26100.3323

Module 73
C:\WINDOWS\System32\USER32.dll
Image Base: 0x75ce0000  Image Size: 0x001c6000
File Size:  1852272     File Time:  2025-03-12_094528
Version:
   Company:    Microsoft Corporation
   Product:    Microsoft® Windows® Operating System
   FileDesc:   Multi-User Windows USER API Client DLL
   FileVer:    10.0.26100.3470
   ProdVer:    10.0.26100.3470

Module 74
C:\WINDOWS\System32\ucrtbase.dll
Image Base: 0x75eb0000  Image Size: 0x00110000
File Size:  1114168     File Time:  2025-02-12_081138
Version:
   Company:    Microsoft Corporation
   Product:    Microsoft® Windows® Operating System
   FileDesc:   Microsoft® C Runtime Library
   FileVer:    10.0.26100.3037
   ProdVer:    10.0.26100.3037

Module 75
C:\WINDOWS\System32\WS2_32.dll
Image Base: 0x75fd0000  Image Size: 0x00060000
File Size:  391984      File Time:  2024-12-13_150154
Version:
   Company:    Microsoft Corporation
   Product:    Microsoft® Windows® Operating System
   FileDesc:   Windows Socket 2.0 32-Bit DLL
   FileVer:    10.0.26100.1882
   ProdVer:    10.0.26100.1882

Module 76
C:\WINDOWS\System32\SHELL32.dll
Image Base: 0x760b0000  Image Size: 0x005f9000
File Size:  6296720     File Time:  2025-03-12_094526
Version:
   Company:    Microsoft Corporation
   Product:    Microsoft® Windows® Operating System
   FileDesc:   Windows Shell Common Dll
   FileVer:    10.0.26100.3323
   ProdVer:    10.0.26100.3323

Module 77
C:\WINDOWS\System32\CRYPT32.dll
Image Base: 0x76830000  Image Size: 0x00107000
File Size:  1065608     File Time:  2025-03-12_094516
Version:
   Company:    Microsoft Corporation
   Product:    Microsoft® Windows® Operating System
   FileDesc:   Crypto API32
   FileVer:    10.0.26100.3323
   ProdVer:    10.0.26100.3323

Module 78
C:\WINDOWS\System32\ADVAPI32.dll
Image Base: 0x76a00000  Image Size: 0x0007e000
File Size:  511408      File Time:  2025-03-12_094514
Version:
   Company:    Microsoft Corporation
   Product:    Microsoft® Windows® Operating System
   FileDesc:   Advanced Windows 32 Base API
   FileVer:    10.0.26100.3323
   ProdVer:    10.0.26100.3323

Module 79
C:\WINDOWS\System32\bcryptPrimitives.dll
Image Base: 0x76a90000  Image Size: 0x00069000
File Size:  427248      File Time:  2025-02-12_081124
Version:
   Company:    Microsoft Corporation
   Product:    Microsoft® Windows® Operating System
   FileDesc:   Windows Cryptographic Primitives Library
   FileVer:    10.0.26100.3037
   ProdVer:    10.0.26100.3037

Module 80
C:\WINDOWS\System32\clbcatq.dll
Image Base: 0x76b00000  Image Size: 0x00081000
File Size:  519504      File Time:  2024-04-01_142214
Version:
   Company:    Microsoft Corporation
   Product:    Microsoft® Windows® Operating System
   FileDesc:   COM+ Configuration Catalog
   FileVer:    2001.12.10941.16384
   ProdVer:    10.0.26100.1

Module 81
C:\WINDOWS\System32\SETUPAPI.dll
Image Base: 0x76b90000  Image Size: 0x0044f000
File Size:  4551496     File Time:  2025-03-12_094526
Version:
   Company:    Microsoft Corporation
   Product:    Microsoft® Windows® Operating System
   FileDesc:   Windows Setup API
   FileVer:    10.0.26100.3323
   ProdVer:    10.0.26100.3323

Module 82
C:\WINDOWS\System32\NSI.dll
Image Base: 0x76ff0000  Image Size: 0x00007000
File Size:  21808       File Time:  2025-01-15_114050
Version:
   Company:    Microsoft Corporation
   Product:    Microsoft® Windows® Operating System
   FileDesc:   NSI User-mode interface DLL
   FileVer:    10.0.26100.2894
   ProdVer:    10.0.26100.2894

Module 83
C:\WINDOWS\System32\msvcrt.dll
Image Base: 0x77000000  Image Size: 0x000c7000
File Size:  809440      File Time:  2024-12-13_150154
Version:
   Company:    Microsoft Corporation
   Product:    Microsoft® Windows® Operating System
   FileDesc:   Windows NT CRT DLL
   FileVer:    7.0.26100.1882
   ProdVer:    10.0.26100.1882

Module 84
C:\WINDOWS\System32\RPCRT4.dll
Image Base: 0x77170000  Image Size: 0x000b9000
File Size:  758280      File Time:  2025-02-12_081134
Version:
   Company:    Microsoft Corporation
   Product:    Microsoft® Windows® Operating System
   FileDesc:   Remote Procedure Call Runtime
   FileVer:    10.0.26100.3037
   ProdVer:    10.0.26100.3037

Module 85
C:\WINDOWS\System32\shcore.dll
Image Base: 0x77230000  Image Size: 0x000c9000
File Size:  810472      File Time:  2025-03-12_094524
Version:
   Company:    Microsoft Corporation
   Product:    Microsoft® Windows® Operating System
   FileDesc:   SHCORE
   FileVer:    10.0.26100.3470
   ProdVer:    10.0.26100.3470

Module 86
C:\WINDOWS\System32\win32u.dll
Image Base: 0x77370000  Image Size: 0x0001a000
File Size:  105944      File Time:  2025-03-12_094528
Version:
   Company:    Microsoft Corporation
   Product:    Microsoft® Windows® Operating System
   FileDesc:   Win32u
   FileVer:    10.0.26100.3470
   ProdVer:    10.0.26100.3470

Module 87
C:\WINDOWS\System32\SHLWAPI.dll
Image Base: 0x77390000  Image Size: 0x0004b000
File Size:  302776      File Time:  2025-02-12_081136
Version:
   Company:    Microsoft Corporation
   Product:    Microsoft® Windows® Operating System
   FileDesc:   Shell Light-weight Utility Library
   FileVer:    10.0.26100.3037
   ProdVer:    10.0.26100.3037

Module 88
C:\WINDOWS\System32\gdi32full.dll
Image Base: 0x773f0000  Image Size: 0x000ed000
File Size:  964368      File Time:  2025-03-12_094518
Version:
   Company:    Microsoft Corporation
   Product:    Microsoft® Windows® Operating System
   FileDesc:   GDI Client DLL
   FileVer:    10.0.26100.3470
   ProdVer:    10.0.26100.3470

Module 89
C:\WINDOWS\System32\OLEAUT32.dll
Image Base: 0x774e0000  Image Size: 0x0009e000
File Size:  640048      File Time:  2025-03-12_094522
Version:
   Company:    Microsoft Corporation
   Product:    Microsoft® Windows® Operating System
   FileDesc:   OLEAUT32.DLL
   FileVer:    10.0.26100.3323
   ProdVer:    10.0.26100.3323

Module 90
C:\WINDOWS\System32\IMM32.dll
Image Base: 0x77590000  Image Size: 0x00025000
File Size:  145224      File Time:  2024-04-01_142214
Version:
   Company:    Microsoft Corporation
   Product:    Microsoft® Windows® Operating System
   FileDesc:   Multi-User Windows IMM32 API Client DLL
   FileVer:    10.0.26100.1
   ProdVer:    10.0.26100.1

Module 91
C:\WINDOWS\System32\wintypes.dll
Image Base: 0x775c0000  Image Size: 0x000f9000
File Size:  1023752     File Time:  2025-01-15_114046
Version:
   Company:    Microsoft Corporation
   Product:    Microsoft® Windows® Operating System
   FileDesc:   Windows Base Types DLL
   FileVer:    10.0.26100.2894
   ProdVer:    10.0.26100.2894

Module 92
C:\WINDOWS\System32\PSAPI.DLL
Image Base: 0x776c0000  Image Size: 0x00006000
File Size:  18040       File Time:  2024-04-01_142214
Version:
   Company:    Microsoft Corporation
   Product:    Microsoft® Windows® Operating System
   FileDesc:   Process Status Helper
   FileVer:    10.0.26100.1
   ProdVer:    10.0.26100.1

Module 93
C:\WINDOWS\System32\GDI32.dll
Image Base: 0x776d0000  Image Size: 0x00022000
File Size:  132296      File Time:  2024-12-13_150156
Version:
   Company:    Microsoft Corporation
   Product:    Microsoft® Windows® Operating System
   FileDesc:   GDI Client DLL
   FileVer:    10.0.26100.2033
   ProdVer:    10.0.26100.2033

Module 94
C:\WINDOWS\SYSTEM32\ntdll.dll
Image Base: 0x77710000  Image Size: 0x001ba000
File Size:  1801216     File Time:  2025-03-12_094522
Version:
   Company:    Microsoft Corporation
   Product:    Microsoft® Windows® Operating System
   FileDesc:   NT Layer DLL
   FileVer:    10.0.26100.3323
   ProdVer:    10.0.26100.3323


== [end of error.log] ==
