Unity Player [version: Unity 5.6.7f1_e80cc3114ac1]

Dragonboy_vn_v222.exe caused an Access Violation (0xc0000005)
  in module Dragonboy_vn_v222.exe at 0023:009831b1.

Error occurred at 2025-03-13_084250.
C:\Users\Cuong Le\Desktop\C# winform\QLTK Nro Pro\QLTK Nro Pro\bin\Debug\Data\Version222\Dragonboy_vn_v222.exe, run by Unknown.
55% memory in use.
0 MB physical memory [0 MB free].
0 MB paging file [1246 MB free].
0 MB user address space [36 MB free].
Read from location 00000010 caused an access violation.

Context:
EDI:    0x00000010  ESI: 0x00000000  EAX:   0x00000010
EBX:    0x00fc7724  ECX: 0x7ffffffe  EDX:   0x040ca073
EIP:    0x009831b1  EBP: 0x016feac8  SegCs: 0x00000023
EFlags: 0x00210202  ESP: 0x016fe83c  SegSs: 0x0000002b

Bytes at CS:EIP:
80 38 00 74 05 40 85 c9 75 f5 2b 85 e0 fd ff ff 

Stack:
0x016fe83c: 016feb08 040ca040 00000013 03c3aa60 ..o.@.......`...
0x016fe84c: 00000007 00000000 00000007 0484cab8 ................
0x016fe85c: 01f005c0 042b0000 00000003 fffffffa ......+.........
0x016fe86c: 01f019f8 01f01b68 01f005b8 00000001 ....h...........
0x016fe87c: 00000000 00000000 00000000 00fc7724 ............$w..
0x016fe88c: 00000000 00000000 00000000 016feae8 ..............o.
0x016fe89c: 0000000c 00000006 0000006d 00000010 ........m.......
0x016fe8ac: 016feb58 ffffffff 733abc10 00000000 X.o.......:s....
0x016fe8bc: 100539a9 0520b5b0 016fe91c 00000001 .9.... ...o.....
0x016fe8cc: 00000001 016fec14 103abb18 00000014 ......o...:.....
0x016fe8dc: 016fe8f0 100ea1f8 7778974c 7778974c ..o.....L.xwL.xw
0x016fe8ec: 75802ec5 00000408 016fe910 016fe91c ...u......o...o.
0x016fe8fc: 00000008 0000000e ffffffff 00000005 ................
0x016fe90c: 75802eea 00000000 00000000 00000408 ...u............
0x016fe91c: 00002d8c 00000000 00004000 00000000 .-.......@......
0x016fe92c: 00002d8c 00000000 00000001 fffffffe .-..............
0x016fe93c: 00000000 07020a7f 016fe968 777a5831 ........h.o.1Xzw
0x016fe94c: 01f00924 77762b89 011f39c0 00000140 $....+vw.9..@...
0x016fe95c: ffffffff 00000140 00002d8c 016fe974 ....@....-..t.o.
0x016fe96c: 0098dfbb 01f00924 016fe9b8 00986475 ....$.....o.ud..
0x016fe97c: 00000005 0098646c 70ac7743 00000000 ....ld..Cw.p....
0x016fe98c: 01106c00 00000000 00002d8c 00000000 .l.......-......
0x016fe99c: 016fe980 016fe984 016fecb4 016fecb8 ..o...o...o...o.
0x016fe9ac: 009806f0 70cdcd33 fffffffe 0098646c ....3..p....ld..
0x016fe9bc: 009859d1 00000005 00000000 016fe9e4 .Y............o.
0x016fe9cc: 00990039 016fea24 01f019f8 01f01b68 9...$.o.....h...
0x016fe9dc: 016fec6e 00000000 016fec80 00982ba6 n.o.......o..+..
0x016fe9ec: 0000000a 00982be5 01106c00 00000000 .....+...l......
0x016fe9fc: 009833f3 016fea18 00000000 00000000 .3....o.........
0x016fea0c: 00000000 01f005c0 01f005c0 016fec4c ............L.o.
0x016fea1c: fffffffa fffffffa 01f019f8 01f01b68 ............h...
0x016fea2c: 01f005b8 01f00001 00000000 00000000 ................
0x016fea3c: 00000000 00f3af4d 00000000 00000000 ....M...........
0x016fea4c: 00000000 01106c00 016feaa0 00000006 .....l....o.....
0x016fea5c: 00000057 016fec6e 016fed28 fffffffa W...n.o.(.o.....
0x016fea6c: 00f00000 00001000 77763e89 0001e5b8 .........>vw....
0x016fea7c: 01f00000 00000000 00000004 7778963c ............<.xw
0x016fea8c: 77763d12 ffffffff 016feab4 00000000 .=vw......o.....
0x016fea9c: 016feab8 fffffffe 00000000 016feacc ..o...........o.
0x016feaac: 777a5831 01f00258 32312b89 36393234 1XzwX....+124296
0x016feabc: 01f05308 00000000 70ac7433 016feb08 .S......3t.p..o.
0x016feacc: 0097ea6b 016feae8 00fc76b8 00000000 k.....o..v......
0x016feadc: 016feb50 040ca040 00008000 040ca0ad P.o.@...........
0x016feaec: 00007f93 040ca040 00000042 00000000 ....@...B.......
0x016feafc: 00000000 00000000 00000000 016feb24 ............$.o.
0x016feb0c: 0097eaac 040ca040 00008000 00fc76b8 ....@........v..
0x016feb1c: 00000000 016feb50 016feb3c 007e8b38 ....P.o.<.o.8.~.
0x016feb2c: 040ca040 00008000 00fc76b8 016feb50 @........v..P.o.
0x016feb3c: 016fed70 007db309 040ca040 00008000 p.o...}.@.......
0x016feb4c: 00fc76b8 0001e588 00000010 00f6a990 .v..............
0x016feb5c: 000001cf 00f347a8 0001e588 00000010 .....G..........
0x016feb6c: 00000000 00000298 01f00000 016feb68 ............h.o.
0x016feb7c: 7775232e 016ffcd0 77792110 52292e3a .#uw..o..!yw:.)R
0x016feb8c: fffffffe 01f000c0 00976c98 01f00000 .........l......
0x016feb9c: 00000000 00000298 00000000 00000298 ................
0x016febac: 00000000 016febbc 0095b78c 00000298 ......o.........
0x016febbc: 016febcc 0095b8ae c0000017 00000002 ..o.............
0x016febcc: 016feed8 00000001 016febfc 00000298 ..o.......o.....
0x016febdc: 00f684b4 00000000 00003cb7 777a5861 .........<..aXzw
0x016febec: 777a5861 01f00924 77763aeb 00000140 aXzw$....:vw@...
0x016febfc: 01f00918 fffffffe 00000000 016fec2c ............,.o.
0x016fec0c: 777a5831 01f00924 77762b89 011f39c0 1Xzw$....+vw.9..
0x016fec1c: 00000140 00000005 016fec10 0ec2bb88 @.........o.....
0x016fec2c: 016fec38 0098dfbb 01f00924 016fec78 8.o.....$...x.o.
0x016fec3c: 00986f1f 00000005 00986f15 70ac7283 .o.......o...r.p
0x016fec4c: 00000057 01106c00 00000000 011a2920 W....l...... )..
0x016fec5c: 00000057 fffffffe 00000000 016fec8c W.............o.
0x016fec6c: 777a5831 011a2920 77762b89 00f3aef8 1Xzw )...+vw....
0x016fec7c: 00000000 00000000 01f08488 00000057 ............W...
0x016fec8c: 016fec98 00987594 011a2920 016feca4 ..o..u.. )....o.
0x016fec9c: 009788cb 00000011 016fece0 0097b130 ..........o.0...
0x016fecac: 01106c00 0097b127 70ac721b 00f3aef8 .l..'....r.p....
0x016fecbc: 016fed20 00000000 00000000 016fecb4  .o...........o.
0x016feccc: 0097b5e9 016ffcd0 009806f0 70cdd183 ......o........p
0x016fecdc: fffffffe 0097b127 004f871d 01106c00 ....'.....O..l..
0x016fecec: 01106c00 00f3aef8 016fed20 00000000 .l...... .o.....
0x016fecfc: 0118c950 016fed14 004f8762 00000005 P.....o.b.O.....
0x016fed0c: 00f3aef8 016fed20 016fed60 001c9aaf .... .o.`.o.....
0x016fed1c: 00f3aef8 0001e588 00000000 0118c950 ............P...
0x016fed2c: 0118ca10 0001e588 00000000 00000000 ................
0x016fed3c: 00000000 00000000 00000000 00000000 ................
0x016fed4c: 00000000 00000000 00000005 00020000 ................
0x016fed5c: 0001e59b 016fed7c 001c9bc8 0001e588 ....|.o.........
0x016fed6c: 00000010 016fedb4 007db7fd 0001e588 ......o...}.....
0x016fed7c: 00000010 00000013 000001cf 00f347a8 .............G..
0x016fed8c: 0001e588 00000001 00000000 00000000 ................
0x016fed9c: 00000000 00000000 00000000 00000000 ................
0x016fedac: 00000000 00000000 016fee00 007db8b4 ..........o...}.
0x016fedbc: 0001e588 00000001 00000013 00000000 ................
0x016fedcc: 00f347a8 000001cf 0001e588 03e9f7f8 .G..............
0x016feddc: 0001e588 00000030 03e9f7f0 00075cbb ....0........\..
0x016fedec: 03722ab0 016fee08 001c95bd 00000030 .*r...o.....0...
0x016fedfc: 0118b3c0 016fee24 007dbcb6 00000000 ....$.o...}.....
0x016fee0c: 0001e588 00000001 00000013 00000000 ................
0x016fee1c: 00f347a8 000001cf 016fee50 004e1780 .G......P.o...N.
0x016fee2c: 00000000 0001e588 00000001 00000013 ................
0x016fee3c: 00000000 00f347a8 000001cf 00000005 .....G..........
0x016fee4c: 03e9f7f0 016fee68 004516af 0001e588 ....h.o...E.....
0x016fee5c: 00000005 045816b0 00000013 016feea0 ......X.......o.
0x016fee6c: 0045243d 00000013 0000015e 00000043 =$E.....^...C...
0x016fee7c: 00000005 0001e584 00000001 00000009 ................
0x016fee8c: 00000000 00000001 0001e584 00000005 ................
0x016fee9c: 00000000 016feef0 004526dd 0000015e ......o..&E.^...
0x016feeac: 00000043 00000005 0001e584 00000000 C...............
0x016feebc: 00000001 00000009 045816b0 00000043 ..........X.C...
0x016feecc: 0000015e 0000015e 00000043 00000008 ^...^...C.......
0x016feedc: 00000006 00000000 00000000 00000000 ................
0x016feeec: 045816b0 016fef54 0042f058 0000015e ..X.T.o.X.B.^...
0x016feefc: 00000043 00000005 00000005 00000001 C...............
0x016fef0c: 00000009 00000000 00f684b4 016feff0 ..............o.
0x016fef1c: 00000000 00000000 00000000 0ec2a398 ................
0x016fef2c: 0ec49d80 0ec2a398 016fef90 00425770 ..........o.pWB.
0x016fef3c: 00f684b4 14e1b010 00000000 00000005 ................
0x016fef4c: 00000043 0100015e 016fefc4 0042fe68 C...^.....o.h.B.
0x016fef5c: 00000005 0000015e 00000043 14dc6d00 ....^...C....m..
0x016fef6c: 016fefb0 016feff0 14dc6d00 14e1b010 ..o...o..m......
0x016fef7c: 045816b0 00f684b4 004e1700 0000015e ..X.......N.^...
0x016fef8c: 00000043 016fef98 00425570 14e1b046 C.....o.pUB.F...
0x016fef9c: 00004a25 0ec2a398 0ec49d80 004534cf %J...........4E.
0x016fefac: 03c2af10 00000000 00000000 00000000 ................
0x016fefbc: 00000000 00000000 016ff028 00431955 ........(.o.U.C.
0x016fefcc: 045816b0 14e1b010 00004a5b 14dc6d00 ..X.....[J...m..
0x016fefdc: 00000005 016feff0 00004a5b 045816b0 ......o.[J....X.
0x016fefec: 00000000 00000000 00000001 00000000 ................
0x016feffc: 00000000 00000000 045816b0 016ff018 ..........X...o.
0x016ff00c: 007c4dce 00000004 143d8550 016ff068 .M|.....P.=.h.o.
0x016ff01c: 056da17d 14dc6d00 00000001 016ff044 }.m..m......D.o.
0x016ff02c: 00431c5c 045816b0 00004a5b 00000000 \.C...X.[J......
0x016ff03c: 00000000 143d8550 016ff068 007c7f23 ....P.=.h.o.#.|.
0x016ff04c: 045816b0 14e1b010 00004a5b 00000000 ..X.....[J......
0x016ff05c: 00000000 00000001 14dc6d30 016ff0a8 ........0m....o.
0x016ff06c: 056f98fc 14dc6d30 14e1b000 00000000 ..o.0m..........
0x016ff07c: 00000000 016ff0a8 050e1208 050e11b0 ......o.........
0x016ff08c: 143d8550 056f98d9 143d8550 00000001 P.=...o.P.=.....
0x016ff09c: 143d8550 016ff0a8 056f98cc 016ff0c8 P.=...o...o...o.
0x016ff0ac: 056f98b6 14dc6d30 14e1b000 00000000 ..o.0m..........
0x016ff0bc: 00000000 00000000 3f800000 016ff108 ...........?..o.
0x016ff0cc: 056f97dd 14dc6d30 14e1b000 00000001 ..o.0m..........
0x016ff0dc: 143d8550 016ff0e8 14d79d48 016ff108 P.=...o.H.....o.
0x016ff0ec: 056f9499 00000000 14d79d48 14d714e0 ..o.....H.......
0x016ff0fc: 0000002a 143d8550 143d8550 016ff1a8 *...P.=.P.=...o.
0x016ff10c: 05776610 14e1b000 00000000 016ff158 .fw.........X.o.
0x016ff11c: 057765e7 000003e8 00000000 00000019 .ew.............
0x016ff12c: 00000000 00007841 00000000 017d7841 ....Ax......Ax}.
0x016ff13c: 0ff73aa0 0ff77e00 143d8550 016ff1a8 .:...~..P.=...o.
0x016ff14c: 0577554e 04fbcae0 143d8550 016ff1a8 NUw.....P.=...o.
0x016ff15c: 057755ea 0ff73aa0 00000000 0ff77e00 .Uw..:.......~..
0x016ff16c: 00000000 000003e0 0ff77e00 016ff1a8 .........~....o.
0x016ff17c: 05775838 0ff77e00 00000000 fffffe70 8Xw..~......p...
0x016ff18c: 0000041a 00000000 14a6bd20 00000000 ........ .......
0x016ff19c: 143d8550 00000000 00000001 016ff3a8 P.=...........o.
0x016ff1ac: 0576a551 0ff77e00 0ff77e00 016ff3a8 Q.v..~...~....o.
0x016ff1bc: 0576a3d6 03e98eb0 001d92f9 03722a50 ..v.........P*r.
0x016ff1cc: 016ff1e4 001c96ff 03e98dd0 03e98dd0 ..o.............
0x016ff1dc: 0118b3c0 00000001 016ff1f8 007dadca ..........o...}.
0x016ff1ec: 03e98dd0 04fcda00 12324bc0 016ff208 .........K2...o.
0x016ff1fc: 007db202 03e98dd0 00000042 016ff258 ..}.....B...X.o.
0x016ff20c: 016ff228 004ce317 00000001 007af83b (.o...L.....;.z.
0x016ff21c: 443e8000 43848000 00000000 016ff268 ..>D...C....h.o.
0x016ff22c: 056c22af 016ff28c 00000042 03e98dd0 ."l...o.B.......
0x016ff23c: 00000011 016ff268 050e1208 050e11b0 ....h.o.........
0x016ff24c: 12324bc0 056c2299 056b9460 04fcda00 .K2.."l.`.k.....
0x016ff25c: 00000001 14827860 00000001 148278a0 ....`x.......x..
0x016ff26c: 00000001 148278c0 00000001 14827900 .....x.......y..
0x016ff27c: 00000000 143d8550 050e1208 007aee55 ....P.=.....U.z.
0x016ff28c: 00000001 14827920 00000001 14827960 .... y......`y..
0x016ff29c: 00000001 14827980 00000001 1434e030 .....y......0.4.
0x016ff2ac: 12324bc0 016ff2b8 056d3f6c 143d8550 .K2...o.l?m.P.=.
0x016ff2bc: 056ee750 143d8550 000002fa 1481a7e0 P.n.P.=.........
0x016ff2cc: 0000017d 43848000 143d8550 00000000 }......CP.=.....
0x016ff2dc: 00000000 00000000 00000000 00000000 ................
0x016ff2ec: 00000000 00000000 00000000 00000000 ................
0x016ff2fc: 00000000 00000000 143d8550 00000001 ........P.=.....
0x016ff30c: 00000000 00000000 00000000 00000000 ................
0x016ff31c: 00000000 143d8550 00000001 143d8550 ....P.=.....P.=.
0x016ff32c: 00000001 00000000 00000006 00000000 ................
0x016ff33c: 143d8550 00000001 00000000 00000000 P.=.............
0x016ff34c: 00000000 00000000 00000000 00000000 ................
0x016ff35c: 00000000 12324bc0 056b9460 016ff388 .....K2.`.k...o.
0x016ff36c: 056ec6bc 04fc0ea0 00000000 00000000 ..n.............
0x016ff37c: 1021f600 016ff3a8 04fc2ed0 016ff3a8 ..!...o.......o.
0x016ff38c: 056ec69b 0ff68660 056b9460 04fcda00 ..n.`...`.k.....
0x016ff39c: 12324bc0 04fc2ed0 056b9460 016ff3f8 .K2.....`.k...o.
0x016ff3ac: 056ef0a0 0ff73aa0 0ff77e00 016ff3c8 ..n..:...~....o.
0x016ff3bc: 056b0fd8 103fa61c 01572000 00000000 ..k...?.. W.....
0x016ff3cc: 12324bc0 04fcda00 056b9460 016ff3f8 .K2.....`.k...o.
0x016ff3dc: 056eeb8c 14dc6d50 14dc6d60 04fcda00 ..n.Pm..`m......
0x016ff3ec: 12324bc0 04fcda00 056b9460 016ff478 .K2.....`.k.x.o.
0x016ff3fc: 056d1c28 04fc2ed0 0ff77f00 016ff478 (.m.........x.o.
0x016ff40c: 056d1ba0 0079ca01 056c3448 016ff458 ..m...y.H4l.X.o.
0x016ff41c: 056d19d1 00000000 056c3448 00000007 ..m.....H4l.....
0x016ff42c: 14dc6d60 00000000 000003e8 00000000 `m..............
0x016ff43c: 00000085 8d2b2262 00000195 016ff864 ....b"+.....d.o.
0x016ff44c: 00000007 016ff458 056d19ac 016ff478 ....X.o...m.x.o.
0x016ff45c: 056c341d 00000000 004c71ec 44834000 .4l......qL..@.D
0x016ff46c: 4413c000 12324bc0 016ff860 016ff4c4 ...D.K2.`.o...o.
0x016ff47c: 056b94a1 04fcda00 00001de8 00000000 ..k.............
0x016ff48c: c61c4000 471c4000 016ff4ac 10001e35 .@...@.G..o.5...
0x016ff49c: 1036f590 fffffffe 00000000 00000000 ..6.............
0x016ff4ac: 00000000 777a5831 04fb4e70 77762b89 ....1XzwpN...+vw
0x016ff4bc: 1036f590 12324bc0 016ff4f4 100f1d2d ..6..K2...o.-...
0x016ff4cc: 04fcda00 016ff5e4 016ff860 056d1ad0 ......o.`.o...m.
0x016ff4dc: 00010000 00000000 1036f590 00000000 ..........6.....
0x016ff4ec: 04fb4e70 3f800000 016ff518 1005d8f4 pN.....?..o.....
0x016ff4fc: 1036f590 04fcda00 016ff5e4 016ff860 ..6.......o.`.o.
0x016ff50c: 1036f590 04fcda00 00000000 016ff538 ..6.........8.o.
0x016ff51c: 00647820 1036f590 04fcda00 016ff5e4  xd...6.......o.
0x016ff52c: 016ff860 016ff860 016ff584 016ff564 `.o.`.o...o.d.o.
0x016ff53c: 006442c2 016ff570 1036f590 00000001 .Bd.p.o...6.....
0x016ff54c: 04fcda00 016ff584 016ff860 00000000 ......o.`.o.....
0x016ff55c: 041e2450 0ee8e400 016ff86c 004c7b43 P$......l.o.C{L.
0x016ff56c: 016ff858 016ff860 00000000 03bc2ec0 X.o.`.o.........
0x016ff57c: 0ee8e400 1036f590 00000000 00000002 ......6.........
0x016ff58c: 00000000 00000000 00000000 00000002 ................
0x016ff59c: 00000000 00000000 00000000 00000002 ................
0x016ff5ac: 00000000 00000000 00000000 00000002 ................
0x016ff5bc: 00000000 00000000 00000000 00000002 ................
0x016ff5cc: 00000000 00000000 00000000 00000002 ................
0x016ff5dc: 00000000 00000000 00000000 00000000 ................
0x016ff5ec: 00000000 00000000 00000000 00000000 ................
0x016ff5fc: 00000000 00000000 00000000 00000000 ................
0x016ff60c: 00000000 00000000 00000000 00000002 ................
0x016ff61c: 00000000 00000000 00000000 00000002 ................
0x016ff62c: 00000001 00000001 00000001 00000001 ................
0x016ff63c: 00000000 00000000 00000000 00000000 ................
0x016ff64c: 1036f590 00000001 04fcda00 00000000 ..6.............
0x016ff65c: 00000000 00000000 00000000 0ee8e400 ................
0x016ff66c: 00000001 00000000 00000000 00000000 ................
0x016ff67c: 00001de8 c1200000 00000000 40a00000 ...... ........@
0x016ff68c: 0000024f 3f32b438 00000000 3f374e33 O...8.2?....3N7?
0x016ff69c: 40e521c0 bf32b438 00000000 3f374e33 .!.@8.2.....3N7?
0x016ff6ac: 40e521c0 00000000 3f5db3d7 3f000000 .!.@......]?...?
0x016ff6bc: 40844985 00000000 bf5db3d7 3f000000 .I.@......]....?
0x016ff6cc: 40bbb67b 80000000 016ff674 016ff67c {..@....t.o.|.o.
0x016ff6dc: 016ff684 00000000 00000000 00000000 ..o.............
0x016ff6ec: 00000000 00000000 00000000 00000000 ................
0x016ff6fc: 00000000 00000000 00000001 00000001 ................
0x016ff70c: 00000001 00000002 00000000 00000000 ................
0x016ff71c: 00000000 00000000 00000000 00000000 ................
0x016ff72c: 041df934 00000006 00000003 44778000 4.............wD
0x016ff73c: 1026df58 10275700 00000000 00000000 X.&..W'.........
0x016ff74c: 00000000 00000000 00000000 00000000 ................
0x016ff75c: 44770101 44778000 44778000 44778000 ..wD..wD..wD..wD
0x016ff76c: 44778000 44778000 016ffa0c 103dcd68 ..wD..wD..o.h.=.
0x016ff77c: 016ff788 0079bf8a 03c5cc90 016ff7c8 ..o...y.......o.
0x016ff78c: 056c3327 03c5cc90 00000000 44778000 '3l...........wD
0x016ff79c: 44778000 016ff7c8 050e1208 050e11b0 ..wD..o.........
0x016ff7ac: 103dcd68 056c3311 056c0f20 016ffa0c h.=..3l. .l...o.
0x016ff7bc: 103dcd68 016ff7c8 056c3304 016ff7e8 h.=...o..3l...o.
0x016ff7cc: 056c31da 03c5cc90 00000000 00000000 .1l.............
0x016ff7dc: 00000000 00000000 3f8013ab 016ff82c ...........?,.o.
0x016ff7ec: 056c0f66 00000010 037222b0 00000010 f.l......"r.....
0x016ff7fc: 03c2ae50 000cbfe9 037222b0 016ff820 P........"r. .o.
0x016ff80c: 001c95bd 00000010 0118c8b0 00000010 ................
0x016ff81c: 0118c780 016ff838 001c9b85 03c2ae50 ....8.o.....P...
0x016ff82c: 00000010 00000010 0118b3c0 016ff870 ............p.o.
0x016ff83c: 007db7de 00000010 00000010 00000000 ..}.............
0x016ff84c: 00000010 00000001 00001de8 00000000 ................
0x016ff85c: 04fcda00 00000000 00000000 00000000 ................
0x016ff86c: 016ff890 004ce174 00000000 03c3f0d0 ..o.t.L.........
0x016ff87c: 00000000 00000000 1036f590 00000001 ..........6.....
0x016ff88c: 00001de8 016ff8cc 007f14fa 00000000 ......o.........
0x016ff89c: 03c3f0d0 00000000 00000000 1036f590 ..............6.
0x016ff8ac: 00000001 00001de8 0ee8e400 041e2450 ............P$..
0x016ff8bc: 03c2ae50 041e21a0 00000001 00f738a0 P....!.......8..
0x016ff8cc: 016ffa38 004cc4f6 00000000 00000000 8.o...L.........
0x016ff8dc: 00000000 00000000 041e21a0 00000004 .........!......
0x016ff8ec: 00000000 016ff9c8 03bbf850 00000000 ......o.P.......
0x016ff8fc: 0000b3f2 ffffffb2 0000041a 0118c8b0 ................
0x016ff90c: 0118c8b0 03722bd0 03c36590 03c43370 .....+r..e..p3..
0x016ff91c: 00017801 03722bd0 016ff93c 001c96ff .x...+r.<.o.....
0x016ff92c: 03c36590 03c36590 0118b3c0 00000000 .e...e..........
0x016ff93c: 016ff950 007dadca 03c365f0 03c36590 P.o...}..e...e..
0x016ff94c: 016ff8ec 00000000 00000000 00000000 ..o.............
0x016ff95c: 00000000 00000000 00000000 00000000 ................
0x016ff96c: 00000000 00000000 00000000 00000000 ................
0x016ff97c: 00000001 00000000 00000000 00000000 ................
0x016ff98c: 00000000 00000000 00000000 00000000 ................
0x016ff99c: 00000000 00000000 00000000 00000000 ................
0x016ff9ac: 00000001 00000000 102670f0 03bb6000 .........p&..`..
0x016ff9bc: 00000000 00000000 00000000 00000000 ................
0x016ff9cc: 00000000 04788200 00000101 0e974060 ......x.....`@..
0x016ff9dc: 0e974060 016ff9e0 016ff9e0 041e21a0 `@....o...o..!..
0x016ff9ec: 0ee8e478 00000000 041e2388 03c2ae50 x........#..P...
0x016ff9fc: 03c2ae50 03c2ae60 00000000 00000000 P...`...........
0x016ffa0c: 00000007 03c5cc90 00000000 00000000 ................
0x016ffa1c: 00000000 00000000 00000001 00000000 ................
0x016ffa2c: 041e21a0 00000000 00000000 016ffa84 .!............o.
0x016ffa3c: 004cd4fd 016ffa50 00000000 0484b420 ..L.P.o..... ...
0x016ffa4c: 00000000 00000007 0112e724 03bd5010 ........$....P..
0x016ffa5c: 0000001d 00000000 00000000 00000000 ................
0x016ffa6c: 00000011 00000042 0112dd5c 00000000 ....B...\.......
0x016ffa7c: 00000000 00555900 016ffa9c 007e520b .....YU...o..R~.
0x016ffa8c: 00000000 75d7d300 75d8c270 0484cc00 .......up..u....
0x016ffa9c: 016ffadc 007e5289 00000000 0051cc9d ..o..R~.......Q.
0x016ffaac: 00158b31 00158d09 00000000 00000001 1...............
0x016ffabc: 00060f00 00000400 0001babe 10d1d859 ............Y...
0x016ffacc: 042cbc6f 000004ad 00000248 00000c1c o.,.....H.......
0x016ffadc: 016ffc38 001673b3 0097e847 00000000 8.o..s..G.......
0x016ffaec: 0156f000 03bcb710 00000078 016ffb00 ..V.....x.....o.
0x016ffafc: fffffffe 0000001b 00000078 00000042 ........x...B...
0x016ffb0c: 777a156d 00000200 01f00000 777a1653 m.zw........S.zw
0x016ffb1c: 01f02fc8 00000400 00000001 03bcba90 ./..............
0x016ffb2c: 0000007e 02100800 bfebfbff 000806d1 ~...............
0x016ffb3c: 0000007e 00000042 03bcb810 0000007d ~...B.......}...
0x016ffb4c: 1c004121 02c0003f 0000003f 0000007d !A..?...?...}...
0x016ffb5c: 00000042 03bd3d50 0000006f 00000000 B...P=..o.......
0x016ffb6c: 1c004143 04c0003f 0000006f 00000042 CA..?...o...B...
0x016ffb7c: 1c03c163 01c0003f 00005fff 00000004 c...?...._......
0x016ffb8c: 01f01b68 01f005b8 016ffb00 03bcb890 h.........o.....
0x016ffb9c: 00000074 01f02928 0107bf28 0000000f t...()..(.......
0x016ffbac: 00000074 00000042 0000024f 00000000 t...B...O.......
0x016ffbbc: 00637465 00646567 00000000 016ffbec etc.ged.......o.
0x016ffbcc: 00000003 00000042 03bb7a90 03bb7ac8 ....B....z...z..
0x016ffbdc: 03bb7ac8 016ffbf8 00000000 65646968 .z....o.....hide
0x016ffbec: 646e6957 0100776f 01f005b8 0000000a Window..........
0x016ffbfc: 00000042 037213a0 0000024f 00000000 B.....r.O.......
0x016ffc0c: 00000000 00000000 65726170 5748746e ........parentHW
0x016ffc1c: 0100444e 0099c625 0000000a 00000042 ND..%.......B...
0x016ffc2c: 0112d860 00000000 0056f001 016ffc50 `.........V.P.o.
0x016ffc3c: 00940b68 000f0000 00000000 018e93e9 h...............
0x016ffc4c: 00000001 016ffce0 0097e7f4 000f0000 ......o.........
0x016ffc5c: 00000000 018e93e9 00000001 70ac621b .............b.p
0x016ffc6c: 0097e847 0097e847 0156f000 00000044 G...G.....V.D...
0x016ffc7c: 018e747c 018e745c 018e737e 00000000 |t..\t..~s......
0x016ffc8c: 00000000 00000000 00000000 00000000 ................
0x016ffc9c: 00000000 00000000 00000001 00000001 ................
0x016ffcac: 00000000 016ffcdc 016ffcdc 0099054d ......o...o.M...
0x016ffcbc: c0000005 0097e847 00000000 016ffc68 ....G.......h.o.
0x016ffccc: 016fdc24 016ffd38 009806f0 70cdcfa3 $.o.8.o........p
0x016ffcdc: 00000000 016ffcf0 75b65d49 0156f000 ......o.I].u..V.
0x016ffcec: 75b65d30 016ffd48 7777ce3b 0156f000 0].uH.o.;.ww..V.
0x016ffcfc: 24c461ba 00000000 00000000 0156f000 .a.$..........V.
0x016ffd0c: c0000005 758f3cb0 d0b44df7 efa1689b .....<.u.M...h..
0x016ffd1c: 00000000 00000000 016fdc04 a53b7147 ..........o.Gq;.
0x016ffd2c: 00000000 016ffcfc 016fdc04 016ffd50 ......o...o.P.o.
0x016ffd3c: 77792110 522920d2 00000000 016ffd58 .!yw. )R....X.o.
0x016ffd4c: 7777cdc1 ffffffff 777c162e 00000000 ..ww......|w....
0x016ffd5c: 00000000 0097e847 0156f000 00000000 ....G.....V.....
0x016ffd6c: 00000000 00000000 00000000 00000000 ................
0x016ffd7c: 00000000 00000000 00000000 00000000 ................
0x016ffd8c: 00000000 00000000 00000000 00000000 ................
0x016ffd9c: 00000000 00000000 00000000 00000000 ................
0x016ffdac: 00000000 00000000 00000000 00000000 ................
0x016ffdbc: 00000000 00000000 00000000 00000000 ................
0x016ffdcc: 00000000 00000000 00000000 00000000 ................
0x016ffddc: 00000000 00000000 00000000 00000000 ................
0x016ffdec: 00000000 00000000 00000000 00000000 ................
0x016ffdfc: 00000000 00000000 00000000 00000000 ................
0x016ffe0c: 00000000 00000000 00000000 00000000 ................
0x016ffe1c: 00000000 00000000 00000000 00000000 ................
0x016ffe2c: 00000000 00000000 00000000 00000000 ................
0x016ffe3c: 00000000 00000000 00000000 00000000 ................
0x016ffe4c: 00000000 00000000 00000000 00000000 ................
0x016ffe5c: 00000000 00000000 00000000 00000000 ................
0x016ffe6c: 00000000 00000000 00000000 00000000 ................
0x016ffe7c: 00000000 00000000 00000000 00000000 ................
0x016ffe8c: 00000000 00000000 00000000 00000000 ................
0x016ffe9c: 00000000 00000000 00000000 00000000 ................
0x016ffeac: 00000000 00000000 00000000 00000000 ................
0x016ffebc: 00000000 00000000 00000000 00000000 ................
0x016ffecc: 00000000 00000000 00000000 00000000 ................
0x016ffedc: 00000000 00000000 00000000 00000000 ................
0x016ffeec: 00000000 00000000 00000000 00000000 ................
0x016ffefc: 00000000 00000000 00000000 00000000 ................
0x016fff0c: 00000000 00000000 00000000 00000000 ................
0x016fff1c: 00000000 00000000 00000000 00000000 ................
0x016fff2c: 00000000 00000000 00000000 00000000 ................
0x016fff3c: 00000000 00000000 00000000 00000000 ................
0x016fff4c: 00000000 00000000 00000000 00000000 ................
0x016fff5c: 00000000 00000000 00000000 00000000 ................
0x016fff6c: 00000000 00000000 00000000 00000000 ................
0x016fff7c: 00000000 00000000 00000000 00000000 ................
0x016fff8c: 00000000 00000000 00000000 00000000 ................
0x016fff9c: 00000000 00000000 00000000 00000000 ................
0x016fffac: 00000000 00000000 00000000 00000000 ................
0x016fffbc: 00000000 00000000 00000000 00000000 ................
0x016fffcc: 00000000 00000000 00000000 00000000 ................
0x016fffdc: 00000000 00000000 00000000 00000000 ................
0x016fffec: 00000000 00000000 00000000 00000000 ................
0x016ffffc: 00000000                            ....

Module 1
C:\Users\Cuong Le\Desktop\C# winform\QLTK Nro Pro\QLTK Nro Pro\bin\Debug\Data\Version222\Dragonboy_vn_v222.exe
Image Base: 0x000f0000  Image Size: 0x01228000
File Size:  18198528    File Time:  2025-03-12_130656
Version:
   Company:    
   Product:    
   FileDesc:   
   FileVer:    5.6.7.3267
   ProdVer:    5.6.7.3267

Module 2
C:\WINDOWS\SYSTEM32\xinput1_3.dll
Image Base: 0x00400000  Image Size: 0x00016000
File Size:  81768       File Time:  2007-04-04_185342
Version:
   Company:    Microsoft Corporation
   Product:    Microsoft® DirectX for Windows®
   FileDesc:   Microsoft Common Controller API
   FileVer:    9.18.944.0
   ProdVer:    9.18.944.0

Module 3
C:\Users\Cuong Le\Desktop\C# winform\QLTK Nro Pro\QLTK Nro Pro\bin\Debug\Data\Version222\Dragonboy_vn_v222_Data\Mono\mono.dll
Image Base: 0x10000000  Image Size: 0x00231000
File Size:  2117064     File Time:  2025-03-12_130656
Version:
   Company:    Unity Technologies
   Product:    libmono
   FileDesc:   Unity Technologies fork of mono runtime
   FileVer:    1.0.0.1
   ProdVer:    1.0.0.1

Module 4
C:\WINDOWS\System32\DriverStore\FileRepository\nvam.inf_amd64_4ae7e10b45473e65\nvwgf2um.dll
Image Base: 0x512a0000  Image Size: 0x0360f000
File Size:  56911144    File Time:  2024-12-02_085034
Version:
   Company:    NVIDIA Corporation
   Product:    NVIDIA D3D10 drivers
   FileDesc:   NVIDIA D3D10 Driver, Version 566.07 
   FileVer:    32.0.15.6607
   ProdVer:    32.0.15.6607

Module 5
C:\WINDOWS\System32\DriverStore\FileRepository\nvam.inf_amd64_4ae7e10b45473e65\nvgpucomp32.dll
Image Base: 0x548b0000  Image Size: 0x024a7000
File Size:  38663464    File Time:  2024-12-02_085000
Version:
   Company:    NVIDIA Corporation
   Product:    NVIDIA GPU Compiler Driver
   FileDesc:   NVIDIA GPU Compiler Driver, Version 566.07 
   FileVer:    32.0.15.6607
   ProdVer:    32.0.15.6607

Module 6
C:\WINDOWS\SYSTEM32\midimap.dll
Image Base: 0x56e70000  Image Size: 0x00008000
File Size:  21504       File Time:  2024-12-13_150154
Version:
   Company:    Microsoft Corporation
   Product:    Microsoft® Windows® Operating System
   FileDesc:   Microsoft MIDI Mapper
   FileVer:    10.0.26100.1882
   ProdVer:    10.0.26100.1882

Module 7
C:\WINDOWS\SYSTEM32\MSACM32.dll
Image Base: 0x56e80000  Image Size: 0x0001a000
File Size:  97704       File Time:  2024-12-13_150154
Version:
   Company:    Microsoft Corporation
   Product:    Microsoft® Windows® Operating System
   FileDesc:   Microsoft ACM Audio Filter
   FileVer:    10.0.26100.1882
   ProdVer:    10.0.26100.1882

Module 8
C:\WINDOWS\SYSTEM32\resourcepolicyclient.dll
Image Base: 0x56ea0000  Image Size: 0x00010000
File Size:  57920       File Time:  2024-04-01_142216
Version:
   Company:    Microsoft Corporation
   Product:    Microsoft® Windows® Operating System
   FileDesc:   Resource Policy Client
   FileVer:    10.0.26100.1
   ProdVer:    10.0.26100.1

Module 9
C:\WINDOWS\SYSTEM32\AUDIOSES.DLL
Image Base: 0x56ec0000  Image Size: 0x00174000
File Size:  1519688     File Time:  2025-03-12_094514
Version:
   Company:    Microsoft Corporation
   Product:    Microsoft® Windows® Operating System
   FileDesc:   Audio Session
   FileVer:    10.0.26100.3323
   ProdVer:    10.0.26100.3323

Module 10
C:\WINDOWS\SYSTEM32\wdmaud.drv
Image Base: 0x57040000  Image Size: 0x0003d000
File Size:  223232      File Time:  2024-12-13_150154
Version:
   Company:    Microsoft Corporation
   Product:    Microsoft® Windows® Operating System
   FileDesc:   Winmm  audio system driver
   FileVer:    10.0.26100.1882
   ProdVer:    10.0.26100.1882

Module 11
C:\WINDOWS\SYSTEM32\GLU32.dll
Image Base: 0x58680000  Image Size: 0x00042000
File Size:  254976      File Time:  2024-04-01_142236
Version:
   Company:    Microsoft Corporation
   Product:    Microsoft® Windows® Operating System
   FileDesc:   OpenGL Utility Library DLL
   FileVer:    10.0.26100.1
   ProdVer:    10.0.26100.1

Module 12
C:\WINDOWS\SYSTEM32\OPENGL32.dll
Image Base: 0x586d0000  Image Size: 0x000e3000
File Size:  797696      File Time:  2025-03-12_094522
Version:
   Company:    Microsoft Corporation
   Product:    Microsoft® Windows® Operating System
   FileDesc:   OpenGL Client DLL
   FileVer:    10.0.26100.3323
   ProdVer:    10.0.26100.3323

Module 13
C:\WINDOWS\System32\fwpuclnt.dll
Image Base: 0x592b0000  Image Size: 0x00061000
File Size:  378368      File Time:  2025-03-12_094522
Version:
   Company:    Microsoft Corporation
   Product:    Microsoft® Windows® Operating System
   FileDesc:   FWP/IPsec User-Mode API
   FileVer:    10.0.26100.3323
   ProdVer:    10.0.26100.3323

Module 14
C:\Windows\System32\DriverStore\FileRepository\iigd_dch.inf_amd64_f63934308f6cc308\igc32.dll
Image Base: 0x5e840000  Image Size: 0x038f3000
File Size:  61009192    File Time:  2024-03-05_090414
Version:
   Company:    Intel Corporation
   Product:    Intel HD Graphics Drivers for Windows(R)
   FileDesc:   Intel Graphics Shader Compiler for Intel(R) Graphics Accelerator
   FileVer:    31.0.101.5333
   ProdVer:    31.0.101.5333

Module 15
C:\Windows\System32\DriverStore\FileRepository\iigd_dch.inf_amd64_f63934308f6cc308\IntelControlLib32.dll
Image Base: 0x62140000  Image Size: 0x0007e000
File Size:  562384      File Time:  2024-03-05_090734
Version:
   Company:    
   Product:    Intel Graphics Control Lib Runtime for Windows(R)
   FileDesc:   Intel Graphics Control Lib Runtime
   FileVer:    1.0.184.0
   ProdVer:    1.0.0.0

Module 16
C:\Windows\System32\DriverStore\FileRepository\iigd_dch.inf_amd64_f63934308f6cc308\igd10um32xe.DLL
Image Base: 0x621c0000  Image Size: 0x016f7000
File Size:  24732360    File Time:  2024-03-05_090436
Version:
   Company:    Intel Corporation
   Product:    Intel HD Graphics Drivers for Windows(R)
   FileDesc:   User Mode Driver for Intel(R) Graphics Technology
   FileVer:    31.0.101.5333
   ProdVer:    31.0.101.5333

Module 17
C:\Windows\System32\DriverStore\FileRepository\iigd_dch.inf_amd64_f63934308f6cc308\igd10iumd32.dll
Image Base: 0x638c0000  Image Size: 0x003df000
File Size:  4190848     File Time:  2024-03-05_090422
Version:
   Company:    Intel Corporation
   Product:    Intel HD Graphics Drivers for Windows(R)
   FileDesc:   User Mode Driver for Intel(R) Graphics Technology
   FileVer:    31.0.101.5333
   ProdVer:    31.0.101.5333

Module 18
C:\WINDOWS\SYSTEM32\d3d11.dll
Image Base: 0x63e60000  Image Size: 0x001f6000
File Size:  2057320     File Time:  2025-03-12_094518
Version:
   Company:    Microsoft Corporation
   Product:    Microsoft® Windows® Operating System
   FileDesc:   Direct3D 11 Runtime
   FileVer:    10.0.26100.3323
   ProdVer:    10.0.26100.3323

Module 19
C:\WINDOWS\SYSTEM32\dxgi.dll
Image Base: 0x64da0000  Image Size: 0x000fa000
File Size:  1012968     File Time:  2025-03-12_094518
Version:
   Company:    Microsoft Corporation
   Product:    Microsoft® Windows® Operating System
   FileDesc:   DirectX Graphics Infrastructure
   FileVer:    10.0.26100.3323
   ProdVer:    10.0.26100.3323

Module 20
C:\WINDOWS\System32\MMDevApi.dll
Image Base: 0x64ea0000  Image Size: 0x0007e000
File Size:  504200      File Time:  2025-03-12_094522
Version:
   Company:    Microsoft Corporation
   Product:    Microsoft® Windows® Operating System
   FileDesc:   MMDevice API
   FileVer:    10.0.26100.3323
   ProdVer:    10.0.26100.3323

Module 21
C:\WINDOWS\SYSTEM32\textinputframework.dll
Image Base: 0x650f0000  Image Size: 0x00101000
File Size:  1049624     File Time:  2025-03-12_094528
Version:
   Company:    Microsoft Corporation
   Product:    Microsoft® Windows® Operating System
   FileDesc:   "TextInputFramework.DYNLINK"
   FileVer:    10.0.26100.3323
   ProdVer:    10.0.26100.3323

Module 22
C:\Windows\System32\DriverStore\FileRepository\iigd_dch.inf_amd64_f63934308f6cc308\igdgmm32.dll
Image Base: 0x6c770000  Image Size: 0x00336000
File Size:  3485600     File Time:  2024-03-05_090606
Version:
   Company:    Intel Corporation
   Product:    Intel HD Graphics Drivers for Windows(R)
   FileDesc:   User Mode Driver for Intel(R) Graphics Technology
   FileVer:    31.0.101.5333
   ProdVer:    31.0.101.5333

Module 23
C:\WINDOWS\SYSTEM32\winmmbase.dll
Image Base: 0x6dd60000  Image Size: 0x0001f000
File Size:  118768      File Time:  2024-04-01_142214
Version:
   Company:    Microsoft Corporation
   Product:    Microsoft® Windows® Operating System
   FileDesc:   Base Multimedia Extension API DLL
   FileVer:    10.0.26100.1
   ProdVer:    10.0.26100.1

Module 24
C:\WINDOWS\SYSTEM32\drvstore.dll
Image Base: 0x6dd90000  Image Size: 0x00128000
File Size:  1212288     File Time:  2025-03-12_094518
Version:
   Company:    Microsoft Corporation
   Product:    Microsoft® Windows® Operating System
   FileDesc:   Driver Store API
   FileVer:    10.0.26100.3323
   ProdVer:    10.0.26100.3323

Module 25
C:\WINDOWS\SYSTEM32\msacm32.drv
Image Base: 0x6dee0000  Image Size: 0x0000b000
File Size:  28160       File Time:  2024-12-13_150208
Version:
   Company:    Microsoft Corporation
   Product:    Microsoft® Windows® Operating System
   FileDesc:   Microsoft Sound Mapper
   FileVer:    10.0.26100.1882
   ProdVer:    10.0.26100.1882

Module 26
C:\WINDOWS\System32\DriverStore\FileRepository\nvam.inf_amd64_4ae7e10b45473e65\nvppe.dll
Image Base: 0x6def0000  Image Size: 0x000df000
File Size:  932136      File Time:  2024-12-02_085028
Version:
   Company:    NVIDIA Corporation
   Product:    NVIDIA driver loader
   FileDesc:   NVIDIA Driver, Version 566.07 
   FileVer:    32.0.15.6607
   ProdVer:    32.0.15.6607

Module 27
C:\WINDOWS\System32\DriverStore\FileRepository\nvam.inf_amd64_4ae7e10b45473e65\nvldumd.dll
Image Base: 0x6dfd0000  Image Size: 0x0009d000
File Size:  653760      File Time:  2024-12-02_085024
Version:
   Company:    NVIDIA Corporation
   Product:    NVIDIA driver loader
   FileDesc:   NVIDIA Driver Loader, Version 566.07 
   FileVer:    32.0.15.6607
   ProdVer:    32.0.15.6607

Module 28
C:\WINDOWS\SYSTEM32\directxdatabasehelper.dll
Image Base: 0x6e8d0000  Image Size: 0x0004c000
File Size:  301224      File Time:  2025-03-12_094514
Version:
   Company:    Microsoft Corporation
   Product:    Microsoft® Windows® Operating System
   FileDesc:   DirectXDatabaseHelper
   FileVer:    10.0.26100.3323
   ProdVer:    10.0.26100.3323

Module 29
C:\WINDOWS\SYSTEM32\dxcore.dll
Image Base: 0x6f260000  Image Size: 0x00039000
File Size:  219112      File Time:  2025-03-12_094514
Version:
   Company:    Microsoft Corporation
   Product:    Microsoft® Windows® Operating System
   FileDesc:   DXCore
   FileVer:    10.0.26100.3323
   ProdVer:    10.0.26100.3323

Module 30
C:\WINDOWS\SYSTEM32\dwmapi.dll
Image Base: 0x6f320000  Image Size: 0x0002a000
File Size:  152984      File Time:  2025-03-12_094516
Version:
   Company:    Microsoft Corporation
   Product:    Microsoft® Windows® Operating System
   FileDesc:   Microsoft Desktop Window Manager API
   FileVer:    10.0.26100.3323
   ProdVer:    10.0.26100.3323

Module 31
C:\WINDOWS\SYSTEM32\apphelp.dll
Image Base: 0x727b0000  Image Size: 0x000ac000
File Size:  698936      File Time:  2025-03-12_094514
Version:
   Company:    Microsoft Corporation
   Product:    Microsoft® Windows® Operating System
   FileDesc:   Application Compatibility Client Library
   FileVer:    10.0.26100.3323
   ProdVer:    10.0.26100.3323

Module 32
C:\WINDOWS\SYSTEM32\DNSAPI.dll
Image Base: 0x72860000  Image Size: 0x000db000
File Size:  894656      File Time:  2025-03-12_094518
Version:
   Company:    Microsoft Corporation
   Product:    Microsoft® Windows® Operating System
   FileDesc:   DNS Client API DLL
   FileVer:    10.0.26100.3323
   ProdVer:    10.0.26100.3323

Module 33
C:\WINDOWS\SYSTEM32\wldp.dll
Image Base: 0x72ca0000  Image Size: 0x00050000
File Size:  326000      File Time:  2025-01-15_114046
Version:
   Company:    Microsoft Corporation
   Product:    Microsoft® Windows® Operating System
   FileDesc:   Windows Lockdown Policy
   FileVer:    10.0.26100.2894
   ProdVer:    10.0.26100.2894

Module 34
C:\WINDOWS\SYSTEM32\cfgmgr32.dll
Image Base: 0x73450000  Image Size: 0x0004a000
File Size:  290928      File Time:  2025-03-12_094514
Version:
   Company:    Microsoft Corporation
   Product:    Microsoft® Windows® Operating System
   FileDesc:   Configuration Manager DLL
   FileVer:    10.0.26100.3323
   ProdVer:    10.0.26100.3323

Module 35
C:\WINDOWS\SYSTEM32\HID.DLL
Image Base: 0x734e0000  Image Size: 0x0000b000
File Size:  27648       File Time:  2024-04-01_142216
Version:
   Company:    Microsoft Corporation
   Product:    Microsoft® Windows® Operating System
   FileDesc:   Hid User Library
   FileVer:    10.0.26100.1
   ProdVer:    10.0.26100.1

Module 36
C:\ProgramData\Microsoft\Windows Defender\Platform\4.18.25010.11-0\X86\MpOav.dll
Image Base: 0x735d0000  Image Size: 0x00071000
File Size:  460704      File Time:  2025-03-07_202438
Version:
   Company:    Microsoft Corporation
   Product:    Microsoft® Windows® Operating System
   FileDesc:   IOfficeAntiVirus Module
   FileVer:    4.18.25010.11
   ProdVer:    4.18.25010.11

Module 37
C:\WINDOWS\SYSTEM32\amsi.dll
Image Base: 0x736f0000  Image Size: 0x00015000
File Size:  72192       File Time:  2024-04-01_142214
Version:
   Company:    Microsoft Corporation
   Product:    Microsoft® Windows® Operating System
   FileDesc:   Anti-Malware Scan Interface
   FileVer:    10.0.26100.1
   ProdVer:    10.0.26100.1

Module 38
C:\WINDOWS\system32\wbem\fastprox.dll
Image Base: 0x73710000  Image Size: 0x000cc000
File Size:  814080      File Time:  2025-03-12_094528
Version:
   Company:    Microsoft Corporation
   Product:    Microsoft® Windows® Operating System
   FileDesc:   WMI Custom Marshaller
   FileVer:    10.0.26100.3323
   ProdVer:    10.0.26100.3323

Module 39
C:\WINDOWS\system32\wbem\wbemsvc.dll
Image Base: 0x738b0000  Image Size: 0x00011000
File Size:  49664       File Time:  2024-12-13_150214
Version:
   Company:    Microsoft Corporation
   Product:    Microsoft® Windows® Operating System
   FileDesc:   WMI
   FileVer:    10.0.26100.1000
   ProdVer:    10.0.26100.1000

Module 40
C:\WINDOWS\SYSTEM32\wbemcomn.dll
Image Base: 0x738d0000  Image Size: 0x00068000
File Size:  399360      File Time:  2024-04-01_142216
Version:
   Company:    Microsoft Corporation
   Product:    Microsoft® Windows® Operating System
   FileDesc:   WMI
   FileVer:    10.0.26100.1
   ProdVer:    10.0.26100.1

Module 41
C:\WINDOWS\system32\wbem\wbemprox.dll
Image Base: 0x73940000  Image Size: 0x0000e000
File Size:  38400       File Time:  2024-12-13_150212
Version:
   Company:    Microsoft Corporation
   Product:    Microsoft® Windows® Operating System
   FileDesc:   WMI
   FileVer:    10.0.26100.1000
   ProdVer:    10.0.26100.1000

Module 42
C:\WINDOWS\SYSTEM32\MSWSOCK.dll
Image Base: 0x73b10000  Image Size: 0x00053000
File Size:  326584      File Time:  2025-02-12_081140
Version:
   Company:    Microsoft Corporation
   Product:    Microsoft® Windows® Operating System
   FileDesc:   Microsoft Windows Sockets 2.0 Service Provider
   FileVer:    10.0.26100.3194
   ProdVer:    10.0.26100.3194

Module 43
C:\WINDOWS\SYSTEM32\cryptnet.dll
Image Base: 0x73ed0000  Image Size: 0x0002b000
File Size:  170008      File Time:  2025-02-12_081126
Version:
   Company:    Microsoft Corporation
   Product:    Microsoft® Windows® Operating System
   FileDesc:   Crypto Network Related API
   FileVer:    10.0.26100.3037
   ProdVer:    10.0.26100.3037

Module 44
C:\WINDOWS\SYSTEM32\profapi.dll
Image Base: 0x73f00000  Image Size: 0x00021000
File Size:  129728      File Time:  2025-03-12_094524
Version:
   Company:    Microsoft Corporation
   Product:    Microsoft® Windows® Operating System
   FileDesc:   User Profile Basic API
   FileVer:    10.0.26100.3323
   ProdVer:    10.0.26100.3323

Module 45
C:\WINDOWS\SYSTEM32\cryptbase.dll
Image Base: 0x73f90000  Image Size: 0x0000b000
File Size:  33184       File Time:  2025-01-15_114046
Version:
   Company:    Microsoft Corporation
   Product:    Microsoft® Windows® Operating System
   FileDesc:   Base cryptographic API DLL
   FileVer:    10.0.26100.2894
   ProdVer:    10.0.26100.2894

Module 46
C:\WINDOWS\system32\rsaenh.dll
Image Base: 0x73fa0000  Image Size: 0x00033000
File Size:  202056      File Time:  2025-03-12_094524
Version:
   Company:    Microsoft Corporation
   Product:    Microsoft® Windows® Operating System
   FileDesc:   Microsoft Enhanced Cryptographic Provider
   FileVer:    10.0.26100.3323
   ProdVer:    10.0.26100.3323

Module 47
C:\WINDOWS\SYSTEM32\windows.storage.dll
Image Base: 0x73fe0000  Image Size: 0x006c4000
File Size:  7127824     File Time:  2025-03-12_094522
Version:
   Company:    Microsoft Corporation
   Product:    Microsoft® Windows® Operating System
   FileDesc:   Microsoft WinRT Storage API
   FileVer:    10.0.26100.3470
   ProdVer:    10.0.26100.3470

Module 48
C:\WINDOWS\SYSTEM32\CRYPTSP.dll
Image Base: 0x746b0000  Image Size: 0x00015000
File Size:  79640       File Time:  2024-12-13_150158
Version:
   Company:    Microsoft Corporation
   Product:    Microsoft® Windows® Operating System
   FileDesc:   Cryptographic Service Provider API
   FileVer:    10.0.26100.2454
   ProdVer:    10.0.26100.2454

Module 49
C:\Windows\System32\rasadhlp.dll
Image Base: 0x74750000  Image Size: 0x00008000
File Size:  13312       File Time:  2024-04-01_142236
Version:
   Company:    Microsoft Corporation
   Product:    Microsoft® Windows® Operating System
   FileDesc:   Remote Access AutoDial Helper
   FileVer:    10.0.26100.1
   ProdVer:    10.0.26100.1

Module 50
C:\WINDOWS\SYSTEM32\dhcpcsvc.DLL
Image Base: 0x74760000  Image Size: 0x0001d000
File Size:  102840      File Time:  2025-03-12_094516
Version:
   Company:    Microsoft Corporation
   Product:    Microsoft® Windows® Operating System
   FileDesc:   DHCP Client Service
   FileVer:    10.0.26100.3323
   ProdVer:    10.0.26100.3323

Module 51
C:\WINDOWS\SYSTEM32\dhcpcsvc6.DLL
Image Base: 0x74780000  Image Size: 0x00018000
File Size:  88008       File Time:  2025-03-12_094516
Version:
   Company:    Microsoft Corporation
   Product:    Microsoft® Windows® Operating System
   FileDesc:   DHCPv6 Client
   FileVer:    10.0.26100.3323
   ProdVer:    10.0.26100.3323

Module 52
C:\WINDOWS\SYSTEM32\VERSION.dll
Image Base: 0x749a0000  Image Size: 0x00008000
File Size:  28976       File Time:  2024-04-01_142216
Version:
   Company:    Microsoft Corporation
   Product:    Microsoft® Windows® Operating System
   FileDesc:   Version Checking and File Installation Libraries
   FileVer:    10.0.26100.1
   ProdVer:    10.0.26100.1

Module 53
C:\WINDOWS\SYSTEM32\IPHLPAPI.DLL
Image Base: 0x749b0000  Image Size: 0x00027000
File Size:  147864      File Time:  2025-03-12_094526
Version:
   Company:    Microsoft Corporation
   Product:    Microsoft® Windows® Operating System
   FileDesc:   IP Helper API
   FileVer:    10.0.26100.3323
   ProdVer:    10.0.26100.3323

Module 54
C:\WINDOWS\system32\uxtheme.dll
Image Base: 0x74a70000  Image Size: 0x00082000
File Size:  512512      File Time:  2025-03-12_094528
Version:
   Company:    Microsoft Corporation
   Product:    Microsoft® Windows® Operating System
   FileDesc:   Microsoft UxTheme Library
   FileVer:    10.0.26100.3323
   ProdVer:    10.0.26100.3323

Module 55
C:\WINDOWS\SYSTEM32\devobj.dll
Image Base: 0x74b10000  Image Size: 0x00024000
File Size:  143032      File Time:  2024-04-01_142236
Version:
   Company:    Microsoft Corporation
   Product:    Microsoft® Windows® Operating System
   FileDesc:   Device Information Set DLL
   FileVer:    10.0.26100.1
   ProdVer:    10.0.26100.1

Module 56
C:\WINDOWS\SYSTEM32\kernel.appcore.dll
Image Base: 0x74bb0000  Image Size: 0x00014000
File Size:  71888       File Time:  2024-12-13_150150
Version:
   Company:    Microsoft Corporation
   Product:    Microsoft® Windows® Operating System
   FileDesc:   AppModel API Host
   FileVer:    10.0.26100.1591
   ProdVer:    10.0.26100.1591

Module 57
C:\WINDOWS\SYSTEM32\msasn1.dll
Image Base: 0x74c10000  Image Size: 0x0000e000
File Size:  52240       File Time:  2025-01-15_114048
Version:
   Company:    Microsoft Corporation
   Product:    Microsoft® Windows® Operating System
   FileDesc:   ASN.1 Runtime APIs
   FileVer:    10.0.26100.2894
   ProdVer:    10.0.26100.2894

Module 58
C:\WINDOWS\SYSTEM32\WINHTTP.dll
Image Base: 0x74c30000  Image Size: 0x000db000
File Size:  893648      File Time:  2025-03-12_094530
Version:
   Company:    Microsoft Corporation
   Product:    Microsoft® Windows® Operating System
   FileDesc:   Windows HTTP Services
   FileVer:    10.0.26100.3323
   ProdVer:    10.0.26100.3323

Module 59
C:\WINDOWS\SYSTEM32\bcrypt.dll
Image Base: 0x74d50000  Image Size: 0x0001a000
File Size:  102312      File Time:  2025-02-12_081124
Version:
   Company:    Microsoft Corporation
   Product:    Microsoft® Windows® Operating System
   FileDesc:   Windows Cryptographic Primitives Library
   FileVer:    10.0.26100.3037
   ProdVer:    10.0.26100.3037

Module 60
C:\WINDOWS\SYSTEM32\UMPDC.dll
Image Base: 0x750b0000  Image Size: 0x0000e000
File Size:  51608       File Time:  2024-12-13_150156
Version:
   Company:    Microsoft Corporation
   Product:    Microsoft® Windows® Operating System
   FileDesc:   User Mode Power Dependency Coordinator
   FileVer:    10.0.26100.1301
   ProdVer:    10.0.26100.1301

Module 61
C:\WINDOWS\SYSTEM32\WINMM.dll
Image Base: 0x75120000  Image Size: 0x00033000
File Size:  196400      File Time:  2025-03-12_094514
Version:
   Company:    Microsoft Corporation
   Product:    Microsoft® Windows® Operating System
   FileDesc:   MCI API DLL
   FileVer:    10.0.26100.3323
   ProdVer:    10.0.26100.3323

Module 62
C:\WINDOWS\SYSTEM32\USERENV.dll
Image Base: 0x75160000  Image Size: 0x0001f000
File Size:  121440      File Time:  2024-12-13_150158
Version:
   Company:    Microsoft Corporation
   Product:    Microsoft® Windows® Operating System
   FileDesc:   Userenv
   FileVer:    10.0.26100.2454
   ProdVer:    10.0.26100.2454

Module 63
C:\WINDOWS\SYSTEM32\powrprof.dll
Image Base: 0x751c0000  Image Size: 0x00045000
File Size:  275896      File Time:  2024-04-01_142216
Version:
   Company:    Microsoft Corporation
   Product:    Microsoft® Windows® Operating System
   FileDesc:   Power Profile Helper DLL
   FileVer:    10.0.26100.1
   ProdVer:    10.0.26100.1

Module 64
C:\WINDOWS\System32\ole32.dll
Image Base: 0x75210000  Image Size: 0x00151000
File Size:  1387360     File Time:  2025-03-12_094514
Version:
   Company:    Microsoft Corporation
   Product:    Microsoft® Windows® Operating System
   FileDesc:   Microsoft OLE for Windows
   FileVer:    10.0.26100.3323
   ProdVer:    10.0.26100.3323

Module 65
C:\WINDOWS\System32\msvcp_win.dll
Image Base: 0x75370000  Image Size: 0x00085000
File Size:  505776      File Time:  2024-12-13_150208
Version:
   Company:    Microsoft Corporation
   Product:    Microsoft® Windows® Operating System
   FileDesc:   Microsoft® C Runtime Library
   FileVer:    10.0.26100.1882
   ProdVer:    10.0.26100.1882

Module 66
C:\WINDOWS\System32\imagehlp.dll
Image Base: 0x75400000  Image Size: 0x0001b000
File Size:  102728      File Time:  2024-04-01_142212
Version:
   Company:    Microsoft Corporation
   Product:    Microsoft® Windows® Operating System
   FileDesc:   Windows NT Image Helper
   FileVer:    10.0.26100.1
   ProdVer:    10.0.26100.1

Module 67
C:\WINDOWS\System32\combase.dll
Image Base: 0x75420000  Image Size: 0x00281000
File Size:  2635768     File Time:  2025-03-12_094516
Version:
   Company:    Microsoft Corporation
   Product:    Microsoft® Windows® Operating System
   FileDesc:   Microsoft COM for Windows
   FileVer:    10.0.26100.3323
   ProdVer:    10.0.26100.3323

Module 68
C:\WINDOWS\System32\KERNELBASE.dll
Image Base: 0x756b0000  Image Size: 0x002ab000
File Size:  2804152     File Time:  2025-03-12_094520
Version:
   Company:    Microsoft Corporation
   Product:    Microsoft® Windows® Operating System
   FileDesc:   Windows NT BASE API Client DLL
   FileVer:    10.0.26100.3470
   ProdVer:    10.0.26100.3470

Module 69
C:\WINDOWS\System32\MSCTF.dll
Image Base: 0x75960000  Image Size: 0x00117000
File Size:  1139984     File Time:  2025-03-12_094528
Version:
   Company:    Microsoft Corporation
   Product:    Microsoft® Windows® Operating System
   FileDesc:   MSCTF Server DLL
   FileVer:    10.0.26100.3323
   ProdVer:    10.0.26100.3323

Module 70
C:\WINDOWS\System32\wintrust.dll
Image Base: 0x75a80000  Image Size: 0x00066000
File Size:  411728      File Time:  2025-03-12_094528
Version:
   Company:    Microsoft Corporation
   Product:    Microsoft® Windows® Operating System
   FileDesc:   Microsoft Trust Verification APIs
   FileVer:    10.0.26100.3323
   ProdVer:    10.0.26100.3323

Module 71
C:\WINDOWS\System32\KERNEL32.DLL
Image Base: 0x75b50000  Image Size: 0x000f0000
File Size:  679152      File Time:  2025-03-12_094520
Version:
   Company:    Microsoft Corporation
   Product:    Microsoft® Windows® Operating System
   FileDesc:   Windows NT BASE API Client DLL
   FileVer:    10.0.26100.3323
   ProdVer:    10.0.26100.3323

Module 72
C:\WINDOWS\System32\sechost.dll
Image Base: 0x75c50000  Image Size: 0x00083000
File Size:  529544      File Time:  2025-03-12_094524
Version:
   Company:    Microsoft Corporation
   Product:    Microsoft® Windows® Operating System
   FileDesc:   Host for SCM/SDDL/LSA Lookup APIs
   FileVer:    10.0.26100.3323
   ProdVer:    10.0.26100.3323

Module 73
C:\WINDOWS\System32\USER32.dll
Image Base: 0x75ce0000  Image Size: 0x001c6000
File Size:  1852272     File Time:  2025-03-12_094528
Version:
   Company:    Microsoft Corporation
   Product:    Microsoft® Windows® Operating System
   FileDesc:   Multi-User Windows USER API Client DLL
   FileVer:    10.0.26100.3470
   ProdVer:    10.0.26100.3470

Module 74
C:\WINDOWS\System32\ucrtbase.dll
Image Base: 0x75eb0000  Image Size: 0x00110000
File Size:  1114168     File Time:  2025-02-12_081138
Version:
   Company:    Microsoft Corporation
   Product:    Microsoft® Windows® Operating System
   FileDesc:   Microsoft® C Runtime Library
   FileVer:    10.0.26100.3037
   ProdVer:    10.0.26100.3037

Module 75
C:\WINDOWS\System32\WS2_32.dll
Image Base: 0x75fd0000  Image Size: 0x00060000
File Size:  391984      File Time:  2024-12-13_150154
Version:
   Company:    Microsoft Corporation
   Product:    Microsoft® Windows® Operating System
   FileDesc:   Windows Socket 2.0 32-Bit DLL
   FileVer:    10.0.26100.1882
   ProdVer:    10.0.26100.1882

Module 76
C:\WINDOWS\System32\SHELL32.dll
Image Base: 0x760b0000  Image Size: 0x005f9000
File Size:  6296720     File Time:  2025-03-12_094526
Version:
   Company:    Microsoft Corporation
   Product:    Microsoft® Windows® Operating System
   FileDesc:   Windows Shell Common Dll
   FileVer:    10.0.26100.3323
   ProdVer:    10.0.26100.3323

Module 77
C:\WINDOWS\System32\CRYPT32.dll
Image Base: 0x76830000  Image Size: 0x00107000
File Size:  1065608     File Time:  2025-03-12_094516
Version:
   Company:    Microsoft Corporation
   Product:    Microsoft® Windows® Operating System
   FileDesc:   Crypto API32
   FileVer:    10.0.26100.3323
   ProdVer:    10.0.26100.3323

Module 78
C:\WINDOWS\System32\ADVAPI32.dll
Image Base: 0x76a00000  Image Size: 0x0007e000
File Size:  511408      File Time:  2025-03-12_094514
Version:
   Company:    Microsoft Corporation
   Product:    Microsoft® Windows® Operating System
   FileDesc:   Advanced Windows 32 Base API
   FileVer:    10.0.26100.3323
   ProdVer:    10.0.26100.3323

Module 79
C:\WINDOWS\System32\bcryptPrimitives.dll
Image Base: 0x76a90000  Image Size: 0x00069000
File Size:  427248      File Time:  2025-02-12_081124
Version:
   Company:    Microsoft Corporation
   Product:    Microsoft® Windows® Operating System
   FileDesc:   Windows Cryptographic Primitives Library
   FileVer:    10.0.26100.3037
   ProdVer:    10.0.26100.3037

Module 80
C:\WINDOWS\System32\clbcatq.dll
Image Base: 0x76b00000  Image Size: 0x00081000
File Size:  519504      File Time:  2024-04-01_142214
Version:
   Company:    Microsoft Corporation
   Product:    Microsoft® Windows® Operating System
   FileDesc:   COM+ Configuration Catalog
   FileVer:    2001.12.10941.16384
   ProdVer:    10.0.26100.1

Module 81
C:\WINDOWS\System32\SETUPAPI.dll
Image Base: 0x76b90000  Image Size: 0x0044f000
File Size:  4551496     File Time:  2025-03-12_094526
Version:
   Company:    Microsoft Corporation
   Product:    Microsoft® Windows® Operating System
   FileDesc:   Windows Setup API
   FileVer:    10.0.26100.3323
   ProdVer:    10.0.26100.3323

Module 82
C:\WINDOWS\System32\NSI.dll
Image Base: 0x76ff0000  Image Size: 0x00007000
File Size:  21808       File Time:  2025-01-15_114050
Version:
   Company:    Microsoft Corporation
   Product:    Microsoft® Windows® Operating System
   FileDesc:   NSI User-mode interface DLL
   FileVer:    10.0.26100.2894
   ProdVer:    10.0.26100.2894

Module 83
C:\WINDOWS\System32\msvcrt.dll
Image Base: 0x77000000  Image Size: 0x000c7000
File Size:  809440      File Time:  2024-12-13_150154
Version:
   Company:    Microsoft Corporation
   Product:    Microsoft® Windows® Operating System
   FileDesc:   Windows NT CRT DLL
   FileVer:    7.0.26100.1882
   ProdVer:    10.0.26100.1882

Module 84
C:\WINDOWS\System32\RPCRT4.dll
Image Base: 0x77170000  Image Size: 0x000b9000
File Size:  758280      File Time:  2025-02-12_081134
Version:
   Company:    Microsoft Corporation
   Product:    Microsoft® Windows® Operating System
   FileDesc:   Remote Procedure Call Runtime
   FileVer:    10.0.26100.3037
   ProdVer:    10.0.26100.3037

Module 85
C:\WINDOWS\System32\shcore.dll
Image Base: 0x77230000  Image Size: 0x000c9000
File Size:  810472      File Time:  2025-03-12_094524
Version:
   Company:    Microsoft Corporation
   Product:    Microsoft® Windows® Operating System
   FileDesc:   SHCORE
   FileVer:    10.0.26100.3470
   ProdVer:    10.0.26100.3470

Module 86
C:\WINDOWS\System32\win32u.dll
Image Base: 0x77370000  Image Size: 0x0001a000
File Size:  105944      File Time:  2025-03-12_094528
Version:
   Company:    Microsoft Corporation
   Product:    Microsoft® Windows® Operating System
   FileDesc:   Win32u
   FileVer:    10.0.26100.3470
   ProdVer:    10.0.26100.3470

Module 87
C:\WINDOWS\System32\SHLWAPI.dll
Image Base: 0x77390000  Image Size: 0x0004b000
File Size:  302776      File Time:  2025-02-12_081136
Version:
   Company:    Microsoft Corporation
   Product:    Microsoft® Windows® Operating System
   FileDesc:   Shell Light-weight Utility Library
   FileVer:    10.0.26100.3037
   ProdVer:    10.0.26100.3037

Module 88
C:\WINDOWS\System32\gdi32full.dll
Image Base: 0x773f0000  Image Size: 0x000ed000
File Size:  964368      File Time:  2025-03-12_094518
Version:
   Company:    Microsoft Corporation
   Product:    Microsoft® Windows® Operating System
   FileDesc:   GDI Client DLL
   FileVer:    10.0.26100.3470
   ProdVer:    10.0.26100.3470

Module 89
C:\WINDOWS\System32\OLEAUT32.dll
Image Base: 0x774e0000  Image Size: 0x0009e000
File Size:  640048      File Time:  2025-03-12_094522
Version:
   Company:    Microsoft Corporation
   Product:    Microsoft® Windows® Operating System
   FileDesc:   OLEAUT32.DLL
   FileVer:    10.0.26100.3323
   ProdVer:    10.0.26100.3323

Module 90
C:\WINDOWS\System32\IMM32.dll
Image Base: 0x77590000  Image Size: 0x00025000
File Size:  145224      File Time:  2024-04-01_142214
Version:
   Company:    Microsoft Corporation
   Product:    Microsoft® Windows® Operating System
   FileDesc:   Multi-User Windows IMM32 API Client DLL
   FileVer:    10.0.26100.1
   ProdVer:    10.0.26100.1

Module 91
C:\WINDOWS\System32\wintypes.dll
Image Base: 0x775c0000  Image Size: 0x000f9000
File Size:  1023752     File Time:  2025-01-15_114046
Version:
   Company:    Microsoft Corporation
   Product:    Microsoft® Windows® Operating System
   FileDesc:   Windows Base Types DLL
   FileVer:    10.0.26100.2894
   ProdVer:    10.0.26100.2894

Module 92
C:\WINDOWS\System32\PSAPI.DLL
Image Base: 0x776c0000  Image Size: 0x00006000
File Size:  18040       File Time:  2024-04-01_142214
Version:
   Company:    Microsoft Corporation
   Product:    Microsoft® Windows® Operating System
   FileDesc:   Process Status Helper
   FileVer:    10.0.26100.1
   ProdVer:    10.0.26100.1

Module 93
C:\WINDOWS\System32\GDI32.dll
Image Base: 0x776d0000  Image Size: 0x00022000
File Size:  132296      File Time:  2024-12-13_150156
Version:
   Company:    Microsoft Corporation
   Product:    Microsoft® Windows® Operating System
   FileDesc:   GDI Client DLL
   FileVer:    10.0.26100.2033
   ProdVer:    10.0.26100.2033

Module 94
C:\WINDOWS\SYSTEM32\ntdll.dll
Image Base: 0x77710000  Image Size: 0x001ba000
File Size:  1801216     File Time:  2025-03-12_094522
Version:
   Company:    Microsoft Corporation
   Product:    Microsoft® Windows® Operating System
   FileDesc:   NT Layer DLL
   FileVer:    10.0.26100.3323
   ProdVer:    10.0.26100.3323


== [end of error.log] ==
